running egg_info
writing ../../../build/demo_nodes_py/demo_nodes_py.egg-info/PKG-INFO
writing dependency_links to ../../../build/demo_nodes_py/demo_nodes_py.egg-info/dependency_links.txt
writing entry points to ../../../build/demo_nodes_py/demo_nodes_py.egg-info/entry_points.txt
writing requirements to ../../../build/demo_nodes_py/demo_nodes_py.egg-info/requires.txt
writing top-level names to ../../../build/demo_nodes_py/demo_nodes_py.egg-info/top_level.txt
reading manifest file '../../../build/demo_nodes_py/demo_nodes_py.egg-info/SOURCES.txt'
writing manifest file '../../../build/demo_nodes_py/demo_nodes_py.egg-info/SOURCES.txt'
running build
running build_py
running install
running install_lib
running install_data
running install_egg_info
removing '/home/colbren/ground-station/install/demo_nodes_py/lib/python3.10/site-packages/demo_nodes_py-0.20.5-py3.10.egg-info' (and everything under it)
Copying ../../../build/demo_nodes_py/demo_nodes_py.egg-info to /home/colbren/ground-station/install/demo_nodes_py/lib/python3.10/site-packages/demo_nodes_py-0.20.5-py3.10.egg-info
running install_scripts
Installing add_two_ints_client script to /home/colbren/ground-station/install/demo_nodes_py/lib/demo_nodes_py
Installing add_two_ints_client_async script to /home/colbren/ground-station/install/demo_nodes_py/lib/demo_nodes_py
Installing add_two_ints_server script to /home/colbren/ground-station/install/demo_nodes_py/lib/demo_nodes_py
Installing listener script to /home/colbren/ground-station/install/demo_nodes_py/lib/demo_nodes_py
Installing listener_qos script to /home/colbren/ground-station/install/demo_nodes_py/lib/demo_nodes_py
Installing listener_serialized script to /home/colbren/ground-station/install/demo_nodes_py/lib/demo_nodes_py
Installing talker script to /home/colbren/ground-station/install/demo_nodes_py/lib/demo_nodes_py
Installing talker_qos script to /home/colbren/ground-station/install/demo_nodes_py/lib/demo_nodes_py
writing list of installed files to '/home/colbren/ground-station/build/demo_nodes_py/install.log'
