[0.106s] DEBUG:colcon:Command line arguments: ['/usr/bin/colcon', 'build', '--packages-select', 'lifecycle_py']
[0.106s] DEBUG:colcon:Parsed command line arguments: Namespace(log_base=None, log_level=None, verb_name='build', build_base='build', install_base='install', merge_install=False, symlink_install=False, test_result_base=None, continue_on_error=False, executor='parallel', parallel_workers=16, event_handlers=None, ignore_user_meta=False, metas=['./colcon.meta'], base_paths=['.'], packages_ignore=None, packages_ignore_regex=None, paths=None, packages_up_to=None, packages_up_to_regex=None, packages_above=None, packages_above_and_dependencies=None, packages_above_depth=None, packages_select_by_dep=None, packages_skip_by_dep=None, packages_skip_up_to=None, packages_select_build_failed=False, packages_skip_build_finished=False, packages_select_test_failures=False, packages_skip_test_passed=False, packages_select=['lifecycle_py'], packages_skip=None, packages_select_regex=None, packages_skip_regex=None, packages_start=None, packages_end=None, allow_overriding=[], cmake_args=None, cmake_target=None, cmake_target_skip_unavailable=False, cmake_clean_cache=False, cmake_clean_first=False, cmake_force_configure=False, ament_cmake_args=None, catkin_cmake_args=None, catkin_skip_building_tests=False, mixin_files=None, mixin=None, verb_parser=<colcon_mixin.mixin.mixin_argument.MixinArgumentDecorator object at 0x797cd7c5f4c0>, verb_extension=<colcon_core.verb.build.BuildVerb object at 0x797cd7c5efb0>, main=<bound method BuildVerb.main of <colcon_core.verb.build.BuildVerb object at 0x797cd7c5efb0>>, mixin_verb=('build',))
[0.233s] Level 1:colcon.colcon_core.package_discovery:discover_packages(colcon_meta) check parameters
[0.233s] Level 1:colcon.colcon_core.package_discovery:discover_packages(recursive) check parameters
[0.233s] Level 1:colcon.colcon_core.package_discovery:discover_packages(ignore) check parameters
[0.233s] Level 1:colcon.colcon_core.package_discovery:discover_packages(path) check parameters
[0.233s] Level 1:colcon.colcon_core.package_discovery:discover_packages(colcon_meta) discover
[0.233s] Level 1:colcon.colcon_core.package_discovery:discover_packages(recursive) discover
[0.233s] INFO:colcon.colcon_core.package_discovery:Crawling recursively for packages in '/home/colbren/ground-station'
[0.233s] Level 1:colcon.colcon_core.package_identification:_identify(.) by extensions ['ignore', 'ignore_ament_install']
[0.233s] Level 1:colcon.colcon_core.package_identification:_identify(.) by extension 'ignore'
[0.233s] Level 1:colcon.colcon_core.package_identification:_identify(.) by extension 'ignore_ament_install'
[0.233s] Level 1:colcon.colcon_core.package_identification:_identify(.) by extensions ['colcon_pkg']
[0.233s] Level 1:colcon.colcon_core.package_identification:_identify(.) by extension 'colcon_pkg'
[0.233s] Level 1:colcon.colcon_core.package_identification:_identify(.) by extensions ['colcon_meta']
[0.233s] Level 1:colcon.colcon_core.package_identification:_identify(.) by extension 'colcon_meta'
[0.233s] Level 1:colcon.colcon_core.package_identification:_identify(.) by extensions ['ros']
[0.233s] Level 1:colcon.colcon_core.package_identification:_identify(.) by extension 'ros'
[0.241s] Level 1:colcon.colcon_core.package_identification:_identify(.) by extensions ['cmake', 'python']
[0.241s] Level 1:colcon.colcon_core.package_identification:_identify(.) by extension 'cmake'
[0.241s] Level 1:colcon.colcon_core.package_identification:_identify(.) by extension 'python'
[0.241s] Level 1:colcon.colcon_core.package_identification:_identify(.) by extensions ['python_setup_py']
[0.241s] Level 1:colcon.colcon_core.package_identification:_identify(.) by extension 'python_setup_py'
[0.241s] Level 1:colcon.colcon_core.package_identification:_identify(build) by extensions ['ignore', 'ignore_ament_install']
[0.241s] Level 1:colcon.colcon_core.package_identification:_identify(build) by extension 'ignore'
[0.241s] Level 1:colcon.colcon_core.package_identification:_identify(build) ignored
[0.241s] Level 1:colcon.colcon_core.package_identification:_identify(install) by extensions ['ignore', 'ignore_ament_install']
[0.241s] Level 1:colcon.colcon_core.package_identification:_identify(install) by extension 'ignore'
[0.241s] Level 1:colcon.colcon_core.package_identification:_identify(install) ignored
[0.241s] Level 1:colcon.colcon_core.package_identification:_identify(log) by extensions ['ignore', 'ignore_ament_install']
[0.241s] Level 1:colcon.colcon_core.package_identification:_identify(log) by extension 'ignore'
[0.241s] Level 1:colcon.colcon_core.package_identification:_identify(log) ignored
[0.241s] Level 1:colcon.colcon_core.package_identification:_identify(src) by extensions ['ignore', 'ignore_ament_install']
[0.242s] Level 1:colcon.colcon_core.package_identification:_identify(src) by extension 'ignore'
[0.242s] Level 1:colcon.colcon_core.package_identification:_identify(src) by extension 'ignore_ament_install'
[0.242s] Level 1:colcon.colcon_core.package_identification:_identify(src) by extensions ['colcon_pkg']
[0.242s] Level 1:colcon.colcon_core.package_identification:_identify(src) by extension 'colcon_pkg'
[0.242s] Level 1:colcon.colcon_core.package_identification:_identify(src) by extensions ['colcon_meta']
[0.242s] Level 1:colcon.colcon_core.package_identification:_identify(src) by extension 'colcon_meta'
[0.242s] Level 1:colcon.colcon_core.package_identification:_identify(src) by extensions ['ros']
[0.242s] Level 1:colcon.colcon_core.package_identification:_identify(src) by extension 'ros'
[0.242s] Level 1:colcon.colcon_core.package_identification:_identify(src) by extensions ['cmake', 'python']
[0.242s] Level 1:colcon.colcon_core.package_identification:_identify(src) by extension 'cmake'
[0.242s] Level 1:colcon.colcon_core.package_identification:_identify(src) by extension 'python'
[0.242s] Level 1:colcon.colcon_core.package_identification:_identify(src) by extensions ['python_setup_py']
[0.242s] Level 1:colcon.colcon_core.package_identification:_identify(src) by extension 'python_setup_py'
[0.242s] Level 1:colcon.colcon_core.package_identification:_identify(src/demos) by extensions ['ignore', 'ignore_ament_install']
[0.242s] Level 1:colcon.colcon_core.package_identification:_identify(src/demos) by extension 'ignore'
[0.242s] Level 1:colcon.colcon_core.package_identification:_identify(src/demos) by extension 'ignore_ament_install'
[0.242s] Level 1:colcon.colcon_core.package_identification:_identify(src/demos) by extensions ['colcon_pkg']
[0.242s] Level 1:colcon.colcon_core.package_identification:_identify(src/demos) by extension 'colcon_pkg'
[0.242s] Level 1:colcon.colcon_core.package_identification:_identify(src/demos) by extensions ['colcon_meta']
[0.242s] Level 1:colcon.colcon_core.package_identification:_identify(src/demos) by extension 'colcon_meta'
[0.242s] Level 1:colcon.colcon_core.package_identification:_identify(src/demos) by extensions ['ros']
[0.242s] Level 1:colcon.colcon_core.package_identification:_identify(src/demos) by extension 'ros'
[0.242s] Level 1:colcon.colcon_core.package_identification:_identify(src/demos) by extensions ['cmake', 'python']
[0.242s] Level 1:colcon.colcon_core.package_identification:_identify(src/demos) by extension 'cmake'
[0.242s] Level 1:colcon.colcon_core.package_identification:_identify(src/demos) by extension 'python'
[0.242s] Level 1:colcon.colcon_core.package_identification:_identify(src/demos) by extensions ['python_setup_py']
[0.242s] Level 1:colcon.colcon_core.package_identification:_identify(src/demos) by extension 'python_setup_py'
[0.242s] Level 1:colcon.colcon_core.package_identification:_identify(src/demos/action_tutorials) by extensions ['ignore', 'ignore_ament_install']
[0.242s] Level 1:colcon.colcon_core.package_identification:_identify(src/demos/action_tutorials) by extension 'ignore'
[0.242s] Level 1:colcon.colcon_core.package_identification:_identify(src/demos/action_tutorials) by extension 'ignore_ament_install'
[0.243s] Level 1:colcon.colcon_core.package_identification:_identify(src/demos/action_tutorials) by extensions ['colcon_pkg']
[0.243s] Level 1:colcon.colcon_core.package_identification:_identify(src/demos/action_tutorials) by extension 'colcon_pkg'
[0.243s] Level 1:colcon.colcon_core.package_identification:_identify(src/demos/action_tutorials) by extensions ['colcon_meta']
[0.243s] Level 1:colcon.colcon_core.package_identification:_identify(src/demos/action_tutorials) by extension 'colcon_meta'
[0.243s] Level 1:colcon.colcon_core.package_identification:_identify(src/demos/action_tutorials) by extensions ['ros']
[0.243s] Level 1:colcon.colcon_core.package_identification:_identify(src/demos/action_tutorials) by extension 'ros'
[0.243s] Level 1:colcon.colcon_core.package_identification:_identify(src/demos/action_tutorials) by extensions ['cmake', 'python']
[0.243s] Level 1:colcon.colcon_core.package_identification:_identify(src/demos/action_tutorials) by extension 'cmake'
[0.243s] Level 1:colcon.colcon_core.package_identification:_identify(src/demos/action_tutorials) by extension 'python'
[0.243s] Level 1:colcon.colcon_core.package_identification:_identify(src/demos/action_tutorials) by extensions ['python_setup_py']
[0.243s] Level 1:colcon.colcon_core.package_identification:_identify(src/demos/action_tutorials) by extension 'python_setup_py'
[0.243s] Level 1:colcon.colcon_core.package_identification:_identify(src/demos/action_tutorials/action_tutorials_cpp) by extensions ['ignore', 'ignore_ament_install']
[0.243s] Level 1:colcon.colcon_core.package_identification:_identify(src/demos/action_tutorials/action_tutorials_cpp) by extension 'ignore'
[0.243s] Level 1:colcon.colcon_core.package_identification:_identify(src/demos/action_tutorials/action_tutorials_cpp) by extension 'ignore_ament_install'
[0.243s] Level 1:colcon.colcon_core.package_identification:_identify(src/demos/action_tutorials/action_tutorials_cpp) by extensions ['colcon_pkg']
[0.243s] Level 1:colcon.colcon_core.package_identification:_identify(src/demos/action_tutorials/action_tutorials_cpp) by extension 'colcon_pkg'
[0.243s] Level 1:colcon.colcon_core.package_identification:_identify(src/demos/action_tutorials/action_tutorials_cpp) by extensions ['colcon_meta']
[0.243s] Level 1:colcon.colcon_core.package_identification:_identify(src/demos/action_tutorials/action_tutorials_cpp) by extension 'colcon_meta'
[0.243s] Level 1:colcon.colcon_core.package_identification:_identify(src/demos/action_tutorials/action_tutorials_cpp) by extensions ['ros']
[0.243s] Level 1:colcon.colcon_core.package_identification:_identify(src/demos/action_tutorials/action_tutorials_cpp) by extension 'ros'
[0.245s] DEBUG:colcon.colcon_core.package_identification:Package 'src/demos/action_tutorials/action_tutorials_cpp' with type 'ros.ament_cmake' and name 'action_tutorials_cpp'
[0.245s] Level 1:colcon.colcon_core.package_identification:_identify(src/demos/action_tutorials/action_tutorials_interfaces) by extensions ['ignore', 'ignore_ament_install']
[0.245s] Level 1:colcon.colcon_core.package_identification:_identify(src/demos/action_tutorials/action_tutorials_interfaces) by extension 'ignore'
[0.245s] Level 1:colcon.colcon_core.package_identification:_identify(src/demos/action_tutorials/action_tutorials_interfaces) by extension 'ignore_ament_install'
[0.245s] Level 1:colcon.colcon_core.package_identification:_identify(src/demos/action_tutorials/action_tutorials_interfaces) by extensions ['colcon_pkg']
[0.245s] Level 1:colcon.colcon_core.package_identification:_identify(src/demos/action_tutorials/action_tutorials_interfaces) by extension 'colcon_pkg'
[0.245s] Level 1:colcon.colcon_core.package_identification:_identify(src/demos/action_tutorials/action_tutorials_interfaces) by extensions ['colcon_meta']
[0.245s] Level 1:colcon.colcon_core.package_identification:_identify(src/demos/action_tutorials/action_tutorials_interfaces) by extension 'colcon_meta'
[0.245s] Level 1:colcon.colcon_core.package_identification:_identify(src/demos/action_tutorials/action_tutorials_interfaces) by extensions ['ros']
[0.245s] Level 1:colcon.colcon_core.package_identification:_identify(src/demos/action_tutorials/action_tutorials_interfaces) by extension 'ros'
[0.246s] DEBUG:colcon.colcon_core.package_identification:Package 'src/demos/action_tutorials/action_tutorials_interfaces' with type 'ros.ament_cmake' and name 'action_tutorials_interfaces'
[0.246s] Level 1:colcon.colcon_core.package_identification:_identify(src/demos/action_tutorials/action_tutorials_py) by extensions ['ignore', 'ignore_ament_install']
[0.246s] Level 1:colcon.colcon_core.package_identification:_identify(src/demos/action_tutorials/action_tutorials_py) by extension 'ignore'
[0.246s] Level 1:colcon.colcon_core.package_identification:_identify(src/demos/action_tutorials/action_tutorials_py) by extension 'ignore_ament_install'
[0.246s] Level 1:colcon.colcon_core.package_identification:_identify(src/demos/action_tutorials/action_tutorials_py) by extensions ['colcon_pkg']
[0.246s] Level 1:colcon.colcon_core.package_identification:_identify(src/demos/action_tutorials/action_tutorials_py) by extension 'colcon_pkg'
[0.246s] Level 1:colcon.colcon_core.package_identification:_identify(src/demos/action_tutorials/action_tutorials_py) by extensions ['colcon_meta']
[0.246s] Level 1:colcon.colcon_core.package_identification:_identify(src/demos/action_tutorials/action_tutorials_py) by extension 'colcon_meta'
[0.246s] Level 1:colcon.colcon_core.package_identification:_identify(src/demos/action_tutorials/action_tutorials_py) by extensions ['ros']
[0.246s] Level 1:colcon.colcon_core.package_identification:_identify(src/demos/action_tutorials/action_tutorials_py) by extension 'ros'
[0.247s] DEBUG:colcon.colcon_core.package_identification:Package 'src/demos/action_tutorials/action_tutorials_py' with type 'ros.ament_python' and name 'action_tutorials_py'
[0.247s] Level 1:colcon.colcon_core.package_identification:_identify(src/demos/composition) by extensions ['ignore', 'ignore_ament_install']
[0.247s] Level 1:colcon.colcon_core.package_identification:_identify(src/demos/composition) by extension 'ignore'
[0.247s] Level 1:colcon.colcon_core.package_identification:_identify(src/demos/composition) by extension 'ignore_ament_install'
[0.247s] Level 1:colcon.colcon_core.package_identification:_identify(src/demos/composition) by extensions ['colcon_pkg']
[0.247s] Level 1:colcon.colcon_core.package_identification:_identify(src/demos/composition) by extension 'colcon_pkg'
[0.247s] Level 1:colcon.colcon_core.package_identification:_identify(src/demos/composition) by extensions ['colcon_meta']
[0.247s] Level 1:colcon.colcon_core.package_identification:_identify(src/demos/composition) by extension 'colcon_meta'
[0.247s] Level 1:colcon.colcon_core.package_identification:_identify(src/demos/composition) by extensions ['ros']
[0.247s] Level 1:colcon.colcon_core.package_identification:_identify(src/demos/composition) by extension 'ros'
[0.248s] DEBUG:colcon.colcon_core.package_identification:Package 'src/demos/composition' with type 'ros.ament_cmake' and name 'composition'
[0.248s] Level 1:colcon.colcon_core.package_identification:_identify(src/demos/demo_nodes_cpp) by extensions ['ignore', 'ignore_ament_install']
[0.248s] Level 1:colcon.colcon_core.package_identification:_identify(src/demos/demo_nodes_cpp) by extension 'ignore'
[0.248s] Level 1:colcon.colcon_core.package_identification:_identify(src/demos/demo_nodes_cpp) by extension 'ignore_ament_install'
[0.248s] Level 1:colcon.colcon_core.package_identification:_identify(src/demos/demo_nodes_cpp) by extensions ['colcon_pkg']
[0.248s] Level 1:colcon.colcon_core.package_identification:_identify(src/demos/demo_nodes_cpp) by extension 'colcon_pkg'
[0.248s] Level 1:colcon.colcon_core.package_identification:_identify(src/demos/demo_nodes_cpp) by extensions ['colcon_meta']
[0.248s] Level 1:colcon.colcon_core.package_identification:_identify(src/demos/demo_nodes_cpp) by extension 'colcon_meta'
[0.248s] Level 1:colcon.colcon_core.package_identification:_identify(src/demos/demo_nodes_cpp) by extensions ['ros']
[0.248s] Level 1:colcon.colcon_core.package_identification:_identify(src/demos/demo_nodes_cpp) by extension 'ros'
[0.248s] DEBUG:colcon.colcon_core.package_identification:Package 'src/demos/demo_nodes_cpp' with type 'ros.ament_cmake' and name 'demo_nodes_cpp'
[0.249s] Level 1:colcon.colcon_core.package_identification:_identify(src/demos/demo_nodes_cpp_native) by extensions ['ignore', 'ignore_ament_install']
[0.249s] Level 1:colcon.colcon_core.package_identification:_identify(src/demos/demo_nodes_cpp_native) by extension 'ignore'
[0.249s] Level 1:colcon.colcon_core.package_identification:_identify(src/demos/demo_nodes_cpp_native) by extension 'ignore_ament_install'
[0.249s] Level 1:colcon.colcon_core.package_identification:_identify(src/demos/demo_nodes_cpp_native) by extensions ['colcon_pkg']
[0.249s] Level 1:colcon.colcon_core.package_identification:_identify(src/demos/demo_nodes_cpp_native) by extension 'colcon_pkg'
[0.249s] Level 1:colcon.colcon_core.package_identification:_identify(src/demos/demo_nodes_cpp_native) by extensions ['colcon_meta']
[0.249s] Level 1:colcon.colcon_core.package_identification:_identify(src/demos/demo_nodes_cpp_native) by extension 'colcon_meta'
[0.249s] Level 1:colcon.colcon_core.package_identification:_identify(src/demos/demo_nodes_cpp_native) by extensions ['ros']
[0.249s] Level 1:colcon.colcon_core.package_identification:_identify(src/demos/demo_nodes_cpp_native) by extension 'ros'
[0.249s] DEBUG:colcon.colcon_core.package_identification:Package 'src/demos/demo_nodes_cpp_native' with type 'ros.ament_cmake' and name 'demo_nodes_cpp_native'
[0.249s] Level 1:colcon.colcon_core.package_identification:_identify(src/demos/demo_nodes_py) by extensions ['ignore', 'ignore_ament_install']
[0.250s] Level 1:colcon.colcon_core.package_identification:_identify(src/demos/demo_nodes_py) by extension 'ignore'
[0.250s] Level 1:colcon.colcon_core.package_identification:_identify(src/demos/demo_nodes_py) by extension 'ignore_ament_install'
[0.250s] Level 1:colcon.colcon_core.package_identification:_identify(src/demos/demo_nodes_py) by extensions ['colcon_pkg']
[0.250s] Level 1:colcon.colcon_core.package_identification:_identify(src/demos/demo_nodes_py) by extension 'colcon_pkg'
[0.250s] Level 1:colcon.colcon_core.package_identification:_identify(src/demos/demo_nodes_py) by extensions ['colcon_meta']
[0.250s] Level 1:colcon.colcon_core.package_identification:_identify(src/demos/demo_nodes_py) by extension 'colcon_meta'
[0.250s] Level 1:colcon.colcon_core.package_identification:_identify(src/demos/demo_nodes_py) by extensions ['ros']
[0.250s] Level 1:colcon.colcon_core.package_identification:_identify(src/demos/demo_nodes_py) by extension 'ros'
[0.250s] DEBUG:colcon.colcon_core.package_identification:Package 'src/demos/demo_nodes_py' with type 'ros.ament_python' and name 'demo_nodes_py'
[0.250s] Level 1:colcon.colcon_core.package_identification:_identify(src/demos/dummy_robot) by extensions ['ignore', 'ignore_ament_install']
[0.250s] Level 1:colcon.colcon_core.package_identification:_identify(src/demos/dummy_robot) by extension 'ignore'
[0.250s] Level 1:colcon.colcon_core.package_identification:_identify(src/demos/dummy_robot) by extension 'ignore_ament_install'
[0.250s] Level 1:colcon.colcon_core.package_identification:_identify(src/demos/dummy_robot) by extensions ['colcon_pkg']
[0.250s] Level 1:colcon.colcon_core.package_identification:_identify(src/demos/dummy_robot) by extension 'colcon_pkg'
[0.250s] Level 1:colcon.colcon_core.package_identification:_identify(src/demos/dummy_robot) by extensions ['colcon_meta']
[0.250s] Level 1:colcon.colcon_core.package_identification:_identify(src/demos/dummy_robot) by extension 'colcon_meta'
[0.251s] Level 1:colcon.colcon_core.package_identification:_identify(src/demos/dummy_robot) by extensions ['ros']
[0.251s] Level 1:colcon.colcon_core.package_identification:_identify(src/demos/dummy_robot) by extension 'ros'
[0.251s] Level 1:colcon.colcon_core.package_identification:_identify(src/demos/dummy_robot) by extensions ['cmake', 'python']
[0.251s] Level 1:colcon.colcon_core.package_identification:_identify(src/demos/dummy_robot) by extension 'cmake'
[0.251s] Level 1:colcon.colcon_core.package_identification:_identify(src/demos/dummy_robot) by extension 'python'
[0.251s] Level 1:colcon.colcon_core.package_identification:_identify(src/demos/dummy_robot) by extensions ['python_setup_py']
[0.251s] Level 1:colcon.colcon_core.package_identification:_identify(src/demos/dummy_robot) by extension 'python_setup_py'
[0.251s] Level 1:colcon.colcon_core.package_identification:_identify(src/demos/dummy_robot/dummy_map_server) by extensions ['ignore', 'ignore_ament_install']
[0.251s] Level 1:colcon.colcon_core.package_identification:_identify(src/demos/dummy_robot/dummy_map_server) by extension 'ignore'
[0.251s] Level 1:colcon.colcon_core.package_identification:_identify(src/demos/dummy_robot/dummy_map_server) by extension 'ignore_ament_install'
[0.251s] Level 1:colcon.colcon_core.package_identification:_identify(src/demos/dummy_robot/dummy_map_server) by extensions ['colcon_pkg']
[0.251s] Level 1:colcon.colcon_core.package_identification:_identify(src/demos/dummy_robot/dummy_map_server) by extension 'colcon_pkg'
[0.251s] Level 1:colcon.colcon_core.package_identification:_identify(src/demos/dummy_robot/dummy_map_server) by extensions ['colcon_meta']
[0.251s] Level 1:colcon.colcon_core.package_identification:_identify(src/demos/dummy_robot/dummy_map_server) by extension 'colcon_meta'
[0.251s] Level 1:colcon.colcon_core.package_identification:_identify(src/demos/dummy_robot/dummy_map_server) by extensions ['ros']
[0.251s] Level 1:colcon.colcon_core.package_identification:_identify(src/demos/dummy_robot/dummy_map_server) by extension 'ros'
[0.251s] DEBUG:colcon.colcon_core.package_identification:Package 'src/demos/dummy_robot/dummy_map_server' with type 'ros.ament_cmake' and name 'dummy_map_server'
[0.252s] Level 1:colcon.colcon_core.package_identification:_identify(src/demos/dummy_robot/dummy_robot_bringup) by extensions ['ignore', 'ignore_ament_install']
[0.252s] Level 1:colcon.colcon_core.package_identification:_identify(src/demos/dummy_robot/dummy_robot_bringup) by extension 'ignore'
[0.252s] Level 1:colcon.colcon_core.package_identification:_identify(src/demos/dummy_robot/dummy_robot_bringup) by extension 'ignore_ament_install'
[0.252s] Level 1:colcon.colcon_core.package_identification:_identify(src/demos/dummy_robot/dummy_robot_bringup) by extensions ['colcon_pkg']
[0.252s] Level 1:colcon.colcon_core.package_identification:_identify(src/demos/dummy_robot/dummy_robot_bringup) by extension 'colcon_pkg'
[0.252s] Level 1:colcon.colcon_core.package_identification:_identify(src/demos/dummy_robot/dummy_robot_bringup) by extensions ['colcon_meta']
[0.252s] Level 1:colcon.colcon_core.package_identification:_identify(src/demos/dummy_robot/dummy_robot_bringup) by extension 'colcon_meta'
[0.252s] Level 1:colcon.colcon_core.package_identification:_identify(src/demos/dummy_robot/dummy_robot_bringup) by extensions ['ros']
[0.252s] Level 1:colcon.colcon_core.package_identification:_identify(src/demos/dummy_robot/dummy_robot_bringup) by extension 'ros'
[0.252s] DEBUG:colcon.colcon_core.package_identification:Package 'src/demos/dummy_robot/dummy_robot_bringup' with type 'ros.ament_cmake' and name 'dummy_robot_bringup'
[0.252s] Level 1:colcon.colcon_core.package_identification:_identify(src/demos/dummy_robot/dummy_sensors) by extensions ['ignore', 'ignore_ament_install']
[0.252s] Level 1:colcon.colcon_core.package_identification:_identify(src/demos/dummy_robot/dummy_sensors) by extension 'ignore'
[0.252s] Level 1:colcon.colcon_core.package_identification:_identify(src/demos/dummy_robot/dummy_sensors) by extension 'ignore_ament_install'
[0.252s] Level 1:colcon.colcon_core.package_identification:_identify(src/demos/dummy_robot/dummy_sensors) by extensions ['colcon_pkg']
[0.252s] Level 1:colcon.colcon_core.package_identification:_identify(src/demos/dummy_robot/dummy_sensors) by extension 'colcon_pkg'
[0.252s] Level 1:colcon.colcon_core.package_identification:_identify(src/demos/dummy_robot/dummy_sensors) by extensions ['colcon_meta']
[0.252s] Level 1:colcon.colcon_core.package_identification:_identify(src/demos/dummy_robot/dummy_sensors) by extension 'colcon_meta'
[0.253s] Level 1:colcon.colcon_core.package_identification:_identify(src/demos/dummy_robot/dummy_sensors) by extensions ['ros']
[0.253s] Level 1:colcon.colcon_core.package_identification:_identify(src/demos/dummy_robot/dummy_sensors) by extension 'ros'
[0.253s] DEBUG:colcon.colcon_core.package_identification:Package 'src/demos/dummy_robot/dummy_sensors' with type 'ros.ament_cmake' and name 'dummy_sensors'
[0.253s] Level 1:colcon.colcon_core.package_identification:_identify(src/demos/image_tools) by extensions ['ignore', 'ignore_ament_install']
[0.253s] Level 1:colcon.colcon_core.package_identification:_identify(src/demos/image_tools) by extension 'ignore'
[0.253s] Level 1:colcon.colcon_core.package_identification:_identify(src/demos/image_tools) by extension 'ignore_ament_install'
[0.253s] Level 1:colcon.colcon_core.package_identification:_identify(src/demos/image_tools) by extensions ['colcon_pkg']
[0.253s] Level 1:colcon.colcon_core.package_identification:_identify(src/demos/image_tools) by extension 'colcon_pkg'
[0.253s] Level 1:colcon.colcon_core.package_identification:_identify(src/demos/image_tools) by extensions ['colcon_meta']
[0.253s] Level 1:colcon.colcon_core.package_identification:_identify(src/demos/image_tools) by extension 'colcon_meta'
[0.253s] Level 1:colcon.colcon_core.package_identification:_identify(src/demos/image_tools) by extensions ['ros']
[0.253s] Level 1:colcon.colcon_core.package_identification:_identify(src/demos/image_tools) by extension 'ros'
[0.254s] DEBUG:colcon.colcon_core.package_identification:Package 'src/demos/image_tools' with type 'ros.ament_cmake' and name 'image_tools'
[0.254s] Level 1:colcon.colcon_core.package_identification:_identify(src/demos/intra_process_demo) by extensions ['ignore', 'ignore_ament_install']
[0.254s] Level 1:colcon.colcon_core.package_identification:_identify(src/demos/intra_process_demo) by extension 'ignore'
[0.254s] Level 1:colcon.colcon_core.package_identification:_identify(src/demos/intra_process_demo) by extension 'ignore_ament_install'
[0.254s] Level 1:colcon.colcon_core.package_identification:_identify(src/demos/intra_process_demo) by extensions ['colcon_pkg']
[0.254s] Level 1:colcon.colcon_core.package_identification:_identify(src/demos/intra_process_demo) by extension 'colcon_pkg'
[0.254s] Level 1:colcon.colcon_core.package_identification:_identify(src/demos/intra_process_demo) by extensions ['colcon_meta']
[0.254s] Level 1:colcon.colcon_core.package_identification:_identify(src/demos/intra_process_demo) by extension 'colcon_meta'
[0.254s] Level 1:colcon.colcon_core.package_identification:_identify(src/demos/intra_process_demo) by extensions ['ros']
[0.254s] Level 1:colcon.colcon_core.package_identification:_identify(src/demos/intra_process_demo) by extension 'ros'
[0.255s] DEBUG:colcon.colcon_core.package_identification:Package 'src/demos/intra_process_demo' with type 'ros.ament_cmake' and name 'intra_process_demo'
[0.255s] Level 1:colcon.colcon_core.package_identification:_identify(src/demos/lifecycle) by extensions ['ignore', 'ignore_ament_install']
[0.255s] Level 1:colcon.colcon_core.package_identification:_identify(src/demos/lifecycle) by extension 'ignore'
[0.255s] Level 1:colcon.colcon_core.package_identification:_identify(src/demos/lifecycle) by extension 'ignore_ament_install'
[0.255s] Level 1:colcon.colcon_core.package_identification:_identify(src/demos/lifecycle) by extensions ['colcon_pkg']
[0.255s] Level 1:colcon.colcon_core.package_identification:_identify(src/demos/lifecycle) by extension 'colcon_pkg'
[0.255s] Level 1:colcon.colcon_core.package_identification:_identify(src/demos/lifecycle) by extensions ['colcon_meta']
[0.255s] Level 1:colcon.colcon_core.package_identification:_identify(src/demos/lifecycle) by extension 'colcon_meta'
[0.255s] Level 1:colcon.colcon_core.package_identification:_identify(src/demos/lifecycle) by extensions ['ros']
[0.255s] Level 1:colcon.colcon_core.package_identification:_identify(src/demos/lifecycle) by extension 'ros'
[0.255s] DEBUG:colcon.colcon_core.package_identification:Package 'src/demos/lifecycle' with type 'ros.ament_cmake' and name 'lifecycle'
[0.255s] Level 1:colcon.colcon_core.package_identification:_identify(src/demos/lifecycle_py) by extensions ['ignore', 'ignore_ament_install']
[0.255s] Level 1:colcon.colcon_core.package_identification:_identify(src/demos/lifecycle_py) by extension 'ignore'
[0.255s] Level 1:colcon.colcon_core.package_identification:_identify(src/demos/lifecycle_py) by extension 'ignore_ament_install'
[0.255s] Level 1:colcon.colcon_core.package_identification:_identify(src/demos/lifecycle_py) by extensions ['colcon_pkg']
[0.256s] Level 1:colcon.colcon_core.package_identification:_identify(src/demos/lifecycle_py) by extension 'colcon_pkg'
[0.256s] Level 1:colcon.colcon_core.package_identification:_identify(src/demos/lifecycle_py) by extensions ['colcon_meta']
[0.256s] Level 1:colcon.colcon_core.package_identification:_identify(src/demos/lifecycle_py) by extension 'colcon_meta'
[0.256s] Level 1:colcon.colcon_core.package_identification:_identify(src/demos/lifecycle_py) by extensions ['ros']
[0.256s] Level 1:colcon.colcon_core.package_identification:_identify(src/demos/lifecycle_py) by extension 'ros'
[0.256s] DEBUG:colcon.colcon_core.package_identification:Package 'src/demos/lifecycle_py' with type 'ros.ament_python' and name 'lifecycle_py'
[0.256s] Level 1:colcon.colcon_core.package_identification:_identify(src/demos/logging_demo) by extensions ['ignore', 'ignore_ament_install']
[0.256s] Level 1:colcon.colcon_core.package_identification:_identify(src/demos/logging_demo) by extension 'ignore'
[0.256s] Level 1:colcon.colcon_core.package_identification:_identify(src/demos/logging_demo) by extension 'ignore_ament_install'
[0.256s] Level 1:colcon.colcon_core.package_identification:_identify(src/demos/logging_demo) by extensions ['colcon_pkg']
[0.256s] Level 1:colcon.colcon_core.package_identification:_identify(src/demos/logging_demo) by extension 'colcon_pkg'
[0.256s] Level 1:colcon.colcon_core.package_identification:_identify(src/demos/logging_demo) by extensions ['colcon_meta']
[0.256s] Level 1:colcon.colcon_core.package_identification:_identify(src/demos/logging_demo) by extension 'colcon_meta'
[0.256s] Level 1:colcon.colcon_core.package_identification:_identify(src/demos/logging_demo) by extensions ['ros']
[0.256s] Level 1:colcon.colcon_core.package_identification:_identify(src/demos/logging_demo) by extension 'ros'
[0.257s] DEBUG:colcon.colcon_core.package_identification:Package 'src/demos/logging_demo' with type 'ros.ament_cmake' and name 'logging_demo'
[0.257s] Level 1:colcon.colcon_core.package_identification:_identify(src/demos/pendulum_control) by extensions ['ignore', 'ignore_ament_install']
[0.257s] Level 1:colcon.colcon_core.package_identification:_identify(src/demos/pendulum_control) by extension 'ignore'
[0.257s] Level 1:colcon.colcon_core.package_identification:_identify(src/demos/pendulum_control) by extension 'ignore_ament_install'
[0.257s] Level 1:colcon.colcon_core.package_identification:_identify(src/demos/pendulum_control) by extensions ['colcon_pkg']
[0.257s] Level 1:colcon.colcon_core.package_identification:_identify(src/demos/pendulum_control) by extension 'colcon_pkg'
[0.257s] Level 1:colcon.colcon_core.package_identification:_identify(src/demos/pendulum_control) by extensions ['colcon_meta']
[0.257s] Level 1:colcon.colcon_core.package_identification:_identify(src/demos/pendulum_control) by extension 'colcon_meta'
[0.257s] Level 1:colcon.colcon_core.package_identification:_identify(src/demos/pendulum_control) by extensions ['ros']
[0.257s] Level 1:colcon.colcon_core.package_identification:_identify(src/demos/pendulum_control) by extension 'ros'
[0.258s] DEBUG:colcon.colcon_core.package_identification:Package 'src/demos/pendulum_control' with type 'ros.ament_cmake' and name 'pendulum_control'
[0.258s] Level 1:colcon.colcon_core.package_identification:_identify(src/demos/pendulum_msgs) by extensions ['ignore', 'ignore_ament_install']
[0.258s] Level 1:colcon.colcon_core.package_identification:_identify(src/demos/pendulum_msgs) by extension 'ignore'
[0.258s] Level 1:colcon.colcon_core.package_identification:_identify(src/demos/pendulum_msgs) by extension 'ignore_ament_install'
[0.258s] Level 1:colcon.colcon_core.package_identification:_identify(src/demos/pendulum_msgs) by extensions ['colcon_pkg']
[0.259s] Level 1:colcon.colcon_core.package_identification:_identify(src/demos/pendulum_msgs) by extension 'colcon_pkg'
[0.259s] Level 1:colcon.colcon_core.package_identification:_identify(src/demos/pendulum_msgs) by extensions ['colcon_meta']
[0.259s] Level 1:colcon.colcon_core.package_identification:_identify(src/demos/pendulum_msgs) by extension 'colcon_meta'
[0.259s] Level 1:colcon.colcon_core.package_identification:_identify(src/demos/pendulum_msgs) by extensions ['ros']
[0.259s] Level 1:colcon.colcon_core.package_identification:_identify(src/demos/pendulum_msgs) by extension 'ros'
[0.259s] DEBUG:colcon.colcon_core.package_identification:Package 'src/demos/pendulum_msgs' with type 'ros.ament_cmake' and name 'pendulum_msgs'
[0.259s] Level 1:colcon.colcon_core.package_identification:_identify(src/demos/quality_of_service_demo) by extensions ['ignore', 'ignore_ament_install']
[0.259s] Level 1:colcon.colcon_core.package_identification:_identify(src/demos/quality_of_service_demo) by extension 'ignore'
[0.259s] Level 1:colcon.colcon_core.package_identification:_identify(src/demos/quality_of_service_demo) by extension 'ignore_ament_install'
[0.259s] Level 1:colcon.colcon_core.package_identification:_identify(src/demos/quality_of_service_demo) by extensions ['colcon_pkg']
[0.259s] Level 1:colcon.colcon_core.package_identification:_identify(src/demos/quality_of_service_demo) by extension 'colcon_pkg'
[0.259s] Level 1:colcon.colcon_core.package_identification:_identify(src/demos/quality_of_service_demo) by extensions ['colcon_meta']
[0.259s] Level 1:colcon.colcon_core.package_identification:_identify(src/demos/quality_of_service_demo) by extension 'colcon_meta'
[0.259s] Level 1:colcon.colcon_core.package_identification:_identify(src/demos/quality_of_service_demo) by extensions ['ros']
[0.259s] Level 1:colcon.colcon_core.package_identification:_identify(src/demos/quality_of_service_demo) by extension 'ros'
[0.259s] Level 1:colcon.colcon_core.package_identification:_identify(src/demos/quality_of_service_demo) by extensions ['cmake', 'python']
[0.259s] Level 1:colcon.colcon_core.package_identification:_identify(src/demos/quality_of_service_demo) by extension 'cmake'
[0.259s] Level 1:colcon.colcon_core.package_identification:_identify(src/demos/quality_of_service_demo) by extension 'python'
[0.259s] Level 1:colcon.colcon_core.package_identification:_identify(src/demos/quality_of_service_demo) by extensions ['python_setup_py']
[0.259s] Level 1:colcon.colcon_core.package_identification:_identify(src/demos/quality_of_service_demo) by extension 'python_setup_py'
[0.260s] Level 1:colcon.colcon_core.package_identification:_identify(src/demos/quality_of_service_demo/rclcpp) by extensions ['ignore', 'ignore_ament_install']
[0.260s] Level 1:colcon.colcon_core.package_identification:_identify(src/demos/quality_of_service_demo/rclcpp) by extension 'ignore'
[0.260s] Level 1:colcon.colcon_core.package_identification:_identify(src/demos/quality_of_service_demo/rclcpp) by extension 'ignore_ament_install'
[0.260s] Level 1:colcon.colcon_core.package_identification:_identify(src/demos/quality_of_service_demo/rclcpp) by extensions ['colcon_pkg']
[0.260s] Level 1:colcon.colcon_core.package_identification:_identify(src/demos/quality_of_service_demo/rclcpp) by extension 'colcon_pkg'
[0.260s] Level 1:colcon.colcon_core.package_identification:_identify(src/demos/quality_of_service_demo/rclcpp) by extensions ['colcon_meta']
[0.260s] Level 1:colcon.colcon_core.package_identification:_identify(src/demos/quality_of_service_demo/rclcpp) by extension 'colcon_meta'
[0.260s] Level 1:colcon.colcon_core.package_identification:_identify(src/demos/quality_of_service_demo/rclcpp) by extensions ['ros']
[0.260s] Level 1:colcon.colcon_core.package_identification:_identify(src/demos/quality_of_service_demo/rclcpp) by extension 'ros'
[0.260s] DEBUG:colcon.colcon_core.package_identification:Package 'src/demos/quality_of_service_demo/rclcpp' with type 'ros.ament_cmake' and name 'quality_of_service_demo_cpp'
[0.260s] Level 1:colcon.colcon_core.package_identification:_identify(src/demos/quality_of_service_demo/rclpy) by extensions ['ignore', 'ignore_ament_install']
[0.260s] Level 1:colcon.colcon_core.package_identification:_identify(src/demos/quality_of_service_demo/rclpy) by extension 'ignore'
[0.260s] Level 1:colcon.colcon_core.package_identification:_identify(src/demos/quality_of_service_demo/rclpy) by extension 'ignore_ament_install'
[0.260s] Level 1:colcon.colcon_core.package_identification:_identify(src/demos/quality_of_service_demo/rclpy) by extensions ['colcon_pkg']
[0.261s] Level 1:colcon.colcon_core.package_identification:_identify(src/demos/quality_of_service_demo/rclpy) by extension 'colcon_pkg'
[0.261s] Level 1:colcon.colcon_core.package_identification:_identify(src/demos/quality_of_service_demo/rclpy) by extensions ['colcon_meta']
[0.261s] Level 1:colcon.colcon_core.package_identification:_identify(src/demos/quality_of_service_demo/rclpy) by extension 'colcon_meta'
[0.261s] Level 1:colcon.colcon_core.package_identification:_identify(src/demos/quality_of_service_demo/rclpy) by extensions ['ros']
[0.261s] Level 1:colcon.colcon_core.package_identification:_identify(src/demos/quality_of_service_demo/rclpy) by extension 'ros'
[0.261s] DEBUG:colcon.colcon_core.package_identification:Package 'src/demos/quality_of_service_demo/rclpy' with type 'ros.ament_python' and name 'quality_of_service_demo_py'
[0.261s] Level 1:colcon.colcon_core.package_identification:_identify(src/demos/topic_monitor) by extensions ['ignore', 'ignore_ament_install']
[0.261s] Level 1:colcon.colcon_core.package_identification:_identify(src/demos/topic_monitor) by extension 'ignore'
[0.261s] Level 1:colcon.colcon_core.package_identification:_identify(src/demos/topic_monitor) by extension 'ignore_ament_install'
[0.261s] Level 1:colcon.colcon_core.package_identification:_identify(src/demos/topic_monitor) by extensions ['colcon_pkg']
[0.261s] Level 1:colcon.colcon_core.package_identification:_identify(src/demos/topic_monitor) by extension 'colcon_pkg'
[0.261s] Level 1:colcon.colcon_core.package_identification:_identify(src/demos/topic_monitor) by extensions ['colcon_meta']
[0.261s] Level 1:colcon.colcon_core.package_identification:_identify(src/demos/topic_monitor) by extension 'colcon_meta'
[0.261s] Level 1:colcon.colcon_core.package_identification:_identify(src/demos/topic_monitor) by extensions ['ros']
[0.261s] Level 1:colcon.colcon_core.package_identification:_identify(src/demos/topic_monitor) by extension 'ros'
[0.269s] DEBUG:colcon.colcon_core.package_identification:Package 'src/demos/topic_monitor' with type 'ros.ament_python' and name 'topic_monitor'
[0.269s] Level 1:colcon.colcon_core.package_identification:_identify(src/demos/topic_statistics_demo) by extensions ['ignore', 'ignore_ament_install']
[0.269s] Level 1:colcon.colcon_core.package_identification:_identify(src/demos/topic_statistics_demo) by extension 'ignore'
[0.270s] Level 1:colcon.colcon_core.package_identification:_identify(src/demos/topic_statistics_demo) by extension 'ignore_ament_install'
[0.270s] Level 1:colcon.colcon_core.package_identification:_identify(src/demos/topic_statistics_demo) by extensions ['colcon_pkg']
[0.270s] Level 1:colcon.colcon_core.package_identification:_identify(src/demos/topic_statistics_demo) by extension 'colcon_pkg'
[0.270s] Level 1:colcon.colcon_core.package_identification:_identify(src/demos/topic_statistics_demo) by extensions ['colcon_meta']
[0.270s] Level 1:colcon.colcon_core.package_identification:_identify(src/demos/topic_statistics_demo) by extension 'colcon_meta'
[0.270s] Level 1:colcon.colcon_core.package_identification:_identify(src/demos/topic_statistics_demo) by extensions ['ros']
[0.270s] Level 1:colcon.colcon_core.package_identification:_identify(src/demos/topic_statistics_demo) by extension 'ros'
[0.270s] DEBUG:colcon.colcon_core.package_identification:Package 'src/demos/topic_statistics_demo' with type 'ros.ament_cmake' and name 'topic_statistics_demo'
[0.270s] Level 1:colcon.colcon_core.package_identification:_identify(turtSim_node) by extensions ['ignore', 'ignore_ament_install']
[0.270s] Level 1:colcon.colcon_core.package_identification:_identify(turtSim_node) by extension 'ignore'
[0.270s] Level 1:colcon.colcon_core.package_identification:_identify(turtSim_node) by extension 'ignore_ament_install'
[0.270s] Level 1:colcon.colcon_core.package_identification:_identify(turtSim_node) by extensions ['colcon_pkg']
[0.270s] Level 1:colcon.colcon_core.package_identification:_identify(turtSim_node) by extension 'colcon_pkg'
[0.270s] Level 1:colcon.colcon_core.package_identification:_identify(turtSim_node) by extensions ['colcon_meta']
[0.270s] Level 1:colcon.colcon_core.package_identification:_identify(turtSim_node) by extension 'colcon_meta'
[0.270s] Level 1:colcon.colcon_core.package_identification:_identify(turtSim_node) by extensions ['ros']
[0.270s] Level 1:colcon.colcon_core.package_identification:_identify(turtSim_node) by extension 'ros'
[0.271s] Level 1:colcon.colcon_core.package_identification:_identify(turtSim_node) by extensions ['cmake', 'python']
[0.271s] Level 1:colcon.colcon_core.package_identification:_identify(turtSim_node) by extension 'cmake'
[0.275s] Level 1:colcon.colcon_core.package_identification:_identify(turtSim_node) by extension 'python'
[0.275s] DEBUG:colcon.colcon_core.package_identification:Package 'turtSim_node' with type 'cmake' and name 'turtSim_node'
[0.275s] Level 1:colcon.colcon_core.package_discovery:discover_packages(recursive) using defaults
[0.275s] Level 1:colcon.colcon_core.package_discovery:discover_packages(ignore) discover
[0.275s] Level 1:colcon.colcon_core.package_discovery:discover_packages(ignore) using defaults
[0.275s] Level 1:colcon.colcon_core.package_discovery:discover_packages(path) discover
[0.275s] Level 1:colcon.colcon_core.package_discovery:discover_packages(path) using defaults
[0.292s] INFO:colcon.colcon_core.package_selection:Skipping not selected package 'action_tutorials_interfaces' in 'src/demos/action_tutorials/action_tutorials_interfaces'
[0.292s] INFO:colcon.colcon_core.package_selection:Skipping not selected package 'composition' in 'src/demos/composition'
[0.292s] INFO:colcon.colcon_core.package_selection:Skipping not selected package 'demo_nodes_cpp' in 'src/demos/demo_nodes_cpp'
[0.292s] INFO:colcon.colcon_core.package_selection:Skipping not selected package 'demo_nodes_cpp_native' in 'src/demos/demo_nodes_cpp_native'
[0.292s] INFO:colcon.colcon_core.package_selection:Skipping not selected package 'demo_nodes_py' in 'src/demos/demo_nodes_py'
[0.292s] INFO:colcon.colcon_core.package_selection:Skipping not selected package 'dummy_map_server' in 'src/demos/dummy_robot/dummy_map_server'
[0.292s] INFO:colcon.colcon_core.package_selection:Skipping not selected package 'dummy_sensors' in 'src/demos/dummy_robot/dummy_sensors'
[0.292s] INFO:colcon.colcon_core.package_selection:Skipping not selected package 'image_tools' in 'src/demos/image_tools'
[0.292s] INFO:colcon.colcon_core.package_selection:Skipping not selected package 'intra_process_demo' in 'src/demos/intra_process_demo'
[0.292s] INFO:colcon.colcon_core.package_selection:Skipping not selected package 'lifecycle' in 'src/demos/lifecycle'
[0.292s] INFO:colcon.colcon_core.package_selection:Skipping not selected package 'logging_demo' in 'src/demos/logging_demo'
[0.292s] INFO:colcon.colcon_core.package_selection:Skipping not selected package 'pendulum_msgs' in 'src/demos/pendulum_msgs'
[0.292s] INFO:colcon.colcon_core.package_selection:Skipping not selected package 'quality_of_service_demo_cpp' in 'src/demos/quality_of_service_demo/rclcpp'
[0.292s] INFO:colcon.colcon_core.package_selection:Skipping not selected package 'quality_of_service_demo_py' in 'src/demos/quality_of_service_demo/rclpy'
[0.292s] INFO:colcon.colcon_core.package_selection:Skipping not selected package 'topic_monitor' in 'src/demos/topic_monitor'
[0.292s] INFO:colcon.colcon_core.package_selection:Skipping not selected package 'topic_statistics_demo' in 'src/demos/topic_statistics_demo'
[0.292s] INFO:colcon.colcon_core.package_selection:Skipping not selected package 'turtSim_node' in 'turtSim_node'
[0.292s] INFO:colcon.colcon_core.package_selection:Skipping not selected package 'action_tutorials_cpp' in 'src/demos/action_tutorials/action_tutorials_cpp'
[0.292s] INFO:colcon.colcon_core.package_selection:Skipping not selected package 'action_tutorials_py' in 'src/demos/action_tutorials/action_tutorials_py'
[0.292s] INFO:colcon.colcon_core.package_selection:Skipping not selected package 'dummy_robot_bringup' in 'src/demos/dummy_robot/dummy_robot_bringup'
[0.292s] INFO:colcon.colcon_core.package_selection:Skipping not selected package 'pendulum_control' in 'src/demos/pendulum_control'
[0.293s] Level 1:colcon.colcon_core.package_discovery:discover_packages(prefix_path) check parameters
[0.293s] Level 1:colcon.colcon_core.package_discovery:discover_packages(prefix_path) discover
[0.295s] DEBUG:colcon.colcon_installed_package_information.package_discovery:Found 22 installed packages in /home/colbren/ground-station/install
[0.295s] DEBUG:colcon.colcon_installed_package_information.package_discovery:Found 2 installed packages in /home/colbren/ros2_ws/install
[0.296s] DEBUG:colcon.colcon_installed_package_information.package_discovery:Found 273 installed packages in /opt/ros/humble
[0.298s] Level 1:colcon.colcon_core.package_discovery:discover_packages(prefix_path) using defaults
[0.332s] Level 5:colcon.colcon_core.verb:set package 'lifecycle_py' build argument 'cmake_args' from command line to 'None'
[0.332s] Level 5:colcon.colcon_core.verb:set package 'lifecycle_py' build argument 'cmake_target' from command line to 'None'
[0.332s] Level 5:colcon.colcon_core.verb:set package 'lifecycle_py' build argument 'cmake_target_skip_unavailable' from command line to 'False'
[0.332s] Level 5:colcon.colcon_core.verb:set package 'lifecycle_py' build argument 'cmake_clean_cache' from command line to 'False'
[0.332s] Level 5:colcon.colcon_core.verb:set package 'lifecycle_py' build argument 'cmake_clean_first' from command line to 'False'
[0.332s] Level 5:colcon.colcon_core.verb:set package 'lifecycle_py' build argument 'cmake_force_configure' from command line to 'False'
[0.332s] Level 5:colcon.colcon_core.verb:set package 'lifecycle_py' build argument 'ament_cmake_args' from command line to 'None'
[0.332s] Level 5:colcon.colcon_core.verb:set package 'lifecycle_py' build argument 'catkin_cmake_args' from command line to 'None'
[0.332s] Level 5:colcon.colcon_core.verb:set package 'lifecycle_py' build argument 'catkin_skip_building_tests' from command line to 'False'
[0.332s] DEBUG:colcon.colcon_core.verb:Building package 'lifecycle_py' with the following arguments: {'ament_cmake_args': None, 'build_base': '/home/colbren/ground-station/build/lifecycle_py', 'catkin_cmake_args': None, 'catkin_skip_building_tests': False, 'cmake_args': None, 'cmake_clean_cache': False, 'cmake_clean_first': False, 'cmake_force_configure': False, 'cmake_target': None, 'cmake_target_skip_unavailable': False, 'install_base': '/home/colbren/ground-station/install/lifecycle_py', 'merge_install': False, 'path': '/home/colbren/ground-station/src/demos/lifecycle_py', 'symlink_install': False, 'test_result_base': None}
[0.332s] INFO:colcon.colcon_core.executor:Executing jobs using 'parallel' executor
[0.333s] DEBUG:colcon.colcon_parallel_executor.executor.parallel:run_until_complete
[0.333s] INFO:colcon.colcon_ros.task.ament_python.build:Building ROS package in '/home/colbren/ground-station/src/demos/lifecycle_py' with build type 'ament_python'
[0.333s] Level 1:colcon.colcon_core.shell:create_environment_hook('lifecycle_py', 'ament_prefix_path')
[0.335s] INFO:colcon.colcon_core.plugin_system:Skipping extension 'colcon_core.shell.bat': Not used on non-Windows systems
[0.335s] INFO:colcon.colcon_core.shell:Creating environment hook '/home/colbren/ground-station/install/lifecycle_py/share/lifecycle_py/hook/ament_prefix_path.ps1'
[0.336s] INFO:colcon.colcon_core.shell:Creating environment descriptor '/home/colbren/ground-station/install/lifecycle_py/share/lifecycle_py/hook/ament_prefix_path.dsv'
[0.336s] INFO:colcon.colcon_core.shell:Creating environment hook '/home/colbren/ground-station/install/lifecycle_py/share/lifecycle_py/hook/ament_prefix_path.sh'
[0.336s] INFO:colcon.colcon_core.shell:Skip shell extension 'powershell' for command environment: Not usable outside of PowerShell
[0.337s] DEBUG:colcon.colcon_core.shell:Skip shell extension 'dsv' for command environment
[0.579s] INFO:colcon.colcon_core.task.python.build:Building Python package in '/home/colbren/ground-station/src/demos/lifecycle_py'
[0.580s] INFO:colcon.colcon_core.shell:Skip shell extension 'powershell' for command environment: Not usable outside of PowerShell
[0.580s] DEBUG:colcon.colcon_core.shell:Skip shell extension 'dsv' for command environment
[0.850s] DEBUG:colcon.colcon_core.event_handler.log_command:Invoking command in '/home/colbren/ground-station/src/demos/lifecycle_py': CMAKE_PREFIX_PATH=/home/colbren/ground-station/install/lifecycle:/home/colbren/ground-station/install/topic_statistics_demo:/home/colbren/ground-station/install/quality_of_service_demo_cpp:/home/colbren/ground-station/install/pendulum_control:/home/colbren/ground-station/install/pendulum_msgs:/home/colbren/ground-station/install/logging_demo:/home/colbren/ground-station/install/intra_process_demo:/home/colbren/ground-station/install/image_tools:/home/colbren/ground-station/install/dummy_robot_bringup:/home/colbren/ground-station/install/dummy_sensors:/home/colbren/ground-station/install/dummy_map_server:/home/colbren/ground-station/install/demo_nodes_cpp_native:/home/colbren/ground-station/install/demo_nodes_cpp:/home/colbren/ground-station/install/composition:/home/colbren/ground-station/install/action_tutorials_cpp:/home/colbren/ground-station/install/action_tutorials_interfaces PYTHONPATH=/home/colbren/ground-station/build/lifecycle_py/prefix_override:/usr/lib/python3/dist-packages/colcon_core/task/python/colcon_distutils_commands:/home/colbren/ground-station/install/lifecycle_py/lib/python3.10/site-packages:${PYTHONPATH} /usr/bin/python3 -W ignore:setup.py install is deprecated -W ignore:easy_install command is deprecated setup.py egg_info --egg-base ../../../build/lifecycle_py build --build-base /home/colbren/ground-station/build/lifecycle_py/build install --record /home/colbren/ground-station/build/lifecycle_py/install.log --single-version-externally-managed install_data
[1.143s] DEBUG:colcon.colcon_core.event_handler.log_command:Invoked command in '/home/colbren/ground-station/src/demos/lifecycle_py' returned '0': CMAKE_PREFIX_PATH=/home/colbren/ground-station/install/lifecycle:/home/colbren/ground-station/install/topic_statistics_demo:/home/colbren/ground-station/install/quality_of_service_demo_cpp:/home/colbren/ground-station/install/pendulum_control:/home/colbren/ground-station/install/pendulum_msgs:/home/colbren/ground-station/install/logging_demo:/home/colbren/ground-station/install/intra_process_demo:/home/colbren/ground-station/install/image_tools:/home/colbren/ground-station/install/dummy_robot_bringup:/home/colbren/ground-station/install/dummy_sensors:/home/colbren/ground-station/install/dummy_map_server:/home/colbren/ground-station/install/demo_nodes_cpp_native:/home/colbren/ground-station/install/demo_nodes_cpp:/home/colbren/ground-station/install/composition:/home/colbren/ground-station/install/action_tutorials_cpp:/home/colbren/ground-station/install/action_tutorials_interfaces PYTHONPATH=/home/colbren/ground-station/build/lifecycle_py/prefix_override:/usr/lib/python3/dist-packages/colcon_core/task/python/colcon_distutils_commands:/home/colbren/ground-station/install/lifecycle_py/lib/python3.10/site-packages:${PYTHONPATH} /usr/bin/python3 -W ignore:setup.py install is deprecated -W ignore:easy_install command is deprecated setup.py egg_info --egg-base ../../../build/lifecycle_py build --build-base /home/colbren/ground-station/build/lifecycle_py/build install --record /home/colbren/ground-station/build/lifecycle_py/install.log --single-version-externally-managed install_data
[1.144s] Level 1:colcon.colcon_core.environment:checking '/home/colbren/ground-station/install/lifecycle_py' for CMake module files
[1.145s] Level 1:colcon.colcon_core.environment:checking '/home/colbren/ground-station/install/lifecycle_py' for CMake config files
[1.145s] Level 1:colcon.colcon_core.environment:checking '/home/colbren/ground-station/install/lifecycle_py/lib'
[1.145s] Level 1:colcon.colcon_core.environment:checking '/home/colbren/ground-station/install/lifecycle_py/bin'
[1.146s] Level 1:colcon.colcon_core.environment:checking '/home/colbren/ground-station/install/lifecycle_py/lib/pkgconfig/lifecycle_py.pc'
[1.146s] Level 1:colcon.colcon_core.environment:checking '/home/colbren/ground-station/install/lifecycle_py/lib/python3.10/site-packages'
[1.146s] Level 1:colcon.colcon_core.shell:create_environment_hook('lifecycle_py', 'pythonpath')
[1.146s] INFO:colcon.colcon_core.shell:Creating environment hook '/home/colbren/ground-station/install/lifecycle_py/share/lifecycle_py/hook/pythonpath.ps1'
[1.146s] INFO:colcon.colcon_core.shell:Creating environment descriptor '/home/colbren/ground-station/install/lifecycle_py/share/lifecycle_py/hook/pythonpath.dsv'
[1.147s] INFO:colcon.colcon_core.shell:Creating environment hook '/home/colbren/ground-station/install/lifecycle_py/share/lifecycle_py/hook/pythonpath.sh'
[1.147s] Level 1:colcon.colcon_core.environment:checking '/home/colbren/ground-station/install/lifecycle_py/bin'
[1.147s] Level 1:colcon.colcon_core.environment:create_environment_scripts_only(lifecycle_py)
[1.147s] INFO:colcon.colcon_core.shell:Creating package script '/home/colbren/ground-station/install/lifecycle_py/share/lifecycle_py/package.ps1'
[1.148s] INFO:colcon.colcon_core.shell:Creating package descriptor '/home/colbren/ground-station/install/lifecycle_py/share/lifecycle_py/package.dsv'
[1.148s] INFO:colcon.colcon_core.shell:Creating package script '/home/colbren/ground-station/install/lifecycle_py/share/lifecycle_py/package.sh'
[1.149s] INFO:colcon.colcon_core.shell:Creating package script '/home/colbren/ground-station/install/lifecycle_py/share/lifecycle_py/package.bash'
[1.149s] INFO:colcon.colcon_core.shell:Creating package script '/home/colbren/ground-station/install/lifecycle_py/share/lifecycle_py/package.zsh'
[1.150s] Level 1:colcon.colcon_core.environment:create_file_with_runtime_dependencies(/home/colbren/ground-station/install/lifecycle_py/share/colcon-core/packages/lifecycle_py)
[1.150s] DEBUG:colcon.colcon_parallel_executor.executor.parallel:closing loop
[1.150s] DEBUG:colcon.colcon_parallel_executor.executor.parallel:loop closed
[1.150s] DEBUG:colcon.colcon_parallel_executor.executor.parallel:run_until_complete finished with '0'
[1.150s] DEBUG:colcon.colcon_core.event_reactor:joining thread
[1.156s] INFO:colcon.colcon_core.plugin_system:Skipping extension 'colcon_notification.desktop_notification.terminal_notifier': Not used on non-Darwin systems
[1.156s] INFO:colcon.colcon_core.plugin_system:Skipping extension 'colcon_notification.desktop_notification.win32': Not used on non-Windows systems
[1.156s] INFO:colcon.colcon_notification.desktop_notification:Sending desktop notification using 'notify2'
[1.167s] DEBUG:colcon.colcon_core.event_reactor:joined thread
[1.168s] INFO:colcon.colcon_core.shell:Creating prefix script '/home/colbren/ground-station/install/local_setup.ps1'
[1.169s] INFO:colcon.colcon_core.shell:Creating prefix util module '/home/colbren/ground-station/install/_local_setup_util_ps1.py'
[1.170s] INFO:colcon.colcon_core.shell:Creating prefix chain script '/home/colbren/ground-station/install/setup.ps1'
[1.171s] INFO:colcon.colcon_core.shell:Creating prefix script '/home/colbren/ground-station/install/local_setup.sh'
[1.172s] INFO:colcon.colcon_core.shell:Creating prefix util module '/home/colbren/ground-station/install/_local_setup_util_sh.py'
[1.172s] INFO:colcon.colcon_core.shell:Creating prefix chain script '/home/colbren/ground-station/install/setup.sh'
[1.174s] INFO:colcon.colcon_core.shell:Creating prefix script '/home/colbren/ground-station/install/local_setup.bash'
[1.175s] INFO:colcon.colcon_core.shell:Creating prefix chain script '/home/colbren/ground-station/install/setup.bash'
[1.177s] INFO:colcon.colcon_core.shell:Creating prefix script '/home/colbren/ground-station/install/local_setup.zsh'
[1.177s] INFO:colcon.colcon_core.shell:Creating prefix chain script '/home/colbren/ground-station/install/setup.zsh'
