[0.175s] Invoking command in '/home/colbren/ground-station/build/dummy_robot_bringup': AMENT_PREFIX_PATH=/home/colbren/ground-station/install/dummy_sensors:/home/colbren/ground-station/install/dummy_map_server:${AMENT_PREFIX_PATH} CMAKE_PREFIX_PATH=/home/colbren/ground-station/install/dummy_sensors:/home/colbren/ground-station/install/dummy_map_server:/home/colbren/ros2_ws/install/turtlesim_ui:/opt/ros/humble /usr/bin/cmake --build /home/colbren/ground-station/build/dummy_robot_bringup -- -j16 -l16
[0.753s] Invoked command in '/home/colbren/ground-station/build/dummy_robot_bringup' returned '0': AMENT_PREFIX_PATH=/home/colbren/ground-station/install/dummy_sensors:/home/colbren/ground-station/install/dummy_map_server:${AMENT_PREFIX_PATH} CMAKE_PREFIX_PATH=/home/colbren/ground-station/install/dummy_sensors:/home/colbren/ground-station/install/dummy_map_server:/home/colbren/ros2_ws/install/turtlesim_ui:/opt/ros/humble /usr/bin/cmake --build /home/colbren/ground-station/build/dummy_robot_bringup -- -j16 -l16
[0.755s] Invoking command in '/home/colbren/ground-station/build/dummy_robot_bringup': AMENT_PREFIX_PATH=/home/colbren/ground-station/install/dummy_sensors:/home/colbren/ground-station/install/dummy_map_server:${AMENT_PREFIX_PATH} CMAKE_PREFIX_PATH=/home/colbren/ground-station/install/dummy_sensors:/home/colbren/ground-station/install/dummy_map_server:/home/colbren/ros2_ws/install/turtlesim_ui:/opt/ros/humble /usr/bin/cmake --install /home/colbren/ground-station/build/dummy_robot_bringup
[0.760s] -- Install configuration: ""
[0.761s] -- Up-to-date: /home/colbren/ground-station/install/dummy_robot_bringup/share/dummy_robot_bringup/launch
[0.761s] -- Up-to-date: /home/colbren/ground-station/install/dummy_robot_bringup/share/dummy_robot_bringup/launch/dummy_robot_bringup_launch.yaml
[0.761s] -- Up-to-date: /home/colbren/ground-station/install/dummy_robot_bringup/share/dummy_robot_bringup/launch/dummy_robot_bringup_launch.xml
[0.761s] -- Up-to-date: /home/colbren/ground-station/install/dummy_robot_bringup/share/dummy_robot_bringup/launch/dummy_robot_bringup.launch.py
[0.761s] -- Up-to-date: /home/colbren/ground-station/install/dummy_robot_bringup/share/dummy_robot_bringup/launch/single_rrbot.urdf
[0.761s] -- Up-to-date: /home/colbren/ground-station/install/dummy_robot_bringup/share/ament_index/resource_index/package_run_dependencies/dummy_robot_bringup
[0.761s] -- Up-to-date: /home/colbren/ground-station/install/dummy_robot_bringup/share/ament_index/resource_index/parent_prefix_path/dummy_robot_bringup
[0.761s] -- Up-to-date: /home/colbren/ground-station/install/dummy_robot_bringup/share/dummy_robot_bringup/environment/ament_prefix_path.sh
[0.762s] -- Up-to-date: /home/colbren/ground-station/install/dummy_robot_bringup/share/dummy_robot_bringup/environment/ament_prefix_path.dsv
[0.764s] -- Up-to-date: /home/colbren/ground-station/install/dummy_robot_bringup/share/dummy_robot_bringup/environment/path.sh
[0.764s] -- Up-to-date: /home/colbren/ground-station/install/dummy_robot_bringup/share/dummy_robot_bringup/environment/path.dsv
[0.764s] -- Up-to-date: /home/colbren/ground-station/install/dummy_robot_bringup/share/dummy_robot_bringup/local_setup.bash
[0.764s] -- Up-to-date: /home/colbren/ground-station/install/dummy_robot_bringup/share/dummy_robot_bringup/local_setup.sh
[0.765s] -- Up-to-date: /home/colbren/ground-station/install/dummy_robot_bringup/share/dummy_robot_bringup/local_setup.zsh
[0.765s] -- Up-to-date: /home/colbren/ground-station/install/dummy_robot_bringup/share/dummy_robot_bringup/local_setup.dsv
[0.765s] -- Installing: /home/colbren/ground-station/install/dummy_robot_bringup/share/dummy_robot_bringup/package.dsv
[0.765s] -- Up-to-date: /home/colbren/ground-station/install/dummy_robot_bringup/share/ament_index/resource_index/packages/dummy_robot_bringup
[0.765s] -- Up-to-date: /home/colbren/ground-station/install/dummy_robot_bringup/share/dummy_robot_bringup/cmake/dummy_robot_bringupConfig.cmake
[0.766s] -- Up-to-date: /home/colbren/ground-station/install/dummy_robot_bringup/share/dummy_robot_bringup/cmake/dummy_robot_bringupConfig-version.cmake
[0.769s] -- Up-to-date: /home/colbren/ground-station/install/dummy_robot_bringup/share/dummy_robot_bringup/package.xml
[0.769s] Invoked command in '/home/colbren/ground-station/build/dummy_robot_bringup' returned '0': AMENT_PREFIX_PATH=/home/colbren/ground-station/install/dummy_sensors:/home/colbren/ground-station/install/dummy_map_server:${AMENT_PREFIX_PATH} CMAKE_PREFIX_PATH=/home/colbren/ground-station/install/dummy_sensors:/home/colbren/ground-station/install/dummy_map_server:/home/colbren/ros2_ws/install/turtlesim_ui:/opt/ros/humble /usr/bin/cmake --install /home/colbren/ground-station/build/dummy_robot_bringup
