[0.092s] Invoking command in '/home/colbren/ground-station/build/action_tutorials_interfaces': CMAKE_PREFIX_PATH=/home/colbren/ros2_ws/install/turtlesim_ui:/opt/ros/humble /usr/bin/cmake --build /home/colbren/ground-station/build/action_tutorials_interfaces -- -j16 -l16
[1.116s] [  3%] Built target action_tutorials_interfaces__cpp
[1.117s] [ 12%] Built target action_tutorials_interfaces__rosidl_generator_c
[1.118s] [ 12%] Built target ament_cmake_python_copy_action_tutorials_interfaces
[1.118s] [ 22%] Built target action_tutorials_interfaces__rosidl_typesupport_cpp
[1.118s] [ 32%] Built target action_tutorials_interfaces__rosidl_typesupport_fastrtps_cpp
[1.118s] [ 41%] Built target action_tutorials_interfaces__rosidl_typesupport_introspection_cpp
[1.119s] [ 51%] Built target action_tutorials_interfaces__rosidl_typesupport_introspection_c
[1.119s] [ 61%] Built target action_tutorials_interfaces__rosidl_typesupport_fastrtps_c
[1.119s] [ 70%] Built target action_tutorials_interfaces__rosidl_typesupport_c
[1.119s] [ 70%] Built target action_tutorials_interfaces
[1.119s] [ 74%] Built target action_tutorials_interfaces__py
[1.119s] [ 80%] Built target action_tutorials_interfaces__rosidl_generator_py
[1.119s] [ 93%] Built target action_tutorials_interfaces__rosidl_typesupport_introspection_c__pyext
[1.119s] [ 93%] Built target action_tutorials_interfaces__rosidl_typesupport_fastrtps_c__pyext
[1.119s] [100%] Built target action_tutorials_interfaces__rosidl_typesupport_c__pyext
[1.120s] running egg_info
[1.120s] writing action_tutorials_interfaces.egg-info/PKG-INFO
[1.120s] writing dependency_links to action_tutorials_interfaces.egg-info/dependency_links.txt
[1.120s] writing top-level names to action_tutorials_interfaces.egg-info/top_level.txt
[1.120s] reading manifest file 'action_tutorials_interfaces.egg-info/SOURCES.txt'
[1.120s] writing manifest file 'action_tutorials_interfaces.egg-info/SOURCES.txt'
[1.120s] [100%] Built target ament_cmake_python_build_action_tutorials_interfaces_egg
[1.162s] Invoked command in '/home/colbren/ground-station/build/action_tutorials_interfaces' returned '0': CMAKE_PREFIX_PATH=/home/colbren/ros2_ws/install/turtlesim_ui:/opt/ros/humble /usr/bin/cmake --build /home/colbren/ground-station/build/action_tutorials_interfaces -- -j16 -l16
[1.164s] Invoking command in '/home/colbren/ground-station/build/action_tutorials_interfaces': CMAKE_PREFIX_PATH=/home/colbren/ros2_ws/install/turtlesim_ui:/opt/ros/humble /usr/bin/cmake --install /home/colbren/ground-station/build/action_tutorials_interfaces
[1.208s] -- Install configuration: ""
[1.209s] -- Up-to-date: /home/colbren/ground-station/install/action_tutorials_interfaces/share/ament_index/resource_index/rosidl_interfaces/action_tutorials_interfaces
[1.209s] -- Up-to-date: /home/colbren/ground-station/install/action_tutorials_interfaces/include/action_tutorials_interfaces/action_tutorials_interfaces
[1.209s] -- Up-to-date: /home/colbren/ground-station/install/action_tutorials_interfaces/include/action_tutorials_interfaces/action_tutorials_interfaces/msg
[1.209s] -- Up-to-date: /home/colbren/ground-station/install/action_tutorials_interfaces/include/action_tutorials_interfaces/action_tutorials_interfaces/msg/rosidl_generator_c__visibility_control.h
[1.209s] -- Up-to-date: /home/colbren/ground-station/install/action_tutorials_interfaces/include/action_tutorials_interfaces/action_tutorials_interfaces/action
[1.209s] -- Up-to-date: /home/colbren/ground-station/install/action_tutorials_interfaces/include/action_tutorials_interfaces/action_tutorials_interfaces/action/detail
[1.209s] -- Up-to-date: /home/colbren/ground-station/install/action_tutorials_interfaces/include/action_tutorials_interfaces/action_tutorials_interfaces/action/detail/fibonacci__functions.c
[1.210s] -- Up-to-date: /home/colbren/ground-station/install/action_tutorials_interfaces/include/action_tutorials_interfaces/action_tutorials_interfaces/action/detail/fibonacci__type_support.h
[1.210s] -- Up-to-date: /home/colbren/ground-station/install/action_tutorials_interfaces/include/action_tutorials_interfaces/action_tutorials_interfaces/action/detail/fibonacci__struct.h
[1.211s] -- Up-to-date: /home/colbren/ground-station/install/action_tutorials_interfaces/include/action_tutorials_interfaces/action_tutorials_interfaces/action/detail/fibonacci__functions.h
[1.211s] -- Up-to-date: /home/colbren/ground-station/install/action_tutorials_interfaces/include/action_tutorials_interfaces/action_tutorials_interfaces/action/fibonacci.h
[1.211s] -- Up-to-date: /home/colbren/ground-station/install/action_tutorials_interfaces/share/action_tutorials_interfaces/environment/library_path.sh
[1.211s] -- Up-to-date: /home/colbren/ground-station/install/action_tutorials_interfaces/share/action_tutorials_interfaces/environment/library_path.dsv
[1.211s] -- Up-to-date: /home/colbren/ground-station/install/action_tutorials_interfaces/lib/libaction_tutorials_interfaces__rosidl_generator_c.so
[1.211s] -- Up-to-date: /home/colbren/ground-station/install/action_tutorials_interfaces/include/action_tutorials_interfaces/action_tutorials_interfaces
[1.211s] -- Up-to-date: /home/colbren/ground-station/install/action_tutorials_interfaces/include/action_tutorials_interfaces/action_tutorials_interfaces/msg
[1.211s] -- Up-to-date: /home/colbren/ground-station/install/action_tutorials_interfaces/include/action_tutorials_interfaces/action_tutorials_interfaces/msg/rosidl_typesupport_fastrtps_c__visibility_control.h
[1.211s] -- Up-to-date: /home/colbren/ground-station/install/action_tutorials_interfaces/include/action_tutorials_interfaces/action_tutorials_interfaces/action
[1.211s] -- Up-to-date: /home/colbren/ground-station/install/action_tutorials_interfaces/include/action_tutorials_interfaces/action_tutorials_interfaces/action/detail
[1.212s] -- Up-to-date: /home/colbren/ground-station/install/action_tutorials_interfaces/include/action_tutorials_interfaces/action_tutorials_interfaces/action/detail/fibonacci__rosidl_typesupport_fastrtps_c.h
[1.212s] -- Up-to-date: /home/colbren/ground-station/install/action_tutorials_interfaces/lib/libaction_tutorials_interfaces__rosidl_typesupport_fastrtps_c.so
[1.212s] -- Up-to-date: /home/colbren/ground-station/install/action_tutorials_interfaces/include/action_tutorials_interfaces/action_tutorials_interfaces
[1.212s] -- Up-to-date: /home/colbren/ground-station/install/action_tutorials_interfaces/include/action_tutorials_interfaces/action_tutorials_interfaces/msg
[1.212s] -- Up-to-date: /home/colbren/ground-station/install/action_tutorials_interfaces/include/action_tutorials_interfaces/action_tutorials_interfaces/msg/rosidl_typesupport_introspection_c__visibility_control.h
[1.229s] -- Up-to-date: /home/colbren/ground-station/install/action_tutorials_interfaces/include/action_tutorials_interfaces/action_tutorials_interfaces/action
[1.230s] -- Up-to-date: /home/colbren/ground-station/install/action_tutorials_interfaces/include/action_tutorials_interfaces/action_tutorials_interfaces/action/detail
[1.230s] -- Up-to-date: /home/colbren/ground-station/install/action_tutorials_interfaces/include/action_tutorials_interfaces/action_tutorials_interfaces/action/detail/fibonacci__rosidl_typesupport_introspection_c.h
[1.230s] -- Up-to-date: /home/colbren/ground-station/install/action_tutorials_interfaces/include/action_tutorials_interfaces/action_tutorials_interfaces/action/detail/fibonacci__type_support.c
[1.230s] -- Up-to-date: /home/colbren/ground-station/install/action_tutorials_interfaces/lib/libaction_tutorials_interfaces__rosidl_typesupport_introspection_c.so
[1.230s] -- Up-to-date: /home/colbren/ground-station/install/action_tutorials_interfaces/lib/libaction_tutorials_interfaces__rosidl_typesupport_c.so
[1.230s] -- Up-to-date: /home/colbren/ground-station/install/action_tutorials_interfaces/include/action_tutorials_interfaces/action_tutorials_interfaces
[1.230s] -- Up-to-date: /home/colbren/ground-station/install/action_tutorials_interfaces/include/action_tutorials_interfaces/action_tutorials_interfaces/msg
[1.230s] -- Up-to-date: /home/colbren/ground-station/install/action_tutorials_interfaces/include/action_tutorials_interfaces/action_tutorials_interfaces/msg/rosidl_generator_cpp__visibility_control.hpp
[1.230s] -- Up-to-date: /home/colbren/ground-station/install/action_tutorials_interfaces/include/action_tutorials_interfaces/action_tutorials_interfaces/action
[1.230s] -- Up-to-date: /home/colbren/ground-station/install/action_tutorials_interfaces/include/action_tutorials_interfaces/action_tutorials_interfaces/action/detail
[1.230s] -- Up-to-date: /home/colbren/ground-station/install/action_tutorials_interfaces/include/action_tutorials_interfaces/action_tutorials_interfaces/action/detail/fibonacci__type_support.hpp
[1.231s] -- Up-to-date: /home/colbren/ground-station/install/action_tutorials_interfaces/include/action_tutorials_interfaces/action_tutorials_interfaces/action/detail/fibonacci__traits.hpp
[1.231s] -- Up-to-date: /home/colbren/ground-station/install/action_tutorials_interfaces/include/action_tutorials_interfaces/action_tutorials_interfaces/action/detail/fibonacci__builder.hpp
[1.231s] -- Up-to-date: /home/colbren/ground-station/install/action_tutorials_interfaces/include/action_tutorials_interfaces/action_tutorials_interfaces/action/detail/fibonacci__struct.hpp
[1.231s] -- Up-to-date: /home/colbren/ground-station/install/action_tutorials_interfaces/include/action_tutorials_interfaces/action_tutorials_interfaces/action/fibonacci.hpp
[1.231s] -- Up-to-date: /home/colbren/ground-station/install/action_tutorials_interfaces/include/action_tutorials_interfaces/action_tutorials_interfaces
[1.231s] -- Up-to-date: /home/colbren/ground-station/install/action_tutorials_interfaces/include/action_tutorials_interfaces/action_tutorials_interfaces/msg
[1.231s] -- Up-to-date: /home/colbren/ground-station/install/action_tutorials_interfaces/include/action_tutorials_interfaces/action_tutorials_interfaces/msg/rosidl_typesupport_fastrtps_cpp__visibility_control.h
[1.231s] -- Up-to-date: /home/colbren/ground-station/install/action_tutorials_interfaces/include/action_tutorials_interfaces/action_tutorials_interfaces/action
[1.231s] -- Up-to-date: /home/colbren/ground-station/install/action_tutorials_interfaces/include/action_tutorials_interfaces/action_tutorials_interfaces/action/detail
[1.231s] -- Up-to-date: /home/colbren/ground-station/install/action_tutorials_interfaces/include/action_tutorials_interfaces/action_tutorials_interfaces/action/detail/fibonacci__rosidl_typesupport_fastrtps_cpp.hpp
[1.231s] -- Up-to-date: /home/colbren/ground-station/install/action_tutorials_interfaces/include/action_tutorials_interfaces/action_tutorials_interfaces/action/detail/dds_fastrtps
[1.232s] -- Up-to-date: /home/colbren/ground-station/install/action_tutorials_interfaces/lib/libaction_tutorials_interfaces__rosidl_typesupport_fastrtps_cpp.so
[1.232s] -- Up-to-date: /home/colbren/ground-station/install/action_tutorials_interfaces/include/action_tutorials_interfaces/action_tutorials_interfaces
[1.232s] -- Up-to-date: /home/colbren/ground-station/install/action_tutorials_interfaces/include/action_tutorials_interfaces/action_tutorials_interfaces/action
[1.232s] -- Up-to-date: /home/colbren/ground-station/install/action_tutorials_interfaces/include/action_tutorials_interfaces/action_tutorials_interfaces/action/detail
[1.232s] -- Up-to-date: /home/colbren/ground-station/install/action_tutorials_interfaces/include/action_tutorials_interfaces/action_tutorials_interfaces/action/detail/fibonacci__type_support.cpp
[1.232s] -- Up-to-date: /home/colbren/ground-station/install/action_tutorials_interfaces/include/action_tutorials_interfaces/action_tutorials_interfaces/action/detail/fibonacci__rosidl_typesupport_introspection_cpp.hpp
[1.232s] -- Up-to-date: /home/colbren/ground-station/install/action_tutorials_interfaces/lib/libaction_tutorials_interfaces__rosidl_typesupport_introspection_cpp.so
[1.232s] -- Up-to-date: /home/colbren/ground-station/install/action_tutorials_interfaces/lib/libaction_tutorials_interfaces__rosidl_typesupport_cpp.so
[1.232s] -- Up-to-date: /home/colbren/ground-station/install/action_tutorials_interfaces/share/action_tutorials_interfaces/environment/pythonpath.sh
[1.233s] -- Up-to-date: /home/colbren/ground-station/install/action_tutorials_interfaces/share/action_tutorials_interfaces/environment/pythonpath.dsv
[1.233s] -- Up-to-date: /home/colbren/ground-station/install/action_tutorials_interfaces/local/lib/python3.10/dist-packages/action_tutorials_interfaces-0.20.5-py3.10.egg-info
[1.233s] -- Installing: /home/colbren/ground-station/install/action_tutorials_interfaces/local/lib/python3.10/dist-packages/action_tutorials_interfaces-0.20.5-py3.10.egg-info/top_level.txt
[1.234s] -- Installing: /home/colbren/ground-station/install/action_tutorials_interfaces/local/lib/python3.10/dist-packages/action_tutorials_interfaces-0.20.5-py3.10.egg-info/dependency_links.txt
[1.234s] -- Installing: /home/colbren/ground-station/install/action_tutorials_interfaces/local/lib/python3.10/dist-packages/action_tutorials_interfaces-0.20.5-py3.10.egg-info/PKG-INFO
[1.234s] -- Installing: /home/colbren/ground-station/install/action_tutorials_interfaces/local/lib/python3.10/dist-packages/action_tutorials_interfaces-0.20.5-py3.10.egg-info/SOURCES.txt
[1.240s] -- Up-to-date: /home/colbren/ground-station/install/action_tutorials_interfaces/local/lib/python3.10/dist-packages/action_tutorials_interfaces
[1.240s] -- Up-to-date: /home/colbren/ground-station/install/action_tutorials_interfaces/local/lib/python3.10/dist-packages/action_tutorials_interfaces/libaction_tutorials_interfaces__rosidl_generator_py.so
[1.242s] -- Up-to-date: /home/colbren/ground-station/install/action_tutorials_interfaces/local/lib/python3.10/dist-packages/action_tutorials_interfaces/action_tutorials_interfaces_s__rosidl_typesupport_introspection_c.cpython-310-x86_64-linux-gnu.so
[1.244s] -- Up-to-date: /home/colbren/ground-station/install/action_tutorials_interfaces/local/lib/python3.10/dist-packages/action_tutorials_interfaces/action_tutorials_interfaces_s__rosidl_typesupport_fastrtps_c.cpython-310-x86_64-linux-gnu.so
[1.244s] -- Up-to-date: /home/colbren/ground-station/install/action_tutorials_interfaces/local/lib/python3.10/dist-packages/action_tutorials_interfaces/_action_tutorials_interfaces_s.ep.rosidl_typesupport_introspection_c.c
[1.245s] -- Up-to-date: /home/colbren/ground-station/install/action_tutorials_interfaces/local/lib/python3.10/dist-packages/action_tutorials_interfaces/__init__.py
[1.245s] -- Up-to-date: /home/colbren/ground-station/install/action_tutorials_interfaces/local/lib/python3.10/dist-packages/action_tutorials_interfaces/action
[1.245s] -- Up-to-date: /home/colbren/ground-station/install/action_tutorials_interfaces/local/lib/python3.10/dist-packages/action_tutorials_interfaces/action/_fibonacci_s.c
[1.246s] -- Up-to-date: /home/colbren/ground-station/install/action_tutorials_interfaces/local/lib/python3.10/dist-packages/action_tutorials_interfaces/action/__init__.py
[1.246s] -- Up-to-date: /home/colbren/ground-station/install/action_tutorials_interfaces/local/lib/python3.10/dist-packages/action_tutorials_interfaces/action/_fibonacci.py
[1.246s] -- Up-to-date: /home/colbren/ground-station/install/action_tutorials_interfaces/local/lib/python3.10/dist-packages/action_tutorials_interfaces/action_tutorials_interfaces_s__rosidl_typesupport_c.cpython-310-x86_64-linux-gnu.so
[1.246s] -- Up-to-date: /home/colbren/ground-station/install/action_tutorials_interfaces/local/lib/python3.10/dist-packages/action_tutorials_interfaces/_action_tutorials_interfaces_s.ep.rosidl_typesupport_fastrtps_c.c
[1.246s] -- Up-to-date: /home/colbren/ground-station/install/action_tutorials_interfaces/local/lib/python3.10/dist-packages/action_tutorials_interfaces/_action_tutorials_interfaces_s.ep.rosidl_typesupport_c.c
[1.290s] Listing '/home/colbren/ground-station/install/action_tutorials_interfaces/local/lib/python3.10/dist-packages/action_tutorials_interfaces'...
[1.290s] Listing '/home/colbren/ground-station/install/action_tutorials_interfaces/local/lib/python3.10/dist-packages/action_tutorials_interfaces/action'...
[1.290s] -- Up-to-date: /home/colbren/ground-station/install/action_tutorials_interfaces/local/lib/python3.10/dist-packages/action_tutorials_interfaces/action_tutorials_interfaces_s__rosidl_typesupport_fastrtps_c.cpython-310-x86_64-linux-gnu.so
[1.290s] -- Up-to-date: /home/colbren/ground-station/install/action_tutorials_interfaces/local/lib/python3.10/dist-packages/action_tutorials_interfaces/action_tutorials_interfaces_s__rosidl_typesupport_introspection_c.cpython-310-x86_64-linux-gnu.so
[1.291s] -- Up-to-date: /home/colbren/ground-station/install/action_tutorials_interfaces/local/lib/python3.10/dist-packages/action_tutorials_interfaces/action_tutorials_interfaces_s__rosidl_typesupport_c.cpython-310-x86_64-linux-gnu.so
[1.291s] -- Up-to-date: /home/colbren/ground-station/install/action_tutorials_interfaces/lib/libaction_tutorials_interfaces__rosidl_generator_py.so
[1.291s] -- Up-to-date: /home/colbren/ground-station/install/action_tutorials_interfaces/share/action_tutorials_interfaces/action/Fibonacci.idl
[1.291s] -- Up-to-date: /home/colbren/ground-station/install/action_tutorials_interfaces/share/action_tutorials_interfaces/action/Fibonacci.action
[1.291s] -- Up-to-date: /home/colbren/ground-station/install/action_tutorials_interfaces/share/ament_index/resource_index/package_run_dependencies/action_tutorials_interfaces
[1.291s] -- Up-to-date: /home/colbren/ground-station/install/action_tutorials_interfaces/share/ament_index/resource_index/parent_prefix_path/action_tutorials_interfaces
[1.291s] -- Up-to-date: /home/colbren/ground-station/install/action_tutorials_interfaces/share/action_tutorials_interfaces/environment/ament_prefix_path.sh
[1.292s] -- Up-to-date: /home/colbren/ground-station/install/action_tutorials_interfaces/share/action_tutorials_interfaces/environment/ament_prefix_path.dsv
[1.292s] -- Up-to-date: /home/colbren/ground-station/install/action_tutorials_interfaces/share/action_tutorials_interfaces/environment/path.sh
[1.292s] -- Up-to-date: /home/colbren/ground-station/install/action_tutorials_interfaces/share/action_tutorials_interfaces/environment/path.dsv
[1.292s] -- Up-to-date: /home/colbren/ground-station/install/action_tutorials_interfaces/share/action_tutorials_interfaces/local_setup.bash
[1.292s] -- Up-to-date: /home/colbren/ground-station/install/action_tutorials_interfaces/share/action_tutorials_interfaces/local_setup.sh
[1.292s] -- Up-to-date: /home/colbren/ground-station/install/action_tutorials_interfaces/share/action_tutorials_interfaces/local_setup.zsh
[1.292s] -- Up-to-date: /home/colbren/ground-station/install/action_tutorials_interfaces/share/action_tutorials_interfaces/local_setup.dsv
[1.292s] -- Installing: /home/colbren/ground-station/install/action_tutorials_interfaces/share/action_tutorials_interfaces/package.dsv
[1.293s] -- Up-to-date: /home/colbren/ground-station/install/action_tutorials_interfaces/share/ament_index/resource_index/packages/action_tutorials_interfaces
[1.294s] -- Up-to-date: /home/colbren/ground-station/install/action_tutorials_interfaces/share/action_tutorials_interfaces/cmake/export_action_tutorials_interfaces__rosidl_generator_cExport.cmake
[1.294s] -- Up-to-date: /home/colbren/ground-station/install/action_tutorials_interfaces/share/action_tutorials_interfaces/cmake/export_action_tutorials_interfaces__rosidl_generator_cExport-noconfig.cmake
[1.294s] -- Up-to-date: /home/colbren/ground-station/install/action_tutorials_interfaces/share/action_tutorials_interfaces/cmake/export_action_tutorials_interfaces__rosidl_typesupport_fastrtps_cExport.cmake
[1.294s] -- Up-to-date: /home/colbren/ground-station/install/action_tutorials_interfaces/share/action_tutorials_interfaces/cmake/export_action_tutorials_interfaces__rosidl_typesupport_fastrtps_cExport-noconfig.cmake
[1.296s] -- Up-to-date: /home/colbren/ground-station/install/action_tutorials_interfaces/share/action_tutorials_interfaces/cmake/action_tutorials_interfaces__rosidl_typesupport_introspection_cExport.cmake
[1.297s] -- Up-to-date: /home/colbren/ground-station/install/action_tutorials_interfaces/share/action_tutorials_interfaces/cmake/action_tutorials_interfaces__rosidl_typesupport_introspection_cExport-noconfig.cmake
[1.297s] -- Up-to-date: /home/colbren/ground-station/install/action_tutorials_interfaces/share/action_tutorials_interfaces/cmake/action_tutorials_interfaces__rosidl_typesupport_cExport.cmake
[1.298s] -- Up-to-date: /home/colbren/ground-station/install/action_tutorials_interfaces/share/action_tutorials_interfaces/cmake/action_tutorials_interfaces__rosidl_typesupport_cExport-noconfig.cmake
[1.298s] -- Up-to-date: /home/colbren/ground-station/install/action_tutorials_interfaces/share/action_tutorials_interfaces/cmake/export_action_tutorials_interfaces__rosidl_generator_cppExport.cmake
[1.299s] -- Up-to-date: /home/colbren/ground-station/install/action_tutorials_interfaces/share/action_tutorials_interfaces/cmake/export_action_tutorials_interfaces__rosidl_typesupport_fastrtps_cppExport.cmake
[1.299s] -- Up-to-date: /home/colbren/ground-station/install/action_tutorials_interfaces/share/action_tutorials_interfaces/cmake/export_action_tutorials_interfaces__rosidl_typesupport_fastrtps_cppExport-noconfig.cmake
[1.300s] -- Up-to-date: /home/colbren/ground-station/install/action_tutorials_interfaces/share/action_tutorials_interfaces/cmake/action_tutorials_interfaces__rosidl_typesupport_introspection_cppExport.cmake
[1.300s] -- Up-to-date: /home/colbren/ground-station/install/action_tutorials_interfaces/share/action_tutorials_interfaces/cmake/action_tutorials_interfaces__rosidl_typesupport_introspection_cppExport-noconfig.cmake
[1.301s] -- Up-to-date: /home/colbren/ground-station/install/action_tutorials_interfaces/share/action_tutorials_interfaces/cmake/action_tutorials_interfaces__rosidl_typesupport_cppExport.cmake
[1.301s] -- Up-to-date: /home/colbren/ground-station/install/action_tutorials_interfaces/share/action_tutorials_interfaces/cmake/action_tutorials_interfaces__rosidl_typesupport_cppExport-noconfig.cmake
[1.303s] -- Up-to-date: /home/colbren/ground-station/install/action_tutorials_interfaces/share/action_tutorials_interfaces/cmake/export_action_tutorials_interfaces__rosidl_generator_pyExport.cmake
[1.303s] -- Up-to-date: /home/colbren/ground-station/install/action_tutorials_interfaces/share/action_tutorials_interfaces/cmake/export_action_tutorials_interfaces__rosidl_generator_pyExport-noconfig.cmake
[1.303s] -- Up-to-date: /home/colbren/ground-station/install/action_tutorials_interfaces/share/action_tutorials_interfaces/cmake/rosidl_cmake-extras.cmake
[1.304s] -- Up-to-date: /home/colbren/ground-station/install/action_tutorials_interfaces/share/action_tutorials_interfaces/cmake/ament_cmake_export_dependencies-extras.cmake
[1.304s] -- Up-to-date: /home/colbren/ground-station/install/action_tutorials_interfaces/share/action_tutorials_interfaces/cmake/ament_cmake_export_include_directories-extras.cmake
[1.304s] -- Up-to-date: /home/colbren/ground-station/install/action_tutorials_interfaces/share/action_tutorials_interfaces/cmake/ament_cmake_export_libraries-extras.cmake
[1.304s] -- Up-to-date: /home/colbren/ground-station/install/action_tutorials_interfaces/share/action_tutorials_interfaces/cmake/ament_cmake_export_targets-extras.cmake
[1.304s] -- Up-to-date: /home/colbren/ground-station/install/action_tutorials_interfaces/share/action_tutorials_interfaces/cmake/rosidl_cmake_export_typesupport_targets-extras.cmake
[1.304s] -- Up-to-date: /home/colbren/ground-station/install/action_tutorials_interfaces/share/action_tutorials_interfaces/cmake/rosidl_cmake_export_typesupport_libraries-extras.cmake
[1.304s] -- Up-to-date: /home/colbren/ground-station/install/action_tutorials_interfaces/share/action_tutorials_interfaces/cmake/action_tutorials_interfacesConfig.cmake
[1.304s] -- Up-to-date: /home/colbren/ground-station/install/action_tutorials_interfaces/share/action_tutorials_interfaces/cmake/action_tutorials_interfacesConfig-version.cmake
[1.304s] -- Up-to-date: /home/colbren/ground-station/install/action_tutorials_interfaces/share/action_tutorials_interfaces/package.xml
[1.500s] Invoked command in '/home/colbren/ground-station/build/action_tutorials_interfaces' returned '0': CMAKE_PREFIX_PATH=/home/colbren/ros2_ws/install/turtlesim_ui:/opt/ros/humble /usr/bin/cmake --install /home/colbren/ground-station/build/action_tutorials_interfaces
