[0.267s] Invoking command in '/home/colbren/ground-station/build/logging_demo': CMAKE_PREFIX_PATH=/home/colbren/ros2_ws/install/turtlesim_ui:/opt/ros/humble /usr/bin/cmake /home/colbren/ground-station/src/demos/logging_demo -DCMAKE_INSTALL_PREFIX=/home/colbren/ground-station/install/logging_demo
[1.866s] -- The C compiler identification is GNU 11.4.0
[1.866s] -- The CXX compiler identification is GNU 11.4.0
[1.867s] -- Detecting C compiler ABI info
[1.867s] -- Detecting C compiler ABI info - done
[1.867s] -- Check for working C compiler: /usr/bin/cc - skipped
[1.867s] -- Detecting C compile features
[1.867s] -- Detecting C compile features - done
[1.867s] -- Detecting CXX compiler ABI info
[1.867s] -- Detecting CXX compiler ABI info - done
[1.867s] -- Check for working CXX compiler: /usr/bin/c++ - skipped
[1.867s] -- Detecting CXX compile features
[1.867s] -- Detecting CXX compile features - done
[1.867s] -- Found ament_cmake: 1.3.11 (/opt/ros/humble/share/ament_cmake/cmake)
[1.867s] -- Found Python3: /usr/bin/python3 (found version "3.10.12") found components: Interpreter 
[1.867s] -- Found rclcpp: 16.0.11 (/opt/ros/humble/share/rclcpp/cmake)
[1.867s] -- Found rosidl_generator_c: 3.1.6 (/opt/ros/humble/share/rosidl_generator_c/cmake)
[1.867s] -- Found rosidl_adapter: 3.1.6 (/opt/ros/humble/share/rosidl_adapter/cmake)
[1.867s] -- Found rosidl_generator_cpp: 3.1.6 (/opt/ros/humble/share/rosidl_generator_cpp/cmake)
[1.867s] -- Using all available rosidl_typesupport_c: rosidl_typesupport_fastrtps_c;rosidl_typesupport_introspection_c
[1.868s] -- Using all available rosidl_typesupport_cpp: rosidl_typesupport_fastrtps_cpp;rosidl_typesupport_introspection_cpp
[1.868s] -- Found rmw_implementation_cmake: 6.1.2 (/opt/ros/humble/share/rmw_implementation_cmake/cmake)
[1.868s] -- Found rmw_fastrtps_cpp: 6.2.7 (/opt/ros/humble/share/rmw_fastrtps_cpp/cmake)
[1.868s] -- Found OpenSSL: /usr/lib/x86_64-linux-gnu/libcrypto.so (found version "3.0.2")  
[1.868s] -- Found FastRTPS: /opt/ros/humble/include  
[1.868s] -- Using RMW implementation 'rmw_fastrtps_cpp' as default
[1.868s] -- Looking for pthread.h
[1.868s] -- Looking for pthread.h - found
[1.868s] -- Performing Test CMAKE_HAVE_LIBC_PTHREAD
[1.868s] -- Performing Test CMAKE_HAVE_LIBC_PTHREAD - Success
[1.868s] -- Found Threads: TRUE  
[1.868s] -- Found rclcpp_components: 16.0.11 (/opt/ros/humble/share/rclcpp_components/cmake)
[1.868s] -- Found rosidl_default_generators: 1.2.0 (/opt/ros/humble/share/rosidl_default_generators/cmake)
[2.455s] -- Found ament_cmake_ros: 0.10.0 (/opt/ros/humble/share/ament_cmake_ros/cmake)
[4.997s] -- Using all available rosidl_typesupport_c: rosidl_typesupport_fastrtps_c;rosidl_typesupport_introspection_c
[5.391s] -- Using all available rosidl_typesupport_cpp: rosidl_typesupport_fastrtps_cpp;rosidl_typesupport_introspection_cpp
[5.590s] -- Found PythonInterp: /usr/bin/python3 (found suitable version "3.10.12", minimum required is "3.6") 
[5.598s] -- Found python_cmake_module: 0.10.0 (/opt/ros/humble/share/python_cmake_module/cmake)
[5.696s] -- Found PythonLibs: /usr/lib/x86_64-linux-gnu/libpython3.10.so (found suitable version "3.10.12", minimum required is "3.5") 
[5.697s] -- Using PYTHON_EXECUTABLE: /usr/bin/python3
[5.698s] -- Using PYTHON_INCLUDE_DIRS: /usr/include/python3.10
[5.698s] -- Using PYTHON_LIBRARIES: /usr/lib/x86_64-linux-gnu/libpython3.10.so
[5.889s] -- Found PythonExtra: .so  
[6.155s] -- Found ament_lint_auto: 0.12.11 (/opt/ros/humble/share/ament_lint_auto/cmake)
[6.529s] -- Using PYTHON_EXECUTABLE: /usr/bin/python3
[6.529s] -- Using PYTHON_INCLUDE_DIRS: /usr/include/python3.10
[6.529s] -- Using PYTHON_LIBRARIES: /usr/lib/x86_64-linux-gnu/libpython3.10.so
[6.573s] -- Added test 'copyright' to check source files copyright and LICENSE
[6.576s] -- Added test 'cppcheck' to perform static code analysis on C / C++ code
[6.578s] -- Configured cppcheck include dirs: /home/colbren/ground-station/src/demos/logging_demo/include
[6.578s] -- Configured cppcheck exclude dirs and/or files: 
[6.580s] -- Added test 'cpplint' to check C / C++ code against the Google style
[6.580s] -- Configured cpplint exclude dirs and/or files: 
[6.587s] -- Added test 'lint_cmake' to check CMake code style
[6.587s] -- Added test 'uncrustify' to check C / C++ code style
[6.587s] -- Configured uncrustify additional arguments: 
[6.587s] -- Added test 'xmllint' to check XML markup files
[6.594s] -- Configuring done
[6.794s] -- Generating done
[6.868s] -- Build files have been written to: /home/colbren/ground-station/build/logging_demo
[6.981s] Invoked command in '/home/colbren/ground-station/build/logging_demo' returned '0': CMAKE_PREFIX_PATH=/home/colbren/ros2_ws/install/turtlesim_ui:/opt/ros/humble /usr/bin/cmake /home/colbren/ground-station/src/demos/logging_demo -DCMAKE_INSTALL_PREFIX=/home/colbren/ground-station/install/logging_demo
[6.981s] Invoking command in '/home/colbren/ground-station/build/logging_demo': CMAKE_PREFIX_PATH=/home/colbren/ros2_ws/install/turtlesim_ui:/opt/ros/humble /usr/bin/cmake --build /home/colbren/ground-station/build/logging_demo -- -j16 -l16
