[0.520s] Invoking command in '/home/colbren/ground-station/build/quality_of_service_demo_cpp': CMAKE_PREFIX_PATH=/home/colbren/ros2_ws/install/turtlesim_ui:/opt/ros/humble /usr/bin/cmake --build /home/colbren/ground-station/build/quality_of_service_demo_cpp -- -j16 -l16
[1.074s] [ 10%] Built target lifespan
[1.074s] [ 21%] Built target interactive_publisher
[1.074s] [ 31%] Built target deadline
[1.075s] [ 42%] Built target liveliness
[1.075s] [ 50%] Built target message_lost
[1.075s] [ 60%] Built target incompatible_qos
[1.075s] [ 71%] Built target interactive_subscriber
[1.075s] [ 76%] Built target qos_overrides_listener
[1.075s] [ 81%] Built target message_lost_listener
[1.075s] [ 86%] Built target message_lost_talker
[1.075s] [ 94%] Built target qos_overrides
[1.075s] [100%] Built target qos_overrides_talker
[1.114s] Invoked command in '/home/colbren/ground-station/build/quality_of_service_demo_cpp' returned '0': CMAKE_PREFIX_PATH=/home/colbren/ros2_ws/install/turtlesim_ui:/opt/ros/humble /usr/bin/cmake --build /home/colbren/ground-station/build/quality_of_service_demo_cpp -- -j16 -l16
[1.116s] Invoking command in '/home/colbren/ground-station/build/quality_of_service_demo_cpp': CMAKE_PREFIX_PATH=/home/colbren/ros2_ws/install/turtlesim_ui:/opt/ros/humble /usr/bin/cmake --install /home/colbren/ground-station/build/quality_of_service_demo_cpp
[1.197s] -- Install configuration: ""
[1.198s] -- Up-to-date: /home/colbren/ground-station/install/quality_of_service_demo_cpp/lib/quality_of_service_demo_cpp/liveliness
[1.198s] -- Up-to-date: /home/colbren/ground-station/install/quality_of_service_demo_cpp/lib/quality_of_service_demo_cpp/lifespan
[1.198s] -- Up-to-date: /home/colbren/ground-station/install/quality_of_service_demo_cpp/lib/quality_of_service_demo_cpp/deadline
[1.199s] -- Up-to-date: /home/colbren/ground-station/install/quality_of_service_demo_cpp/lib/quality_of_service_demo_cpp/interactive_publisher
[1.199s] -- Up-to-date: /home/colbren/ground-station/install/quality_of_service_demo_cpp/lib/quality_of_service_demo_cpp/interactive_subscriber
[1.204s] -- Up-to-date: /home/colbren/ground-station/install/quality_of_service_demo_cpp/lib/quality_of_service_demo_cpp/incompatible_qos
[1.217s] -- Up-to-date: /home/colbren/ground-station/install/quality_of_service_demo_cpp/lib/quality_of_service_demo_cpp/message_lost_listener
[1.218s] -- Up-to-date: /home/colbren/ground-station/install/quality_of_service_demo_cpp/lib/quality_of_service_demo_cpp/message_lost_talker
[1.220s] -- Up-to-date: /home/colbren/ground-station/install/quality_of_service_demo_cpp/lib/quality_of_service_demo_cpp/qos_overrides_listener
[1.221s] -- Up-to-date: /home/colbren/ground-station/install/quality_of_service_demo_cpp/lib/quality_of_service_demo_cpp/qos_overrides_talker
[1.223s] -- Up-to-date: /home/colbren/ground-station/install/quality_of_service_demo_cpp/lib/libmessage_lost.so
[1.224s] -- Up-to-date: /home/colbren/ground-station/install/quality_of_service_demo_cpp/lib/libqos_overrides.so
[1.226s] -- Up-to-date: /home/colbren/ground-station/install/quality_of_service_demo_cpp/share/quality_of_service_demo_cpp/params_file
[1.226s] -- Up-to-date: /home/colbren/ground-station/install/quality_of_service_demo_cpp/share/quality_of_service_demo_cpp/params_file/example_qos_overrides_with_wildcard.yaml
[1.226s] -- Up-to-date: /home/colbren/ground-station/install/quality_of_service_demo_cpp/share/quality_of_service_demo_cpp/params_file/example_qos_overrides.yaml
[1.226s] -- Up-to-date: /home/colbren/ground-station/install/quality_of_service_demo_cpp/share/ament_index/resource_index/package_run_dependencies/quality_of_service_demo_cpp
[1.226s] -- Up-to-date: /home/colbren/ground-station/install/quality_of_service_demo_cpp/share/ament_index/resource_index/parent_prefix_path/quality_of_service_demo_cpp
[1.226s] -- Up-to-date: /home/colbren/ground-station/install/quality_of_service_demo_cpp/share/quality_of_service_demo_cpp/environment/ament_prefix_path.sh
[1.226s] -- Up-to-date: /home/colbren/ground-station/install/quality_of_service_demo_cpp/share/quality_of_service_demo_cpp/environment/ament_prefix_path.dsv
[1.227s] -- Up-to-date: /home/colbren/ground-station/install/quality_of_service_demo_cpp/share/quality_of_service_demo_cpp/environment/path.sh
[1.227s] -- Up-to-date: /home/colbren/ground-station/install/quality_of_service_demo_cpp/share/quality_of_service_demo_cpp/environment/path.dsv
[1.227s] -- Up-to-date: /home/colbren/ground-station/install/quality_of_service_demo_cpp/share/quality_of_service_demo_cpp/local_setup.bash
[1.227s] -- Up-to-date: /home/colbren/ground-station/install/quality_of_service_demo_cpp/share/quality_of_service_demo_cpp/local_setup.sh
[1.227s] -- Up-to-date: /home/colbren/ground-station/install/quality_of_service_demo_cpp/share/quality_of_service_demo_cpp/local_setup.zsh
[1.227s] -- Up-to-date: /home/colbren/ground-station/install/quality_of_service_demo_cpp/share/quality_of_service_demo_cpp/local_setup.dsv
[1.227s] -- Installing: /home/colbren/ground-station/install/quality_of_service_demo_cpp/share/quality_of_service_demo_cpp/package.dsv
[1.227s] -- Up-to-date: /home/colbren/ground-station/install/quality_of_service_demo_cpp/share/ament_index/resource_index/packages/quality_of_service_demo_cpp
[1.227s] -- Up-to-date: /home/colbren/ground-station/install/quality_of_service_demo_cpp/share/ament_index/resource_index/rclcpp_components/quality_of_service_demo_cpp
[1.227s] -- Up-to-date: /home/colbren/ground-station/install/quality_of_service_demo_cpp/share/quality_of_service_demo_cpp/cmake/ament_cmake_export_include_directories-extras.cmake
[1.228s] -- Up-to-date: /home/colbren/ground-station/install/quality_of_service_demo_cpp/share/quality_of_service_demo_cpp/cmake/quality_of_service_demo_cppConfig.cmake
[1.228s] -- Up-to-date: /home/colbren/ground-station/install/quality_of_service_demo_cpp/share/quality_of_service_demo_cpp/cmake/quality_of_service_demo_cppConfig-version.cmake
[1.228s] -- Up-to-date: /home/colbren/ground-station/install/quality_of_service_demo_cpp/share/quality_of_service_demo_cpp/package.xml
[1.372s] Invoked command in '/home/colbren/ground-station/build/quality_of_service_demo_cpp' returned '0': CMAKE_PREFIX_PATH=/home/colbren/ros2_ws/install/turtlesim_ui:/opt/ros/humble /usr/bin/cmake --install /home/colbren/ground-station/build/quality_of_service_demo_cpp
