[0.052s] Invoking command in '/home/colbren/ground-station/build/pendulum_msgs': CMAKE_PREFIX_PATH=/home/colbren/ros2_ws/install/turtlesim_ui:/opt/ros/humble /usr/bin/cmake /home/colbren/ground-station/src/demos/pendulum_msgs -DCMAKE_INSTALL_PREFIX=/home/colbren/ground-station/install/pendulum_msgs
[1.069s] -- The C compiler identification is GNU 11.4.0
[1.069s] -- The CXX compiler identification is GNU 11.4.0
[1.069s] -- Detecting C compiler ABI info
[1.069s] -- Detecting C compiler ABI info - done
[1.070s] -- Check for working C compiler: /usr/bin/cc - skipped
[1.070s] -- Detecting C compile features
[1.070s] -- Detecting C compile features - done
[1.070s] -- Detecting CXX compiler ABI info
[1.070s] -- Detecting CXX compiler ABI info - done
[1.070s] -- Check for working CXX compiler: /usr/bin/c++ - skipped
[1.070s] -- Detecting CXX compile features
[1.070s] -- Detecting CXX compile features - done
[1.070s] -- Found ament_cmake: 1.3.11 (/opt/ros/humble/share/ament_cmake/cmake)
[1.070s] -- Found Python3: /usr/bin/python3 (found version "3.10.12") found components: Interpreter 
[1.071s] -- Found builtin_interfaces: 1.2.1 (/opt/ros/humble/share/builtin_interfaces/cmake)
[1.071s] -- Found rosidl_generator_c: 3.1.6 (/opt/ros/humble/share/rosidl_generator_c/cmake)
[1.071s] -- Found rosidl_adapter: 3.1.6 (/opt/ros/humble/share/rosidl_adapter/cmake)
[1.071s] -- Found rosidl_generator_cpp: 3.1.6 (/opt/ros/humble/share/rosidl_generator_cpp/cmake)
[1.071s] -- Using all available rosidl_typesupport_c: rosidl_typesupport_fastrtps_c;rosidl_typesupport_introspection_c
[1.071s] -- Using all available rosidl_typesupport_cpp: rosidl_typesupport_fastrtps_cpp;rosidl_typesupport_introspection_cpp
[1.071s] -- Found rosidl_default_generators: 1.2.0 (/opt/ros/humble/share/rosidl_default_generators/cmake)
[1.383s] -- Found ament_cmake_ros: 0.10.0 (/opt/ros/humble/share/ament_cmake_ros/cmake)
[1.867s] -- Using all available rosidl_typesupport_c: rosidl_typesupport_fastrtps_c;rosidl_typesupport_introspection_c
[2.051s] -- Using all available rosidl_typesupport_cpp: rosidl_typesupport_fastrtps_cpp;rosidl_typesupport_introspection_cpp
[2.080s] -- Found PythonInterp: /usr/bin/python3 (found suitable version "3.10.12", minimum required is "3.6") 
[2.082s] -- Found python_cmake_module: 0.10.0 (/opt/ros/humble/share/python_cmake_module/cmake)
[2.158s] -- Found PythonLibs: /usr/lib/x86_64-linux-gnu/libpython3.10.so (found suitable version "3.10.12", minimum required is "3.5") 
[2.158s] -- Using PYTHON_EXECUTABLE: /usr/bin/python3
[2.158s] -- Using PYTHON_INCLUDE_DIRS: /usr/include/python3.10
[2.158s] -- Using PYTHON_LIBRARIES: /usr/lib/x86_64-linux-gnu/libpython3.10.so
[2.196s] -- Found PythonExtra: .so  
[2.311s] -- Configuring done
[2.435s] -- Generating done
[2.453s] -- Build files have been written to: /home/colbren/ground-station/build/pendulum_msgs
[2.475s] Invoked command in '/home/colbren/ground-station/build/pendulum_msgs' returned '0': CMAKE_PREFIX_PATH=/home/colbren/ros2_ws/install/turtlesim_ui:/opt/ros/humble /usr/bin/cmake /home/colbren/ground-station/src/demos/pendulum_msgs -DCMAKE_INSTALL_PREFIX=/home/colbren/ground-station/install/pendulum_msgs
[2.476s] Invoking command in '/home/colbren/ground-station/build/pendulum_msgs': CMAKE_PREFIX_PATH=/home/colbren/ros2_ws/install/turtlesim_ui:/opt/ros/humble /usr/bin/cmake --build /home/colbren/ground-station/build/pendulum_msgs -- -j16 -l16
[5.801s] [  2%] [34m[1mGenerating C code for ROS interfaces[0m
[5.801s] [  4%] [34m[1mGenerating C++ code for ROS interfaces[0m
[5.801s] [  4%] Built target ament_cmake_python_copy_pendulum_msgs
[6.170s] running egg_info
[6.172s] creating pendulum_msgs.egg-info
[6.177s] writing pendulum_msgs.egg-info/PKG-INFO
[6.177s] writing dependency_links to pendulum_msgs.egg-info/dependency_links.txt
[6.177s] writing top-level names to pendulum_msgs.egg-info/top_level.txt
[6.177s] writing manifest file 'pendulum_msgs.egg-info/SOURCES.txt'
[6.188s] reading manifest file 'pendulum_msgs.egg-info/SOURCES.txt'
[6.190s] writing manifest file 'pendulum_msgs.egg-info/SOURCES.txt'
[6.347s] [  4%] Built target ament_cmake_python_build_pendulum_msgs_egg
[6.945s] [  4%] Built target pendulum_msgs__cpp
[7.003s] [  6%] [34m[1mGenerating C++ type support for eProsima Fast-RTPS[0m
[7.015s] [  8%] [34m[1mGenerating C++ type support dispatch for ROS interfaces[0m
[7.055s] [ 10%] [34m[1mGenerating C++ introspection for ROS interfaces[0m
[7.191s] [ 12%] [32mBuilding C object CMakeFiles/pendulum_msgs__rosidl_generator_c.dir/rosidl_generator_c/pendulum_msgs/msg/detail/joint_state__functions.c.o[0m
[7.227s] [ 14%] [32mBuilding C object CMakeFiles/pendulum_msgs__rosidl_generator_c.dir/rosidl_generator_c/pendulum_msgs/msg/detail/joint_command__functions.c.o[0m
[7.258s] [ 17%] [32mBuilding C object CMakeFiles/pendulum_msgs__rosidl_generator_c.dir/rosidl_generator_c/pendulum_msgs/msg/detail/rttest_results__functions.c.o[0m
[7.542s] [ 19%] [32m[1mLinking C shared library libpendulum_msgs__rosidl_generator_c.so[0m
[7.727s] [ 19%] Built target pendulum_msgs__rosidl_generator_c
[7.791s] [ 21%] [34m[1mGenerating C introspection for ROS interfaces[0m
[7.825s] [ 23%] [34m[1mGenerating C type support for eProsima Fast-RTPS[0m
[7.840s] [ 25%] [34m[1mGenerating C type support dispatch for ROS interfaces[0m
[8.131s] [ 27%] [32mBuilding CXX object CMakeFiles/pendulum_msgs__rosidl_typesupport_cpp.dir/rosidl_typesupport_cpp/pendulum_msgs/msg/joint_state__type_support.cpp.o[0m
[8.131s] [ 29%] [32mBuilding CXX object CMakeFiles/pendulum_msgs__rosidl_typesupport_cpp.dir/rosidl_typesupport_cpp/pendulum_msgs/msg/joint_command__type_support.cpp.o[0m
[8.164s] [ 31%] [32mBuilding CXX object CMakeFiles/pendulum_msgs__rosidl_typesupport_cpp.dir/rosidl_typesupport_cpp/pendulum_msgs/msg/rttest_results__type_support.cpp.o[0m
[10.020s] [ 36%] [32mBuilding CXX object CMakeFiles/pendulum_msgs__rosidl_typesupport_c.dir/rosidl_typesupport_c/pendulum_msgs/msg/joint_command__type_support.cpp.o[0m
[10.020s] [ 36%] [32mBuilding CXX object CMakeFiles/pendulum_msgs__rosidl_typesupport_c.dir/rosidl_typesupport_c/pendulum_msgs/msg/joint_state__type_support.cpp.o[0m
[10.021s] [ 38%] [32mBuilding CXX object CMakeFiles/pendulum_msgs__rosidl_typesupport_c.dir/rosidl_typesupport_c/pendulum_msgs/msg/rttest_results__type_support.cpp.o[0m
[10.033s] [ 51%] [32mBuilding CXX object CMakeFiles/pendulum_msgs__rosidl_typesupport_fastrtps_c.dir/rosidl_typesupport_fastrtps_c/pendulum_msgs/msg/detail/joint_state__type_support_c.cpp.o[0m
[10.034s] [ 51%] [32mBuilding C object CMakeFiles/pendulum_msgs__rosidl_typesupport_introspection_c.dir/rosidl_typesupport_introspection_c/pendulum_msgs/msg/detail/joint_command__type_support.c.o[0m
[10.034s] [ 51%] [32mBuilding CXX object CMakeFiles/pendulum_msgs__rosidl_typesupport_fastrtps_c.dir/rosidl_typesupport_fastrtps_c/pendulum_msgs/msg/detail/joint_command__type_support_c.cpp.o[0m
[10.034s] [ 51%] [32mBuilding CXX object CMakeFiles/pendulum_msgs__rosidl_typesupport_fastrtps_cpp.dir/rosidl_typesupport_fastrtps_cpp/pendulum_msgs/msg/detail/dds_fastrtps/joint_state__type_support.cpp.o[0m
[10.034s] [ 51%] [32mBuilding C object CMakeFiles/pendulum_msgs__rosidl_typesupport_introspection_c.dir/rosidl_typesupport_introspection_c/pendulum_msgs/msg/detail/joint_state__type_support.c.o[0m
[10.035s] [ 53%] [32mBuilding CXX object CMakeFiles/pendulum_msgs__rosidl_typesupport_fastrtps_cpp.dir/rosidl_typesupport_fastrtps_cpp/pendulum_msgs/msg/detail/dds_fastrtps/rttest_results__type_support.cpp.o[0m
[10.035s] [ 55%] [32mBuilding CXX object CMakeFiles/pendulum_msgs__rosidl_typesupport_introspection_cpp.dir/rosidl_typesupport_introspection_cpp/pendulum_msgs/msg/detail/rttest_results__type_support.cpp.o[0m
[10.035s] [ 51%] [32mBuilding CXX object CMakeFiles/pendulum_msgs__rosidl_typesupport_fastrtps_cpp.dir/rosidl_typesupport_fastrtps_cpp/pendulum_msgs/msg/detail/dds_fastrtps/joint_command__type_support.cpp.o[0m
[10.035s] [ 57%] [32mBuilding C object CMakeFiles/pendulum_msgs__rosidl_typesupport_introspection_c.dir/rosidl_typesupport_introspection_c/pendulum_msgs/msg/detail/rttest_results__type_support.c.o[0m
[10.037s] [ 59%] [32mBuilding CXX object CMakeFiles/pendulum_msgs__rosidl_typesupport_introspection_cpp.dir/rosidl_typesupport_introspection_cpp/pendulum_msgs/msg/detail/joint_state__type_support.cpp.o[0m
[10.037s] [ 61%] [32mBuilding CXX object CMakeFiles/pendulum_msgs__rosidl_typesupport_introspection_cpp.dir/rosidl_typesupport_introspection_cpp/pendulum_msgs/msg/detail/joint_command__type_support.cpp.o[0m
[10.083s] [ 63%] [32mBuilding CXX object CMakeFiles/pendulum_msgs__rosidl_typesupport_fastrtps_c.dir/rosidl_typesupport_fastrtps_c/pendulum_msgs/msg/detail/rttest_results__type_support_c.cpp.o[0m
[10.088s] [ 65%] [32m[1mLinking CXX shared library libpendulum_msgs__rosidl_typesupport_c.so[0m
[10.135s] [ 68%] [32m[1mLinking C shared library libpendulum_msgs__rosidl_typesupport_introspection_c.so[0m
[10.215s] [ 68%] Built target pendulum_msgs__rosidl_typesupport_c
[12.598s] [ 68%] Built target pendulum_msgs__rosidl_typesupport_introspection_c
[13.968s] [ 70%] [32m[1mLinking CXX shared library libpendulum_msgs__rosidl_typesupport_introspection_cpp.so[0m
[33.587s] [ 72%] [32m[1mLinking CXX shared library libpendulum_msgs__rosidl_typesupport_cpp.so[0m
