[1.634s] Invoking command in '/home/colbren/ground-station/src/demos/demo_nodes_py': PYTHONPATH=/home/colbren/ground-station/build/demo_nodes_py/prefix_override:/usr/lib/python3/dist-packages/colcon_core/task/python/colcon_distutils_commands:/home/colbren/ground-station/install/demo_nodes_py/lib/python3.10/site-packages:${PYTHONPATH} /usr/bin/python3 -W ignore:setup.py install is deprecated -W ignore:easy_install command is deprecated setup.py egg_info --egg-base ../../../build/demo_nodes_py build --build-base /home/colbren/ground-station/build/demo_nodes_py/build install --record /home/colbren/ground-station/build/demo_nodes_py/install.log --single-version-externally-managed install_data
[2.119s] running egg_info
[2.119s] creating ../../../build/demo_nodes_py/demo_nodes_py.egg-info
[2.119s] writing ../../../build/demo_nodes_py/demo_nodes_py.egg-info/PKG-INFO
[2.119s] writing dependency_links to ../../../build/demo_nodes_py/demo_nodes_py.egg-info/dependency_links.txt
[2.119s] writing entry points to ../../../build/demo_nodes_py/demo_nodes_py.egg-info/entry_points.txt
[2.119s] writing requirements to ../../../build/demo_nodes_py/demo_nodes_py.egg-info/requires.txt
[2.119s] writing top-level names to ../../../build/demo_nodes_py/demo_nodes_py.egg-info/top_level.txt
[2.120s] writing manifest file '../../../build/demo_nodes_py/demo_nodes_py.egg-info/SOURCES.txt'
[2.124s] reading manifest file '../../../build/demo_nodes_py/demo_nodes_py.egg-info/SOURCES.txt'
[2.125s] writing manifest file '../../../build/demo_nodes_py/demo_nodes_py.egg-info/SOURCES.txt'
[2.125s] running build
[2.125s] running build_py
[2.125s] creating /home/colbren/ground-station/build/demo_nodes_py/build
[2.125s] creating /home/colbren/ground-station/build/demo_nodes_py/build/lib
[2.125s] creating /home/colbren/ground-station/build/demo_nodes_py/build/lib/demo_nodes_py
[2.125s] copying demo_nodes_py/__init__.py -> /home/colbren/ground-station/build/demo_nodes_py/build/lib/demo_nodes_py
[2.125s] creating /home/colbren/ground-station/build/demo_nodes_py/build/lib/demo_nodes_py/services
[2.125s] copying demo_nodes_py/services/__init__.py -> /home/colbren/ground-station/build/demo_nodes_py/build/lib/demo_nodes_py/services
[2.125s] copying demo_nodes_py/services/add_two_ints_client_async.py -> /home/colbren/ground-station/build/demo_nodes_py/build/lib/demo_nodes_py/services
[2.125s] copying demo_nodes_py/services/add_two_ints_client.py -> /home/colbren/ground-station/build/demo_nodes_py/build/lib/demo_nodes_py/services
[2.125s] copying demo_nodes_py/services/add_two_ints_server.py -> /home/colbren/ground-station/build/demo_nodes_py/build/lib/demo_nodes_py/services
[2.125s] creating /home/colbren/ground-station/build/demo_nodes_py/build/lib/demo_nodes_py/topics
[2.126s] copying demo_nodes_py/topics/talker_qos.py -> /home/colbren/ground-station/build/demo_nodes_py/build/lib/demo_nodes_py/topics
[2.126s] copying demo_nodes_py/topics/listener_qos.py -> /home/colbren/ground-station/build/demo_nodes_py/build/lib/demo_nodes_py/topics
[2.126s] copying demo_nodes_py/topics/listener.py -> /home/colbren/ground-station/build/demo_nodes_py/build/lib/demo_nodes_py/topics
[2.126s] copying demo_nodes_py/topics/__init__.py -> /home/colbren/ground-station/build/demo_nodes_py/build/lib/demo_nodes_py/topics
[2.126s] copying demo_nodes_py/topics/talker.py -> /home/colbren/ground-station/build/demo_nodes_py/build/lib/demo_nodes_py/topics
[2.126s] copying demo_nodes_py/topics/listener_serialized.py -> /home/colbren/ground-station/build/demo_nodes_py/build/lib/demo_nodes_py/topics
[2.126s] running install
[2.126s] running install_lib
[2.126s] creating /home/colbren/ground-station/install/demo_nodes_py/lib/python3.10/site-packages/demo_nodes_py
[2.126s] creating /home/colbren/ground-station/install/demo_nodes_py/lib/python3.10/site-packages/demo_nodes_py/services
[2.126s] copying /home/colbren/ground-station/build/demo_nodes_py/build/lib/demo_nodes_py/services/__init__.py -> /home/colbren/ground-station/install/demo_nodes_py/lib/python3.10/site-packages/demo_nodes_py/services
[2.126s] copying /home/colbren/ground-station/build/demo_nodes_py/build/lib/demo_nodes_py/services/add_two_ints_client_async.py -> /home/colbren/ground-station/install/demo_nodes_py/lib/python3.10/site-packages/demo_nodes_py/services
[2.126s] copying /home/colbren/ground-station/build/demo_nodes_py/build/lib/demo_nodes_py/services/add_two_ints_client.py -> /home/colbren/ground-station/install/demo_nodes_py/lib/python3.10/site-packages/demo_nodes_py/services
[2.127s] copying /home/colbren/ground-station/build/demo_nodes_py/build/lib/demo_nodes_py/services/add_two_ints_server.py -> /home/colbren/ground-station/install/demo_nodes_py/lib/python3.10/site-packages/demo_nodes_py/services
[2.127s] creating /home/colbren/ground-station/install/demo_nodes_py/lib/python3.10/site-packages/demo_nodes_py/topics
[2.127s] copying /home/colbren/ground-station/build/demo_nodes_py/build/lib/demo_nodes_py/topics/talker_qos.py -> /home/colbren/ground-station/install/demo_nodes_py/lib/python3.10/site-packages/demo_nodes_py/topics
[2.127s] copying /home/colbren/ground-station/build/demo_nodes_py/build/lib/demo_nodes_py/topics/listener_qos.py -> /home/colbren/ground-station/install/demo_nodes_py/lib/python3.10/site-packages/demo_nodes_py/topics
[2.127s] copying /home/colbren/ground-station/build/demo_nodes_py/build/lib/demo_nodes_py/topics/listener.py -> /home/colbren/ground-station/install/demo_nodes_py/lib/python3.10/site-packages/demo_nodes_py/topics
[2.127s] copying /home/colbren/ground-station/build/demo_nodes_py/build/lib/demo_nodes_py/topics/__init__.py -> /home/colbren/ground-station/install/demo_nodes_py/lib/python3.10/site-packages/demo_nodes_py/topics
[2.127s] copying /home/colbren/ground-station/build/demo_nodes_py/build/lib/demo_nodes_py/topics/talker.py -> /home/colbren/ground-station/install/demo_nodes_py/lib/python3.10/site-packages/demo_nodes_py/topics
[2.127s] copying /home/colbren/ground-station/build/demo_nodes_py/build/lib/demo_nodes_py/topics/listener_serialized.py -> /home/colbren/ground-station/install/demo_nodes_py/lib/python3.10/site-packages/demo_nodes_py/topics
[2.127s] copying /home/colbren/ground-station/build/demo_nodes_py/build/lib/demo_nodes_py/__init__.py -> /home/colbren/ground-station/install/demo_nodes_py/lib/python3.10/site-packages/demo_nodes_py
[2.127s] byte-compiling /home/colbren/ground-station/install/demo_nodes_py/lib/python3.10/site-packages/demo_nodes_py/services/__init__.py to __init__.cpython-310.pyc
[2.127s] byte-compiling /home/colbren/ground-station/install/demo_nodes_py/lib/python3.10/site-packages/demo_nodes_py/services/add_two_ints_client_async.py to add_two_ints_client_async.cpython-310.pyc
[2.127s] byte-compiling /home/colbren/ground-station/install/demo_nodes_py/lib/python3.10/site-packages/demo_nodes_py/services/add_two_ints_client.py to add_two_ints_client.cpython-310.pyc
[2.127s] byte-compiling /home/colbren/ground-station/install/demo_nodes_py/lib/python3.10/site-packages/demo_nodes_py/services/add_two_ints_server.py to add_two_ints_server.cpython-310.pyc
[2.128s] byte-compiling /home/colbren/ground-station/install/demo_nodes_py/lib/python3.10/site-packages/demo_nodes_py/topics/talker_qos.py to talker_qos.cpython-310.pyc
[2.128s] byte-compiling /home/colbren/ground-station/install/demo_nodes_py/lib/python3.10/site-packages/demo_nodes_py/topics/listener_qos.py to listener_qos.cpython-310.pyc
[2.128s] byte-compiling /home/colbren/ground-station/install/demo_nodes_py/lib/python3.10/site-packages/demo_nodes_py/topics/listener.py to listener.cpython-310.pyc
[2.128s] byte-compiling /home/colbren/ground-station/install/demo_nodes_py/lib/python3.10/site-packages/demo_nodes_py/topics/__init__.py to __init__.cpython-310.pyc
[2.128s] byte-compiling /home/colbren/ground-station/install/demo_nodes_py/lib/python3.10/site-packages/demo_nodes_py/topics/talker.py to talker.cpython-310.pyc
[2.128s] byte-compiling /home/colbren/ground-station/install/demo_nodes_py/lib/python3.10/site-packages/demo_nodes_py/topics/listener_serialized.py to listener_serialized.cpython-310.pyc
[2.128s] byte-compiling /home/colbren/ground-station/install/demo_nodes_py/lib/python3.10/site-packages/demo_nodes_py/__init__.py to __init__.cpython-310.pyc
[2.128s] running install_data
[2.129s] creating /home/colbren/ground-station/install/demo_nodes_py/share/ament_index
[2.129s] creating /home/colbren/ground-station/install/demo_nodes_py/share/ament_index/resource_index
[2.133s] creating /home/colbren/ground-station/install/demo_nodes_py/share/ament_index/resource_index/packages
[2.134s] copying resource/demo_nodes_py -> /home/colbren/ground-station/install/demo_nodes_py/share/ament_index/resource_index/packages
[2.134s] copying package.xml -> /home/colbren/ground-station/install/demo_nodes_py/share/demo_nodes_py
[2.134s] running install_egg_info
[2.134s] Copying ../../../build/demo_nodes_py/demo_nodes_py.egg-info to /home/colbren/ground-station/install/demo_nodes_py/lib/python3.10/site-packages/demo_nodes_py-0.20.5-py3.10.egg-info
[2.134s] running install_scripts
[2.134s] Installing add_two_ints_client script to /home/colbren/ground-station/install/demo_nodes_py/lib/demo_nodes_py
[2.134s] Installing add_two_ints_client_async script to /home/colbren/ground-station/install/demo_nodes_py/lib/demo_nodes_py
[2.134s] Installing add_two_ints_server script to /home/colbren/ground-station/install/demo_nodes_py/lib/demo_nodes_py
[2.134s] Installing listener script to /home/colbren/ground-station/install/demo_nodes_py/lib/demo_nodes_py
[2.134s] Installing listener_qos script to /home/colbren/ground-station/install/demo_nodes_py/lib/demo_nodes_py
[2.135s] Installing listener_serialized script to /home/colbren/ground-station/install/demo_nodes_py/lib/demo_nodes_py
[2.135s] Installing talker script to /home/colbren/ground-station/install/demo_nodes_py/lib/demo_nodes_py
[2.135s] Installing talker_qos script to /home/colbren/ground-station/install/demo_nodes_py/lib/demo_nodes_py
[2.135s] writing list of installed files to '/home/colbren/ground-station/build/demo_nodes_py/install.log'
[2.175s] Invoked command in '/home/colbren/ground-station/src/demos/demo_nodes_py' returned '0': PYTHONPATH=/home/colbren/ground-station/build/demo_nodes_py/prefix_override:/usr/lib/python3/dist-packages/colcon_core/task/python/colcon_distutils_commands:/home/colbren/ground-station/install/demo_nodes_py/lib/python3.10/site-packages:${PYTHONPATH} /usr/bin/python3 -W ignore:setup.py install is deprecated -W ignore:easy_install command is deprecated setup.py egg_info --egg-base ../../../build/demo_nodes_py build --build-base /home/colbren/ground-station/build/demo_nodes_py/build install --record /home/colbren/ground-station/build/demo_nodes_py/install.log --single-version-externally-managed install_data
