-- Install configuration: ""
-- Up-to-date: /home/colbren/ground-station/install/dummy_robot_bringup/share/dummy_robot_bringup/launch
-- Up-to-date: /home/colbren/ground-station/install/dummy_robot_bringup/share/dummy_robot_bringup/launch/dummy_robot_bringup_launch.yaml
-- Up-to-date: /home/colbren/ground-station/install/dummy_robot_bringup/share/dummy_robot_bringup/launch/dummy_robot_bringup_launch.xml
-- Up-to-date: /home/colbren/ground-station/install/dummy_robot_bringup/share/dummy_robot_bringup/launch/dummy_robot_bringup.launch.py
-- Up-to-date: /home/colbren/ground-station/install/dummy_robot_bringup/share/dummy_robot_bringup/launch/single_rrbot.urdf
-- Up-to-date: /home/colbren/ground-station/install/dummy_robot_bringup/share/ament_index/resource_index/package_run_dependencies/dummy_robot_bringup
-- Up-to-date: /home/colbren/ground-station/install/dummy_robot_bringup/share/ament_index/resource_index/parent_prefix_path/dummy_robot_bringup
-- Up-to-date: /home/colbren/ground-station/install/dummy_robot_bringup/share/dummy_robot_bringup/environment/ament_prefix_path.sh
-- Up-to-date: /home/colbren/ground-station/install/dummy_robot_bringup/share/dummy_robot_bringup/environment/ament_prefix_path.dsv
-- Up-to-date: /home/colbren/ground-station/install/dummy_robot_bringup/share/dummy_robot_bringup/environment/path.sh
-- Up-to-date: /home/colbren/ground-station/install/dummy_robot_bringup/share/dummy_robot_bringup/environment/path.dsv
-- Up-to-date: /home/colbren/ground-station/install/dummy_robot_bringup/share/dummy_robot_bringup/local_setup.bash
-- Up-to-date: /home/colbren/ground-station/install/dummy_robot_bringup/share/dummy_robot_bringup/local_setup.sh
-- Up-to-date: /home/colbren/ground-station/install/dummy_robot_bringup/share/dummy_robot_bringup/local_setup.zsh
-- Up-to-date: /home/colbren/ground-station/install/dummy_robot_bringup/share/dummy_robot_bringup/local_setup.dsv
-- Installing: /home/colbren/ground-station/install/dummy_robot_bringup/share/dummy_robot_bringup/package.dsv
-- Up-to-date: /home/colbren/ground-station/install/dummy_robot_bringup/share/ament_index/resource_index/packages/dummy_robot_bringup
-- Up-to-date: /home/colbren/ground-station/install/dummy_robot_bringup/share/dummy_robot_bringup/cmake/dummy_robot_bringupConfig.cmake
-- Up-to-date: /home/colbren/ground-station/install/dummy_robot_bringup/share/dummy_robot_bringup/cmake/dummy_robot_bringupConfig-version.cmake
-- Up-to-date: /home/colbren/ground-station/install/dummy_robot_bringup/share/dummy_robot_bringup/package.xml
