[0.230s] Invoking command in '/home/colbren/ground-station/build/dummy_robot_bringup': AMENT_PREFIX_PATH=/home/colbren/ground-station/install/dummy_sensors:/home/colbren/ground-station/install/dummy_map_server:${AMENT_PREFIX_PATH} CMAKE_PREFIX_PATH=/home/colbren/ground-station/install/dummy_sensors:/home/colbren/ground-station/install/dummy_map_server:/home/colbren/ros2_ws/install/turtlesim_ui:/opt/ros/humble /usr/bin/cmake --build /home/colbren/ground-station/build/dummy_robot_bringup -- -j16 -l16
[0.848s] Invoked command in '/home/colbren/ground-station/build/dummy_robot_bringup' returned '0': AMENT_PREFIX_PATH=/home/colbren/ground-station/install/dummy_sensors:/home/colbren/ground-station/install/dummy_map_server:${AMENT_PREFIX_PATH} CMAKE_PREFIX_PATH=/home/colbren/ground-station/install/dummy_sensors:/home/colbren/ground-station/install/dummy_map_server:/home/colbren/ros2_ws/install/turtlesim_ui:/opt/ros/humble /usr/bin/cmake --build /home/colbren/ground-station/build/dummy_robot_bringup -- -j16 -l16
[0.849s] Invoking command in '/home/colbren/ground-station/build/dummy_robot_bringup': AMENT_PREFIX_PATH=/home/colbren/ground-station/install/dummy_sensors:/home/colbren/ground-station/install/dummy_map_server:${AMENT_PREFIX_PATH} CMAKE_PREFIX_PATH=/home/colbren/ground-station/install/dummy_sensors:/home/colbren/ground-station/install/dummy_map_server:/home/colbren/ros2_ws/install/turtlesim_ui:/opt/ros/humble /usr/bin/cmake --install /home/colbren/ground-station/build/dummy_robot_bringup
[0.858s] -- Install configuration: ""
[0.859s] -- Up-to-date: /home/colbren/ground-station/install/dummy_robot_bringup/share/dummy_robot_bringup/launch
[0.859s] -- Up-to-date: /home/colbren/ground-station/install/dummy_robot_bringup/share/dummy_robot_bringup/launch/dummy_robot_bringup_launch.yaml
[0.859s] -- Up-to-date: /home/colbren/ground-station/install/dummy_robot_bringup/share/dummy_robot_bringup/launch/dummy_robot_bringup_launch.xml
[0.860s] -- Up-to-date: /home/colbren/ground-station/install/dummy_robot_bringup/share/dummy_robot_bringup/launch/dummy_robot_bringup.launch.py
[0.860s] -- Up-to-date: /home/colbren/ground-station/install/dummy_robot_bringup/share/dummy_robot_bringup/launch/single_rrbot.urdf
[0.861s] -- Up-to-date: /home/colbren/ground-station/install/dummy_robot_bringup/share/ament_index/resource_index/package_run_dependencies/dummy_robot_bringup
[0.862s] -- Up-to-date: /home/colbren/ground-station/install/dummy_robot_bringup/share/ament_index/resource_index/parent_prefix_path/dummy_robot_bringup
[0.862s] -- Up-to-date: /home/colbren/ground-station/install/dummy_robot_bringup/share/dummy_robot_bringup/environment/ament_prefix_path.sh
[0.863s] -- Up-to-date: /home/colbren/ground-station/install/dummy_robot_bringup/share/dummy_robot_bringup/environment/ament_prefix_path.dsv
[0.864s] -- Up-to-date: /home/colbren/ground-station/install/dummy_robot_bringup/share/dummy_robot_bringup/environment/path.sh
[0.864s] -- Up-to-date: /home/colbren/ground-station/install/dummy_robot_bringup/share/dummy_robot_bringup/environment/path.dsv
[0.865s] -- Up-to-date: /home/colbren/ground-station/install/dummy_robot_bringup/share/dummy_robot_bringup/local_setup.bash
[0.865s] -- Up-to-date: /home/colbren/ground-station/install/dummy_robot_bringup/share/dummy_robot_bringup/local_setup.sh
[0.865s] -- Up-to-date: /home/colbren/ground-station/install/dummy_robot_bringup/share/dummy_robot_bringup/local_setup.zsh
[0.865s] -- Up-to-date: /home/colbren/ground-station/install/dummy_robot_bringup/share/dummy_robot_bringup/local_setup.dsv
[0.866s] -- Installing: /home/colbren/ground-station/install/dummy_robot_bringup/share/dummy_robot_bringup/package.dsv
[0.866s] -- Up-to-date: /home/colbren/ground-station/install/dummy_robot_bringup/share/ament_index/resource_index/packages/dummy_robot_bringup
[0.867s] -- Up-to-date: /home/colbren/ground-station/install/dummy_robot_bringup/share/dummy_robot_bringup/cmake/dummy_robot_bringupConfig.cmake
[0.867s] -- Up-to-date: /home/colbren/ground-station/install/dummy_robot_bringup/share/dummy_robot_bringup/cmake/dummy_robot_bringupConfig-version.cmake
[0.867s] -- Up-to-date: /home/colbren/ground-station/install/dummy_robot_bringup/share/dummy_robot_bringup/package.xml
[0.887s] Invoked command in '/home/colbren/ground-station/build/dummy_robot_bringup' returned '0': AMENT_PREFIX_PATH=/home/colbren/ground-station/install/dummy_sensors:/home/colbren/ground-station/install/dummy_map_server:${AMENT_PREFIX_PATH} CMAKE_PREFIX_PATH=/home/colbren/ground-station/install/dummy_sensors:/home/colbren/ground-station/install/dummy_map_server:/home/colbren/ros2_ws/install/turtlesim_ui:/opt/ros/humble /usr/bin/cmake --install /home/colbren/ground-station/build/dummy_robot_bringup
