[0.054s] Invoking command in '/home/colbren/ground-station/build/dummy_sensors': CMAKE_PREFIX_PATH=/home/colbren/ros2_ws/install/turtlesim_ui:/opt/ros/humble /usr/bin/cmake /home/colbren/ground-station/src/demos/dummy_robot/dummy_sensors -DCMAKE_INSTALL_PREFIX=/home/colbren/ground-station/install/dummy_sensors
[1.060s] -- The C compiler identification is GNU 11.4.0
[1.061s] -- The CXX compiler identification is GNU 11.4.0
[1.061s] -- Detecting C compiler ABI info
[1.061s] -- Detecting C compiler ABI info - done
[1.061s] -- Check for working C compiler: /usr/bin/cc - skipped
[1.062s] -- Detecting C compile features
[1.062s] -- Detecting C compile features - done
[1.062s] -- Detecting CXX compiler ABI info
[1.063s] -- Detecting CXX compiler ABI info - done
[1.064s] -- Check for working CXX compiler: /usr/bin/c++ - skipped
[1.064s] -- Detecting CXX compile features
[1.065s] -- Detecting CXX compile features - done
[1.065s] -- Found ament_cmake: 1.3.11 (/opt/ros/humble/share/ament_cmake/cmake)
[1.065s] -- Found Python3: /usr/bin/python3 (found version "3.10.12") found components: Interpreter 
[1.065s] -- Found rclcpp: 16.0.11 (/opt/ros/humble/share/rclcpp/cmake)
[1.066s] -- Found rosidl_generator_c: 3.1.6 (/opt/ros/humble/share/rosidl_generator_c/cmake)
[1.066s] -- Found rosidl_adapter: 3.1.6 (/opt/ros/humble/share/rosidl_adapter/cmake)
[1.067s] -- Found rosidl_generator_cpp: 3.1.6 (/opt/ros/humble/share/rosidl_generator_cpp/cmake)
[1.067s] -- Using all available rosidl_typesupport_c: rosidl_typesupport_fastrtps_c;rosidl_typesupport_introspection_c
[1.067s] -- Using all available rosidl_typesupport_cpp: rosidl_typesupport_fastrtps_cpp;rosidl_typesupport_introspection_cpp
[1.067s] -- Found rmw_implementation_cmake: 6.1.2 (/opt/ros/humble/share/rmw_implementation_cmake/cmake)
[1.067s] -- Found rmw_fastrtps_cpp: 6.2.7 (/opt/ros/humble/share/rmw_fastrtps_cpp/cmake)
[1.200s] -- Found OpenSSL: /usr/lib/x86_64-linux-gnu/libcrypto.so (found version "3.0.2")  
[1.239s] -- Found FastRTPS: /opt/ros/humble/include  
[1.304s] -- Using RMW implementation 'rmw_fastrtps_cpp' as default
[1.315s] -- Looking for pthread.h
[1.431s] -- Looking for pthread.h - found
[1.431s] -- Performing Test CMAKE_HAVE_LIBC_PTHREAD
[1.566s] -- Performing Test CMAKE_HAVE_LIBC_PTHREAD - Success
[1.568s] -- Found Threads: TRUE  
[1.669s] -- Found sensor_msgs: 4.2.4 (/opt/ros/humble/share/sensor_msgs/cmake)
[1.729s] -- Found ament_lint_auto: 0.12.11 (/opt/ros/humble/share/ament_lint_auto/cmake)
[1.845s] -- Added test 'copyright' to check source files copyright and LICENSE
[1.845s] -- Added test 'cppcheck' to perform static code analysis on C / C++ code
[1.845s] -- Configured cppcheck include dirs: 
[1.846s] -- Configured cppcheck exclude dirs and/or files: 
[1.847s] -- Added test 'cpplint' to check C / C++ code against the Google style
[1.848s] -- Configured cpplint exclude dirs and/or files: 
[1.849s] -- Added test 'lint_cmake' to check CMake code style
[1.851s] -- Added test 'uncrustify' to check C / C++ code style
[1.851s] -- Configured uncrustify additional arguments: 
[1.852s] -- Added test 'xmllint' to check XML markup files
[1.854s] -- Configuring done
[1.875s] -- Generating done
[1.888s] -- Build files have been written to: /home/colbren/ground-station/build/dummy_sensors
[1.921s] Invoked command in '/home/colbren/ground-station/build/dummy_sensors' returned '0': CMAKE_PREFIX_PATH=/home/colbren/ros2_ws/install/turtlesim_ui:/opt/ros/humble /usr/bin/cmake /home/colbren/ground-station/src/demos/dummy_robot/dummy_sensors -DCMAKE_INSTALL_PREFIX=/home/colbren/ground-station/install/dummy_sensors
[1.925s] Invoking command in '/home/colbren/ground-station/build/dummy_sensors': CMAKE_PREFIX_PATH=/home/colbren/ros2_ws/install/turtlesim_ui:/opt/ros/humble /usr/bin/cmake --build /home/colbren/ground-station/build/dummy_sensors -- -j16 -l16
[2.204s] [ 25%] [32mBuilding CXX object CMakeFiles/dummy_laser.dir/src/dummy_laser.cpp.o[0m
[2.204s] [ 50%] [32mBuilding CXX object CMakeFiles/dummy_joint_states.dir/src/dummy_joint_states.cpp.o[0m
