[0.054s] Invoking command in '/home/colbren/ground-station/build/dummy_map_server': CMAKE_PREFIX_PATH=/home/colbren/ros2_ws/install/turtlesim_ui:/opt/ros/humble /usr/bin/cmake /home/colbren/ground-station/src/demos/dummy_robot/dummy_map_server -DCMAKE_INSTALL_PREFIX=/home/colbren/ground-station/install/dummy_map_server
[1.059s] -- The C compiler identification is GNU 11.4.0
[1.060s] -- The CXX compiler identification is GNU 11.4.0
[1.060s] -- Detecting C compiler ABI info
[1.060s] -- Detecting C compiler ABI info - done
[1.060s] -- Check for working C compiler: /usr/bin/cc - skipped
[1.060s] -- Detecting C compile features
[1.060s] -- Detecting C compile features - done
[1.060s] -- Detecting CXX compiler ABI info
[1.060s] -- Detecting CXX compiler ABI info - done
[1.060s] -- Check for working CXX compiler: /usr/bin/c++ - skipped
[1.061s] -- Detecting CXX compile features
[1.061s] -- Detecting CXX compile features - done
[1.061s] -- Found ament_cmake: 1.3.11 (/opt/ros/humble/share/ament_cmake/cmake)
[1.061s] -- Found Python3: /usr/bin/python3 (found version "3.10.12") found components: Interpreter 
[1.061s] -- Found nav_msgs: 4.2.4 (/opt/ros/humble/share/nav_msgs/cmake)
[1.061s] -- Found rosidl_generator_c: 3.1.6 (/opt/ros/humble/share/rosidl_generator_c/cmake)
[1.061s] -- Found rosidl_adapter: 3.1.6 (/opt/ros/humble/share/rosidl_adapter/cmake)
[1.061s] -- Found rosidl_generator_cpp: 3.1.6 (/opt/ros/humble/share/rosidl_generator_cpp/cmake)
[1.061s] -- Using all available rosidl_typesupport_c: rosidl_typesupport_fastrtps_c;rosidl_typesupport_introspection_c
[1.062s] -- Using all available rosidl_typesupport_cpp: rosidl_typesupport_fastrtps_cpp;rosidl_typesupport_introspection_cpp
[1.090s] -- Found rclcpp: 16.0.11 (/opt/ros/humble/share/rclcpp/cmake)
[1.127s] -- Found rmw_implementation_cmake: 6.1.2 (/opt/ros/humble/share/rmw_implementation_cmake/cmake)
[1.130s] -- Found rmw_fastrtps_cpp: 6.2.7 (/opt/ros/humble/share/rmw_fastrtps_cpp/cmake)
[1.265s] -- Found OpenSSL: /usr/lib/x86_64-linux-gnu/libcrypto.so (found version "3.0.2")  
[1.305s] -- Found FastRTPS: /opt/ros/humble/include  
[1.366s] -- Using RMW implementation 'rmw_fastrtps_cpp' as default
[1.379s] -- Looking for pthread.h
[1.507s] -- Looking for pthread.h - found
[1.508s] -- Performing Test CMAKE_HAVE_LIBC_PTHREAD
[1.635s] -- Performing Test CMAKE_HAVE_LIBC_PTHREAD - Success
[1.636s] -- Found Threads: TRUE  
[1.709s] -- Found ament_lint_auto: 0.12.11 (/opt/ros/humble/share/ament_lint_auto/cmake)
[1.844s] -- Added test 'copyright' to check source files copyright and LICENSE
[1.847s] -- Added test 'cppcheck' to perform static code analysis on C / C++ code
[1.847s] -- Configured cppcheck include dirs: 
[1.847s] -- Configured cppcheck exclude dirs and/or files: 
[1.848s] -- Added test 'cpplint' to check C / C++ code against the Google style
[1.848s] -- Configured cpplint exclude dirs and/or files: 
[1.849s] -- Added test 'lint_cmake' to check CMake code style
[1.851s] -- Added test 'uncrustify' to check C / C++ code style
[1.851s] -- Configured uncrustify additional arguments: 
[1.852s] -- Added test 'xmllint' to check XML markup files
[1.854s] -- Configuring done
[1.870s] -- Generating done
[1.876s] -- Build files have been written to: /home/colbren/ground-station/build/dummy_map_server
[1.912s] Invoked command in '/home/colbren/ground-station/build/dummy_map_server' returned '0': CMAKE_PREFIX_PATH=/home/colbren/ros2_ws/install/turtlesim_ui:/opt/ros/humble /usr/bin/cmake /home/colbren/ground-station/src/demos/dummy_robot/dummy_map_server -DCMAKE_INSTALL_PREFIX=/home/colbren/ground-station/install/dummy_map_server
[1.915s] Invoking command in '/home/colbren/ground-station/build/dummy_map_server': CMAKE_PREFIX_PATH=/home/colbren/ros2_ws/install/turtlesim_ui:/opt/ros/humble /usr/bin/cmake --build /home/colbren/ground-station/build/dummy_map_server -- -j16 -l16
[2.206s] [ 50%] [32mBuilding CXX object CMakeFiles/dummy_map_server.dir/src/dummy_map_server.cpp.o[0m
