[1.320s] Invoking command in '/home/colbren/ground-station/src/demos/lifecycle_py': AMENT_PREFIX_PATH=/home/colbren/ground-station/install/lifecycle:${AMENT_PREFIX_PATH} CMAKE_PREFIX_PATH=/home/colbren/ground-station/install/lifecycle PYTHONPATH=/home/colbren/ground-station/build/lifecycle_py/prefix_override:/usr/lib/python3/dist-packages/colcon_core/task/python/colcon_distutils_commands:/home/colbren/ground-station/install/lifecycle_py/lib/python3.10/site-packages:${PYTHONPATH} /usr/bin/python3 -W ignore:setup.py install is deprecated -W ignore:easy_install command is deprecated setup.py egg_info --egg-base ../../../build/lifecycle_py build --build-base /home/colbren/ground-station/build/lifecycle_py/build install --record /home/colbren/ground-station/build/lifecycle_py/install.log --single-version-externally-managed install_data
[1.587s] running egg_info
[1.588s] writing ../../../build/lifecycle_py/lifecycle_py.egg-info/PKG-INFO
[1.588s] writing dependency_links to ../../../build/lifecycle_py/lifecycle_py.egg-info/dependency_links.txt
[1.588s] writing entry points to ../../../build/lifecycle_py/lifecycle_py.egg-info/entry_points.txt
[1.588s] writing requirements to ../../../build/lifecycle_py/lifecycle_py.egg-info/requires.txt
[1.589s] writing top-level names to ../../../build/lifecycle_py/lifecycle_py.egg-info/top_level.txt
[1.591s] reading manifest file '../../../build/lifecycle_py/lifecycle_py.egg-info/SOURCES.txt'
[1.592s] writing manifest file '../../../build/lifecycle_py/lifecycle_py.egg-info/SOURCES.txt'
[1.592s] running build
[1.593s] running build_py
[1.593s] running install
[1.593s] running install_lib
[1.595s] running install_data
[1.595s] running install_egg_info
[1.597s] removing '/home/colbren/ground-station/install/lifecycle_py/lib/python3.10/site-packages/lifecycle_py-0.20.5-py3.10.egg-info' (and everything under it)
[1.597s] Copying ../../../build/lifecycle_py/lifecycle_py.egg-info to /home/colbren/ground-station/install/lifecycle_py/lib/python3.10/site-packages/lifecycle_py-0.20.5-py3.10.egg-info
[1.598s] running install_scripts
[1.621s] Installing lifecycle_talker script to /home/colbren/ground-station/install/lifecycle_py/lib/lifecycle_py
[1.621s] writing list of installed files to '/home/colbren/ground-station/build/lifecycle_py/install.log'
[1.657s] Invoked command in '/home/colbren/ground-station/src/demos/lifecycle_py' returned '0': AMENT_PREFIX_PATH=/home/colbren/ground-station/install/lifecycle:${AMENT_PREFIX_PATH} CMAKE_PREFIX_PATH=/home/colbren/ground-station/install/lifecycle PYTHONPATH=/home/colbren/ground-station/build/lifecycle_py/prefix_override:/usr/lib/python3/dist-packages/colcon_core/task/python/colcon_distutils_commands:/home/colbren/ground-station/install/lifecycle_py/lib/python3.10/site-packages:${PYTHONPATH} /usr/bin/python3 -W ignore:setup.py install is deprecated -W ignore:easy_install command is deprecated setup.py egg_info --egg-base ../../../build/lifecycle_py build --build-base /home/colbren/ground-station/build/lifecycle_py/build install --record /home/colbren/ground-station/build/lifecycle_py/install.log --single-version-externally-managed install_data
