[  2%] Built target pendulum_msgs__cpp
[  2%] Built target ament_cmake_python_copy_pendulum_msgs
[35m[1mConsolidate compiler generated dependencies of target pendulum_msgs__rosidl_typesupport_introspection_cpp[0m
[ 12%] Built target pendulum_msgs__rosidl_typesupport_introspection_cpp
running egg_info
writing pendulum_msgs.egg-info/PKG-INFO
writing dependency_links to pendulum_msgs.egg-info/dependency_links.txt
writing top-level names to pendulum_msgs.egg-info/top_level.txt
reading manifest file 'pendulum_msgs.egg-info/SOURCES.txt'
writing manifest file 'pendulum_msgs.egg-info/SOURCES.txt'
[ 12%] Built target ament_cmake_python_build_pendulum_msgs_egg
[35m[1mConsolidate compiler generated dependencies of target pendulum_msgs__rosidl_typesupport_fastrtps_cpp[0m
[ 14%] [32mBuilding CXX object CMakeFiles/pendulum_msgs__rosidl_typesupport_fastrtps_cpp.dir/rosidl_typesupport_fastrtps_cpp/pendulum_msgs/msg/detail/dds_fastrtps/rttest_results__type_support.cpp.o[0m
[ 17%] [32m[1mLinking CXX shared library libpendulum_msgs__rosidl_typesupport_fastrtps_cpp.so[0m
[ 23%] Built target pendulum_msgs__rosidl_typesupport_fastrtps_cpp
[35m[1mConsolidate compiler generated dependencies of target pendulum_msgs__rosidl_typesupport_cpp[0m
[ 25%] [32m[1mLinking CXX shared library libpendulum_msgs__rosidl_typesupport_cpp.so[0m
[ 34%] Built target pendulum_msgs__rosidl_typesupport_cpp
[35m[1mConsolidate compiler generated dependencies of target pendulum_msgs__rosidl_generator_c[0m
[ 44%] Built target pendulum_msgs__rosidl_generator_c
[35m[1mConsolidate compiler generated dependencies of target pendulum_msgs__rosidl_typesupport_fastrtps_c[0m
[ 46%] [32mBuilding CXX object CMakeFiles/pendulum_msgs__rosidl_typesupport_fastrtps_c.dir/rosidl_typesupport_fastrtps_c/pendulum_msgs/msg/detail/joint_state__type_support_c.cpp.o[0m
[ 48%] [32m[1mLinking CXX shared library libpendulum_msgs__rosidl_typesupport_fastrtps_c.so[0m
[ 55%] Built target pendulum_msgs__rosidl_typesupport_fastrtps_c
[35m[1mConsolidate compiler generated dependencies of target pendulum_msgs__rosidl_typesupport_c[0m
[ 65%] Built target pendulum_msgs__rosidl_typesupport_c
[35m[1mConsolidate compiler generated dependencies of target pendulum_msgs__rosidl_typesupport_introspection_c[0m
[ 76%] Built target pendulum_msgs__rosidl_typesupport_introspection_c
[ 76%] Built target pendulum_msgs
[ 78%] [34m[1mGenerating Python code for ROS interfaces[0m
[ 78%] Built target pendulum_msgs__py
[ 80%] [32mBuilding C object CMakeFiles/pendulum_msgs__rosidl_generator_py.dir/rosidl_generator_py/pendulum_msgs/msg/_joint_state_s.c.o[0m
[ 82%] [32mBuilding C object CMakeFiles/pendulum_msgs__rosidl_generator_py.dir/rosidl_generator_py/pendulum_msgs/msg/_rttest_results_s.c.o[0m
[ 85%] [32mBuilding C object CMakeFiles/pendulum_msgs__rosidl_generator_py.dir/rosidl_generator_py/pendulum_msgs/msg/_joint_command_s.c.o[0m
[ 87%] [32m[1mLinking C shared library rosidl_generator_py/pendulum_msgs/libpendulum_msgs__rosidl_generator_py.so[0m
[ 87%] Built target pendulum_msgs__rosidl_generator_py
[ 89%] [32mBuilding C object CMakeFiles/pendulum_msgs__rosidl_typesupport_fastrtps_c__pyext.dir/rosidl_generator_py/pendulum_msgs/_pendulum_msgs_s.ep.rosidl_typesupport_fastrtps_c.c.o[0m
[ 91%] [32m[1mLinking C shared library rosidl_generator_py/pendulum_msgs/pendulum_msgs_s__rosidl_typesupport_fastrtps_c.cpython-310-x86_64-linux-gnu.so[0m
[ 91%] Built target pendulum_msgs__rosidl_typesupport_fastrtps_c__pyext
[ 93%] [32mBuilding C object CMakeFiles/pendulum_msgs__rosidl_typesupport_c__pyext.dir/rosidl_generator_py/pendulum_msgs/_pendulum_msgs_s.ep.rosidl_typesupport_c.c.o[0m
[ 95%] [32m[1mLinking C shared library rosidl_generator_py/pendulum_msgs/pendulum_msgs_s__rosidl_typesupport_c.cpython-310-x86_64-linux-gnu.so[0m
[ 95%] Built target pendulum_msgs__rosidl_typesupport_c__pyext
[ 97%] [32mBuilding C object CMakeFiles/pendulum_msgs__rosidl_typesupport_introspection_c__pyext.dir/rosidl_generator_py/pendulum_msgs/_pendulum_msgs_s.ep.rosidl_typesupport_introspection_c.c.o[0m
[100%] [32m[1mLinking C shared library rosidl_generator_py/pendulum_msgs/pendulum_msgs_s__rosidl_typesupport_introspection_c.cpython-310-x86_64-linux-gnu.so[0m
[100%] Built target pendulum_msgs__rosidl_typesupport_introspection_c__pyext
-- Install configuration: ""
-- Installing: /home/colbren/ground-station/install/pendulum_msgs/share/ament_index/resource_index/rosidl_interfaces/pendulum_msgs
-- Installing: /home/colbren/ground-station/install/pendulum_msgs/include/pendulum_msgs/pendulum_msgs
-- Installing: /home/colbren/ground-station/install/pendulum_msgs/include/pendulum_msgs/pendulum_msgs/msg
-- Installing: /home/colbren/ground-station/install/pendulum_msgs/include/pendulum_msgs/pendulum_msgs/msg/detail
-- Installing: /home/colbren/ground-station/install/pendulum_msgs/include/pendulum_msgs/pendulum_msgs/msg/detail/joint_command__type_support.h
-- Installing: /home/colbren/ground-station/install/pendulum_msgs/include/pendulum_msgs/pendulum_msgs/msg/detail/joint_command__functions.c
-- Installing: /home/colbren/ground-station/install/pendulum_msgs/include/pendulum_msgs/pendulum_msgs/msg/detail/joint_command__functions.h
-- Installing: /home/colbren/ground-station/install/pendulum_msgs/include/pendulum_msgs/pendulum_msgs/msg/detail/joint_state__functions.h
-- Installing: /home/colbren/ground-station/install/pendulum_msgs/include/pendulum_msgs/pendulum_msgs/msg/detail/joint_command__struct.h
-- Installing: /home/colbren/ground-station/install/pendulum_msgs/include/pendulum_msgs/pendulum_msgs/msg/detail/rttest_results__type_support.h
-- Installing: /home/colbren/ground-station/install/pendulum_msgs/include/pendulum_msgs/pendulum_msgs/msg/detail/rttest_results__functions.c
-- Installing: /home/colbren/ground-station/install/pendulum_msgs/include/pendulum_msgs/pendulum_msgs/msg/detail/rttest_results__struct.h
-- Installing: /home/colbren/ground-station/install/pendulum_msgs/include/pendulum_msgs/pendulum_msgs/msg/detail/rttest_results__functions.h
-- Installing: /home/colbren/ground-station/install/pendulum_msgs/include/pendulum_msgs/pendulum_msgs/msg/detail/joint_state__struct.h
-- Installing: /home/colbren/ground-station/install/pendulum_msgs/include/pendulum_msgs/pendulum_msgs/msg/detail/joint_state__functions.c
-- Installing: /home/colbren/ground-station/install/pendulum_msgs/include/pendulum_msgs/pendulum_msgs/msg/detail/joint_state__type_support.h
-- Installing: /home/colbren/ground-station/install/pendulum_msgs/include/pendulum_msgs/pendulum_msgs/msg/joint_state.h
-- Installing: /home/colbren/ground-station/install/pendulum_msgs/include/pendulum_msgs/pendulum_msgs/msg/joint_command.h
-- Installing: /home/colbren/ground-station/install/pendulum_msgs/include/pendulum_msgs/pendulum_msgs/msg/rttest_results.h
-- Installing: /home/colbren/ground-station/install/pendulum_msgs/include/pendulum_msgs/pendulum_msgs/msg/rosidl_generator_c__visibility_control.h
-- Installing: /home/colbren/ground-station/install/pendulum_msgs/share/pendulum_msgs/environment/library_path.sh
-- Installing: /home/colbren/ground-station/install/pendulum_msgs/share/pendulum_msgs/environment/library_path.dsv
-- Installing: /home/colbren/ground-station/install/pendulum_msgs/lib/libpendulum_msgs__rosidl_generator_c.so
-- Set runtime path of "/home/colbren/ground-station/install/pendulum_msgs/lib/libpendulum_msgs__rosidl_generator_c.so" to ""
-- Up-to-date: /home/colbren/ground-station/install/pendulum_msgs/include/pendulum_msgs/pendulum_msgs
-- Up-to-date: /home/colbren/ground-station/install/pendulum_msgs/include/pendulum_msgs/pendulum_msgs/msg
-- Installing: /home/colbren/ground-station/install/pendulum_msgs/include/pendulum_msgs/pendulum_msgs/msg/rosidl_typesupport_fastrtps_c__visibility_control.h
-- Up-to-date: /home/colbren/ground-station/install/pendulum_msgs/include/pendulum_msgs/pendulum_msgs/msg/detail
-- Installing: /home/colbren/ground-station/install/pendulum_msgs/include/pendulum_msgs/pendulum_msgs/msg/detail/joint_command__rosidl_typesupport_fastrtps_c.h
-- Installing: /home/colbren/ground-station/install/pendulum_msgs/include/pendulum_msgs/pendulum_msgs/msg/detail/joint_state__rosidl_typesupport_fastrtps_c.h
-- Installing: /home/colbren/ground-station/install/pendulum_msgs/include/pendulum_msgs/pendulum_msgs/msg/detail/rttest_results__rosidl_typesupport_fastrtps_c.h
-- Installing: /home/colbren/ground-station/install/pendulum_msgs/lib/libpendulum_msgs__rosidl_typesupport_fastrtps_c.so
-- Set runtime path of "/home/colbren/ground-station/install/pendulum_msgs/lib/libpendulum_msgs__rosidl_typesupport_fastrtps_c.so" to ""
-- Up-to-date: /home/colbren/ground-station/install/pendulum_msgs/include/pendulum_msgs/pendulum_msgs
-- Up-to-date: /home/colbren/ground-station/install/pendulum_msgs/include/pendulum_msgs/pendulum_msgs/msg
-- Up-to-date: /home/colbren/ground-station/install/pendulum_msgs/include/pendulum_msgs/pendulum_msgs/msg/detail
-- Installing: /home/colbren/ground-station/install/pendulum_msgs/include/pendulum_msgs/pendulum_msgs/msg/detail/joint_command__struct.hpp
-- Installing: /home/colbren/ground-station/install/pendulum_msgs/include/pendulum_msgs/pendulum_msgs/msg/detail/joint_state__type_support.hpp
-- Installing: /home/colbren/ground-station/install/pendulum_msgs/include/pendulum_msgs/pendulum_msgs/msg/detail/rttest_results__type_support.hpp
-- Installing: /home/colbren/ground-station/install/pendulum_msgs/include/pendulum_msgs/pendulum_msgs/msg/detail/joint_command__type_support.hpp
-- Installing: /home/colbren/ground-station/install/pendulum_msgs/include/pendulum_msgs/pendulum_msgs/msg/detail/joint_command__builder.hpp
-- Installing: /home/colbren/ground-station/install/pendulum_msgs/include/pendulum_msgs/pendulum_msgs/msg/detail/joint_state__struct.hpp
-- Installing: /home/colbren/ground-station/install/pendulum_msgs/include/pendulum_msgs/pendulum_msgs/msg/detail/rttest_results__builder.hpp
-- Installing: /home/colbren/ground-station/install/pendulum_msgs/include/pendulum_msgs/pendulum_msgs/msg/detail/rttest_results__traits.hpp
-- Installing: /home/colbren/ground-station/install/pendulum_msgs/include/pendulum_msgs/pendulum_msgs/msg/detail/rttest_results__struct.hpp
-- Installing: /home/colbren/ground-station/install/pendulum_msgs/include/pendulum_msgs/pendulum_msgs/msg/detail/joint_state__builder.hpp
-- Installing: /home/colbren/ground-station/install/pendulum_msgs/include/pendulum_msgs/pendulum_msgs/msg/detail/joint_command__traits.hpp
-- Installing: /home/colbren/ground-station/install/pendulum_msgs/include/pendulum_msgs/pendulum_msgs/msg/detail/joint_state__traits.hpp
-- Installing: /home/colbren/ground-station/install/pendulum_msgs/include/pendulum_msgs/pendulum_msgs/msg/joint_command.hpp
-- Installing: /home/colbren/ground-station/install/pendulum_msgs/include/pendulum_msgs/pendulum_msgs/msg/rosidl_generator_cpp__visibility_control.hpp
-- Installing: /home/colbren/ground-station/install/pendulum_msgs/include/pendulum_msgs/pendulum_msgs/msg/rttest_results.hpp
-- Installing: /home/colbren/ground-station/install/pendulum_msgs/include/pendulum_msgs/pendulum_msgs/msg/joint_state.hpp
-- Up-to-date: /home/colbren/ground-station/install/pendulum_msgs/include/pendulum_msgs/pendulum_msgs
-- Up-to-date: /home/colbren/ground-station/install/pendulum_msgs/include/pendulum_msgs/pendulum_msgs/msg
-- Up-to-date: /home/colbren/ground-station/install/pendulum_msgs/include/pendulum_msgs/pendulum_msgs/msg/detail
-- Installing: /home/colbren/ground-station/install/pendulum_msgs/include/pendulum_msgs/pendulum_msgs/msg/detail/rttest_results__rosidl_typesupport_fastrtps_cpp.hpp
-- Installing: /home/colbren/ground-station/install/pendulum_msgs/include/pendulum_msgs/pendulum_msgs/msg/detail/joint_command__rosidl_typesupport_fastrtps_cpp.hpp
-- Installing: /home/colbren/ground-station/install/pendulum_msgs/include/pendulum_msgs/pendulum_msgs/msg/detail/dds_fastrtps
-- Installing: /home/colbren/ground-station/install/pendulum_msgs/include/pendulum_msgs/pendulum_msgs/msg/detail/joint_state__rosidl_typesupport_fastrtps_cpp.hpp
-- Installing: /home/colbren/ground-station/install/pendulum_msgs/include/pendulum_msgs/pendulum_msgs/msg/rosidl_typesupport_fastrtps_cpp__visibility_control.h
-- Installing: /home/colbren/ground-station/install/pendulum_msgs/lib/libpendulum_msgs__rosidl_typesupport_fastrtps_cpp.so
-- Set runtime path of "/home/colbren/ground-station/install/pendulum_msgs/lib/libpendulum_msgs__rosidl_typesupport_fastrtps_cpp.so" to ""
-- Up-to-date: /home/colbren/ground-station/install/pendulum_msgs/include/pendulum_msgs/pendulum_msgs
-- Up-to-date: /home/colbren/ground-station/install/pendulum_msgs/include/pendulum_msgs/pendulum_msgs/msg
-- Up-to-date: /home/colbren/ground-station/install/pendulum_msgs/include/pendulum_msgs/pendulum_msgs/msg/detail
-- Installing: /home/colbren/ground-station/install/pendulum_msgs/include/pendulum_msgs/pendulum_msgs/msg/detail/rttest_results__type_support.c
-- Installing: /home/colbren/ground-station/install/pendulum_msgs/include/pendulum_msgs/pendulum_msgs/msg/detail/joint_command__type_support.c
-- Installing: /home/colbren/ground-station/install/pendulum_msgs/include/pendulum_msgs/pendulum_msgs/msg/detail/joint_state__type_support.c
-- Installing: /home/colbren/ground-station/install/pendulum_msgs/include/pendulum_msgs/pendulum_msgs/msg/detail/rttest_results__rosidl_typesupport_introspection_c.h
-- Installing: /home/colbren/ground-station/install/pendulum_msgs/include/pendulum_msgs/pendulum_msgs/msg/detail/joint_state__rosidl_typesupport_introspection_c.h
-- Installing: /home/colbren/ground-station/install/pendulum_msgs/include/pendulum_msgs/pendulum_msgs/msg/detail/joint_command__rosidl_typesupport_introspection_c.h
-- Installing: /home/colbren/ground-station/install/pendulum_msgs/include/pendulum_msgs/pendulum_msgs/msg/rosidl_typesupport_introspection_c__visibility_control.h
-- Installing: /home/colbren/ground-station/install/pendulum_msgs/lib/libpendulum_msgs__rosidl_typesupport_introspection_c.so
-- Set runtime path of "/home/colbren/ground-station/install/pendulum_msgs/lib/libpendulum_msgs__rosidl_typesupport_introspection_c.so" to ""
-- Installing: /home/colbren/ground-station/install/pendulum_msgs/lib/libpendulum_msgs__rosidl_typesupport_c.so
-- Set runtime path of "/home/colbren/ground-station/install/pendulum_msgs/lib/libpendulum_msgs__rosidl_typesupport_c.so" to ""
-- Up-to-date: /home/colbren/ground-station/install/pendulum_msgs/include/pendulum_msgs/pendulum_msgs
-- Up-to-date: /home/colbren/ground-station/install/pendulum_msgs/include/pendulum_msgs/pendulum_msgs/msg
-- Up-to-date: /home/colbren/ground-station/install/pendulum_msgs/include/pendulum_msgs/pendulum_msgs/msg/detail
-- Installing: /home/colbren/ground-station/install/pendulum_msgs/include/pendulum_msgs/pendulum_msgs/msg/detail/joint_command__rosidl_typesupport_introspection_cpp.hpp
-- Installing: /home/colbren/ground-station/install/pendulum_msgs/include/pendulum_msgs/pendulum_msgs/msg/detail/rttest_results__rosidl_typesupport_introspection_cpp.hpp
-- Installing: /home/colbren/ground-station/install/pendulum_msgs/include/pendulum_msgs/pendulum_msgs/msg/detail/rttest_results__type_support.cpp
-- Installing: /home/colbren/ground-station/install/pendulum_msgs/include/pendulum_msgs/pendulum_msgs/msg/detail/joint_state__rosidl_typesupport_introspection_cpp.hpp
-- Installing: /home/colbren/ground-station/install/pendulum_msgs/include/pendulum_msgs/pendulum_msgs/msg/detail/joint_state__type_support.cpp
-- Installing: /home/colbren/ground-station/install/pendulum_msgs/include/pendulum_msgs/pendulum_msgs/msg/detail/joint_command__type_support.cpp
-- Installing: /home/colbren/ground-station/install/pendulum_msgs/lib/libpendulum_msgs__rosidl_typesupport_introspection_cpp.so
-- Set runtime path of "/home/colbren/ground-station/install/pendulum_msgs/lib/libpendulum_msgs__rosidl_typesupport_introspection_cpp.so" to ""
-- Installing: /home/colbren/ground-station/install/pendulum_msgs/lib/libpendulum_msgs__rosidl_typesupport_cpp.so
-- Set runtime path of "/home/colbren/ground-station/install/pendulum_msgs/lib/libpendulum_msgs__rosidl_typesupport_cpp.so" to ""
-- Installing: /home/colbren/ground-station/install/pendulum_msgs/share/pendulum_msgs/environment/pythonpath.sh
-- Installing: /home/colbren/ground-station/install/pendulum_msgs/share/pendulum_msgs/environment/pythonpath.dsv
-- Installing: /home/colbren/ground-station/install/pendulum_msgs/local/lib/python3.10/dist-packages/pendulum_msgs-0.20.5-py3.10.egg-info
-- Installing: /home/colbren/ground-station/install/pendulum_msgs/local/lib/python3.10/dist-packages/pendulum_msgs-0.20.5-py3.10.egg-info/top_level.txt
-- Installing: /home/colbren/ground-station/install/pendulum_msgs/local/lib/python3.10/dist-packages/pendulum_msgs-0.20.5-py3.10.egg-info/dependency_links.txt
-- Installing: /home/colbren/ground-station/install/pendulum_msgs/local/lib/python3.10/dist-packages/pendulum_msgs-0.20.5-py3.10.egg-info/PKG-INFO
-- Installing: /home/colbren/ground-station/install/pendulum_msgs/local/lib/python3.10/dist-packages/pendulum_msgs-0.20.5-py3.10.egg-info/SOURCES.txt
-- Installing: /home/colbren/ground-station/install/pendulum_msgs/local/lib/python3.10/dist-packages/pendulum_msgs
-- Installing: /home/colbren/ground-station/install/pendulum_msgs/local/lib/python3.10/dist-packages/pendulum_msgs/pendulum_msgs_s__rosidl_typesupport_fastrtps_c.cpython-310-x86_64-linux-gnu.so
-- Installing: /home/colbren/ground-station/install/pendulum_msgs/local/lib/python3.10/dist-packages/pendulum_msgs/_pendulum_msgs_s.ep.rosidl_typesupport_fastrtps_c.c
-- Installing: /home/colbren/ground-station/install/pendulum_msgs/local/lib/python3.10/dist-packages/pendulum_msgs/libpendulum_msgs__rosidl_generator_py.so
-- Installing: /home/colbren/ground-station/install/pendulum_msgs/local/lib/python3.10/dist-packages/pendulum_msgs/pendulum_msgs_s__rosidl_typesupport_c.cpython-310-x86_64-linux-gnu.so
-- Installing: /home/colbren/ground-station/install/pendulum_msgs/local/lib/python3.10/dist-packages/pendulum_msgs/pendulum_msgs_s__rosidl_typesupport_introspection_c.cpython-310-x86_64-linux-gnu.so
-- Installing: /home/colbren/ground-station/install/pendulum_msgs/local/lib/python3.10/dist-packages/pendulum_msgs/__init__.py
-- Installing: /home/colbren/ground-station/install/pendulum_msgs/local/lib/python3.10/dist-packages/pendulum_msgs/_pendulum_msgs_s.ep.rosidl_typesupport_c.c
-- Installing: /home/colbren/ground-station/install/pendulum_msgs/local/lib/python3.10/dist-packages/pendulum_msgs/msg
-- Installing: /home/colbren/ground-station/install/pendulum_msgs/local/lib/python3.10/dist-packages/pendulum_msgs/msg/__init__.py
-- Installing: /home/colbren/ground-station/install/pendulum_msgs/local/lib/python3.10/dist-packages/pendulum_msgs/msg/_joint_command.py
-- Installing: /home/colbren/ground-station/install/pendulum_msgs/local/lib/python3.10/dist-packages/pendulum_msgs/msg/_rttest_results_s.c
-- Installing: /home/colbren/ground-station/install/pendulum_msgs/local/lib/python3.10/dist-packages/pendulum_msgs/msg/_joint_state_s.c
-- Installing: /home/colbren/ground-station/install/pendulum_msgs/local/lib/python3.10/dist-packages/pendulum_msgs/msg/_rttest_results.py
-- Installing: /home/colbren/ground-station/install/pendulum_msgs/local/lib/python3.10/dist-packages/pendulum_msgs/msg/_joint_command_s.c
-- Installing: /home/colbren/ground-station/install/pendulum_msgs/local/lib/python3.10/dist-packages/pendulum_msgs/msg/_joint_state.py
-- Installing: /home/colbren/ground-station/install/pendulum_msgs/local/lib/python3.10/dist-packages/pendulum_msgs/_pendulum_msgs_s.ep.rosidl_typesupport_introspection_c.c
Listing '/home/colbren/ground-station/install/pendulum_msgs/local/lib/python3.10/dist-packages/pendulum_msgs'...
Compiling '/home/colbren/ground-station/install/pendulum_msgs/local/lib/python3.10/dist-packages/pendulum_msgs/__init__.py'...
Listing '/home/colbren/ground-station/install/pendulum_msgs/local/lib/python3.10/dist-packages/pendulum_msgs/msg'...
Compiling '/home/colbren/ground-station/install/pendulum_msgs/local/lib/python3.10/dist-packages/pendulum_msgs/msg/__init__.py'...
Compiling '/home/colbren/ground-station/install/pendulum_msgs/local/lib/python3.10/dist-packages/pendulum_msgs/msg/_joint_command.py'...
Compiling '/home/colbren/ground-station/install/pendulum_msgs/local/lib/python3.10/dist-packages/pendulum_msgs/msg/_joint_state.py'...
Compiling '/home/colbren/ground-station/install/pendulum_msgs/local/lib/python3.10/dist-packages/pendulum_msgs/msg/_rttest_results.py'...
-- Installing: /home/colbren/ground-station/install/pendulum_msgs/local/lib/python3.10/dist-packages/pendulum_msgs/pendulum_msgs_s__rosidl_typesupport_fastrtps_c.cpython-310-x86_64-linux-gnu.so
-- Set runtime path of "/home/colbren/ground-station/install/pendulum_msgs/local/lib/python3.10/dist-packages/pendulum_msgs/pendulum_msgs_s__rosidl_typesupport_fastrtps_c.cpython-310-x86_64-linux-gnu.so" to ""
-- Installing: /home/colbren/ground-station/install/pendulum_msgs/local/lib/python3.10/dist-packages/pendulum_msgs/pendulum_msgs_s__rosidl_typesupport_introspection_c.cpython-310-x86_64-linux-gnu.so
-- Set runtime path of "/home/colbren/ground-station/install/pendulum_msgs/local/lib/python3.10/dist-packages/pendulum_msgs/pendulum_msgs_s__rosidl_typesupport_introspection_c.cpython-310-x86_64-linux-gnu.so" to ""
-- Installing: /home/colbren/ground-station/install/pendulum_msgs/local/lib/python3.10/dist-packages/pendulum_msgs/pendulum_msgs_s__rosidl_typesupport_c.cpython-310-x86_64-linux-gnu.so
-- Set runtime path of "/home/colbren/ground-station/install/pendulum_msgs/local/lib/python3.10/dist-packages/pendulum_msgs/pendulum_msgs_s__rosidl_typesupport_c.cpython-310-x86_64-linux-gnu.so" to ""
-- Installing: /home/colbren/ground-station/install/pendulum_msgs/lib/libpendulum_msgs__rosidl_generator_py.so
-- Set runtime path of "/home/colbren/ground-station/install/pendulum_msgs/lib/libpendulum_msgs__rosidl_generator_py.so" to ""
-- Installing: /home/colbren/ground-station/install/pendulum_msgs/share/pendulum_msgs/msg/JointState.idl
-- Installing: /home/colbren/ground-station/install/pendulum_msgs/share/pendulum_msgs/msg/JointCommand.idl
-- Installing: /home/colbren/ground-station/install/pendulum_msgs/share/pendulum_msgs/msg/RttestResults.idl
-- Installing: /home/colbren/ground-station/install/pendulum_msgs/share/pendulum_msgs/msg/JointState.msg
-- Installing: /home/colbren/ground-station/install/pendulum_msgs/share/pendulum_msgs/msg/JointCommand.msg
-- Installing: /home/colbren/ground-station/install/pendulum_msgs/share/pendulum_msgs/msg/RttestResults.msg
-- Installing: /home/colbren/ground-station/install/pendulum_msgs/share/ament_index/resource_index/package_run_dependencies/pendulum_msgs
-- Installing: /home/colbren/ground-station/install/pendulum_msgs/share/ament_index/resource_index/parent_prefix_path/pendulum_msgs
-- Installing: /home/colbren/ground-station/install/pendulum_msgs/share/pendulum_msgs/environment/ament_prefix_path.sh
-- Installing: /home/colbren/ground-station/install/pendulum_msgs/share/pendulum_msgs/environment/ament_prefix_path.dsv
-- Installing: /home/colbren/ground-station/install/pendulum_msgs/share/pendulum_msgs/environment/path.sh
-- Installing: /home/colbren/ground-station/install/pendulum_msgs/share/pendulum_msgs/environment/path.dsv
-- Installing: /home/colbren/ground-station/install/pendulum_msgs/share/pendulum_msgs/local_setup.bash
-- Installing: /home/colbren/ground-station/install/pendulum_msgs/share/pendulum_msgs/local_setup.sh
-- Installing: /home/colbren/ground-station/install/pendulum_msgs/share/pendulum_msgs/local_setup.zsh
-- Installing: /home/colbren/ground-station/install/pendulum_msgs/share/pendulum_msgs/local_setup.dsv
-- Installing: /home/colbren/ground-station/install/pendulum_msgs/share/pendulum_msgs/package.dsv
-- Installing: /home/colbren/ground-station/install/pendulum_msgs/share/ament_index/resource_index/packages/pendulum_msgs
-- Installing: /home/colbren/ground-station/install/pendulum_msgs/share/pendulum_msgs/cmake/export_pendulum_msgs__rosidl_generator_cExport.cmake
-- Installing: /home/colbren/ground-station/install/pendulum_msgs/share/pendulum_msgs/cmake/export_pendulum_msgs__rosidl_generator_cExport-noconfig.cmake
-- Installing: /home/colbren/ground-station/install/pendulum_msgs/share/pendulum_msgs/cmake/export_pendulum_msgs__rosidl_typesupport_fastrtps_cExport.cmake
-- Installing: /home/colbren/ground-station/install/pendulum_msgs/share/pendulum_msgs/cmake/export_pendulum_msgs__rosidl_typesupport_fastrtps_cExport-noconfig.cmake
-- Installing: /home/colbren/ground-station/install/pendulum_msgs/share/pendulum_msgs/cmake/export_pendulum_msgs__rosidl_generator_cppExport.cmake
-- Installing: /home/colbren/ground-station/install/pendulum_msgs/share/pendulum_msgs/cmake/export_pendulum_msgs__rosidl_typesupport_fastrtps_cppExport.cmake
-- Installing: /home/colbren/ground-station/install/pendulum_msgs/share/pendulum_msgs/cmake/export_pendulum_msgs__rosidl_typesupport_fastrtps_cppExport-noconfig.cmake
-- Installing: /home/colbren/ground-station/install/pendulum_msgs/share/pendulum_msgs/cmake/pendulum_msgs__rosidl_typesupport_introspection_cExport.cmake
-- Installing: /home/colbren/ground-station/install/pendulum_msgs/share/pendulum_msgs/cmake/pendulum_msgs__rosidl_typesupport_introspection_cExport-noconfig.cmake
-- Installing: /home/colbren/ground-station/install/pendulum_msgs/share/pendulum_msgs/cmake/pendulum_msgs__rosidl_typesupport_cExport.cmake
-- Installing: /home/colbren/ground-station/install/pendulum_msgs/share/pendulum_msgs/cmake/pendulum_msgs__rosidl_typesupport_cExport-noconfig.cmake
-- Installing: /home/colbren/ground-station/install/pendulum_msgs/share/pendulum_msgs/cmake/pendulum_msgs__rosidl_typesupport_introspection_cppExport.cmake
-- Installing: /home/colbren/ground-station/install/pendulum_msgs/share/pendulum_msgs/cmake/pendulum_msgs__rosidl_typesupport_introspection_cppExport-noconfig.cmake
-- Installing: /home/colbren/ground-station/install/pendulum_msgs/share/pendulum_msgs/cmake/pendulum_msgs__rosidl_typesupport_cppExport.cmake
-- Installing: /home/colbren/ground-station/install/pendulum_msgs/share/pendulum_msgs/cmake/pendulum_msgs__rosidl_typesupport_cppExport-noconfig.cmake
-- Installing: /home/colbren/ground-station/install/pendulum_msgs/share/pendulum_msgs/cmake/export_pendulum_msgs__rosidl_generator_pyExport.cmake
-- Installing: /home/colbren/ground-station/install/pendulum_msgs/share/pendulum_msgs/cmake/export_pendulum_msgs__rosidl_generator_pyExport-noconfig.cmake
-- Installing: /home/colbren/ground-station/install/pendulum_msgs/share/pendulum_msgs/cmake/rosidl_cmake-extras.cmake
-- Installing: /home/colbren/ground-station/install/pendulum_msgs/share/pendulum_msgs/cmake/ament_cmake_export_dependencies-extras.cmake
-- Installing: /home/colbren/ground-station/install/pendulum_msgs/share/pendulum_msgs/cmake/ament_cmake_export_include_directories-extras.cmake
-- Installing: /home/colbren/ground-station/install/pendulum_msgs/share/pendulum_msgs/cmake/ament_cmake_export_libraries-extras.cmake
-- Installing: /home/colbren/ground-station/install/pendulum_msgs/share/pendulum_msgs/cmake/ament_cmake_export_targets-extras.cmake
-- Installing: /home/colbren/ground-station/install/pendulum_msgs/share/pendulum_msgs/cmake/rosidl_cmake_export_typesupport_targets-extras.cmake
-- Installing: /home/colbren/ground-station/install/pendulum_msgs/share/pendulum_msgs/cmake/rosidl_cmake_export_typesupport_libraries-extras.cmake
-- Installing: /home/colbren/ground-station/install/pendulum_msgs/share/pendulum_msgs/cmake/pendulum_msgsConfig.cmake
-- Installing: /home/colbren/ground-station/install/pendulum_msgs/share/pendulum_msgs/cmake/pendulum_msgsConfig-version.cmake
-- Installing: /home/colbren/ground-station/install/pendulum_msgs/share/pendulum_msgs/package.xml
