[  2%] [32mBuilding CXX object CMakeFiles/liveliness.dir/src/liveliness.cpp.o[0m
[  5%] [32mBuilding CXX object CMakeFiles/liveliness.dir/src/utils.cpp.o[0m
[  7%] [32mBuilding CXX object CMakeFiles/liveliness.dir/src/common_nodes.cpp.o[0m
[ 10%] [32m[1mLinking CXX executable liveliness[0m
[ 10%] Built target liveliness
[ 13%] [32mBuilding CXX object CMakeFiles/qos_overrides_talker.dir/rclcpp_components/node_main_qos_overrides_talker.cpp.o[0m
[ 15%] [32m[1mLinking CXX executable qos_overrides_talker[0m
[ 15%] Built target qos_overrides_talker
[ 18%] [32mBuilding CXX object CMakeFiles/qos_overrides_listener.dir/rclcpp_components/node_main_qos_overrides_listener.cpp.o[0m
[ 21%] [32m[1mLinking CXX executable qos_overrides_listener[0m
[ 21%] Built target qos_overrides_listener
[ 23%] [32mBuilding CXX object CMakeFiles/qos_overrides.dir/src/qos_overrides_listener.cpp.o[0m
[ 26%] [32mBuilding CXX object CMakeFiles/qos_overrides.dir/src/qos_overrides_talker.cpp.o[0m
[ 28%] [32m[1mLinking CXX shared library libqos_overrides.so[0m
[ 28%] Built target qos_overrides
[ 31%] [32mBuilding CXX object CMakeFiles/message_lost_talker.dir/rclcpp_components/node_main_message_lost_talker.cpp.o[0m
[ 34%] [32m[1mLinking CXX executable message_lost_talker[0m
[ 34%] Built target message_lost_talker
[ 36%] [32mBuilding CXX object CMakeFiles/message_lost_listener.dir/rclcpp_components/node_main_message_lost_listener.cpp.o[0m
[ 39%] [32m[1mLinking CXX executable message_lost_listener[0m
[ 39%] Built target message_lost_listener
[ 42%] [32mBuilding CXX object CMakeFiles/message_lost.dir/src/message_lost_listener.cpp.o[0m
[ 44%] [32mBuilding CXX object CMakeFiles/message_lost.dir/src/message_lost_talker.cpp.o[0m
[ 47%] [32m[1mLinking CXX shared library libmessage_lost.so[0m
[ 47%] Built target message_lost
[ 50%] [32mBuilding CXX object CMakeFiles/incompatible_qos.dir/src/incompatible_qos.cpp.o[0m
[ 52%] [32mBuilding CXX object CMakeFiles/incompatible_qos.dir/src/utils.cpp.o[0m
[ 55%] [32mBuilding CXX object CMakeFiles/incompatible_qos.dir/src/common_nodes.cpp.o[0m
[ 57%] [32m[1mLinking CXX executable incompatible_qos[0m
[ 57%] Built target incompatible_qos
[ 60%] [32mBuilding CXX object CMakeFiles/interactive_subscriber.dir/src/interactive_subscriber.cpp.o[0m
[ 63%] [32mBuilding CXX object CMakeFiles/interactive_subscriber.dir/src/utils.cpp.o[0m
[ 65%] [32mBuilding CXX object CMakeFiles/interactive_subscriber.dir/src/common_nodes.cpp.o[0m
[ 68%] [32m[1mLinking CXX executable interactive_subscriber[0m
[ 68%] Built target interactive_subscriber
[ 71%] [32mBuilding CXX object CMakeFiles/interactive_publisher.dir/src/interactive_publisher.cpp.o[0m
[ 73%] [32mBuilding CXX object CMakeFiles/interactive_publisher.dir/src/utils.cpp.o[0m
[ 76%] [32mBuilding CXX object CMakeFiles/interactive_publisher.dir/src/common_nodes.cpp.o[0m
[ 78%] [32m[1mLinking CXX executable interactive_publisher[0m
[ 78%] Built target interactive_publisher
[ 81%] [32mBuilding CXX object CMakeFiles/deadline.dir/src/deadline.cpp.o[0m
[ 84%] [32mBuilding CXX object CMakeFiles/deadline.dir/src/utils.cpp.o[0m
[ 86%] [32mBuilding CXX object CMakeFiles/deadline.dir/src/common_nodes.cpp.o[0m
[ 89%] [32m[1mLinking CXX executable deadline[0m
[ 89%] Built target deadline
[35m[1mConsolidate compiler generated dependencies of target lifespan[0m
[ 92%] [32mBuilding CXX object CMakeFiles/lifespan.dir/src/lifespan.cpp.o[0m
[ 94%] [32mBuilding CXX object CMakeFiles/lifespan.dir/src/common_nodes.cpp.o[0m
[ 97%] [32m[1mLinking CXX executable lifespan[0m
[100%] Built target lifespan
-- Install configuration: ""
-- Installing: /home/colbren/ground-station/install/quality_of_service_demo_cpp/lib/quality_of_service_demo_cpp/liveliness
-- Set runtime path of "/home/colbren/ground-station/install/quality_of_service_demo_cpp/lib/quality_of_service_demo_cpp/liveliness" to ""
-- Installing: /home/colbren/ground-station/install/quality_of_service_demo_cpp/lib/quality_of_service_demo_cpp/lifespan
-- Set runtime path of "/home/colbren/ground-station/install/quality_of_service_demo_cpp/lib/quality_of_service_demo_cpp/lifespan" to ""
-- Installing: /home/colbren/ground-station/install/quality_of_service_demo_cpp/lib/quality_of_service_demo_cpp/deadline
-- Set runtime path of "/home/colbren/ground-station/install/quality_of_service_demo_cpp/lib/quality_of_service_demo_cpp/deadline" to ""
-- Installing: /home/colbren/ground-station/install/quality_of_service_demo_cpp/lib/quality_of_service_demo_cpp/interactive_publisher
-- Set runtime path of "/home/colbren/ground-station/install/quality_of_service_demo_cpp/lib/quality_of_service_demo_cpp/interactive_publisher" to ""
-- Installing: /home/colbren/ground-station/install/quality_of_service_demo_cpp/lib/quality_of_service_demo_cpp/interactive_subscriber
-- Set runtime path of "/home/colbren/ground-station/install/quality_of_service_demo_cpp/lib/quality_of_service_demo_cpp/interactive_subscriber" to ""
-- Installing: /home/colbren/ground-station/install/quality_of_service_demo_cpp/lib/quality_of_service_demo_cpp/incompatible_qos
-- Set runtime path of "/home/colbren/ground-station/install/quality_of_service_demo_cpp/lib/quality_of_service_demo_cpp/incompatible_qos" to ""
-- Installing: /home/colbren/ground-station/install/quality_of_service_demo_cpp/lib/quality_of_service_demo_cpp/message_lost_listener
-- Set runtime path of "/home/colbren/ground-station/install/quality_of_service_demo_cpp/lib/quality_of_service_demo_cpp/message_lost_listener" to ""
-- Installing: /home/colbren/ground-station/install/quality_of_service_demo_cpp/lib/quality_of_service_demo_cpp/message_lost_talker
-- Set runtime path of "/home/colbren/ground-station/install/quality_of_service_demo_cpp/lib/quality_of_service_demo_cpp/message_lost_talker" to ""
-- Installing: /home/colbren/ground-station/install/quality_of_service_demo_cpp/lib/quality_of_service_demo_cpp/qos_overrides_listener
-- Set runtime path of "/home/colbren/ground-station/install/quality_of_service_demo_cpp/lib/quality_of_service_demo_cpp/qos_overrides_listener" to ""
-- Installing: /home/colbren/ground-station/install/quality_of_service_demo_cpp/lib/quality_of_service_demo_cpp/qos_overrides_talker
-- Set runtime path of "/home/colbren/ground-station/install/quality_of_service_demo_cpp/lib/quality_of_service_demo_cpp/qos_overrides_talker" to ""
-- Installing: /home/colbren/ground-station/install/quality_of_service_demo_cpp/lib/libmessage_lost.so
-- Set runtime path of "/home/colbren/ground-station/install/quality_of_service_demo_cpp/lib/libmessage_lost.so" to ""
-- Installing: /home/colbren/ground-station/install/quality_of_service_demo_cpp/lib/libqos_overrides.so
-- Set runtime path of "/home/colbren/ground-station/install/quality_of_service_demo_cpp/lib/libqos_overrides.so" to ""
-- Installing: /home/colbren/ground-station/install/quality_of_service_demo_cpp/share/quality_of_service_demo_cpp/params_file
-- Installing: /home/colbren/ground-station/install/quality_of_service_demo_cpp/share/quality_of_service_demo_cpp/params_file/example_qos_overrides_with_wildcard.yaml
-- Installing: /home/colbren/ground-station/install/quality_of_service_demo_cpp/share/quality_of_service_demo_cpp/params_file/example_qos_overrides.yaml
-- Installing: /home/colbren/ground-station/install/quality_of_service_demo_cpp/share/ament_index/resource_index/package_run_dependencies/quality_of_service_demo_cpp
-- Installing: /home/colbren/ground-station/install/quality_of_service_demo_cpp/share/ament_index/resource_index/parent_prefix_path/quality_of_service_demo_cpp
-- Installing: /home/colbren/ground-station/install/quality_of_service_demo_cpp/share/quality_of_service_demo_cpp/environment/ament_prefix_path.sh
-- Installing: /home/colbren/ground-station/install/quality_of_service_demo_cpp/share/quality_of_service_demo_cpp/environment/ament_prefix_path.dsv
-- Installing: /home/colbren/ground-station/install/quality_of_service_demo_cpp/share/quality_of_service_demo_cpp/environment/path.sh
-- Installing: /home/colbren/ground-station/install/quality_of_service_demo_cpp/share/quality_of_service_demo_cpp/environment/path.dsv
-- Installing: /home/colbren/ground-station/install/quality_of_service_demo_cpp/share/quality_of_service_demo_cpp/local_setup.bash
-- Installing: /home/colbren/ground-station/install/quality_of_service_demo_cpp/share/quality_of_service_demo_cpp/local_setup.sh
-- Installing: /home/colbren/ground-station/install/quality_of_service_demo_cpp/share/quality_of_service_demo_cpp/local_setup.zsh
-- Installing: /home/colbren/ground-station/install/quality_of_service_demo_cpp/share/quality_of_service_demo_cpp/local_setup.dsv
-- Installing: /home/colbren/ground-station/install/quality_of_service_demo_cpp/share/quality_of_service_demo_cpp/package.dsv
-- Installing: /home/colbren/ground-station/install/quality_of_service_demo_cpp/share/ament_index/resource_index/packages/quality_of_service_demo_cpp
-- Installing: /home/colbren/ground-station/install/quality_of_service_demo_cpp/share/ament_index/resource_index/rclcpp_components/quality_of_service_demo_cpp
-- Installing: /home/colbren/ground-station/install/quality_of_service_demo_cpp/share/quality_of_service_demo_cpp/cmake/ament_cmake_export_include_directories-extras.cmake
-- Installing: /home/colbren/ground-station/install/quality_of_service_demo_cpp/share/quality_of_service_demo_cpp/cmake/quality_of_service_demo_cppConfig.cmake
-- Installing: /home/colbren/ground-station/install/quality_of_service_demo_cpp/share/quality_of_service_demo_cpp/cmake/quality_of_service_demo_cppConfig-version.cmake
-- Installing: /home/colbren/ground-station/install/quality_of_service_demo_cpp/share/quality_of_service_demo_cpp/package.xml
