[35m[1mConsolidate compiler generated dependencies of target message_lost_talker[0m
[35m[1mConsolidate compiler generated dependencies of target liveliness[0m
[35m[1mConsolidate compiler generated dependencies of target message_lost[0m
[35m[1mConsolidate compiler generated dependencies of target deadline[0m
[35m[1mConsolidate compiler generated dependencies of target interactive_subscriber[0m
[35m[1mConsolidate compiler generated dependencies of target incompatible_qos[0m
[35m[1mConsolidate compiler generated dependencies of target qos_overrides_talker[0m
[35m[1mConsolidate compiler generated dependencies of target message_lost_listener[0m
[35m[1mConsolidate compiler generated dependencies of target qos_overrides[0m
[35m[1mConsolidate compiler generated dependencies of target interactive_publisher[0m
[35m[1mConsolidate compiler generated dependencies of target qos_overrides_listener[0m
[35m[1mConsolidate compiler generated dependencies of target lifespan[0m
[  5%] Built target message_lost_talker
[ 10%] Built target qos_overrides_listener
[ 21%] Built target deadline
[ 31%] Built target liveliness
[ 36%] Built target qos_overrides_talker
[ 47%] Built target incompatible_qos
[ 52%] Built target message_lost_listener
[ 63%] Built target interactive_subscriber
[ 73%] Built target interactive_publisher
[ 81%] Built target qos_overrides
[ 89%] Built target message_lost
[100%] Built target lifespan
-- Install configuration: ""
-- Up-to-date: /home/colbren/ground-station/install/quality_of_service_demo_cpp/lib/quality_of_service_demo_cpp/liveliness
-- Up-to-date: /home/colbren/ground-station/install/quality_of_service_demo_cpp/lib/quality_of_service_demo_cpp/lifespan
-- Up-to-date: /home/colbren/ground-station/install/quality_of_service_demo_cpp/lib/quality_of_service_demo_cpp/deadline
-- Up-to-date: /home/colbren/ground-station/install/quality_of_service_demo_cpp/lib/quality_of_service_demo_cpp/interactive_publisher
-- Up-to-date: /home/colbren/ground-station/install/quality_of_service_demo_cpp/lib/quality_of_service_demo_cpp/interactive_subscriber
-- Up-to-date: /home/colbren/ground-station/install/quality_of_service_demo_cpp/lib/quality_of_service_demo_cpp/incompatible_qos
-- Up-to-date: /home/colbren/ground-station/install/quality_of_service_demo_cpp/lib/quality_of_service_demo_cpp/message_lost_listener
-- Up-to-date: /home/colbren/ground-station/install/quality_of_service_demo_cpp/lib/quality_of_service_demo_cpp/message_lost_talker
-- Up-to-date: /home/colbren/ground-station/install/quality_of_service_demo_cpp/lib/quality_of_service_demo_cpp/qos_overrides_listener
-- Up-to-date: /home/colbren/ground-station/install/quality_of_service_demo_cpp/lib/quality_of_service_demo_cpp/qos_overrides_talker
-- Up-to-date: /home/colbren/ground-station/install/quality_of_service_demo_cpp/lib/libmessage_lost.so
-- Up-to-date: /home/colbren/ground-station/install/quality_of_service_demo_cpp/lib/libqos_overrides.so
-- Up-to-date: /home/colbren/ground-station/install/quality_of_service_demo_cpp/share/quality_of_service_demo_cpp/params_file
-- Up-to-date: /home/colbren/ground-station/install/quality_of_service_demo_cpp/share/quality_of_service_demo_cpp/params_file/example_qos_overrides_with_wildcard.yaml
-- Up-to-date: /home/colbren/ground-station/install/quality_of_service_demo_cpp/share/quality_of_service_demo_cpp/params_file/example_qos_overrides.yaml
-- Up-to-date: /home/colbren/ground-station/install/quality_of_service_demo_cpp/share/ament_index/resource_index/package_run_dependencies/quality_of_service_demo_cpp
-- Up-to-date: /home/colbren/ground-station/install/quality_of_service_demo_cpp/share/ament_index/resource_index/parent_prefix_path/quality_of_service_demo_cpp
-- Up-to-date: /home/colbren/ground-station/install/quality_of_service_demo_cpp/share/quality_of_service_demo_cpp/environment/ament_prefix_path.sh
-- Up-to-date: /home/colbren/ground-station/install/quality_of_service_demo_cpp/share/quality_of_service_demo_cpp/environment/ament_prefix_path.dsv
-- Up-to-date: /home/colbren/ground-station/install/quality_of_service_demo_cpp/share/quality_of_service_demo_cpp/environment/path.sh
-- Up-to-date: /home/colbren/ground-station/install/quality_of_service_demo_cpp/share/quality_of_service_demo_cpp/environment/path.dsv
-- Up-to-date: /home/colbren/ground-station/install/quality_of_service_demo_cpp/share/quality_of_service_demo_cpp/local_setup.bash
-- Up-to-date: /home/colbren/ground-station/install/quality_of_service_demo_cpp/share/quality_of_service_demo_cpp/local_setup.sh
-- Up-to-date: /home/colbren/ground-station/install/quality_of_service_demo_cpp/share/quality_of_service_demo_cpp/local_setup.zsh
-- Up-to-date: /home/colbren/ground-station/install/quality_of_service_demo_cpp/share/quality_of_service_demo_cpp/local_setup.dsv
-- Installing: /home/colbren/ground-station/install/quality_of_service_demo_cpp/share/quality_of_service_demo_cpp/package.dsv
-- Up-to-date: /home/colbren/ground-station/install/quality_of_service_demo_cpp/share/ament_index/resource_index/packages/quality_of_service_demo_cpp
-- Up-to-date: /home/colbren/ground-station/install/quality_of_service_demo_cpp/share/ament_index/resource_index/rclcpp_components/quality_of_service_demo_cpp
-- Up-to-date: /home/colbren/ground-station/install/quality_of_service_demo_cpp/share/quality_of_service_demo_cpp/cmake/ament_cmake_export_include_directories-extras.cmake
-- Up-to-date: /home/colbren/ground-station/install/quality_of_service_demo_cpp/share/quality_of_service_demo_cpp/cmake/quality_of_service_demo_cppConfig.cmake
-- Up-to-date: /home/colbren/ground-station/install/quality_of_service_demo_cpp/share/quality_of_service_demo_cpp/cmake/quality_of_service_demo_cppConfig-version.cmake
-- Up-to-date: /home/colbren/ground-station/install/quality_of_service_demo_cpp/share/quality_of_service_demo_cpp/package.xml
