[  1%] [32mBuilding CXX object CMakeFiles/allocator_tutorial.dir/src/topics/allocator_tutorial.cpp.o[0m
[  2%] [32m[1mLinking CXX executable allocator_tutorial[0m
[  2%] Built target allocator_tutorial
[  4%] [32mBuilding CXX object CMakeFiles/parameter_blackboard.dir/rclcpp_components/node_main_parameter_blackboard.cpp.o[0m
[  5%] [32m[1mLinking CXX executable parameter_blackboard[0m
[  5%] Built target parameter_blackboard
[  7%] [32mBuilding CXX object CMakeFiles/set_and_get_parameters.dir/rclcpp_components/node_main_set_and_get_parameters.cpp.o[0m
[  8%] [32m[1mLinking CXX executable set_and_get_parameters[0m
[  8%] Built target set_and_get_parameters
[ 10%] [32mBuilding CXX object CMakeFiles/parameter_events_async.dir/rclcpp_components/node_main_parameter_events_async.cpp.o[0m
[ 11%] [32m[1mLinking CXX executable parameter_events_async[0m
[ 11%] Built target parameter_events_async
[ 13%] [32mBuilding CXX object CMakeFiles/even_parameters_node.dir/rclcpp_components/node_main_even_parameters_node.cpp.o[0m
[ 14%] [32m[1mLinking CXX executable even_parameters_node[0m
[ 14%] Built target even_parameters_node
[ 16%] [32mBuilding CXX object CMakeFiles/content_filtering_publisher.dir/rclcpp_components/node_main_content_filtering_publisher.cpp.o[0m
[ 17%] [32m[1mLinking CXX executable content_filtering_publisher[0m
[ 17%] Built target content_filtering_publisher
[ 19%] [32mBuilding CXX object CMakeFiles/content_filtering_subscriber.dir/rclcpp_components/node_main_content_filtering_subscriber.cpp.o[0m
[ 20%] [32m[1mLinking CXX executable content_filtering_subscriber[0m
[ 20%] Built target content_filtering_subscriber
[ 22%] [32mBuilding CXX object CMakeFiles/talker.dir/rclcpp_components/node_main_talker.cpp.o[0m
[ 23%] [32m[1mLinking CXX executable talker[0m
[ 23%] Built target talker
[ 25%] [32mBuilding CXX object CMakeFiles/talker_loaned_message.dir/rclcpp_components/node_main_talker_loaned_message.cpp.o[0m
[ 26%] [32m[1mLinking CXX executable talker_loaned_message[0m
[ 26%] Built target talker_loaned_message
[ 27%] [32mBuilding CXX object CMakeFiles/talker_serialized_message.dir/rclcpp_components/node_main_talker_serialized_message.cpp.o[0m
[ 29%] [32m[1mLinking CXX executable talker_serialized_message[0m
[ 29%] Built target talker_serialized_message
[ 30%] [32mBuilding CXX object CMakeFiles/listener.dir/rclcpp_components/node_main_listener.cpp.o[0m
[ 32%] [32m[1mLinking CXX executable listener[0m
[ 32%] Built target listener
[ 33%] [32mBuilding CXX object CMakeFiles/listener_serialized_message.dir/rclcpp_components/node_main_listener_serialized_message.cpp.o[0m
[ 35%] [32m[1mLinking CXX executable listener_serialized_message[0m
[ 35%] Built target listener_serialized_message
[ 36%] [32mBuilding CXX object CMakeFiles/listener_best_effort.dir/rclcpp_components/node_main_listener_best_effort.cpp.o[0m
[ 38%] [32m[1mLinking CXX executable listener_best_effort[0m
[ 38%] Built target listener_best_effort
[ 39%] [32mBuilding CXX object CMakeFiles/list_parameters.dir/rclcpp_components/node_main_list_parameters.cpp.o[0m
[ 41%] [32m[1mLinking CXX executable list_parameters[0m
[ 41%] Built target list_parameters
[ 42%] [32mBuilding CXX object CMakeFiles/add_two_ints_client_async.dir/rclcpp_components/node_main_add_two_ints_client_async.cpp.o[0m
[ 44%] [32m[1mLinking CXX executable add_two_ints_client_async[0m
[ 44%] Built target add_two_ints_client_async
[ 45%] [32mBuilding CXX object CMakeFiles/add_two_ints_server.dir/rclcpp_components/node_main_add_two_ints_server.cpp.o[0m
[ 47%] [32m[1mLinking CXX executable add_two_ints_server[0m
[ 47%] Built target add_two_ints_server
[ 48%] [32mBuilding CXX object CMakeFiles/reuse_timer.dir/rclcpp_components/node_main_reuse_timer.cpp.o[0m
[ 50%] [32m[1mLinking CXX executable reuse_timer[0m
[ 50%] Built target reuse_timer
[ 51%] [32mBuilding CXX object CMakeFiles/one_off_timer.dir/rclcpp_components/node_main_one_off_timer.cpp.o[0m
[ 52%] [32m[1mLinking CXX executable one_off_timer[0m
[ 52%] Built target one_off_timer
[ 54%] [32mBuilding CXX object CMakeFiles/topics_library.dir/src/topics/content_filtering_publisher.cpp.o[0m
[ 55%] [32mBuilding CXX object CMakeFiles/topics_library.dir/src/topics/listener_best_effort.cpp.o[0m
[ 57%] [32mBuilding CXX object CMakeFiles/topics_library.dir/src/topics/listener_serialized_message.cpp.o[0m
[ 58%] [32mBuilding CXX object CMakeFiles/topics_library.dir/src/topics/listener.cpp.o[0m
[ 60%] [32mBuilding CXX object CMakeFiles/topics_library.dir/src/topics/talker_serialized_message.cpp.o[0m
[ 61%] [32mBuilding CXX object CMakeFiles/topics_library.dir/src/topics/talker_loaned_message.cpp.o[0m
[ 63%] [32mBuilding CXX object CMakeFiles/topics_library.dir/src/topics/talker.cpp.o[0m
[ 64%] [32mBuilding CXX object CMakeFiles/topics_library.dir/src/topics/content_filtering_subscriber.cpp.o[0m
[ 66%] [32m[1mLinking CXX shared library libtopics_library.so[0m
[ 66%] Built target topics_library
[ 67%] [32mBuilding CXX object CMakeFiles/parameters_library.dir/src/parameters/list_parameters.cpp.o[0m
[ 69%] [32mBuilding CXX object CMakeFiles/parameters_library.dir/src/parameters/even_parameters_node.cpp.o[0m
[ 70%] [32mBuilding CXX object CMakeFiles/parameters_library.dir/src/parameters/parameter_events_async.cpp.o[0m
[ 72%] [32mBuilding CXX object CMakeFiles/parameters_library.dir/src/parameters/set_and_get_parameters.cpp.o[0m
[ 73%] [32mBuilding CXX object CMakeFiles/parameters_library.dir/src/parameters/parameter_blackboard.cpp.o[0m
[ 75%] [32m[1mLinking CXX shared library libparameters_library.so[0m
[ 75%] Built target parameters_library
[ 80%] [32mBuilding CXX object CMakeFiles/services_library.dir/src/services/add_two_ints_server.cpp.o[0m
[ 80%] [32mBuilding CXX object CMakeFiles/list_parameters_async.dir/src/parameters/list_parameters_async.cpp.o[0m
[ 80%] [32mBuilding CXX object CMakeFiles/parameter_event_handler.dir/src/parameters/parameter_event_handler.cpp.o[0m
[ 80%] [32mBuilding CXX object CMakeFiles/set_and_get_parameters_async.dir/src/parameters/set_and_get_parameters_async.cpp.o[0m
[ 82%] [32mBuilding CXX object CMakeFiles/services_library.dir/src/services/add_two_ints_client.cpp.o[0m
[ 83%] [32mBuilding CXX object CMakeFiles/timers_library.dir/src/timers/one_off_timer.cpp.o[0m
[ 85%] [32mBuilding CXX object CMakeFiles/timers_library.dir/src/timers/reuse_timer.cpp.o[0m
[ 86%] [32mBuilding CXX object CMakeFiles/services_library.dir/src/services/add_two_ints_client_async.cpp.o[0m
[ 88%] [32mBuilding CXX object CMakeFiles/parameter_events.dir/src/parameters/parameter_events.cpp.o[0m
[ 89%] [32m[1mLinking CXX executable list_parameters_async[0m
[ 91%] [32m[1mLinking CXX shared library libtimers_library.so[0m
[ 91%] Built target list_parameters_async
[ 92%] [32mBuilding CXX object CMakeFiles/add_two_ints_client.dir/src/services/add_two_ints_client.cpp.o[0m
[ 92%] Built target timers_library
[ 94%] [32m[1mLinking CXX executable set_and_get_parameters_async[0m
[ 94%] Built target set_and_get_parameters_async
[ 95%] [32m[1mLinking CXX shared library libservices_library.so[0m
[ 95%] Built target services_library
[ 97%] [32m[1mLinking CXX executable add_two_ints_client[0m
[ 97%] Built target add_two_ints_client
[ 98%] [32m[1mLinking CXX executable parameter_events[0m
[ 98%] Built target parameter_events
[100%] [32m[1mLinking CXX executable parameter_event_handler[0m
[100%] Built target parameter_event_handler
-- Install configuration: ""
-- Installing: /home/colbren/ground-station/install/demo_nodes_cpp/lib/demo_nodes_cpp/allocator_tutorial
-- Set runtime path of "/home/colbren/ground-station/install/demo_nodes_cpp/lib/demo_nodes_cpp/allocator_tutorial" to ""
-- Installing: /home/colbren/ground-station/install/demo_nodes_cpp/lib/demo_nodes_cpp/add_two_ints_client
-- Set runtime path of "/home/colbren/ground-station/install/demo_nodes_cpp/lib/demo_nodes_cpp/add_two_ints_client" to ""
-- Installing: /home/colbren/ground-station/install/demo_nodes_cpp/lib/demo_nodes_cpp/list_parameters_async
-- Set runtime path of "/home/colbren/ground-station/install/demo_nodes_cpp/lib/demo_nodes_cpp/list_parameters_async" to ""
-- Installing: /home/colbren/ground-station/install/demo_nodes_cpp/lib/demo_nodes_cpp/parameter_events
-- Set runtime path of "/home/colbren/ground-station/install/demo_nodes_cpp/lib/demo_nodes_cpp/parameter_events" to ""
-- Installing: /home/colbren/ground-station/install/demo_nodes_cpp/lib/demo_nodes_cpp/parameter_event_handler
-- Set runtime path of "/home/colbren/ground-station/install/demo_nodes_cpp/lib/demo_nodes_cpp/parameter_event_handler" to ""
-- Installing: /home/colbren/ground-station/install/demo_nodes_cpp/lib/demo_nodes_cpp/set_and_get_parameters_async
-- Set runtime path of "/home/colbren/ground-station/install/demo_nodes_cpp/lib/demo_nodes_cpp/set_and_get_parameters_async" to ""
-- Installing: /home/colbren/ground-station/install/demo_nodes_cpp/lib/demo_nodes_cpp/one_off_timer
-- Set runtime path of "/home/colbren/ground-station/install/demo_nodes_cpp/lib/demo_nodes_cpp/one_off_timer" to ""
-- Installing: /home/colbren/ground-station/install/demo_nodes_cpp/lib/demo_nodes_cpp/reuse_timer
-- Set runtime path of "/home/colbren/ground-station/install/demo_nodes_cpp/lib/demo_nodes_cpp/reuse_timer" to ""
-- Installing: /home/colbren/ground-station/install/demo_nodes_cpp/lib/demo_nodes_cpp/add_two_ints_server
-- Set runtime path of "/home/colbren/ground-station/install/demo_nodes_cpp/lib/demo_nodes_cpp/add_two_ints_server" to ""
-- Installing: /home/colbren/ground-station/install/demo_nodes_cpp/lib/demo_nodes_cpp/add_two_ints_client_async
-- Set runtime path of "/home/colbren/ground-station/install/demo_nodes_cpp/lib/demo_nodes_cpp/add_two_ints_client_async" to ""
-- Installing: /home/colbren/ground-station/install/demo_nodes_cpp/lib/demo_nodes_cpp/list_parameters
-- Set runtime path of "/home/colbren/ground-station/install/demo_nodes_cpp/lib/demo_nodes_cpp/list_parameters" to ""
-- Installing: /home/colbren/ground-station/install/demo_nodes_cpp/lib/demo_nodes_cpp/parameter_blackboard
-- Set runtime path of "/home/colbren/ground-station/install/demo_nodes_cpp/lib/demo_nodes_cpp/parameter_blackboard" to ""
-- Installing: /home/colbren/ground-station/install/demo_nodes_cpp/lib/demo_nodes_cpp/set_and_get_parameters
-- Set runtime path of "/home/colbren/ground-station/install/demo_nodes_cpp/lib/demo_nodes_cpp/set_and_get_parameters" to ""
-- Installing: /home/colbren/ground-station/install/demo_nodes_cpp/lib/demo_nodes_cpp/parameter_events_async
-- Set runtime path of "/home/colbren/ground-station/install/demo_nodes_cpp/lib/demo_nodes_cpp/parameter_events_async" to ""
-- Installing: /home/colbren/ground-station/install/demo_nodes_cpp/lib/demo_nodes_cpp/even_parameters_node
-- Set runtime path of "/home/colbren/ground-station/install/demo_nodes_cpp/lib/demo_nodes_cpp/even_parameters_node" to ""
-- Installing: /home/colbren/ground-station/install/demo_nodes_cpp/lib/demo_nodes_cpp/content_filtering_publisher
-- Set runtime path of "/home/colbren/ground-station/install/demo_nodes_cpp/lib/demo_nodes_cpp/content_filtering_publisher" to ""
-- Installing: /home/colbren/ground-station/install/demo_nodes_cpp/lib/demo_nodes_cpp/content_filtering_subscriber
-- Set runtime path of "/home/colbren/ground-station/install/demo_nodes_cpp/lib/demo_nodes_cpp/content_filtering_subscriber" to ""
-- Installing: /home/colbren/ground-station/install/demo_nodes_cpp/lib/demo_nodes_cpp/talker
-- Set runtime path of "/home/colbren/ground-station/install/demo_nodes_cpp/lib/demo_nodes_cpp/talker" to ""
-- Installing: /home/colbren/ground-station/install/demo_nodes_cpp/lib/demo_nodes_cpp/talker_loaned_message
-- Set runtime path of "/home/colbren/ground-station/install/demo_nodes_cpp/lib/demo_nodes_cpp/talker_loaned_message" to ""
-- Installing: /home/colbren/ground-station/install/demo_nodes_cpp/lib/demo_nodes_cpp/talker_serialized_message
-- Set runtime path of "/home/colbren/ground-station/install/demo_nodes_cpp/lib/demo_nodes_cpp/talker_serialized_message" to ""
-- Installing: /home/colbren/ground-station/install/demo_nodes_cpp/lib/demo_nodes_cpp/listener
-- Set runtime path of "/home/colbren/ground-station/install/demo_nodes_cpp/lib/demo_nodes_cpp/listener" to ""
-- Installing: /home/colbren/ground-station/install/demo_nodes_cpp/lib/demo_nodes_cpp/listener_serialized_message
-- Set runtime path of "/home/colbren/ground-station/install/demo_nodes_cpp/lib/demo_nodes_cpp/listener_serialized_message" to ""
-- Installing: /home/colbren/ground-station/install/demo_nodes_cpp/lib/demo_nodes_cpp/listener_best_effort
-- Set runtime path of "/home/colbren/ground-station/install/demo_nodes_cpp/lib/demo_nodes_cpp/listener_best_effort" to ""
-- Installing: /home/colbren/ground-station/install/demo_nodes_cpp/lib/libtimers_library.so
-- Set runtime path of "/home/colbren/ground-station/install/demo_nodes_cpp/lib/libtimers_library.so" to ""
-- Installing: /home/colbren/ground-station/install/demo_nodes_cpp/lib/libservices_library.so
-- Set runtime path of "/home/colbren/ground-station/install/demo_nodes_cpp/lib/libservices_library.so" to ""
-- Installing: /home/colbren/ground-station/install/demo_nodes_cpp/lib/libparameters_library.so
-- Set runtime path of "/home/colbren/ground-station/install/demo_nodes_cpp/lib/libparameters_library.so" to ""
-- Installing: /home/colbren/ground-station/install/demo_nodes_cpp/lib/libtopics_library.so
-- Set runtime path of "/home/colbren/ground-station/install/demo_nodes_cpp/lib/libtopics_library.so" to ""
-- Installing: /home/colbren/ground-station/install/demo_nodes_cpp/share/demo_nodes_cpp//launch
-- Installing: /home/colbren/ground-station/install/demo_nodes_cpp/share/demo_nodes_cpp//launch/services
-- Installing: /home/colbren/ground-station/install/demo_nodes_cpp/share/demo_nodes_cpp//launch/services/add_two_ints_async.launch.py
-- Installing: /home/colbren/ground-station/install/demo_nodes_cpp/share/demo_nodes_cpp//launch/services/add_two_ints.launch.py
-- Installing: /home/colbren/ground-station/install/demo_nodes_cpp/share/demo_nodes_cpp//launch/services/add_two_ints_async.launch.xml
-- Installing: /home/colbren/ground-station/install/demo_nodes_cpp/share/demo_nodes_cpp//launch/services/add_two_ints.launch.xml
-- Installing: /home/colbren/ground-station/install/demo_nodes_cpp/share/demo_nodes_cpp//launch/topics
-- Installing: /home/colbren/ground-station/install/demo_nodes_cpp/share/demo_nodes_cpp//launch/topics/talker_listener.launch.py
-- Installing: /home/colbren/ground-station/install/demo_nodes_cpp/share/demo_nodes_cpp//launch/topics/talker_listener.launch.xml
-- Installing: /home/colbren/ground-station/install/demo_nodes_cpp/share/demo_nodes_cpp//launch/topics/talker_listener_best_effort.launch.xml
-- Installing: /home/colbren/ground-station/install/demo_nodes_cpp/share/demo_nodes_cpp//launch/topics/talker_listener_best_effort.launch.py
-- Installing: /home/colbren/ground-station/install/demo_nodes_cpp/share/ament_index/resource_index/package_run_dependencies/demo_nodes_cpp
-- Installing: /home/colbren/ground-station/install/demo_nodes_cpp/share/ament_index/resource_index/parent_prefix_path/demo_nodes_cpp
-- Installing: /home/colbren/ground-station/install/demo_nodes_cpp/share/demo_nodes_cpp/environment/ament_prefix_path.sh
-- Installing: /home/colbren/ground-station/install/demo_nodes_cpp/share/demo_nodes_cpp/environment/ament_prefix_path.dsv
-- Installing: /home/colbren/ground-station/install/demo_nodes_cpp/share/demo_nodes_cpp/environment/path.sh
-- Installing: /home/colbren/ground-station/install/demo_nodes_cpp/share/demo_nodes_cpp/environment/path.dsv
-- Installing: /home/colbren/ground-station/install/demo_nodes_cpp/share/demo_nodes_cpp/local_setup.bash
-- Installing: /home/colbren/ground-station/install/demo_nodes_cpp/share/demo_nodes_cpp/local_setup.sh
-- Installing: /home/colbren/ground-station/install/demo_nodes_cpp/share/demo_nodes_cpp/local_setup.zsh
-- Installing: /home/colbren/ground-station/install/demo_nodes_cpp/share/demo_nodes_cpp/local_setup.dsv
-- Installing: /home/colbren/ground-station/install/demo_nodes_cpp/share/demo_nodes_cpp/package.dsv
-- Installing: /home/colbren/ground-station/install/demo_nodes_cpp/share/ament_index/resource_index/packages/demo_nodes_cpp
-- Installing: /home/colbren/ground-station/install/demo_nodes_cpp/share/ament_index/resource_index/rclcpp_components/demo_nodes_cpp
-- Installing: /home/colbren/ground-station/install/demo_nodes_cpp/share/demo_nodes_cpp/cmake/demo_nodes_cppConfig.cmake
-- Installing: /home/colbren/ground-station/install/demo_nodes_cpp/share/demo_nodes_cpp/cmake/demo_nodes_cppConfig-version.cmake
-- Installing: /home/colbren/ground-station/install/demo_nodes_cpp/share/demo_nodes_cpp/package.xml
