[0.086s] Invoking command in '/home/colbren/ground-station/build/action_tutorials_interfaces': CMAKE_PREFIX_PATH=/home/colbren/ros2_ws/install/turtlesim_ui:/opt/ros/humble /usr/bin/cmake --build /home/colbren/ground-station/build/action_tutorials_interfaces -- -j16 -l16
[1.306s] [  3%] Built target action_tutorials_interfaces__cpp
[1.306s] [  3%] Built target ament_cmake_python_copy_action_tutorials_interfaces
[1.306s] [  6%] [32mBuilding CXX object CMakeFiles/action_tutorials_interfaces__rosidl_typesupport_introspection_cpp.dir/rosidl_typesupport_introspection_cpp/action_tutorials_interfaces/action/detail/fibonacci__type_support.cpp.o[0m
[1.306s] [  9%] [32m[1mLinking CXX shared library libaction_tutorials_interfaces__rosidl_typesupport_introspection_cpp.so[0m
[1.352s] [ 12%] Built target action_tutorials_interfaces__rosidl_typesupport_introspection_cpp
[1.847s] running egg_info
[1.850s] writing action_tutorials_interfaces.egg-info/PKG-INFO
[1.852s] writing dependency_links to action_tutorials_interfaces.egg-info/dependency_links.txt
[1.853s] writing top-level names to action_tutorials_interfaces.egg-info/top_level.txt
[1.861s] reading manifest file 'action_tutorials_interfaces.egg-info/SOURCES.txt'
[1.862s] writing manifest file 'action_tutorials_interfaces.egg-info/SOURCES.txt'
[1.929s] [ 12%] Built target ament_cmake_python_build_action_tutorials_interfaces_egg
[2.001s] [ 16%] [32mBuilding CXX object CMakeFiles/action_tutorials_interfaces__rosidl_typesupport_fastrtps_cpp.dir/rosidl_typesupport_fastrtps_cpp/action_tutorials_interfaces/action/detail/dds_fastrtps/fibonacci__type_support.cpp.o[0m
[2.907s] [ 19%] [32m[1mLinking CXX shared library libaction_tutorials_interfaces__rosidl_typesupport_fastrtps_cpp.so[0m
[3.077s] [ 22%] Built target action_tutorials_interfaces__rosidl_typesupport_fastrtps_cpp
[3.098s] [35m[1mConsolidate compiler generated dependencies of target action_tutorials_interfaces__rosidl_typesupport_cpp[0m
[3.126s] [ 32%] Built target action_tutorials_interfaces__rosidl_typesupport_cpp
[3.153s] [35m[1mConsolidate compiler generated dependencies of target action_tutorials_interfaces__rosidl_generator_c[0m
[3.172s] [ 41%] Built target action_tutorials_interfaces__rosidl_generator_c
[3.192s] [ 45%] [34m[1mGenerating C type support for eProsima Fast-RTPS[0m
[3.827s] [ 48%] [32mBuilding CXX object CMakeFiles/action_tutorials_interfaces__rosidl_typesupport_fastrtps_c.dir/rosidl_typesupport_fastrtps_c/action_tutorials_interfaces/action/detail/fibonacci__type_support_c.cpp.o[0m
[4.485s] [ 51%] [32m[1mLinking CXX shared library libaction_tutorials_interfaces__rosidl_typesupport_fastrtps_c.so[0m
[4.695s] [ 51%] Built target action_tutorials_interfaces__rosidl_typesupport_fastrtps_c
[4.739s] [ 54%] [32mBuilding CXX object CMakeFiles/action_tutorials_interfaces__rosidl_typesupport_c.dir/rosidl_typesupport_c/action_tutorials_interfaces/action/fibonacci__type_support.cpp.o[0m
[4.840s] [ 58%] [32m[1mLinking CXX shared library libaction_tutorials_interfaces__rosidl_typesupport_c.so[0m
[4.926s] [ 61%] Built target action_tutorials_interfaces__rosidl_typesupport_c
[4.951s] [ 64%] [34m[1mGenerating C introspection for ROS interfaces[0m
[5.537s] [ 67%] [32mBuilding C object CMakeFiles/action_tutorials_interfaces__rosidl_typesupport_introspection_c.dir/rosidl_typesupport_introspection_c/action_tutorials_interfaces/action/detail/fibonacci__type_support.c.o[0m
[5.624s] [ 70%] [32m[1mLinking C shared library libaction_tutorials_interfaces__rosidl_typesupport_introspection_c.so[0m
[5.685s] [ 70%] Built target action_tutorials_interfaces__rosidl_typesupport_introspection_c
[5.723s] [ 70%] Built target action_tutorials_interfaces
[5.756s] [ 74%] [34m[1mGenerating Python code for ROS interfaces[0m
[6.813s] [ 74%] Built target action_tutorials_interfaces__py
[6.856s] [ 77%] [32mBuilding C object CMakeFiles/action_tutorials_interfaces__rosidl_generator_py.dir/rosidl_generator_py/action_tutorials_interfaces/action/_fibonacci_s.c.o[0m
[7.088s] [ 80%] [32m[1mLinking C shared library rosidl_generator_py/action_tutorials_interfaces/libaction_tutorials_interfaces__rosidl_generator_py.so[0m
[7.173s] [ 80%] Built target action_tutorials_interfaces__rosidl_generator_py
[7.214s] [ 83%] [32mBuilding C object CMakeFiles/action_tutorials_interfaces__rosidl_typesupport_fastrtps_c__pyext.dir/rosidl_generator_py/action_tutorials_interfaces/_action_tutorials_interfaces_s.ep.rosidl_typesupport_fastrtps_c.c.o[0m
[7.424s] [ 87%] [32m[1mLinking C shared library rosidl_generator_py/action_tutorials_interfaces/action_tutorials_interfaces_s__rosidl_typesupport_fastrtps_c.cpython-310-x86_64-linux-gnu.so[0m
[7.509s] [ 87%] Built target action_tutorials_interfaces__rosidl_typesupport_fastrtps_c__pyext
[7.560s] [ 90%] [32mBuilding C object CMakeFiles/action_tutorials_interfaces__rosidl_typesupport_c__pyext.dir/rosidl_generator_py/action_tutorials_interfaces/_action_tutorials_interfaces_s.ep.rosidl_typesupport_c.c.o[0m
[7.773s] [ 93%] [32m[1mLinking C shared library rosidl_generator_py/action_tutorials_interfaces/action_tutorials_interfaces_s__rosidl_typesupport_c.cpython-310-x86_64-linux-gnu.so[0m
[7.845s] [ 93%] Built target action_tutorials_interfaces__rosidl_typesupport_c__pyext
[7.886s] [ 96%] [32mBuilding C object CMakeFiles/action_tutorials_interfaces__rosidl_typesupport_introspection_c__pyext.dir/rosidl_generator_py/action_tutorials_interfaces/_action_tutorials_interfaces_s.ep.rosidl_typesupport_introspection_c.c.o[0m
[8.130s] [100%] [32m[1mLinking C shared library rosidl_generator_py/action_tutorials_interfaces/action_tutorials_interfaces_s__rosidl_typesupport_introspection_c.cpython-310-x86_64-linux-gnu.so[0m
[8.222s] [100%] Built target action_tutorials_interfaces__rosidl_typesupport_introspection_c__pyext
[8.260s] Invoked command in '/home/colbren/ground-station/build/action_tutorials_interfaces' returned '0': CMAKE_PREFIX_PATH=/home/colbren/ros2_ws/install/turtlesim_ui:/opt/ros/humble /usr/bin/cmake --build /home/colbren/ground-station/build/action_tutorials_interfaces -- -j16 -l16
[8.263s] Invoking command in '/home/colbren/ground-station/build/action_tutorials_interfaces': CMAKE_PREFIX_PATH=/home/colbren/ros2_ws/install/turtlesim_ui:/opt/ros/humble /usr/bin/cmake --install /home/colbren/ground-station/build/action_tutorials_interfaces
[14.657s] -- Install configuration: ""
[14.657s] -- Installing: /home/colbren/ground-station/install/action_tutorials_interfaces/share/ament_index/resource_index/rosidl_interfaces/action_tutorials_interfaces
[14.658s] -- Installing: /home/colbren/ground-station/install/action_tutorials_interfaces/include/action_tutorials_interfaces/action_tutorials_interfaces
[14.660s] -- Installing: /home/colbren/ground-station/install/action_tutorials_interfaces/include/action_tutorials_interfaces/action_tutorials_interfaces/msg
[14.660s] -- Installing: /home/colbren/ground-station/install/action_tutorials_interfaces/include/action_tutorials_interfaces/action_tutorials_interfaces/msg/rosidl_generator_c__visibility_control.h
[14.661s] -- Installing: /home/colbren/ground-station/install/action_tutorials_interfaces/include/action_tutorials_interfaces/action_tutorials_interfaces/action
[14.661s] -- Installing: /home/colbren/ground-station/install/action_tutorials_interfaces/include/action_tutorials_interfaces/action_tutorials_interfaces/action/detail
[14.661s] -- Installing: /home/colbren/ground-station/install/action_tutorials_interfaces/include/action_tutorials_interfaces/action_tutorials_interfaces/action/detail/fibonacci__functions.c
[14.662s] -- Installing: /home/colbren/ground-station/install/action_tutorials_interfaces/include/action_tutorials_interfaces/action_tutorials_interfaces/action/detail/fibonacci__type_support.h
[14.662s] -- Installing: /home/colbren/ground-station/install/action_tutorials_interfaces/include/action_tutorials_interfaces/action_tutorials_interfaces/action/detail/fibonacci__struct.h
[14.662s] -- Installing: /home/colbren/ground-station/install/action_tutorials_interfaces/include/action_tutorials_interfaces/action_tutorials_interfaces/action/detail/fibonacci__functions.h
[14.663s] -- Installing: /home/colbren/ground-station/install/action_tutorials_interfaces/include/action_tutorials_interfaces/action_tutorials_interfaces/action/fibonacci.h
[14.663s] -- Installing: /home/colbren/ground-station/install/action_tutorials_interfaces/share/action_tutorials_interfaces/environment/library_path.sh
[14.663s] -- Installing: /home/colbren/ground-station/install/action_tutorials_interfaces/share/action_tutorials_interfaces/environment/library_path.dsv
[14.663s] -- Installing: /home/colbren/ground-station/install/action_tutorials_interfaces/lib/libaction_tutorials_interfaces__rosidl_generator_c.so
[14.663s] -- Set runtime path of "/home/colbren/ground-station/install/action_tutorials_interfaces/lib/libaction_tutorials_interfaces__rosidl_generator_c.so" to ""
[14.664s] -- Up-to-date: /home/colbren/ground-station/install/action_tutorials_interfaces/include/action_tutorials_interfaces/action_tutorials_interfaces
[14.664s] -- Up-to-date: /home/colbren/ground-station/install/action_tutorials_interfaces/include/action_tutorials_interfaces/action_tutorials_interfaces/msg
[14.664s] -- Installing: /home/colbren/ground-station/install/action_tutorials_interfaces/include/action_tutorials_interfaces/action_tutorials_interfaces/msg/rosidl_typesupport_fastrtps_c__visibility_control.h
[14.665s] -- Up-to-date: /home/colbren/ground-station/install/action_tutorials_interfaces/include/action_tutorials_interfaces/action_tutorials_interfaces/action
[14.666s] -- Up-to-date: /home/colbren/ground-station/install/action_tutorials_interfaces/include/action_tutorials_interfaces/action_tutorials_interfaces/action/detail
[14.667s] -- Installing: /home/colbren/ground-station/install/action_tutorials_interfaces/include/action_tutorials_interfaces/action_tutorials_interfaces/action/detail/fibonacci__rosidl_typesupport_fastrtps_c.h
[14.668s] -- Installing: /home/colbren/ground-station/install/action_tutorials_interfaces/lib/libaction_tutorials_interfaces__rosidl_typesupport_fastrtps_c.so
[14.668s] -- Set runtime path of "/home/colbren/ground-station/install/action_tutorials_interfaces/lib/libaction_tutorials_interfaces__rosidl_typesupport_fastrtps_c.so" to ""
[14.668s] -- Up-to-date: /home/colbren/ground-station/install/action_tutorials_interfaces/include/action_tutorials_interfaces/action_tutorials_interfaces
[14.669s] -- Up-to-date: /home/colbren/ground-station/install/action_tutorials_interfaces/include/action_tutorials_interfaces/action_tutorials_interfaces/msg
[14.669s] -- Installing: /home/colbren/ground-station/install/action_tutorials_interfaces/include/action_tutorials_interfaces/action_tutorials_interfaces/msg/rosidl_typesupport_introspection_c__visibility_control.h
[14.669s] -- Up-to-date: /home/colbren/ground-station/install/action_tutorials_interfaces/include/action_tutorials_interfaces/action_tutorials_interfaces/action
[14.670s] -- Up-to-date: /home/colbren/ground-station/install/action_tutorials_interfaces/include/action_tutorials_interfaces/action_tutorials_interfaces/action/detail
[14.670s] -- Installing: /home/colbren/ground-station/install/action_tutorials_interfaces/include/action_tutorials_interfaces/action_tutorials_interfaces/action/detail/fibonacci__rosidl_typesupport_introspection_c.h
[14.670s] -- Installing: /home/colbren/ground-station/install/action_tutorials_interfaces/include/action_tutorials_interfaces/action_tutorials_interfaces/action/detail/fibonacci__type_support.c
[14.670s] -- Installing: /home/colbren/ground-station/install/action_tutorials_interfaces/lib/libaction_tutorials_interfaces__rosidl_typesupport_introspection_c.so
[14.671s] -- Set runtime path of "/home/colbren/ground-station/install/action_tutorials_interfaces/lib/libaction_tutorials_interfaces__rosidl_typesupport_introspection_c.so" to ""
[14.671s] -- Installing: /home/colbren/ground-station/install/action_tutorials_interfaces/lib/libaction_tutorials_interfaces__rosidl_typesupport_c.so
[14.671s] -- Set runtime path of "/home/colbren/ground-station/install/action_tutorials_interfaces/lib/libaction_tutorials_interfaces__rosidl_typesupport_c.so" to ""
[14.672s] -- Up-to-date: /home/colbren/ground-station/install/action_tutorials_interfaces/include/action_tutorials_interfaces/action_tutorials_interfaces
[14.676s] -- Up-to-date: /home/colbren/ground-station/install/action_tutorials_interfaces/include/action_tutorials_interfaces/action_tutorials_interfaces/msg
[14.676s] -- Installing: /home/colbren/ground-station/install/action_tutorials_interfaces/include/action_tutorials_interfaces/action_tutorials_interfaces/msg/rosidl_generator_cpp__visibility_control.hpp
[14.676s] -- Up-to-date: /home/colbren/ground-station/install/action_tutorials_interfaces/include/action_tutorials_interfaces/action_tutorials_interfaces/action
[14.678s] -- Up-to-date: /home/colbren/ground-station/install/action_tutorials_interfaces/include/action_tutorials_interfaces/action_tutorials_interfaces/action/detail
[14.678s] -- Installing: /home/colbren/ground-station/install/action_tutorials_interfaces/include/action_tutorials_interfaces/action_tutorials_interfaces/action/detail/fibonacci__type_support.hpp
[14.678s] -- Installing: /home/colbren/ground-station/install/action_tutorials_interfaces/include/action_tutorials_interfaces/action_tutorials_interfaces/action/detail/fibonacci__traits.hpp
[14.679s] -- Installing: /home/colbren/ground-station/install/action_tutorials_interfaces/include/action_tutorials_interfaces/action_tutorials_interfaces/action/detail/fibonacci__builder.hpp
[14.679s] -- Installing: /home/colbren/ground-station/install/action_tutorials_interfaces/include/action_tutorials_interfaces/action_tutorials_interfaces/action/detail/fibonacci__struct.hpp
[14.679s] -- Installing: /home/colbren/ground-station/install/action_tutorials_interfaces/include/action_tutorials_interfaces/action_tutorials_interfaces/action/fibonacci.hpp
[14.679s] -- Up-to-date: /home/colbren/ground-station/install/action_tutorials_interfaces/include/action_tutorials_interfaces/action_tutorials_interfaces
[14.679s] -- Up-to-date: /home/colbren/ground-station/install/action_tutorials_interfaces/include/action_tutorials_interfaces/action_tutorials_interfaces/msg
[14.679s] -- Installing: /home/colbren/ground-station/install/action_tutorials_interfaces/include/action_tutorials_interfaces/action_tutorials_interfaces/msg/rosidl_typesupport_fastrtps_cpp__visibility_control.h
[14.679s] -- Up-to-date: /home/colbren/ground-station/install/action_tutorials_interfaces/include/action_tutorials_interfaces/action_tutorials_interfaces/action
[14.679s] -- Up-to-date: /home/colbren/ground-station/install/action_tutorials_interfaces/include/action_tutorials_interfaces/action_tutorials_interfaces/action/detail
[14.679s] -- Installing: /home/colbren/ground-station/install/action_tutorials_interfaces/include/action_tutorials_interfaces/action_tutorials_interfaces/action/detail/fibonacci__rosidl_typesupport_fastrtps_cpp.hpp
[14.680s] -- Installing: /home/colbren/ground-station/install/action_tutorials_interfaces/include/action_tutorials_interfaces/action_tutorials_interfaces/action/detail/dds_fastrtps
[14.680s] -- Installing: /home/colbren/ground-station/install/action_tutorials_interfaces/lib/libaction_tutorials_interfaces__rosidl_typesupport_fastrtps_cpp.so
[14.680s] -- Set runtime path of "/home/colbren/ground-station/install/action_tutorials_interfaces/lib/libaction_tutorials_interfaces__rosidl_typesupport_fastrtps_cpp.so" to ""
[14.680s] -- Up-to-date: /home/colbren/ground-station/install/action_tutorials_interfaces/include/action_tutorials_interfaces/action_tutorials_interfaces
[14.680s] -- Up-to-date: /home/colbren/ground-station/install/action_tutorials_interfaces/include/action_tutorials_interfaces/action_tutorials_interfaces/action
[14.680s] -- Up-to-date: /home/colbren/ground-station/install/action_tutorials_interfaces/include/action_tutorials_interfaces/action_tutorials_interfaces/action/detail
[14.680s] -- Installing: /home/colbren/ground-station/install/action_tutorials_interfaces/include/action_tutorials_interfaces/action_tutorials_interfaces/action/detail/fibonacci__type_support.cpp
[14.680s] -- Installing: /home/colbren/ground-station/install/action_tutorials_interfaces/include/action_tutorials_interfaces/action_tutorials_interfaces/action/detail/fibonacci__rosidl_typesupport_introspection_cpp.hpp
[14.680s] -- Installing: /home/colbren/ground-station/install/action_tutorials_interfaces/lib/libaction_tutorials_interfaces__rosidl_typesupport_introspection_cpp.so
[14.681s] -- Set runtime path of "/home/colbren/ground-station/install/action_tutorials_interfaces/lib/libaction_tutorials_interfaces__rosidl_typesupport_introspection_cpp.so" to ""
[14.681s] -- Installing: /home/colbren/ground-station/install/action_tutorials_interfaces/lib/libaction_tutorials_interfaces__rosidl_typesupport_cpp.so
[14.681s] -- Set runtime path of "/home/colbren/ground-station/install/action_tutorials_interfaces/lib/libaction_tutorials_interfaces__rosidl_typesupport_cpp.so" to ""
[14.681s] -- Installing: /home/colbren/ground-station/install/action_tutorials_interfaces/share/action_tutorials_interfaces/environment/pythonpath.sh
[14.681s] -- Installing: /home/colbren/ground-station/install/action_tutorials_interfaces/share/action_tutorials_interfaces/environment/pythonpath.dsv
[14.681s] -- Installing: /home/colbren/ground-station/install/action_tutorials_interfaces/local/lib/python3.10/dist-packages/action_tutorials_interfaces-0.20.5-py3.10.egg-info
[14.681s] -- Installing: /home/colbren/ground-station/install/action_tutorials_interfaces/local/lib/python3.10/dist-packages/action_tutorials_interfaces-0.20.5-py3.10.egg-info/top_level.txt
[14.681s] -- Installing: /home/colbren/ground-station/install/action_tutorials_interfaces/local/lib/python3.10/dist-packages/action_tutorials_interfaces-0.20.5-py3.10.egg-info/dependency_links.txt
[14.681s] -- Installing: /home/colbren/ground-station/install/action_tutorials_interfaces/local/lib/python3.10/dist-packages/action_tutorials_interfaces-0.20.5-py3.10.egg-info/PKG-INFO
[14.681s] -- Installing: /home/colbren/ground-station/install/action_tutorials_interfaces/local/lib/python3.10/dist-packages/action_tutorials_interfaces-0.20.5-py3.10.egg-info/SOURCES.txt
[14.682s] -- Installing: /home/colbren/ground-station/install/action_tutorials_interfaces/local/lib/python3.10/dist-packages/action_tutorials_interfaces
[14.682s] -- Installing: /home/colbren/ground-station/install/action_tutorials_interfaces/local/lib/python3.10/dist-packages/action_tutorials_interfaces/libaction_tutorials_interfaces__rosidl_generator_py.so
[14.682s] -- Installing: /home/colbren/ground-station/install/action_tutorials_interfaces/local/lib/python3.10/dist-packages/action_tutorials_interfaces/action_tutorials_interfaces_s__rosidl_typesupport_introspection_c.cpython-310-x86_64-linux-gnu.so
[14.683s] -- Installing: /home/colbren/ground-station/install/action_tutorials_interfaces/local/lib/python3.10/dist-packages/action_tutorials_interfaces/action_tutorials_interfaces_s__rosidl_typesupport_fastrtps_c.cpython-310-x86_64-linux-gnu.so
[14.684s] -- Installing: /home/colbren/ground-station/install/action_tutorials_interfaces/local/lib/python3.10/dist-packages/action_tutorials_interfaces/_action_tutorials_interfaces_s.ep.rosidl_typesupport_introspection_c.c
[14.684s] -- Installing: /home/colbren/ground-station/install/action_tutorials_interfaces/local/lib/python3.10/dist-packages/action_tutorials_interfaces/__init__.py
[14.684s] -- Installing: /home/colbren/ground-station/install/action_tutorials_interfaces/local/lib/python3.10/dist-packages/action_tutorials_interfaces/action
[14.684s] -- Installing: /home/colbren/ground-station/install/action_tutorials_interfaces/local/lib/python3.10/dist-packages/action_tutorials_interfaces/action/_fibonacci_s.c
[14.684s] -- Installing: /home/colbren/ground-station/install/action_tutorials_interfaces/local/lib/python3.10/dist-packages/action_tutorials_interfaces/action/__init__.py
[14.684s] -- Installing: /home/colbren/ground-station/install/action_tutorials_interfaces/local/lib/python3.10/dist-packages/action_tutorials_interfaces/action/_fibonacci.py
[14.684s] -- Installing: /home/colbren/ground-station/install/action_tutorials_interfaces/local/lib/python3.10/dist-packages/action_tutorials_interfaces/action_tutorials_interfaces_s__rosidl_typesupport_c.cpython-310-x86_64-linux-gnu.so
[14.685s] -- Installing: /home/colbren/ground-station/install/action_tutorials_interfaces/local/lib/python3.10/dist-packages/action_tutorials_interfaces/_action_tutorials_interfaces_s.ep.rosidl_typesupport_fastrtps_c.c
[14.685s] -- Installing: /home/colbren/ground-station/install/action_tutorials_interfaces/local/lib/python3.10/dist-packages/action_tutorials_interfaces/_action_tutorials_interfaces_s.ep.rosidl_typesupport_c.c
[14.685s] Listing '/home/colbren/ground-station/install/action_tutorials_interfaces/local/lib/python3.10/dist-packages/action_tutorials_interfaces'...
[14.685s] Compiling '/home/colbren/ground-station/install/action_tutorials_interfaces/local/lib/python3.10/dist-packages/action_tutorials_interfaces/__init__.py'...
[14.685s] Listing '/home/colbren/ground-station/install/action_tutorials_interfaces/local/lib/python3.10/dist-packages/action_tutorials_interfaces/action'...
[14.685s] Compiling '/home/colbren/ground-station/install/action_tutorials_interfaces/local/lib/python3.10/dist-packages/action_tutorials_interfaces/action/__init__.py'...
[14.685s] Compiling '/home/colbren/ground-station/install/action_tutorials_interfaces/local/lib/python3.10/dist-packages/action_tutorials_interfaces/action/_fibonacci.py'...
[14.685s] -- Installing: /home/colbren/ground-station/install/action_tutorials_interfaces/local/lib/python3.10/dist-packages/action_tutorials_interfaces/action_tutorials_interfaces_s__rosidl_typesupport_fastrtps_c.cpython-310-x86_64-linux-gnu.so
[14.685s] -- Set runtime path of "/home/colbren/ground-station/install/action_tutorials_interfaces/local/lib/python3.10/dist-packages/action_tutorials_interfaces/action_tutorials_interfaces_s__rosidl_typesupport_fastrtps_c.cpython-310-x86_64-linux-gnu.so" to ""
[14.686s] -- Installing: /home/colbren/ground-station/install/action_tutorials_interfaces/local/lib/python3.10/dist-packages/action_tutorials_interfaces/action_tutorials_interfaces_s__rosidl_typesupport_introspection_c.cpython-310-x86_64-linux-gnu.so
[14.686s] -- Set runtime path of "/home/colbren/ground-station/install/action_tutorials_interfaces/local/lib/python3.10/dist-packages/action_tutorials_interfaces/action_tutorials_interfaces_s__rosidl_typesupport_introspection_c.cpython-310-x86_64-linux-gnu.so" to ""
[14.686s] -- Installing: /home/colbren/ground-station/install/action_tutorials_interfaces/local/lib/python3.10/dist-packages/action_tutorials_interfaces/action_tutorials_interfaces_s__rosidl_typesupport_c.cpython-310-x86_64-linux-gnu.so
[14.686s] -- Set runtime path of "/home/colbren/ground-station/install/action_tutorials_interfaces/local/lib/python3.10/dist-packages/action_tutorials_interfaces/action_tutorials_interfaces_s__rosidl_typesupport_c.cpython-310-x86_64-linux-gnu.so" to ""
[14.686s] -- Installing: /home/colbren/ground-station/install/action_tutorials_interfaces/lib/libaction_tutorials_interfaces__rosidl_generator_py.so
[14.686s] -- Set runtime path of "/home/colbren/ground-station/install/action_tutorials_interfaces/lib/libaction_tutorials_interfaces__rosidl_generator_py.so" to ""
[14.686s] -- Installing: /home/colbren/ground-station/install/action_tutorials_interfaces/share/action_tutorials_interfaces/action/Fibonacci.idl
[14.686s] -- Installing: /home/colbren/ground-station/install/action_tutorials_interfaces/share/action_tutorials_interfaces/action/Fibonacci.action
[14.686s] -- Installing: /home/colbren/ground-station/install/action_tutorials_interfaces/share/ament_index/resource_index/package_run_dependencies/action_tutorials_interfaces
[14.687s] -- Installing: /home/colbren/ground-station/install/action_tutorials_interfaces/share/ament_index/resource_index/parent_prefix_path/action_tutorials_interfaces
[14.687s] -- Installing: /home/colbren/ground-station/install/action_tutorials_interfaces/share/action_tutorials_interfaces/environment/ament_prefix_path.sh
[14.687s] -- Installing: /home/colbren/ground-station/install/action_tutorials_interfaces/share/action_tutorials_interfaces/environment/ament_prefix_path.dsv
[14.691s] -- Installing: /home/colbren/ground-station/install/action_tutorials_interfaces/share/action_tutorials_interfaces/environment/path.sh
[14.692s] -- Installing: /home/colbren/ground-station/install/action_tutorials_interfaces/share/action_tutorials_interfaces/environment/path.dsv
[14.692s] -- Installing: /home/colbren/ground-station/install/action_tutorials_interfaces/share/action_tutorials_interfaces/local_setup.bash
[14.692s] -- Installing: /home/colbren/ground-station/install/action_tutorials_interfaces/share/action_tutorials_interfaces/local_setup.sh
[14.692s] -- Installing: /home/colbren/ground-station/install/action_tutorials_interfaces/share/action_tutorials_interfaces/local_setup.zsh
[14.692s] -- Installing: /home/colbren/ground-station/install/action_tutorials_interfaces/share/action_tutorials_interfaces/local_setup.dsv
[14.692s] -- Installing: /home/colbren/ground-station/install/action_tutorials_interfaces/share/action_tutorials_interfaces/package.dsv
[14.692s] -- Installing: /home/colbren/ground-station/install/action_tutorials_interfaces/share/ament_index/resource_index/packages/action_tutorials_interfaces
[14.692s] -- Installing: /home/colbren/ground-station/install/action_tutorials_interfaces/share/action_tutorials_interfaces/cmake/export_action_tutorials_interfaces__rosidl_generator_cExport.cmake
[14.692s] -- Installing: /home/colbren/ground-station/install/action_tutorials_interfaces/share/action_tutorials_interfaces/cmake/export_action_tutorials_interfaces__rosidl_generator_cExport-noconfig.cmake
[14.693s] -- Installing: /home/colbren/ground-station/install/action_tutorials_interfaces/share/action_tutorials_interfaces/cmake/export_action_tutorials_interfaces__rosidl_typesupport_fastrtps_cExport.cmake
[14.693s] -- Installing: /home/colbren/ground-station/install/action_tutorials_interfaces/share/action_tutorials_interfaces/cmake/export_action_tutorials_interfaces__rosidl_typesupport_fastrtps_cExport-noconfig.cmake
[14.693s] -- Installing: /home/colbren/ground-station/install/action_tutorials_interfaces/share/action_tutorials_interfaces/cmake/action_tutorials_interfaces__rosidl_typesupport_introspection_cExport.cmake
[14.693s] -- Installing: /home/colbren/ground-station/install/action_tutorials_interfaces/share/action_tutorials_interfaces/cmake/action_tutorials_interfaces__rosidl_typesupport_introspection_cExport-noconfig.cmake
[14.693s] -- Installing: /home/colbren/ground-station/install/action_tutorials_interfaces/share/action_tutorials_interfaces/cmake/action_tutorials_interfaces__rosidl_typesupport_cExport.cmake
[14.693s] -- Installing: /home/colbren/ground-station/install/action_tutorials_interfaces/share/action_tutorials_interfaces/cmake/action_tutorials_interfaces__rosidl_typesupport_cExport-noconfig.cmake
[14.693s] -- Installing: /home/colbren/ground-station/install/action_tutorials_interfaces/share/action_tutorials_interfaces/cmake/export_action_tutorials_interfaces__rosidl_generator_cppExport.cmake
[14.693s] -- Installing: /home/colbren/ground-station/install/action_tutorials_interfaces/share/action_tutorials_interfaces/cmake/export_action_tutorials_interfaces__rosidl_typesupport_fastrtps_cppExport.cmake
[14.693s] -- Installing: /home/colbren/ground-station/install/action_tutorials_interfaces/share/action_tutorials_interfaces/cmake/export_action_tutorials_interfaces__rosidl_typesupport_fastrtps_cppExport-noconfig.cmake
[14.693s] -- Installing: /home/colbren/ground-station/install/action_tutorials_interfaces/share/action_tutorials_interfaces/cmake/action_tutorials_interfaces__rosidl_typesupport_introspection_cppExport.cmake
[14.694s] -- Installing: /home/colbren/ground-station/install/action_tutorials_interfaces/share/action_tutorials_interfaces/cmake/action_tutorials_interfaces__rosidl_typesupport_introspection_cppExport-noconfig.cmake
[14.694s] -- Installing: /home/colbren/ground-station/install/action_tutorials_interfaces/share/action_tutorials_interfaces/cmake/action_tutorials_interfaces__rosidl_typesupport_cppExport.cmake
[14.694s] -- Installing: /home/colbren/ground-station/install/action_tutorials_interfaces/share/action_tutorials_interfaces/cmake/action_tutorials_interfaces__rosidl_typesupport_cppExport-noconfig.cmake
[14.694s] -- Installing: /home/colbren/ground-station/install/action_tutorials_interfaces/share/action_tutorials_interfaces/cmake/export_action_tutorials_interfaces__rosidl_generator_pyExport.cmake
[14.694s] -- Installing: /home/colbren/ground-station/install/action_tutorials_interfaces/share/action_tutorials_interfaces/cmake/export_action_tutorials_interfaces__rosidl_generator_pyExport-noconfig.cmake
[14.694s] -- Installing: /home/colbren/ground-station/install/action_tutorials_interfaces/share/action_tutorials_interfaces/cmake/rosidl_cmake-extras.cmake
[14.694s] -- Installing: /home/colbren/ground-station/install/action_tutorials_interfaces/share/action_tutorials_interfaces/cmake/ament_cmake_export_dependencies-extras.cmake
[14.694s] -- Installing: /home/colbren/ground-station/install/action_tutorials_interfaces/share/action_tutorials_interfaces/cmake/ament_cmake_export_include_directories-extras.cmake
[14.694s] -- Installing: /home/colbren/ground-station/install/action_tutorials_interfaces/share/action_tutorials_interfaces/cmake/ament_cmake_export_libraries-extras.cmake
[14.695s] -- Installing: /home/colbren/ground-station/install/action_tutorials_interfaces/share/action_tutorials_interfaces/cmake/ament_cmake_export_targets-extras.cmake
[14.697s] -- Installing: /home/colbren/ground-station/install/action_tutorials_interfaces/share/action_tutorials_interfaces/cmake/rosidl_cmake_export_typesupport_targets-extras.cmake
[14.697s] -- Installing: /home/colbren/ground-station/install/action_tutorials_interfaces/share/action_tutorials_interfaces/cmake/rosidl_cmake_export_typesupport_libraries-extras.cmake
[14.697s] -- Installing: /home/colbren/ground-station/install/action_tutorials_interfaces/share/action_tutorials_interfaces/cmake/action_tutorials_interfacesConfig.cmake
[14.698s] -- Installing: /home/colbren/ground-station/install/action_tutorials_interfaces/share/action_tutorials_interfaces/cmake/action_tutorials_interfacesConfig-version.cmake
[14.698s] -- Installing: /home/colbren/ground-station/install/action_tutorials_interfaces/share/action_tutorials_interfaces/package.xml
[14.772s] Invoked command in '/home/colbren/ground-station/build/action_tutorials_interfaces' returned '0': CMAKE_PREFIX_PATH=/home/colbren/ros2_ws/install/turtlesim_ui:/opt/ros/humble /usr/bin/cmake --install /home/colbren/ground-station/build/action_tutorials_interfaces
