[0.267s] Invoking command in '/home/colbren/ground-station/build/intra_process_demo': CMAKE_PREFIX_PATH=/home/colbren/ros2_ws/install/turtlesim_ui:/opt/ros/humble /usr/bin/cmake /home/colbren/ground-station/src/demos/intra_process_demo -DCMAKE_INSTALL_PREFIX=/home/colbren/ground-station/install/intra_process_demo
[1.062s] -- The C compiler identification is GNU 11.4.0
[1.062s] -- The CXX compiler identification is GNU 11.4.0
[1.062s] -- Detecting C compiler ABI info
[1.062s] -- Detecting C compiler ABI info - done
[1.062s] -- Check for working C compiler: /usr/bin/cc - skipped
[1.062s] -- Detecting C compile features
[1.062s] -- Detecting C compile features - done
[1.062s] -- Detecting CXX compiler ABI info
[1.062s] -- Detecting CXX compiler ABI info - done
[1.062s] -- Check for working CXX compiler: /usr/bin/c++ - skipped
[1.062s] -- Detecting CXX compile features
[1.062s] -- Detecting CXX compile features - done
[1.063s] -- Found ament_cmake: 1.3.11 (/opt/ros/humble/share/ament_cmake/cmake)
[1.063s] -- Found Python3: /usr/bin/python3 (found version "3.10.12") found components: Interpreter 
[1.063s] -- Found builtin_interfaces: 1.2.1 (/opt/ros/humble/share/builtin_interfaces/cmake)
[1.079s] -- Found rosidl_generator_c: 3.1.6 (/opt/ros/humble/share/rosidl_generator_c/cmake)
[1.088s] -- Found rosidl_adapter: 3.1.6 (/opt/ros/humble/share/rosidl_adapter/cmake)
[1.096s] -- Found rosidl_generator_cpp: 3.1.6 (/opt/ros/humble/share/rosidl_generator_cpp/cmake)
[1.113s] -- Using all available rosidl_typesupport_c: rosidl_typesupport_fastrtps_c;rosidl_typesupport_introspection_c
[1.137s] -- Using all available rosidl_typesupport_cpp: rosidl_typesupport_fastrtps_cpp;rosidl_typesupport_introspection_cpp
[1.159s] -- Found rclcpp: 16.0.11 (/opt/ros/humble/share/rclcpp/cmake)
[1.210s] -- Found rmw_implementation_cmake: 6.1.2 (/opt/ros/humble/share/rmw_implementation_cmake/cmake)
[1.214s] -- Found rmw_fastrtps_cpp: 6.2.7 (/opt/ros/humble/share/rmw_fastrtps_cpp/cmake)
[1.356s] -- Found OpenSSL: /usr/lib/x86_64-linux-gnu/libcrypto.so (found version "3.0.2")  
[1.410s] -- Found FastRTPS: /opt/ros/humble/include  
[1.477s] -- Using RMW implementation 'rmw_fastrtps_cpp' as default
[1.491s] -- Looking for pthread.h
[1.608s] -- Looking for pthread.h - found
[1.608s] -- Performing Test CMAKE_HAVE_LIBC_PTHREAD
[1.758s] -- Performing Test CMAKE_HAVE_LIBC_PTHREAD - Success
[1.760s] -- Found Threads: TRUE  
[1.847s] -- Found sensor_msgs: 4.2.4 (/opt/ros/humble/share/sensor_msgs/cmake)
[1.901s] -- Found OpenCV: /usr (found version "4.5.4") found components: core highgui imgproc videoio 
[1.905s] -- Found ament_lint_auto: 0.12.11 (/opt/ros/humble/share/ament_lint_auto/cmake)
[2.074s] -- Found python_cmake_module: 0.10.0 (/opt/ros/humble/share/python_cmake_module/cmake)
[2.139s] -- Found PythonInterp: /usr/bin/python3 (found suitable version "3.10.12", minimum required is "3.6") 
[2.139s] -- Found PythonLibs: /usr/lib/x86_64-linux-gnu/libpython3.10.so (found suitable version "3.10.12", minimum required is "3.5") 
[2.139s] -- Using PYTHON_EXECUTABLE: /usr/bin/python3
[2.139s] -- Using PYTHON_INCLUDE_DIRS: /usr/include/python3.10
[2.139s] -- Using PYTHON_LIBRARIES: /usr/lib/x86_64-linux-gnu/libpython3.10.so
[2.184s] -- Found PythonExtra: .so  
[2.194s] -- Added test 'copyright' to check source files copyright and LICENSE
[2.204s] -- Added test 'cppcheck' to perform static code analysis on C / C++ code
[2.205s] -- Configured cppcheck include dirs: /home/colbren/ground-station/src/demos/intra_process_demo/include
[2.205s] -- Configured cppcheck exclude dirs and/or files: 
[2.213s] -- Added test 'cpplint' to check C / C++ code against the Google style
[2.213s] -- Configured cpplint exclude dirs and/or files: 
[2.214s] -- Added test 'lint_cmake' to check CMake code style
[2.219s] -- Added test 'uncrustify' to check C / C++ code style
[2.219s] -- Configured uncrustify additional arguments: 
[2.220s] -- Added test 'xmllint' to check XML markup files
[2.226s] -- Configuring done
[2.316s] -- Generating done
[2.406s] -- Build files have been written to: /home/colbren/ground-station/build/intra_process_demo
[2.520s] Invoked command in '/home/colbren/ground-station/build/intra_process_demo' returned '0': CMAKE_PREFIX_PATH=/home/colbren/ros2_ws/install/turtlesim_ui:/opt/ros/humble /usr/bin/cmake /home/colbren/ground-station/src/demos/intra_process_demo -DCMAKE_INSTALL_PREFIX=/home/colbren/ground-station/install/intra_process_demo
[2.520s] Invoking command in '/home/colbren/ground-station/build/intra_process_demo': CMAKE_PREFIX_PATH=/home/colbren/ros2_ws/install/turtlesim_ui:/opt/ros/humble /usr/bin/cmake --build /home/colbren/ground-station/build/intra_process_demo -- -j16 -l16
[6.963s] [  7%] [32mBuilding CXX object CMakeFiles/two_node_pipeline.dir/src/two_node_pipeline/two_node_pipeline.cpp.o[0m
[6.963s] [ 14%] [32mBuilding CXX object CMakeFiles/image_pipeline_with_two_image_view.dir/src/image_pipeline/image_pipeline_with_two_image_view.cpp.o[0m
[6.963s] [ 21%] [32mBuilding CXX object CMakeFiles/camera_node.dir/src/image_pipeline/camera_node.cpp.o[0m
[6.963s] [ 28%] [32mBuilding CXX object CMakeFiles/cyclic_pipeline.dir/src/cyclic_pipeline/cyclic_pipeline.cpp.o[0m
[6.963s] [ 35%] [32mBuilding CXX object CMakeFiles/image_pipeline_all_in_one.dir/src/image_pipeline/image_pipeline_all_in_one.cpp.o[0m
[6.963s] [ 42%] [32mBuilding CXX object CMakeFiles/image_view_node.dir/src/image_pipeline/image_view_node.cpp.o[0m
[6.963s] [ 50%] [32mBuilding CXX object CMakeFiles/watermark_node.dir/src/image_pipeline/watermark_node.cpp.o[0m
