[0.094s] Invoking command in '/home/colbren/ground-station/build/demo_nodes_cpp_native': CMAKE_PREFIX_PATH=/home/colbren/ros2_ws/install/turtlesim_ui:/opt/ros/humble /usr/bin/cmake --build /home/colbren/ground-station/build/demo_nodes_cpp_native -- -j16 -l16
[1.096s] [ 50%] Built target talker
[1.101s] [100%] Built target talker_native
[1.105s] Invoked command in '/home/colbren/ground-station/build/demo_nodes_cpp_native' returned '0': CMAKE_PREFIX_PATH=/home/colbren/ros2_ws/install/turtlesim_ui:/opt/ros/humble /usr/bin/cmake --build /home/colbren/ground-station/build/demo_nodes_cpp_native -- -j16 -l16
[1.117s] Invoking command in '/home/colbren/ground-station/build/demo_nodes_cpp_native': CMAKE_PREFIX_PATH=/home/colbren/ros2_ws/install/turtlesim_ui:/opt/ros/humble /usr/bin/cmake --install /home/colbren/ground-station/build/demo_nodes_cpp_native
[1.152s] -- Install configuration: ""
[1.153s] -- Up-to-date: /home/colbren/ground-station/install/demo_nodes_cpp_native/lib/demo_nodes_cpp_native/talker
[1.154s] -- Up-to-date: /home/colbren/ground-station/install/demo_nodes_cpp_native/lib/libtalker_native.so
[1.155s] -- Up-to-date: /home/colbren/ground-station/install/demo_nodes_cpp_native/share/ament_index/resource_index/package_run_dependencies/demo_nodes_cpp_native
[1.155s] -- Up-to-date: /home/colbren/ground-station/install/demo_nodes_cpp_native/share/ament_index/resource_index/parent_prefix_path/demo_nodes_cpp_native
[1.155s] -- Up-to-date: /home/colbren/ground-station/install/demo_nodes_cpp_native/share/demo_nodes_cpp_native/environment/ament_prefix_path.sh
[1.155s] -- Up-to-date: /home/colbren/ground-station/install/demo_nodes_cpp_native/share/demo_nodes_cpp_native/environment/ament_prefix_path.dsv
[1.155s] -- Up-to-date: /home/colbren/ground-station/install/demo_nodes_cpp_native/share/demo_nodes_cpp_native/environment/path.sh
[1.156s] -- Up-to-date: /home/colbren/ground-station/install/demo_nodes_cpp_native/share/demo_nodes_cpp_native/environment/path.dsv
[1.157s] -- Up-to-date: /home/colbren/ground-station/install/demo_nodes_cpp_native/share/demo_nodes_cpp_native/local_setup.bash
[1.157s] -- Up-to-date: /home/colbren/ground-station/install/demo_nodes_cpp_native/share/demo_nodes_cpp_native/local_setup.sh
[1.157s] -- Up-to-date: /home/colbren/ground-station/install/demo_nodes_cpp_native/share/demo_nodes_cpp_native/local_setup.zsh
[1.157s] -- Up-to-date: /home/colbren/ground-station/install/demo_nodes_cpp_native/share/demo_nodes_cpp_native/local_setup.dsv
[1.157s] -- Installing: /home/colbren/ground-station/install/demo_nodes_cpp_native/share/demo_nodes_cpp_native/package.dsv
[1.157s] -- Up-to-date: /home/colbren/ground-station/install/demo_nodes_cpp_native/share/ament_index/resource_index/packages/demo_nodes_cpp_native
[1.158s] -- Up-to-date: /home/colbren/ground-station/install/demo_nodes_cpp_native/share/ament_index/resource_index/rclcpp_components/demo_nodes_cpp_native
[1.158s] -- Up-to-date: /home/colbren/ground-station/install/demo_nodes_cpp_native/share/demo_nodes_cpp_native/cmake/demo_nodes_cpp_nativeConfig.cmake
[1.158s] -- Up-to-date: /home/colbren/ground-station/install/demo_nodes_cpp_native/share/demo_nodes_cpp_native/cmake/demo_nodes_cpp_nativeConfig-version.cmake
[1.158s] -- Up-to-date: /home/colbren/ground-station/install/demo_nodes_cpp_native/share/demo_nodes_cpp_native/package.xml
[1.256s] Invoked command in '/home/colbren/ground-station/build/demo_nodes_cpp_native' returned '0': CMAKE_PREFIX_PATH=/home/colbren/ros2_ws/install/turtlesim_ui:/opt/ros/humble /usr/bin/cmake --install /home/colbren/ground-station/build/demo_nodes_cpp_native
