running egg_info
writing ../../../build/topic_monitor/topic_monitor.egg-info/PKG-INFO
writing dependency_links to ../../../build/topic_monitor/topic_monitor.egg-info/dependency_links.txt
writing entry points to ../../../build/topic_monitor/topic_monitor.egg-info/entry_points.txt
writing requirements to ../../../build/topic_monitor/topic_monitor.egg-info/requires.txt
writing top-level names to ../../../build/topic_monitor/topic_monitor.egg-info/top_level.txt
reading manifest file '../../../build/topic_monitor/topic_monitor.egg-info/SOURCES.txt'
writing manifest file '../../../build/topic_monitor/topic_monitor.egg-info/SOURCES.txt'
running build
running build_py
running install
running install_lib
running install_data
running install_egg_info
removing '/home/colbren/ground-station/install/topic_monitor/lib/python3.10/site-packages/topic_monitor-0.20.5-py3.10.egg-info' (and everything under it)
Copying ../../../build/topic_monitor/topic_monitor.egg-info to /home/colbren/ground-station/install/topic_monitor/lib/python3.10/site-packages/topic_monitor-0.20.5-py3.10.egg-info
running install_scripts
Installing data_publisher script to /home/colbren/ground-station/install/topic_monitor/lib/topic_monitor
Installing topic_monitor script to /home/colbren/ground-station/install/topic_monitor/lib/topic_monitor
writing list of installed files to '/home/colbren/ground-station/build/topic_monitor/install.log'
