[2.122s] Invoking command in '/home/colbren/ground-station/src/demos/topic_monitor': PYTHONPATH=/home/colbren/ground-station/build/topic_monitor/prefix_override:/usr/lib/python3/dist-packages/colcon_core/task/python/colcon_distutils_commands:/home/colbren/ground-station/install/topic_monitor/lib/python3.10/site-packages:${PYTHONPATH} /usr/bin/python3 -W ignore:setup.py install is deprecated -W ignore:easy_install command is deprecated setup.py egg_info --egg-base ../../../build/topic_monitor build --build-base /home/colbren/ground-station/build/topic_monitor/build install --record /home/colbren/ground-station/build/topic_monitor/install.log --single-version-externally-managed install_data
[2.460s] running egg_info
[2.461s] writing ../../../build/topic_monitor/topic_monitor.egg-info/PKG-INFO
[2.462s] writing dependency_links to ../../../build/topic_monitor/topic_monitor.egg-info/dependency_links.txt
[2.462s] writing entry points to ../../../build/topic_monitor/topic_monitor.egg-info/entry_points.txt
[2.462s] writing requirements to ../../../build/topic_monitor/topic_monitor.egg-info/requires.txt
[2.462s] writing top-level names to ../../../build/topic_monitor/topic_monitor.egg-info/top_level.txt
[2.465s] reading manifest file '../../../build/topic_monitor/topic_monitor.egg-info/SOURCES.txt'
[2.470s] writing manifest file '../../../build/topic_monitor/topic_monitor.egg-info/SOURCES.txt'
[2.470s] running build
[2.470s] running build_py
[2.470s] running install
[2.471s] running install_lib
[2.475s] running install_data
[2.475s] running install_egg_info
[2.477s] removing '/home/colbren/ground-station/install/topic_monitor/lib/python3.10/site-packages/topic_monitor-0.20.5-py3.10.egg-info' (and everything under it)
[2.478s] Copying ../../../build/topic_monitor/topic_monitor.egg-info to /home/colbren/ground-station/install/topic_monitor/lib/python3.10/site-packages/topic_monitor-0.20.5-py3.10.egg-info
[2.479s] running install_scripts
[2.512s] Installing data_publisher script to /home/colbren/ground-station/install/topic_monitor/lib/topic_monitor
[2.512s] Installing topic_monitor script to /home/colbren/ground-station/install/topic_monitor/lib/topic_monitor
[2.512s] writing list of installed files to '/home/colbren/ground-station/build/topic_monitor/install.log'
[2.562s] Invoked command in '/home/colbren/ground-station/src/demos/topic_monitor' returned '0': PYTHONPATH=/home/colbren/ground-station/build/topic_monitor/prefix_override:/usr/lib/python3/dist-packages/colcon_core/task/python/colcon_distutils_commands:/home/colbren/ground-station/install/topic_monitor/lib/python3.10/site-packages:${PYTHONPATH} /usr/bin/python3 -W ignore:setup.py install is deprecated -W ignore:easy_install command is deprecated setup.py egg_info --egg-base ../../../build/topic_monitor build --build-base /home/colbren/ground-station/build/topic_monitor/build install --record /home/colbren/ground-station/build/topic_monitor/install.log --single-version-externally-managed install_data
