[2.027s] Invoking command in '/home/colbren/ground-station/src/demos/topic_monitor': PYTHONPATH=/home/colbren/ground-station/build/topic_monitor/prefix_override:/usr/lib/python3/dist-packages/colcon_core/task/python/colcon_distutils_commands:/home/colbren/ground-station/install/topic_monitor/lib/python3.10/site-packages:${PYTHONPATH} /usr/bin/python3 -W ignore:setup.py install is deprecated -W ignore:easy_install command is deprecated setup.py egg_info --egg-base ../../../build/topic_monitor build --build-base /home/colbren/ground-station/build/topic_monitor/build install --record /home/colbren/ground-station/build/topic_monitor/install.log --single-version-externally-managed install_data
[14.505s] running egg_info
[14.505s] writing ../../../build/topic_monitor/topic_monitor.egg-info/PKG-INFO
[14.505s] writing dependency_links to ../../../build/topic_monitor/topic_monitor.egg-info/dependency_links.txt
[14.505s] writing entry points to ../../../build/topic_monitor/topic_monitor.egg-info/entry_points.txt
[14.505s] writing requirements to ../../../build/topic_monitor/topic_monitor.egg-info/requires.txt
[14.505s] writing top-level names to ../../../build/topic_monitor/topic_monitor.egg-info/top_level.txt
[14.506s] reading manifest file '../../../build/topic_monitor/topic_monitor.egg-info/SOURCES.txt'
[14.506s] writing manifest file '../../../build/topic_monitor/topic_monitor.egg-info/SOURCES.txt'
[14.506s] running build
[14.506s] running build_py
[14.506s] running install
[14.506s] running install_lib
[14.507s] running install_data
[14.507s] running install_egg_info
[14.507s] removing '/home/colbren/ground-station/install/topic_monitor/lib/python3.10/site-packages/topic_monitor-0.20.5-py3.10.egg-info' (and everything under it)
[14.507s] Copying ../../../build/topic_monitor/topic_monitor.egg-info to /home/colbren/ground-station/install/topic_monitor/lib/python3.10/site-packages/topic_monitor-0.20.5-py3.10.egg-info
[14.507s] running install_scripts
[14.508s] Installing data_publisher script to /home/colbren/ground-station/install/topic_monitor/lib/topic_monitor
[14.508s] Installing topic_monitor script to /home/colbren/ground-station/install/topic_monitor/lib/topic_monitor
[14.508s] writing list of installed files to '/home/colbren/ground-station/build/topic_monitor/install.log'
[14.567s] Invoked command in '/home/colbren/ground-station/src/demos/topic_monitor' returned '0': PYTHONPATH=/home/colbren/ground-station/build/topic_monitor/prefix_override:/usr/lib/python3/dist-packages/colcon_core/task/python/colcon_distutils_commands:/home/colbren/ground-station/install/topic_monitor/lib/python3.10/site-packages:${PYTHONPATH} /usr/bin/python3 -W ignore:setup.py install is deprecated -W ignore:easy_install command is deprecated setup.py egg_info --egg-base ../../../build/topic_monitor build --build-base /home/colbren/ground-station/build/topic_monitor/build install --record /home/colbren/ground-station/build/topic_monitor/install.log --single-version-externally-managed install_data
