[  2%] Built target logging_demo__cpp
[  5%] [32mBuilding CXX object CMakeFiles/logger_usage_component.dir/src/logger_usage_component.cpp.o[0m
[  8%] [32m[1mLinking CXX shared library liblogger_usage_component.so[0m
[  8%] Built target logger_usage_component
[ 10%] [32mBuilding CXX object CMakeFiles/logging_demo__rosidl_typesupport_introspection_cpp.dir/rosidl_typesupport_introspection_cpp/logging_demo/srv/detail/config_logger__type_support.cpp.o[0m
[ 13%] [32m[1mLinking CXX shared library liblogging_demo__rosidl_typesupport_introspection_cpp.so[0m
[ 16%] Built target logging_demo__rosidl_typesupport_introspection_cpp
[ 18%] [32mBuilding CXX object CMakeFiles/logging_demo__rosidl_typesupport_fastrtps_cpp.dir/rosidl_typesupport_fastrtps_cpp/logging_demo/srv/detail/dds_fastrtps/config_logger__type_support.cpp.o[0m
[ 21%] [32m[1mLinking CXX shared library liblogging_demo__rosidl_typesupport_fastrtps_cpp.so[0m
[ 24%] Built target logging_demo__rosidl_typesupport_fastrtps_cpp
[ 27%] [32mBuilding CXX object CMakeFiles/logging_demo__rosidl_typesupport_cpp.dir/rosidl_typesupport_cpp/logging_demo/srv/config_logger__type_support.cpp.o[0m
[ 29%] [32m[1mLinking CXX shared library liblogging_demo__rosidl_typesupport_cpp.so[0m
[ 32%] Built target logging_demo__rosidl_typesupport_cpp
[ 32%] Built target ament_cmake_python_copy_logging_demo
[ 35%] [32mBuilding CXX object CMakeFiles/logger_config_component.dir/src/logger_config_component.cpp.o[0m
[ 37%] [32m[1mLinking CXX shared library liblogger_config_component.so[0m
[ 37%] Built target logger_config_component
running egg_info
writing logging_demo.egg-info/PKG-INFO
writing dependency_links to logging_demo.egg-info/dependency_links.txt
writing top-level names to logging_demo.egg-info/top_level.txt
reading manifest file 'logging_demo.egg-info/SOURCES.txt'
writing manifest file 'logging_demo.egg-info/SOURCES.txt'
[ 37%] Built target ament_cmake_python_build_logging_demo_egg
[ 40%] [32mBuilding CXX object CMakeFiles/logging_demo_main.dir/src/logging_demo_main.cpp.o[0m
[ 43%] [32m[1mLinking CXX executable logging_demo_main[0m
[ 43%] Built target logging_demo_main
[35m[1mConsolidate compiler generated dependencies of target logging_demo__rosidl_generator_c[0m
[ 51%] Built target logging_demo__rosidl_generator_c
[ 54%] [32mBuilding CXX object CMakeFiles/logging_demo__rosidl_typesupport_fastrtps_c.dir/rosidl_typesupport_fastrtps_c/logging_demo/srv/detail/config_logger__type_support_c.cpp.o[0m
[ 56%] [32m[1mLinking CXX shared library liblogging_demo__rosidl_typesupport_fastrtps_c.so[0m
[ 59%] Built target logging_demo__rosidl_typesupport_fastrtps_c
[35m[1mConsolidate compiler generated dependencies of target logging_demo__rosidl_typesupport_c[0m
[ 62%] [32m[1mLinking CXX shared library liblogging_demo__rosidl_typesupport_c.so[0m
[ 67%] Built target logging_demo__rosidl_typesupport_c
[35m[1mConsolidate compiler generated dependencies of target logging_demo__rosidl_typesupport_introspection_c[0m
[ 75%] Built target logging_demo__rosidl_typesupport_introspection_c
[ 75%] Built target logging_demo
[ 78%] [34m[1mGenerating Python code for ROS interfaces[0m
[ 78%] Built target logging_demo__py
[ 81%] [32mBuilding C object CMakeFiles/logging_demo__rosidl_generator_py.dir/rosidl_generator_py/logging_demo/srv/_config_logger_s.c.o[0m
[ 83%] [32m[1mLinking C shared library rosidl_generator_py/logging_demo/liblogging_demo__rosidl_generator_py.so[0m
[ 83%] Built target logging_demo__rosidl_generator_py
[ 86%] [32mBuilding C object CMakeFiles/logging_demo__rosidl_typesupport_fastrtps_c__pyext.dir/rosidl_generator_py/logging_demo/_logging_demo_s.ep.rosidl_typesupport_fastrtps_c.c.o[0m
[ 89%] [32m[1mLinking C shared library rosidl_generator_py/logging_demo/logging_demo_s__rosidl_typesupport_fastrtps_c.cpython-310-x86_64-linux-gnu.so[0m
[ 89%] Built target logging_demo__rosidl_typesupport_fastrtps_c__pyext
[ 91%] [32mBuilding C object CMakeFiles/logging_demo__rosidl_typesupport_c__pyext.dir/rosidl_generator_py/logging_demo/_logging_demo_s.ep.rosidl_typesupport_c.c.o[0m
[ 94%] [32m[1mLinking C shared library rosidl_generator_py/logging_demo/logging_demo_s__rosidl_typesupport_c.cpython-310-x86_64-linux-gnu.so[0m
[ 94%] Built target logging_demo__rosidl_typesupport_c__pyext
[ 97%] [32mBuilding C object CMakeFiles/logging_demo__rosidl_typesupport_introspection_c__pyext.dir/rosidl_generator_py/logging_demo/_logging_demo_s.ep.rosidl_typesupport_introspection_c.c.o[0m
[100%] [32m[1mLinking C shared library rosidl_generator_py/logging_demo/logging_demo_s__rosidl_typesupport_introspection_c.cpython-310-x86_64-linux-gnu.so[0m
[100%] Built target logging_demo__rosidl_typesupport_introspection_c__pyext
-- Install configuration: ""
-- Installing: /home/colbren/ground-station/install/logging_demo/share/ament_index/resource_index/rosidl_interfaces/logging_demo
-- Installing: /home/colbren/ground-station/install/logging_demo/include/logging_demo/logging_demo
-- Installing: /home/colbren/ground-station/install/logging_demo/include/logging_demo/logging_demo/srv
-- Installing: /home/colbren/ground-station/install/logging_demo/include/logging_demo/logging_demo/srv/detail
-- Installing: /home/colbren/ground-station/install/logging_demo/include/logging_demo/logging_demo/srv/detail/config_logger__type_support.h
-- Installing: /home/colbren/ground-station/install/logging_demo/include/logging_demo/logging_demo/srv/detail/config_logger__functions.c
-- Installing: /home/colbren/ground-station/install/logging_demo/include/logging_demo/logging_demo/srv/detail/config_logger__struct.h
-- Installing: /home/colbren/ground-station/install/logging_demo/include/logging_demo/logging_demo/srv/detail/config_logger__functions.h
-- Installing: /home/colbren/ground-station/install/logging_demo/include/logging_demo/logging_demo/srv/config_logger.h
-- Installing: /home/colbren/ground-station/install/logging_demo/include/logging_demo/logging_demo/msg
-- Installing: /home/colbren/ground-station/install/logging_demo/include/logging_demo/logging_demo/msg/rosidl_generator_c__visibility_control.h
-- Installing: /home/colbren/ground-station/install/logging_demo/share/logging_demo/environment/library_path.sh
-- Installing: /home/colbren/ground-station/install/logging_demo/share/logging_demo/environment/library_path.dsv
-- Installing: /home/colbren/ground-station/install/logging_demo/lib/liblogging_demo__rosidl_generator_c.so
-- Set runtime path of "/home/colbren/ground-station/install/logging_demo/lib/liblogging_demo__rosidl_generator_c.so" to ""
-- Up-to-date: /home/colbren/ground-station/install/logging_demo/include/logging_demo/logging_demo
-- Up-to-date: /home/colbren/ground-station/install/logging_demo/include/logging_demo/logging_demo/srv
-- Up-to-date: /home/colbren/ground-station/install/logging_demo/include/logging_demo/logging_demo/srv/detail
-- Installing: /home/colbren/ground-station/install/logging_demo/include/logging_demo/logging_demo/srv/detail/config_logger__rosidl_typesupport_fastrtps_c.h
-- Up-to-date: /home/colbren/ground-station/install/logging_demo/include/logging_demo/logging_demo/msg
-- Installing: /home/colbren/ground-station/install/logging_demo/include/logging_demo/logging_demo/msg/rosidl_typesupport_fastrtps_c__visibility_control.h
-- Installing: /home/colbren/ground-station/install/logging_demo/lib/liblogging_demo__rosidl_typesupport_fastrtps_c.so
-- Set runtime path of "/home/colbren/ground-station/install/logging_demo/lib/liblogging_demo__rosidl_typesupport_fastrtps_c.so" to ""
-- Up-to-date: /home/colbren/ground-station/install/logging_demo/include/logging_demo/logging_demo
-- Up-to-date: /home/colbren/ground-station/install/logging_demo/include/logging_demo/logging_demo/srv
-- Installing: /home/colbren/ground-station/install/logging_demo/include/logging_demo/logging_demo/srv/config_logger.hpp
-- Up-to-date: /home/colbren/ground-station/install/logging_demo/include/logging_demo/logging_demo/srv/detail
-- Installing: /home/colbren/ground-station/install/logging_demo/include/logging_demo/logging_demo/srv/detail/config_logger__builder.hpp
-- Installing: /home/colbren/ground-station/install/logging_demo/include/logging_demo/logging_demo/srv/detail/config_logger__struct.hpp
-- Installing: /home/colbren/ground-station/install/logging_demo/include/logging_demo/logging_demo/srv/detail/config_logger__traits.hpp
-- Installing: /home/colbren/ground-station/install/logging_demo/include/logging_demo/logging_demo/srv/detail/config_logger__type_support.hpp
-- Up-to-date: /home/colbren/ground-station/install/logging_demo/include/logging_demo/logging_demo/msg
-- Installing: /home/colbren/ground-station/install/logging_demo/include/logging_demo/logging_demo/msg/rosidl_generator_cpp__visibility_control.hpp
-- Up-to-date: /home/colbren/ground-station/install/logging_demo/include/logging_demo/logging_demo
-- Up-to-date: /home/colbren/ground-station/install/logging_demo/include/logging_demo/logging_demo/srv
-- Up-to-date: /home/colbren/ground-station/install/logging_demo/include/logging_demo/logging_demo/srv/detail
-- Installing: /home/colbren/ground-station/install/logging_demo/include/logging_demo/logging_demo/srv/detail/config_logger__rosidl_typesupport_fastrtps_cpp.hpp
-- Installing: /home/colbren/ground-station/install/logging_demo/include/logging_demo/logging_demo/srv/detail/dds_fastrtps
-- Up-to-date: /home/colbren/ground-station/install/logging_demo/include/logging_demo/logging_demo/msg
-- Installing: /home/colbren/ground-station/install/logging_demo/include/logging_demo/logging_demo/msg/rosidl_typesupport_fastrtps_cpp__visibility_control.h
-- Installing: /home/colbren/ground-station/install/logging_demo/lib/liblogging_demo__rosidl_typesupport_fastrtps_cpp.so
-- Set runtime path of "/home/colbren/ground-station/install/logging_demo/lib/liblogging_demo__rosidl_typesupport_fastrtps_cpp.so" to ""
-- Up-to-date: /home/colbren/ground-station/install/logging_demo/include/logging_demo/logging_demo
-- Up-to-date: /home/colbren/ground-station/install/logging_demo/include/logging_demo/logging_demo/srv
-- Up-to-date: /home/colbren/ground-station/install/logging_demo/include/logging_demo/logging_demo/srv/detail
-- Installing: /home/colbren/ground-station/install/logging_demo/include/logging_demo/logging_demo/srv/detail/config_logger__rosidl_typesupport_introspection_c.h
-- Installing: /home/colbren/ground-station/install/logging_demo/include/logging_demo/logging_demo/srv/detail/config_logger__type_support.c
-- Up-to-date: /home/colbren/ground-station/install/logging_demo/include/logging_demo/logging_demo/msg
-- Installing: /home/colbren/ground-station/install/logging_demo/include/logging_demo/logging_demo/msg/rosidl_typesupport_introspection_c__visibility_control.h
-- Installing: /home/colbren/ground-station/install/logging_demo/lib/liblogging_demo__rosidl_typesupport_introspection_c.so
-- Set runtime path of "/home/colbren/ground-station/install/logging_demo/lib/liblogging_demo__rosidl_typesupport_introspection_c.so" to ""
-- Installing: /home/colbren/ground-station/install/logging_demo/lib/liblogging_demo__rosidl_typesupport_c.so
-- Set runtime path of "/home/colbren/ground-station/install/logging_demo/lib/liblogging_demo__rosidl_typesupport_c.so" to ""
-- Up-to-date: /home/colbren/ground-station/install/logging_demo/include/logging_demo/logging_demo
-- Up-to-date: /home/colbren/ground-station/install/logging_demo/include/logging_demo/logging_demo/srv
-- Up-to-date: /home/colbren/ground-station/install/logging_demo/include/logging_demo/logging_demo/srv/detail
-- Installing: /home/colbren/ground-station/install/logging_demo/include/logging_demo/logging_demo/srv/detail/config_logger__rosidl_typesupport_introspection_cpp.hpp
-- Installing: /home/colbren/ground-station/install/logging_demo/include/logging_demo/logging_demo/srv/detail/config_logger__type_support.cpp
-- Installing: /home/colbren/ground-station/install/logging_demo/lib/liblogging_demo__rosidl_typesupport_introspection_cpp.so
-- Set runtime path of "/home/colbren/ground-station/install/logging_demo/lib/liblogging_demo__rosidl_typesupport_introspection_cpp.so" to ""
-- Installing: /home/colbren/ground-station/install/logging_demo/lib/liblogging_demo__rosidl_typesupport_cpp.so
-- Set runtime path of "/home/colbren/ground-station/install/logging_demo/lib/liblogging_demo__rosidl_typesupport_cpp.so" to ""
-- Installing: /home/colbren/ground-station/install/logging_demo/share/logging_demo/environment/pythonpath.sh
-- Installing: /home/colbren/ground-station/install/logging_demo/share/logging_demo/environment/pythonpath.dsv
-- Installing: /home/colbren/ground-station/install/logging_demo/local/lib/python3.10/dist-packages/logging_demo-0.20.5-py3.10.egg-info
-- Installing: /home/colbren/ground-station/install/logging_demo/local/lib/python3.10/dist-packages/logging_demo-0.20.5-py3.10.egg-info/top_level.txt
-- Installing: /home/colbren/ground-station/install/logging_demo/local/lib/python3.10/dist-packages/logging_demo-0.20.5-py3.10.egg-info/dependency_links.txt
-- Installing: /home/colbren/ground-station/install/logging_demo/local/lib/python3.10/dist-packages/logging_demo-0.20.5-py3.10.egg-info/PKG-INFO
-- Installing: /home/colbren/ground-station/install/logging_demo/local/lib/python3.10/dist-packages/logging_demo-0.20.5-py3.10.egg-info/SOURCES.txt
-- Installing: /home/colbren/ground-station/install/logging_demo/local/lib/python3.10/dist-packages/logging_demo
-- Installing: /home/colbren/ground-station/install/logging_demo/local/lib/python3.10/dist-packages/logging_demo/srv
-- Installing: /home/colbren/ground-station/install/logging_demo/local/lib/python3.10/dist-packages/logging_demo/srv/_config_logger_s.c
-- Installing: /home/colbren/ground-station/install/logging_demo/local/lib/python3.10/dist-packages/logging_demo/srv/__init__.py
-- Installing: /home/colbren/ground-station/install/logging_demo/local/lib/python3.10/dist-packages/logging_demo/srv/_config_logger.py
-- Installing: /home/colbren/ground-station/install/logging_demo/local/lib/python3.10/dist-packages/logging_demo/liblogging_demo__rosidl_generator_py.so
-- Installing: /home/colbren/ground-station/install/logging_demo/local/lib/python3.10/dist-packages/logging_demo/logging_demo_s__rosidl_typesupport_fastrtps_c.cpython-310-x86_64-linux-gnu.so
-- Installing: /home/colbren/ground-station/install/logging_demo/local/lib/python3.10/dist-packages/logging_demo/_logging_demo_s.ep.rosidl_typesupport_introspection_c.c
-- Installing: /home/colbren/ground-station/install/logging_demo/local/lib/python3.10/dist-packages/logging_demo/_logging_demo_s.ep.rosidl_typesupport_fastrtps_c.c
-- Installing: /home/colbren/ground-station/install/logging_demo/local/lib/python3.10/dist-packages/logging_demo/__init__.py
-- Installing: /home/colbren/ground-station/install/logging_demo/local/lib/python3.10/dist-packages/logging_demo/logging_demo_s__rosidl_typesupport_introspection_c.cpython-310-x86_64-linux-gnu.so
-- Installing: /home/colbren/ground-station/install/logging_demo/local/lib/python3.10/dist-packages/logging_demo/_logging_demo_s.ep.rosidl_typesupport_c.c
-- Installing: /home/colbren/ground-station/install/logging_demo/local/lib/python3.10/dist-packages/logging_demo/logging_demo_s__rosidl_typesupport_c.cpython-310-x86_64-linux-gnu.so
Listing '/home/colbren/ground-station/install/logging_demo/local/lib/python3.10/dist-packages/logging_demo'...
Compiling '/home/colbren/ground-station/install/logging_demo/local/lib/python3.10/dist-packages/logging_demo/__init__.py'...
Listing '/home/colbren/ground-station/install/logging_demo/local/lib/python3.10/dist-packages/logging_demo/srv'...
Compiling '/home/colbren/ground-station/install/logging_demo/local/lib/python3.10/dist-packages/logging_demo/srv/__init__.py'...
Compiling '/home/colbren/ground-station/install/logging_demo/local/lib/python3.10/dist-packages/logging_demo/srv/_config_logger.py'...
-- Installing: /home/colbren/ground-station/install/logging_demo/local/lib/python3.10/dist-packages/logging_demo/logging_demo_s__rosidl_typesupport_fastrtps_c.cpython-310-x86_64-linux-gnu.so
-- Set runtime path of "/home/colbren/ground-station/install/logging_demo/local/lib/python3.10/dist-packages/logging_demo/logging_demo_s__rosidl_typesupport_fastrtps_c.cpython-310-x86_64-linux-gnu.so" to ""
-- Installing: /home/colbren/ground-station/install/logging_demo/local/lib/python3.10/dist-packages/logging_demo/logging_demo_s__rosidl_typesupport_introspection_c.cpython-310-x86_64-linux-gnu.so
-- Set runtime path of "/home/colbren/ground-station/install/logging_demo/local/lib/python3.10/dist-packages/logging_demo/logging_demo_s__rosidl_typesupport_introspection_c.cpython-310-x86_64-linux-gnu.so" to ""
-- Installing: /home/colbren/ground-station/install/logging_demo/local/lib/python3.10/dist-packages/logging_demo/logging_demo_s__rosidl_typesupport_c.cpython-310-x86_64-linux-gnu.so
-- Set runtime path of "/home/colbren/ground-station/install/logging_demo/local/lib/python3.10/dist-packages/logging_demo/logging_demo_s__rosidl_typesupport_c.cpython-310-x86_64-linux-gnu.so" to ""
-- Installing: /home/colbren/ground-station/install/logging_demo/lib/liblogging_demo__rosidl_generator_py.so
-- Set runtime path of "/home/colbren/ground-station/install/logging_demo/lib/liblogging_demo__rosidl_generator_py.so" to ""
-- Installing: /home/colbren/ground-station/install/logging_demo/share/logging_demo/srv/ConfigLogger.idl
-- Installing: /home/colbren/ground-station/install/logging_demo/share/logging_demo/srv/ConfigLogger.srv
-- Installing: /home/colbren/ground-station/install/logging_demo/share/logging_demo/srv/ConfigLogger_Request.msg
-- Installing: /home/colbren/ground-station/install/logging_demo/share/logging_demo/srv/ConfigLogger_Response.msg
-- Installing: /home/colbren/ground-station/install/logging_demo/lib/liblogger_config_component.so
-- Set runtime path of "/home/colbren/ground-station/install/logging_demo/lib/liblogger_config_component.so" to ""
-- Installing: /home/colbren/ground-station/install/logging_demo/lib/liblogger_usage_component.so
-- Set runtime path of "/home/colbren/ground-station/install/logging_demo/lib/liblogger_usage_component.so" to ""
-- Installing: /home/colbren/ground-station/install/logging_demo/lib/logging_demo/logging_demo_main
-- Set runtime path of "/home/colbren/ground-station/install/logging_demo/lib/logging_demo/logging_demo_main" to ""
-- Installing: /home/colbren/ground-station/install/logging_demo/share/ament_index/resource_index/package_run_dependencies/logging_demo
-- Installing: /home/colbren/ground-station/install/logging_demo/share/ament_index/resource_index/parent_prefix_path/logging_demo
-- Installing: /home/colbren/ground-station/install/logging_demo/share/logging_demo/environment/ament_prefix_path.sh
-- Installing: /home/colbren/ground-station/install/logging_demo/share/logging_demo/environment/ament_prefix_path.dsv
-- Installing: /home/colbren/ground-station/install/logging_demo/share/logging_demo/environment/path.sh
-- Installing: /home/colbren/ground-station/install/logging_demo/share/logging_demo/environment/path.dsv
-- Installing: /home/colbren/ground-station/install/logging_demo/share/logging_demo/local_setup.bash
-- Installing: /home/colbren/ground-station/install/logging_demo/share/logging_demo/local_setup.sh
-- Installing: /home/colbren/ground-station/install/logging_demo/share/logging_demo/local_setup.zsh
-- Installing: /home/colbren/ground-station/install/logging_demo/share/logging_demo/local_setup.dsv
-- Installing: /home/colbren/ground-station/install/logging_demo/share/logging_demo/package.dsv
-- Installing: /home/colbren/ground-station/install/logging_demo/share/ament_index/resource_index/packages/logging_demo
-- Installing: /home/colbren/ground-station/install/logging_demo/share/logging_demo/cmake/export_logging_demo__rosidl_generator_cExport.cmake
-- Installing: /home/colbren/ground-station/install/logging_demo/share/logging_demo/cmake/export_logging_demo__rosidl_generator_cExport-noconfig.cmake
-- Installing: /home/colbren/ground-station/install/logging_demo/share/logging_demo/cmake/export_logging_demo__rosidl_typesupport_fastrtps_cExport.cmake
-- Installing: /home/colbren/ground-station/install/logging_demo/share/logging_demo/cmake/export_logging_demo__rosidl_typesupport_fastrtps_cExport-noconfig.cmake
-- Installing: /home/colbren/ground-station/install/logging_demo/share/logging_demo/cmake/export_logging_demo__rosidl_generator_cppExport.cmake
-- Installing: /home/colbren/ground-station/install/logging_demo/share/logging_demo/cmake/export_logging_demo__rosidl_typesupport_fastrtps_cppExport.cmake
-- Installing: /home/colbren/ground-station/install/logging_demo/share/logging_demo/cmake/export_logging_demo__rosidl_typesupport_fastrtps_cppExport-noconfig.cmake
-- Installing: /home/colbren/ground-station/install/logging_demo/share/logging_demo/cmake/logging_demo__rosidl_typesupport_introspection_cExport.cmake
-- Installing: /home/colbren/ground-station/install/logging_demo/share/logging_demo/cmake/logging_demo__rosidl_typesupport_introspection_cExport-noconfig.cmake
-- Installing: /home/colbren/ground-station/install/logging_demo/share/logging_demo/cmake/logging_demo__rosidl_typesupport_cExport.cmake
-- Installing: /home/colbren/ground-station/install/logging_demo/share/logging_demo/cmake/logging_demo__rosidl_typesupport_cExport-noconfig.cmake
-- Installing: /home/colbren/ground-station/install/logging_demo/share/logging_demo/cmake/logging_demo__rosidl_typesupport_introspection_cppExport.cmake
-- Installing: /home/colbren/ground-station/install/logging_demo/share/logging_demo/cmake/logging_demo__rosidl_typesupport_introspection_cppExport-noconfig.cmake
-- Installing: /home/colbren/ground-station/install/logging_demo/share/logging_demo/cmake/logging_demo__rosidl_typesupport_cppExport.cmake
-- Installing: /home/colbren/ground-station/install/logging_demo/share/logging_demo/cmake/logging_demo__rosidl_typesupport_cppExport-noconfig.cmake
-- Installing: /home/colbren/ground-station/install/logging_demo/share/logging_demo/cmake/export_logging_demo__rosidl_generator_pyExport.cmake
-- Installing: /home/colbren/ground-station/install/logging_demo/share/logging_demo/cmake/export_logging_demo__rosidl_generator_pyExport-noconfig.cmake
-- Installing: /home/colbren/ground-station/install/logging_demo/share/ament_index/resource_index/rclcpp_components/logging_demo
-- Installing: /home/colbren/ground-station/install/logging_demo/share/logging_demo/cmake/rosidl_cmake-extras.cmake
-- Installing: /home/colbren/ground-station/install/logging_demo/share/logging_demo/cmake/ament_cmake_export_include_directories-extras.cmake
-- Installing: /home/colbren/ground-station/install/logging_demo/share/logging_demo/cmake/ament_cmake_export_libraries-extras.cmake
-- Installing: /home/colbren/ground-station/install/logging_demo/share/logging_demo/cmake/ament_cmake_export_targets-extras.cmake
-- Installing: /home/colbren/ground-station/install/logging_demo/share/logging_demo/cmake/rosidl_cmake_export_typesupport_targets-extras.cmake
-- Installing: /home/colbren/ground-station/install/logging_demo/share/logging_demo/cmake/ament_cmake_export_dependencies-extras.cmake
-- Installing: /home/colbren/ground-station/install/logging_demo/share/logging_demo/cmake/rosidl_cmake_export_typesupport_libraries-extras.cmake
-- Installing: /home/colbren/ground-station/install/logging_demo/share/logging_demo/cmake/logging_demoConfig.cmake
-- Installing: /home/colbren/ground-station/install/logging_demo/share/logging_demo/cmake/logging_demoConfig-version.cmake
-- Installing: /home/colbren/ground-station/install/logging_demo/share/logging_demo/package.xml
