[0.378s] Invoking command in '/home/colbren/ground-station/build/logging_demo': CMAKE_PREFIX_PATH=/home/colbren/ros2_ws/install/turtlesim_ui:/opt/ros/humble /usr/bin/cmake --build /home/colbren/ground-station/build/logging_demo -- -j16 -l16
[5.452s] [  2%] Built target logging_demo__cpp
[5.452s] [  5%] [32mBuilding CXX object CMakeFiles/logger_usage_component.dir/src/logger_usage_component.cpp.o[0m
[8.021s] [  8%] [32m[1mLinking CXX shared library liblogger_usage_component.so[0m
[8.471s] [  8%] Built target logger_usage_component
[8.519s] [ 10%] [32mBuilding CXX object CMakeFiles/logging_demo__rosidl_typesupport_introspection_cpp.dir/rosidl_typesupport_introspection_cpp/logging_demo/srv/detail/config_logger__type_support.cpp.o[0m
[9.193s] [ 13%] [32m[1mLinking CXX shared library liblogging_demo__rosidl_typesupport_introspection_cpp.so[0m
[9.315s] [ 16%] Built target logging_demo__rosidl_typesupport_introspection_cpp
[9.357s] [ 18%] [32mBuilding CXX object CMakeFiles/logging_demo__rosidl_typesupport_fastrtps_cpp.dir/rosidl_typesupport_fastrtps_cpp/logging_demo/srv/detail/dds_fastrtps/config_logger__type_support.cpp.o[0m
[9.945s] [ 21%] [32m[1mLinking CXX shared library liblogging_demo__rosidl_typesupport_fastrtps_cpp.so[0m
[10.111s] [ 24%] Built target logging_demo__rosidl_typesupport_fastrtps_cpp
[10.154s] [ 27%] [32mBuilding CXX object CMakeFiles/logging_demo__rosidl_typesupport_cpp.dir/rosidl_typesupport_cpp/logging_demo/srv/config_logger__type_support.cpp.o[0m
[10.582s] [ 29%] [32m[1mLinking CXX shared library liblogging_demo__rosidl_typesupport_cpp.so[0m
[10.674s] [ 32%] Built target logging_demo__rosidl_typesupport_cpp
[10.736s] [ 32%] Built target ament_cmake_python_copy_logging_demo
[10.778s] [ 35%] [32mBuilding CXX object CMakeFiles/logger_config_component.dir/src/logger_config_component.cpp.o[0m
[16.728s] [ 37%] [32m[1mLinking CXX shared library liblogger_config_component.so[0m
[16.950s] [ 37%] Built target logger_config_component
[17.390s] running egg_info
[17.390s] writing logging_demo.egg-info/PKG-INFO
[17.390s] writing dependency_links to logging_demo.egg-info/dependency_links.txt
[17.394s] writing top-level names to logging_demo.egg-info/top_level.txt
[17.399s] reading manifest file 'logging_demo.egg-info/SOURCES.txt'
[17.401s] writing manifest file 'logging_demo.egg-info/SOURCES.txt'
[17.477s] [ 37%] Built target ament_cmake_python_build_logging_demo_egg
[17.514s] [ 40%] [32mBuilding CXX object CMakeFiles/logging_demo_main.dir/src/logging_demo_main.cpp.o[0m
[22.042s] [ 43%] [32m[1mLinking CXX executable logging_demo_main[0m
[22.327s] [ 43%] Built target logging_demo_main
[22.348s] [35m[1mConsolidate compiler generated dependencies of target logging_demo__rosidl_generator_c[0m
[22.366s] [ 51%] Built target logging_demo__rosidl_generator_c
[22.401s] [ 54%] [32mBuilding CXX object CMakeFiles/logging_demo__rosidl_typesupport_fastrtps_c.dir/rosidl_typesupport_fastrtps_c/logging_demo/srv/detail/config_logger__type_support_c.cpp.o[0m
[22.908s] [ 56%] [32m[1mLinking CXX shared library liblogging_demo__rosidl_typesupport_fastrtps_c.so[0m
[23.051s] [ 59%] Built target logging_demo__rosidl_typesupport_fastrtps_c
[23.070s] [35m[1mConsolidate compiler generated dependencies of target logging_demo__rosidl_typesupport_c[0m
[23.089s] [ 62%] [32m[1mLinking CXX shared library liblogging_demo__rosidl_typesupport_c.so[0m
[23.157s] [ 67%] Built target logging_demo__rosidl_typesupport_c
[23.178s] [35m[1mConsolidate compiler generated dependencies of target logging_demo__rosidl_typesupport_introspection_c[0m
[23.197s] [ 75%] Built target logging_demo__rosidl_typesupport_introspection_c
[23.231s] [ 75%] Built target logging_demo
[23.268s] [ 78%] [34m[1mGenerating Python code for ROS interfaces[0m
[23.783s] [ 78%] Built target logging_demo__py
[23.817s] [ 81%] [32mBuilding C object CMakeFiles/logging_demo__rosidl_generator_py.dir/rosidl_generator_py/logging_demo/srv/_config_logger_s.c.o[0m
[23.983s] [ 83%] [32m[1mLinking C shared library rosidl_generator_py/logging_demo/liblogging_demo__rosidl_generator_py.so[0m
[24.046s] [ 83%] Built target logging_demo__rosidl_generator_py
[24.081s] [ 86%] [32mBuilding C object CMakeFiles/logging_demo__rosidl_typesupport_fastrtps_c__pyext.dir/rosidl_generator_py/logging_demo/_logging_demo_s.ep.rosidl_typesupport_fastrtps_c.c.o[0m
[24.232s] [ 89%] [32m[1mLinking C shared library rosidl_generator_py/logging_demo/logging_demo_s__rosidl_typesupport_fastrtps_c.cpython-310-x86_64-linux-gnu.so[0m
[24.292s] [ 89%] Built target logging_demo__rosidl_typesupport_fastrtps_c__pyext
[24.330s] [ 91%] [32mBuilding C object CMakeFiles/logging_demo__rosidl_typesupport_c__pyext.dir/rosidl_generator_py/logging_demo/_logging_demo_s.ep.rosidl_typesupport_c.c.o[0m
[24.487s] [ 94%] [32m[1mLinking C shared library rosidl_generator_py/logging_demo/logging_demo_s__rosidl_typesupport_c.cpython-310-x86_64-linux-gnu.so[0m
[24.543s] [ 94%] Built target logging_demo__rosidl_typesupport_c__pyext
[24.590s] [ 97%] [32mBuilding C object CMakeFiles/logging_demo__rosidl_typesupport_introspection_c__pyext.dir/rosidl_generator_py/logging_demo/_logging_demo_s.ep.rosidl_typesupport_introspection_c.c.o[0m
[24.750s] [100%] [32m[1mLinking C shared library rosidl_generator_py/logging_demo/logging_demo_s__rosidl_typesupport_introspection_c.cpython-310-x86_64-linux-gnu.so[0m
[24.807s] [100%] Built target logging_demo__rosidl_typesupport_introspection_c__pyext
[24.829s] Invoked command in '/home/colbren/ground-station/build/logging_demo' returned '0': CMAKE_PREFIX_PATH=/home/colbren/ros2_ws/install/turtlesim_ui:/opt/ros/humble /usr/bin/cmake --build /home/colbren/ground-station/build/logging_demo -- -j16 -l16
[24.837s] Invoking command in '/home/colbren/ground-station/build/logging_demo': CMAKE_PREFIX_PATH=/home/colbren/ros2_ws/install/turtlesim_ui:/opt/ros/humble /usr/bin/cmake --install /home/colbren/ground-station/build/logging_demo
[24.848s] -- Install configuration: ""
[24.848s] -- Installing: /home/colbren/ground-station/install/logging_demo/share/ament_index/resource_index/rosidl_interfaces/logging_demo
[24.849s] -- Installing: /home/colbren/ground-station/install/logging_demo/include/logging_demo/logging_demo
[24.852s] -- Installing: /home/colbren/ground-station/install/logging_demo/include/logging_demo/logging_demo/srv
[24.855s] -- Installing: /home/colbren/ground-station/install/logging_demo/include/logging_demo/logging_demo/srv/detail
[24.856s] -- Installing: /home/colbren/ground-station/install/logging_demo/include/logging_demo/logging_demo/srv/detail/config_logger__type_support.h
[24.856s] -- Installing: /home/colbren/ground-station/install/logging_demo/include/logging_demo/logging_demo/srv/detail/config_logger__functions.c
[24.856s] -- Installing: /home/colbren/ground-station/install/logging_demo/include/logging_demo/logging_demo/srv/detail/config_logger__struct.h
[24.856s] -- Installing: /home/colbren/ground-station/install/logging_demo/include/logging_demo/logging_demo/srv/detail/config_logger__functions.h
[24.857s] -- Installing: /home/colbren/ground-station/install/logging_demo/include/logging_demo/logging_demo/srv/config_logger.h
[24.857s] -- Installing: /home/colbren/ground-station/install/logging_demo/include/logging_demo/logging_demo/msg
[24.857s] -- Installing: /home/colbren/ground-station/install/logging_demo/include/logging_demo/logging_demo/msg/rosidl_generator_c__visibility_control.h
[24.857s] -- Installing: /home/colbren/ground-station/install/logging_demo/share/logging_demo/environment/library_path.sh
[24.857s] -- Installing: /home/colbren/ground-station/install/logging_demo/share/logging_demo/environment/library_path.dsv
[24.858s] -- Installing: /home/colbren/ground-station/install/logging_demo/lib/liblogging_demo__rosidl_generator_c.so
[24.858s] -- Set runtime path of "/home/colbren/ground-station/install/logging_demo/lib/liblogging_demo__rosidl_generator_c.so" to ""
[24.858s] -- Up-to-date: /home/colbren/ground-station/install/logging_demo/include/logging_demo/logging_demo
[24.858s] -- Up-to-date: /home/colbren/ground-station/install/logging_demo/include/logging_demo/logging_demo/srv
[24.859s] -- Up-to-date: /home/colbren/ground-station/install/logging_demo/include/logging_demo/logging_demo/srv/detail
[24.859s] -- Installing: /home/colbren/ground-station/install/logging_demo/include/logging_demo/logging_demo/srv/detail/config_logger__rosidl_typesupport_fastrtps_c.h
[24.859s] -- Up-to-date: /home/colbren/ground-station/install/logging_demo/include/logging_demo/logging_demo/msg
[24.859s] -- Installing: /home/colbren/ground-station/install/logging_demo/include/logging_demo/logging_demo/msg/rosidl_typesupport_fastrtps_c__visibility_control.h
[24.859s] -- Installing: /home/colbren/ground-station/install/logging_demo/lib/liblogging_demo__rosidl_typesupport_fastrtps_c.so
[24.859s] -- Set runtime path of "/home/colbren/ground-station/install/logging_demo/lib/liblogging_demo__rosidl_typesupport_fastrtps_c.so" to ""
[24.860s] -- Up-to-date: /home/colbren/ground-station/install/logging_demo/include/logging_demo/logging_demo
[24.860s] -- Up-to-date: /home/colbren/ground-station/install/logging_demo/include/logging_demo/logging_demo/srv
[24.860s] -- Installing: /home/colbren/ground-station/install/logging_demo/include/logging_demo/logging_demo/srv/config_logger.hpp
[24.860s] -- Up-to-date: /home/colbren/ground-station/install/logging_demo/include/logging_demo/logging_demo/srv/detail
[24.860s] -- Installing: /home/colbren/ground-station/install/logging_demo/include/logging_demo/logging_demo/srv/detail/config_logger__builder.hpp
[24.860s] -- Installing: /home/colbren/ground-station/install/logging_demo/include/logging_demo/logging_demo/srv/detail/config_logger__struct.hpp
[24.861s] -- Installing: /home/colbren/ground-station/install/logging_demo/include/logging_demo/logging_demo/srv/detail/config_logger__traits.hpp
[24.861s] -- Installing: /home/colbren/ground-station/install/logging_demo/include/logging_demo/logging_demo/srv/detail/config_logger__type_support.hpp
[24.862s] -- Up-to-date: /home/colbren/ground-station/install/logging_demo/include/logging_demo/logging_demo/msg
[24.862s] -- Installing: /home/colbren/ground-station/install/logging_demo/include/logging_demo/logging_demo/msg/rosidl_generator_cpp__visibility_control.hpp
[24.862s] -- Up-to-date: /home/colbren/ground-station/install/logging_demo/include/logging_demo/logging_demo
[24.862s] -- Up-to-date: /home/colbren/ground-station/install/logging_demo/include/logging_demo/logging_demo/srv
[24.862s] -- Up-to-date: /home/colbren/ground-station/install/logging_demo/include/logging_demo/logging_demo/srv/detail
[24.862s] -- Installing: /home/colbren/ground-station/install/logging_demo/include/logging_demo/logging_demo/srv/detail/config_logger__rosidl_typesupport_fastrtps_cpp.hpp
[24.862s] -- Installing: /home/colbren/ground-station/install/logging_demo/include/logging_demo/logging_demo/srv/detail/dds_fastrtps
[24.862s] -- Up-to-date: /home/colbren/ground-station/install/logging_demo/include/logging_demo/logging_demo/msg
[24.862s] -- Installing: /home/colbren/ground-station/install/logging_demo/include/logging_demo/logging_demo/msg/rosidl_typesupport_fastrtps_cpp__visibility_control.h
[24.863s] -- Installing: /home/colbren/ground-station/install/logging_demo/lib/liblogging_demo__rosidl_typesupport_fastrtps_cpp.so
[24.863s] -- Set runtime path of "/home/colbren/ground-station/install/logging_demo/lib/liblogging_demo__rosidl_typesupport_fastrtps_cpp.so" to ""
[24.863s] -- Up-to-date: /home/colbren/ground-station/install/logging_demo/include/logging_demo/logging_demo
[24.863s] -- Up-to-date: /home/colbren/ground-station/install/logging_demo/include/logging_demo/logging_demo/srv
[24.863s] -- Up-to-date: /home/colbren/ground-station/install/logging_demo/include/logging_demo/logging_demo/srv/detail
[24.863s] -- Installing: /home/colbren/ground-station/install/logging_demo/include/logging_demo/logging_demo/srv/detail/config_logger__rosidl_typesupport_introspection_c.h
[24.863s] -- Installing: /home/colbren/ground-station/install/logging_demo/include/logging_demo/logging_demo/srv/detail/config_logger__type_support.c
[24.863s] -- Up-to-date: /home/colbren/ground-station/install/logging_demo/include/logging_demo/logging_demo/msg
[24.863s] -- Installing: /home/colbren/ground-station/install/logging_demo/include/logging_demo/logging_demo/msg/rosidl_typesupport_introspection_c__visibility_control.h
[24.863s] -- Installing: /home/colbren/ground-station/install/logging_demo/lib/liblogging_demo__rosidl_typesupport_introspection_c.so
[24.863s] -- Set runtime path of "/home/colbren/ground-station/install/logging_demo/lib/liblogging_demo__rosidl_typesupport_introspection_c.so" to ""
[24.864s] -- Installing: /home/colbren/ground-station/install/logging_demo/lib/liblogging_demo__rosidl_typesupport_c.so
[24.864s] -- Set runtime path of "/home/colbren/ground-station/install/logging_demo/lib/liblogging_demo__rosidl_typesupport_c.so" to ""
[24.864s] -- Up-to-date: /home/colbren/ground-station/install/logging_demo/include/logging_demo/logging_demo
[24.864s] -- Up-to-date: /home/colbren/ground-station/install/logging_demo/include/logging_demo/logging_demo/srv
[24.864s] -- Up-to-date: /home/colbren/ground-station/install/logging_demo/include/logging_demo/logging_demo/srv/detail
[24.864s] -- Installing: /home/colbren/ground-station/install/logging_demo/include/logging_demo/logging_demo/srv/detail/config_logger__rosidl_typesupport_introspection_cpp.hpp
[24.865s] -- Installing: /home/colbren/ground-station/install/logging_demo/include/logging_demo/logging_demo/srv/detail/config_logger__type_support.cpp
[24.865s] -- Installing: /home/colbren/ground-station/install/logging_demo/lib/liblogging_demo__rosidl_typesupport_introspection_cpp.so
[24.865s] -- Set runtime path of "/home/colbren/ground-station/install/logging_demo/lib/liblogging_demo__rosidl_typesupport_introspection_cpp.so" to ""
[24.865s] -- Installing: /home/colbren/ground-station/install/logging_demo/lib/liblogging_demo__rosidl_typesupport_cpp.so
[24.865s] -- Set runtime path of "/home/colbren/ground-station/install/logging_demo/lib/liblogging_demo__rosidl_typesupport_cpp.so" to ""
[24.865s] -- Installing: /home/colbren/ground-station/install/logging_demo/share/logging_demo/environment/pythonpath.sh
[24.865s] -- Installing: /home/colbren/ground-station/install/logging_demo/share/logging_demo/environment/pythonpath.dsv
[24.865s] -- Installing: /home/colbren/ground-station/install/logging_demo/local/lib/python3.10/dist-packages/logging_demo-0.20.5-py3.10.egg-info
[24.865s] -- Installing: /home/colbren/ground-station/install/logging_demo/local/lib/python3.10/dist-packages/logging_demo-0.20.5-py3.10.egg-info/top_level.txt
[24.866s] -- Installing: /home/colbren/ground-station/install/logging_demo/local/lib/python3.10/dist-packages/logging_demo-0.20.5-py3.10.egg-info/dependency_links.txt
[24.866s] -- Installing: /home/colbren/ground-station/install/logging_demo/local/lib/python3.10/dist-packages/logging_demo-0.20.5-py3.10.egg-info/PKG-INFO
[24.866s] -- Installing: /home/colbren/ground-station/install/logging_demo/local/lib/python3.10/dist-packages/logging_demo-0.20.5-py3.10.egg-info/SOURCES.txt
[24.866s] -- Installing: /home/colbren/ground-station/install/logging_demo/local/lib/python3.10/dist-packages/logging_demo
[24.866s] -- Installing: /home/colbren/ground-station/install/logging_demo/local/lib/python3.10/dist-packages/logging_demo/srv
[24.867s] -- Installing: /home/colbren/ground-station/install/logging_demo/local/lib/python3.10/dist-packages/logging_demo/srv/_config_logger_s.c
[24.867s] -- Installing: /home/colbren/ground-station/install/logging_demo/local/lib/python3.10/dist-packages/logging_demo/srv/__init__.py
[24.867s] -- Installing: /home/colbren/ground-station/install/logging_demo/local/lib/python3.10/dist-packages/logging_demo/srv/_config_logger.py
[24.867s] -- Installing: /home/colbren/ground-station/install/logging_demo/local/lib/python3.10/dist-packages/logging_demo/liblogging_demo__rosidl_generator_py.so
[24.868s] -- Installing: /home/colbren/ground-station/install/logging_demo/local/lib/python3.10/dist-packages/logging_demo/logging_demo_s__rosidl_typesupport_fastrtps_c.cpython-310-x86_64-linux-gnu.so
[24.868s] -- Installing: /home/colbren/ground-station/install/logging_demo/local/lib/python3.10/dist-packages/logging_demo/_logging_demo_s.ep.rosidl_typesupport_introspection_c.c
[24.868s] -- Installing: /home/colbren/ground-station/install/logging_demo/local/lib/python3.10/dist-packages/logging_demo/_logging_demo_s.ep.rosidl_typesupport_fastrtps_c.c
[24.868s] -- Installing: /home/colbren/ground-station/install/logging_demo/local/lib/python3.10/dist-packages/logging_demo/__init__.py
[24.868s] -- Installing: /home/colbren/ground-station/install/logging_demo/local/lib/python3.10/dist-packages/logging_demo/logging_demo_s__rosidl_typesupport_introspection_c.cpython-310-x86_64-linux-gnu.so
[24.869s] -- Installing: /home/colbren/ground-station/install/logging_demo/local/lib/python3.10/dist-packages/logging_demo/_logging_demo_s.ep.rosidl_typesupport_c.c
[24.869s] -- Installing: /home/colbren/ground-station/install/logging_demo/local/lib/python3.10/dist-packages/logging_demo/logging_demo_s__rosidl_typesupport_c.cpython-310-x86_64-linux-gnu.so
[24.930s] Listing '/home/colbren/ground-station/install/logging_demo/local/lib/python3.10/dist-packages/logging_demo'...
[24.930s] Compiling '/home/colbren/ground-station/install/logging_demo/local/lib/python3.10/dist-packages/logging_demo/__init__.py'...
[24.930s] Listing '/home/colbren/ground-station/install/logging_demo/local/lib/python3.10/dist-packages/logging_demo/srv'...
[24.932s] Compiling '/home/colbren/ground-station/install/logging_demo/local/lib/python3.10/dist-packages/logging_demo/srv/__init__.py'...
[24.932s] Compiling '/home/colbren/ground-station/install/logging_demo/local/lib/python3.10/dist-packages/logging_demo/srv/_config_logger.py'...
[24.936s] -- Installing: /home/colbren/ground-station/install/logging_demo/local/lib/python3.10/dist-packages/logging_demo/logging_demo_s__rosidl_typesupport_fastrtps_c.cpython-310-x86_64-linux-gnu.so
[24.936s] -- Set runtime path of "/home/colbren/ground-station/install/logging_demo/local/lib/python3.10/dist-packages/logging_demo/logging_demo_s__rosidl_typesupport_fastrtps_c.cpython-310-x86_64-linux-gnu.so" to ""
[24.937s] -- Installing: /home/colbren/ground-station/install/logging_demo/local/lib/python3.10/dist-packages/logging_demo/logging_demo_s__rosidl_typesupport_introspection_c.cpython-310-x86_64-linux-gnu.so
[24.937s] -- Set runtime path of "/home/colbren/ground-station/install/logging_demo/local/lib/python3.10/dist-packages/logging_demo/logging_demo_s__rosidl_typesupport_introspection_c.cpython-310-x86_64-linux-gnu.so" to ""
[24.937s] -- Installing: /home/colbren/ground-station/install/logging_demo/local/lib/python3.10/dist-packages/logging_demo/logging_demo_s__rosidl_typesupport_c.cpython-310-x86_64-linux-gnu.so
[24.938s] -- Set runtime path of "/home/colbren/ground-station/install/logging_demo/local/lib/python3.10/dist-packages/logging_demo/logging_demo_s__rosidl_typesupport_c.cpython-310-x86_64-linux-gnu.so" to ""
[24.938s] -- Installing: /home/colbren/ground-station/install/logging_demo/lib/liblogging_demo__rosidl_generator_py.so
[24.940s] -- Set runtime path of "/home/colbren/ground-station/install/logging_demo/lib/liblogging_demo__rosidl_generator_py.so" to ""
[24.940s] -- Installing: /home/colbren/ground-station/install/logging_demo/share/logging_demo/srv/ConfigLogger.idl
[24.941s] -- Installing: /home/colbren/ground-station/install/logging_demo/share/logging_demo/srv/ConfigLogger.srv
[24.941s] -- Installing: /home/colbren/ground-station/install/logging_demo/share/logging_demo/srv/ConfigLogger_Request.msg
[24.941s] -- Installing: /home/colbren/ground-station/install/logging_demo/share/logging_demo/srv/ConfigLogger_Response.msg
[24.941s] -- Installing: /home/colbren/ground-station/install/logging_demo/lib/liblogger_config_component.so
[24.944s] -- Set runtime path of "/home/colbren/ground-station/install/logging_demo/lib/liblogger_config_component.so" to ""
[24.945s] -- Installing: /home/colbren/ground-station/install/logging_demo/lib/liblogger_usage_component.so
[24.949s] -- Set runtime path of "/home/colbren/ground-station/install/logging_demo/lib/liblogger_usage_component.so" to ""
[24.951s] -- Installing: /home/colbren/ground-station/install/logging_demo/lib/logging_demo/logging_demo_main
[24.951s] -- Set runtime path of "/home/colbren/ground-station/install/logging_demo/lib/logging_demo/logging_demo_main" to ""
[24.951s] -- Installing: /home/colbren/ground-station/install/logging_demo/share/ament_index/resource_index/package_run_dependencies/logging_demo
[24.952s] -- Installing: /home/colbren/ground-station/install/logging_demo/share/ament_index/resource_index/parent_prefix_path/logging_demo
[24.952s] -- Installing: /home/colbren/ground-station/install/logging_demo/share/logging_demo/environment/ament_prefix_path.sh
[24.952s] -- Installing: /home/colbren/ground-station/install/logging_demo/share/logging_demo/environment/ament_prefix_path.dsv
[24.952s] -- Installing: /home/colbren/ground-station/install/logging_demo/share/logging_demo/environment/path.sh
[24.953s] -- Installing: /home/colbren/ground-station/install/logging_demo/share/logging_demo/environment/path.dsv
[24.953s] -- Installing: /home/colbren/ground-station/install/logging_demo/share/logging_demo/local_setup.bash
[24.953s] -- Installing: /home/colbren/ground-station/install/logging_demo/share/logging_demo/local_setup.sh
[24.954s] -- Installing: /home/colbren/ground-station/install/logging_demo/share/logging_demo/local_setup.zsh
[24.954s] -- Installing: /home/colbren/ground-station/install/logging_demo/share/logging_demo/local_setup.dsv
[24.954s] -- Installing: /home/colbren/ground-station/install/logging_demo/share/logging_demo/package.dsv
[24.955s] -- Installing: /home/colbren/ground-station/install/logging_demo/share/ament_index/resource_index/packages/logging_demo
[24.955s] -- Installing: /home/colbren/ground-station/install/logging_demo/share/logging_demo/cmake/export_logging_demo__rosidl_generator_cExport.cmake
[24.956s] -- Installing: /home/colbren/ground-station/install/logging_demo/share/logging_demo/cmake/export_logging_demo__rosidl_generator_cExport-noconfig.cmake
[24.956s] -- Installing: /home/colbren/ground-station/install/logging_demo/share/logging_demo/cmake/export_logging_demo__rosidl_typesupport_fastrtps_cExport.cmake
[24.957s] -- Installing: /home/colbren/ground-station/install/logging_demo/share/logging_demo/cmake/export_logging_demo__rosidl_typesupport_fastrtps_cExport-noconfig.cmake
[24.957s] -- Installing: /home/colbren/ground-station/install/logging_demo/share/logging_demo/cmake/export_logging_demo__rosidl_generator_cppExport.cmake
[24.957s] -- Installing: /home/colbren/ground-station/install/logging_demo/share/logging_demo/cmake/export_logging_demo__rosidl_typesupport_fastrtps_cppExport.cmake
[24.958s] -- Installing: /home/colbren/ground-station/install/logging_demo/share/logging_demo/cmake/export_logging_demo__rosidl_typesupport_fastrtps_cppExport-noconfig.cmake
[24.958s] -- Installing: /home/colbren/ground-station/install/logging_demo/share/logging_demo/cmake/logging_demo__rosidl_typesupport_introspection_cExport.cmake
[24.959s] -- Installing: /home/colbren/ground-station/install/logging_demo/share/logging_demo/cmake/logging_demo__rosidl_typesupport_introspection_cExport-noconfig.cmake
[24.959s] -- Installing: /home/colbren/ground-station/install/logging_demo/share/logging_demo/cmake/logging_demo__rosidl_typesupport_cExport.cmake
[24.960s] -- Installing: /home/colbren/ground-station/install/logging_demo/share/logging_demo/cmake/logging_demo__rosidl_typesupport_cExport-noconfig.cmake
[24.960s] -- Installing: /home/colbren/ground-station/install/logging_demo/share/logging_demo/cmake/logging_demo__rosidl_typesupport_introspection_cppExport.cmake
[24.961s] -- Installing: /home/colbren/ground-station/install/logging_demo/share/logging_demo/cmake/logging_demo__rosidl_typesupport_introspection_cppExport-noconfig.cmake
[24.961s] -- Installing: /home/colbren/ground-station/install/logging_demo/share/logging_demo/cmake/logging_demo__rosidl_typesupport_cppExport.cmake
[24.962s] -- Installing: /home/colbren/ground-station/install/logging_demo/share/logging_demo/cmake/logging_demo__rosidl_typesupport_cppExport-noconfig.cmake
[24.962s] -- Installing: /home/colbren/ground-station/install/logging_demo/share/logging_demo/cmake/export_logging_demo__rosidl_generator_pyExport.cmake
[24.962s] -- Installing: /home/colbren/ground-station/install/logging_demo/share/logging_demo/cmake/export_logging_demo__rosidl_generator_pyExport-noconfig.cmake
[24.963s] -- Installing: /home/colbren/ground-station/install/logging_demo/share/ament_index/resource_index/rclcpp_components/logging_demo
[24.963s] -- Installing: /home/colbren/ground-station/install/logging_demo/share/logging_demo/cmake/rosidl_cmake-extras.cmake
[24.964s] -- Installing: /home/colbren/ground-station/install/logging_demo/share/logging_demo/cmake/ament_cmake_export_include_directories-extras.cmake
[24.965s] -- Installing: /home/colbren/ground-station/install/logging_demo/share/logging_demo/cmake/ament_cmake_export_libraries-extras.cmake
[24.965s] -- Installing: /home/colbren/ground-station/install/logging_demo/share/logging_demo/cmake/ament_cmake_export_targets-extras.cmake
[24.965s] -- Installing: /home/colbren/ground-station/install/logging_demo/share/logging_demo/cmake/rosidl_cmake_export_typesupport_targets-extras.cmake
[24.966s] -- Installing: /home/colbren/ground-station/install/logging_demo/share/logging_demo/cmake/ament_cmake_export_dependencies-extras.cmake
[24.966s] -- Installing: /home/colbren/ground-station/install/logging_demo/share/logging_demo/cmake/rosidl_cmake_export_typesupport_libraries-extras.cmake
[24.966s] -- Installing: /home/colbren/ground-station/install/logging_demo/share/logging_demo/cmake/logging_demoConfig.cmake
[24.967s] -- Installing: /home/colbren/ground-station/install/logging_demo/share/logging_demo/cmake/logging_demoConfig-version.cmake
[24.967s] -- Installing: /home/colbren/ground-station/install/logging_demo/share/logging_demo/package.xml
[24.976s] Invoked command in '/home/colbren/ground-station/build/logging_demo' returned '0': CMAKE_PREFIX_PATH=/home/colbren/ros2_ws/install/turtlesim_ui:/opt/ros/humble /usr/bin/cmake --install /home/colbren/ground-station/build/logging_demo
