[0.522s] Invoking command in '/home/colbren/ground-station/build/logging_demo': CMAKE_PREFIX_PATH=/home/colbren/ros2_ws/install/turtlesim_ui:/opt/ros/humble /usr/bin/cmake --build /home/colbren/ground-station/build/logging_demo -- -j16 -l16
[1.080s] [  8%] Built target logging_demo__rosidl_generator_c
[1.081s] [ 10%] Built target logging_demo__cpp
[1.081s] [ 16%] Built target logger_usage_component
[1.081s] [ 16%] Built target ament_cmake_python_copy_logging_demo
[1.081s] [ 24%] Built target logging_demo__rosidl_typesupport_cpp
[1.081s] [ 32%] Built target logging_demo__rosidl_typesupport_introspection_c
[1.081s] [ 40%] Built target logging_demo__rosidl_typesupport_c
[1.081s] [ 48%] Built target logging_demo__rosidl_typesupport_introspection_cpp
[1.081s] [ 56%] Built target logging_demo__rosidl_typesupport_fastrtps_cpp
[1.081s] [ 64%] Built target logging_demo__rosidl_typesupport_fastrtps_c
[1.081s] [ 70%] Built target logger_config_component
[1.081s] [ 70%] Built target logging_demo
[1.081s] [ 75%] Built target logging_demo_main
[1.081s] [ 78%] Built target logging_demo__py
[1.081s] [ 83%] Built target logging_demo__rosidl_generator_py
[1.081s] [100%] Built target logging_demo__rosidl_typesupport_fastrtps_c__pyext
[1.081s] [100%] Built target logging_demo__rosidl_typesupport_introspection_c__pyext
[1.081s] [100%] Built target logging_demo__rosidl_typesupport_c__pyext
[1.081s] running egg_info
[1.081s] writing logging_demo.egg-info/PKG-INFO
[1.081s] writing dependency_links to logging_demo.egg-info/dependency_links.txt
[1.081s] writing top-level names to logging_demo.egg-info/top_level.txt
[1.082s] reading manifest file 'logging_demo.egg-info/SOURCES.txt'
[1.082s] writing manifest file 'logging_demo.egg-info/SOURCES.txt'
[1.082s] [100%] Built target ament_cmake_python_build_logging_demo_egg
[1.122s] Invoked command in '/home/colbren/ground-station/build/logging_demo' returned '0': CMAKE_PREFIX_PATH=/home/colbren/ros2_ws/install/turtlesim_ui:/opt/ros/humble /usr/bin/cmake --build /home/colbren/ground-station/build/logging_demo -- -j16 -l16
[1.124s] Invoking command in '/home/colbren/ground-station/build/logging_demo': CMAKE_PREFIX_PATH=/home/colbren/ros2_ws/install/turtlesim_ui:/opt/ros/humble /usr/bin/cmake --install /home/colbren/ground-station/build/logging_demo
[1.205s] -- Install configuration: ""
[1.205s] -- Up-to-date: /home/colbren/ground-station/install/logging_demo/share/ament_index/resource_index/rosidl_interfaces/logging_demo
[1.205s] -- Up-to-date: /home/colbren/ground-station/install/logging_demo/include/logging_demo/logging_demo
[1.206s] -- Up-to-date: /home/colbren/ground-station/install/logging_demo/include/logging_demo/logging_demo/srv
[1.206s] -- Up-to-date: /home/colbren/ground-station/install/logging_demo/include/logging_demo/logging_demo/srv/detail
[1.206s] -- Up-to-date: /home/colbren/ground-station/install/logging_demo/include/logging_demo/logging_demo/srv/detail/config_logger__type_support.h
[1.206s] -- Up-to-date: /home/colbren/ground-station/install/logging_demo/include/logging_demo/logging_demo/srv/detail/config_logger__functions.c
[1.206s] -- Up-to-date: /home/colbren/ground-station/install/logging_demo/include/logging_demo/logging_demo/srv/detail/config_logger__struct.h
[1.207s] -- Up-to-date: /home/colbren/ground-station/install/logging_demo/include/logging_demo/logging_demo/srv/detail/config_logger__functions.h
[1.207s] -- Up-to-date: /home/colbren/ground-station/install/logging_demo/include/logging_demo/logging_demo/srv/config_logger.h
[1.207s] -- Up-to-date: /home/colbren/ground-station/install/logging_demo/include/logging_demo/logging_demo/msg
[1.207s] -- Up-to-date: /home/colbren/ground-station/install/logging_demo/include/logging_demo/logging_demo/msg/rosidl_generator_c__visibility_control.h
[1.207s] -- Up-to-date: /home/colbren/ground-station/install/logging_demo/share/logging_demo/environment/library_path.sh
[1.207s] -- Up-to-date: /home/colbren/ground-station/install/logging_demo/share/logging_demo/environment/library_path.dsv
[1.208s] -- Up-to-date: /home/colbren/ground-station/install/logging_demo/lib/liblogging_demo__rosidl_generator_c.so
[1.208s] -- Up-to-date: /home/colbren/ground-station/install/logging_demo/include/logging_demo/logging_demo
[1.208s] -- Up-to-date: /home/colbren/ground-station/install/logging_demo/include/logging_demo/logging_demo/srv
[1.208s] -- Up-to-date: /home/colbren/ground-station/install/logging_demo/include/logging_demo/logging_demo/srv/detail
[1.208s] -- Up-to-date: /home/colbren/ground-station/install/logging_demo/include/logging_demo/logging_demo/srv/detail/config_logger__rosidl_typesupport_fastrtps_c.h
[1.208s] -- Up-to-date: /home/colbren/ground-station/install/logging_demo/include/logging_demo/logging_demo/msg
[1.209s] -- Up-to-date: /home/colbren/ground-station/install/logging_demo/include/logging_demo/logging_demo/msg/rosidl_typesupport_fastrtps_c__visibility_control.h
[1.209s] -- Up-to-date: /home/colbren/ground-station/install/logging_demo/lib/liblogging_demo__rosidl_typesupport_fastrtps_c.so
[1.213s] -- Up-to-date: /home/colbren/ground-station/install/logging_demo/include/logging_demo/logging_demo
[1.215s] -- Up-to-date: /home/colbren/ground-station/install/logging_demo/include/logging_demo/logging_demo/srv
[1.216s] -- Up-to-date: /home/colbren/ground-station/install/logging_demo/include/logging_demo/logging_demo/srv/config_logger.hpp
[1.216s] -- Up-to-date: /home/colbren/ground-station/install/logging_demo/include/logging_demo/logging_demo/srv/detail
[1.216s] -- Up-to-date: /home/colbren/ground-station/install/logging_demo/include/logging_demo/logging_demo/srv/detail/config_logger__builder.hpp
[1.219s] -- Up-to-date: /home/colbren/ground-station/install/logging_demo/include/logging_demo/logging_demo/srv/detail/config_logger__struct.hpp
[1.219s] -- Up-to-date: /home/colbren/ground-station/install/logging_demo/include/logging_demo/logging_demo/srv/detail/config_logger__traits.hpp
[1.219s] -- Up-to-date: /home/colbren/ground-station/install/logging_demo/include/logging_demo/logging_demo/srv/detail/config_logger__type_support.hpp
[1.219s] -- Up-to-date: /home/colbren/ground-station/install/logging_demo/include/logging_demo/logging_demo/msg
[1.219s] -- Up-to-date: /home/colbren/ground-station/install/logging_demo/include/logging_demo/logging_demo/msg/rosidl_generator_cpp__visibility_control.hpp
[1.219s] -- Up-to-date: /home/colbren/ground-station/install/logging_demo/include/logging_demo/logging_demo
[1.220s] -- Up-to-date: /home/colbren/ground-station/install/logging_demo/include/logging_demo/logging_demo/srv
[1.220s] -- Up-to-date: /home/colbren/ground-station/install/logging_demo/include/logging_demo/logging_demo/srv/detail
[1.220s] -- Up-to-date: /home/colbren/ground-station/install/logging_demo/include/logging_demo/logging_demo/srv/detail/config_logger__rosidl_typesupport_fastrtps_cpp.hpp
[1.220s] -- Up-to-date: /home/colbren/ground-station/install/logging_demo/include/logging_demo/logging_demo/srv/detail/dds_fastrtps
[1.220s] -- Up-to-date: /home/colbren/ground-station/install/logging_demo/include/logging_demo/logging_demo/msg
[1.221s] -- Up-to-date: /home/colbren/ground-station/install/logging_demo/include/logging_demo/logging_demo/msg/rosidl_typesupport_fastrtps_cpp__visibility_control.h
[1.223s] -- Up-to-date: /home/colbren/ground-station/install/logging_demo/lib/liblogging_demo__rosidl_typesupport_fastrtps_cpp.so
[1.224s] -- Up-to-date: /home/colbren/ground-station/install/logging_demo/include/logging_demo/logging_demo
[1.224s] -- Up-to-date: /home/colbren/ground-station/install/logging_demo/include/logging_demo/logging_demo/srv
[1.224s] -- Up-to-date: /home/colbren/ground-station/install/logging_demo/include/logging_demo/logging_demo/srv/detail
[1.224s] -- Up-to-date: /home/colbren/ground-station/install/logging_demo/include/logging_demo/logging_demo/srv/detail/config_logger__rosidl_typesupport_introspection_c.h
[1.225s] -- Up-to-date: /home/colbren/ground-station/install/logging_demo/include/logging_demo/logging_demo/srv/detail/config_logger__type_support.c
[1.225s] -- Up-to-date: /home/colbren/ground-station/install/logging_demo/include/logging_demo/logging_demo/msg
[1.225s] -- Up-to-date: /home/colbren/ground-station/install/logging_demo/include/logging_demo/logging_demo/msg/rosidl_typesupport_introspection_c__visibility_control.h
[1.225s] -- Up-to-date: /home/colbren/ground-station/install/logging_demo/lib/liblogging_demo__rosidl_typesupport_introspection_c.so
[1.226s] -- Up-to-date: /home/colbren/ground-station/install/logging_demo/lib/liblogging_demo__rosidl_typesupport_c.so
[1.226s] -- Up-to-date: /home/colbren/ground-station/install/logging_demo/include/logging_demo/logging_demo
[1.226s] -- Up-to-date: /home/colbren/ground-station/install/logging_demo/include/logging_demo/logging_demo/srv
[1.226s] -- Up-to-date: /home/colbren/ground-station/install/logging_demo/include/logging_demo/logging_demo/srv/detail
[1.226s] -- Up-to-date: /home/colbren/ground-station/install/logging_demo/include/logging_demo/logging_demo/srv/detail/config_logger__rosidl_typesupport_introspection_cpp.hpp
[1.226s] -- Up-to-date: /home/colbren/ground-station/install/logging_demo/include/logging_demo/logging_demo/srv/detail/config_logger__type_support.cpp
[1.227s] -- Up-to-date: /home/colbren/ground-station/install/logging_demo/lib/liblogging_demo__rosidl_typesupport_introspection_cpp.so
[1.228s] -- Up-to-date: /home/colbren/ground-station/install/logging_demo/lib/liblogging_demo__rosidl_typesupport_cpp.so
[1.229s] -- Up-to-date: /home/colbren/ground-station/install/logging_demo/share/logging_demo/environment/pythonpath.sh
[1.229s] -- Up-to-date: /home/colbren/ground-station/install/logging_demo/share/logging_demo/environment/pythonpath.dsv
[1.229s] -- Up-to-date: /home/colbren/ground-station/install/logging_demo/local/lib/python3.10/dist-packages/logging_demo-0.20.5-py3.10.egg-info
[1.229s] -- Installing: /home/colbren/ground-station/install/logging_demo/local/lib/python3.10/dist-packages/logging_demo-0.20.5-py3.10.egg-info/top_level.txt
[1.229s] -- Installing: /home/colbren/ground-station/install/logging_demo/local/lib/python3.10/dist-packages/logging_demo-0.20.5-py3.10.egg-info/dependency_links.txt
[1.229s] -- Installing: /home/colbren/ground-station/install/logging_demo/local/lib/python3.10/dist-packages/logging_demo-0.20.5-py3.10.egg-info/PKG-INFO
[1.229s] -- Installing: /home/colbren/ground-station/install/logging_demo/local/lib/python3.10/dist-packages/logging_demo-0.20.5-py3.10.egg-info/SOURCES.txt
[1.230s] -- Up-to-date: /home/colbren/ground-station/install/logging_demo/local/lib/python3.10/dist-packages/logging_demo
[1.230s] -- Up-to-date: /home/colbren/ground-station/install/logging_demo/local/lib/python3.10/dist-packages/logging_demo/srv
[1.230s] -- Up-to-date: /home/colbren/ground-station/install/logging_demo/local/lib/python3.10/dist-packages/logging_demo/srv/_config_logger_s.c
[1.230s] -- Up-to-date: /home/colbren/ground-station/install/logging_demo/local/lib/python3.10/dist-packages/logging_demo/srv/__init__.py
[1.230s] -- Up-to-date: /home/colbren/ground-station/install/logging_demo/local/lib/python3.10/dist-packages/logging_demo/srv/_config_logger.py
[1.230s] -- Up-to-date: /home/colbren/ground-station/install/logging_demo/local/lib/python3.10/dist-packages/logging_demo/liblogging_demo__rosidl_generator_py.so
[1.230s] -- Up-to-date: /home/colbren/ground-station/install/logging_demo/local/lib/python3.10/dist-packages/logging_demo/logging_demo_s__rosidl_typesupport_fastrtps_c.cpython-310-x86_64-linux-gnu.so
[1.230s] -- Up-to-date: /home/colbren/ground-station/install/logging_demo/local/lib/python3.10/dist-packages/logging_demo/_logging_demo_s.ep.rosidl_typesupport_introspection_c.c
[1.230s] -- Up-to-date: /home/colbren/ground-station/install/logging_demo/local/lib/python3.10/dist-packages/logging_demo/_logging_demo_s.ep.rosidl_typesupport_fastrtps_c.c
[1.230s] -- Up-to-date: /home/colbren/ground-station/install/logging_demo/local/lib/python3.10/dist-packages/logging_demo/__init__.py
[1.231s] -- Up-to-date: /home/colbren/ground-station/install/logging_demo/local/lib/python3.10/dist-packages/logging_demo/logging_demo_s__rosidl_typesupport_introspection_c.cpython-310-x86_64-linux-gnu.so
[1.231s] -- Up-to-date: /home/colbren/ground-station/install/logging_demo/local/lib/python3.10/dist-packages/logging_demo/_logging_demo_s.ep.rosidl_typesupport_c.c
[1.231s] -- Up-to-date: /home/colbren/ground-station/install/logging_demo/local/lib/python3.10/dist-packages/logging_demo/logging_demo_s__rosidl_typesupport_c.cpython-310-x86_64-linux-gnu.so
[1.236s] Listing '/home/colbren/ground-station/install/logging_demo/local/lib/python3.10/dist-packages/logging_demo'...
[1.237s] Listing '/home/colbren/ground-station/install/logging_demo/local/lib/python3.10/dist-packages/logging_demo/srv'...
[1.243s] -- Up-to-date: /home/colbren/ground-station/install/logging_demo/local/lib/python3.10/dist-packages/logging_demo/logging_demo_s__rosidl_typesupport_fastrtps_c.cpython-310-x86_64-linux-gnu.so
[1.246s] -- Up-to-date: /home/colbren/ground-station/install/logging_demo/local/lib/python3.10/dist-packages/logging_demo/logging_demo_s__rosidl_typesupport_introspection_c.cpython-310-x86_64-linux-gnu.so
[1.247s] -- Up-to-date: /home/colbren/ground-station/install/logging_demo/local/lib/python3.10/dist-packages/logging_demo/logging_demo_s__rosidl_typesupport_c.cpython-310-x86_64-linux-gnu.so
[1.247s] -- Up-to-date: /home/colbren/ground-station/install/logging_demo/lib/liblogging_demo__rosidl_generator_py.so
[1.248s] -- Up-to-date: /home/colbren/ground-station/install/logging_demo/share/logging_demo/srv/ConfigLogger.idl
[1.248s] -- Up-to-date: /home/colbren/ground-station/install/logging_demo/share/logging_demo/srv/ConfigLogger.srv
[1.249s] -- Up-to-date: /home/colbren/ground-station/install/logging_demo/share/logging_demo/srv/ConfigLogger_Request.msg
[1.249s] -- Up-to-date: /home/colbren/ground-station/install/logging_demo/share/logging_demo/srv/ConfigLogger_Response.msg
[1.251s] -- Up-to-date: /home/colbren/ground-station/install/logging_demo/lib/liblogger_config_component.so
[1.252s] -- Up-to-date: /home/colbren/ground-station/install/logging_demo/lib/liblogger_usage_component.so
[1.252s] -- Up-to-date: /home/colbren/ground-station/install/logging_demo/lib/logging_demo/logging_demo_main
[1.252s] -- Up-to-date: /home/colbren/ground-station/install/logging_demo/share/ament_index/resource_index/package_run_dependencies/logging_demo
[1.252s] -- Up-to-date: /home/colbren/ground-station/install/logging_demo/share/ament_index/resource_index/parent_prefix_path/logging_demo
[1.252s] -- Up-to-date: /home/colbren/ground-station/install/logging_demo/share/logging_demo/environment/ament_prefix_path.sh
[1.252s] -- Up-to-date: /home/colbren/ground-station/install/logging_demo/share/logging_demo/environment/ament_prefix_path.dsv
[1.253s] -- Up-to-date: /home/colbren/ground-station/install/logging_demo/share/logging_demo/environment/path.sh
[1.253s] -- Up-to-date: /home/colbren/ground-station/install/logging_demo/share/logging_demo/environment/path.dsv
[1.253s] -- Up-to-date: /home/colbren/ground-station/install/logging_demo/share/logging_demo/local_setup.bash
[1.253s] -- Up-to-date: /home/colbren/ground-station/install/logging_demo/share/logging_demo/local_setup.sh
[1.253s] -- Up-to-date: /home/colbren/ground-station/install/logging_demo/share/logging_demo/local_setup.zsh
[1.253s] -- Up-to-date: /home/colbren/ground-station/install/logging_demo/share/logging_demo/local_setup.dsv
[1.253s] -- Installing: /home/colbren/ground-station/install/logging_demo/share/logging_demo/package.dsv
[1.253s] -- Up-to-date: /home/colbren/ground-station/install/logging_demo/share/ament_index/resource_index/packages/logging_demo
[1.253s] -- Up-to-date: /home/colbren/ground-station/install/logging_demo/share/logging_demo/cmake/export_logging_demo__rosidl_generator_cExport.cmake
[1.253s] -- Up-to-date: /home/colbren/ground-station/install/logging_demo/share/logging_demo/cmake/export_logging_demo__rosidl_generator_cExport-noconfig.cmake
[1.253s] -- Up-to-date: /home/colbren/ground-station/install/logging_demo/share/logging_demo/cmake/export_logging_demo__rosidl_typesupport_fastrtps_cExport.cmake
[1.254s] -- Up-to-date: /home/colbren/ground-station/install/logging_demo/share/logging_demo/cmake/export_logging_demo__rosidl_typesupport_fastrtps_cExport-noconfig.cmake
[1.254s] -- Up-to-date: /home/colbren/ground-station/install/logging_demo/share/logging_demo/cmake/export_logging_demo__rosidl_generator_cppExport.cmake
[1.254s] -- Up-to-date: /home/colbren/ground-station/install/logging_demo/share/logging_demo/cmake/export_logging_demo__rosidl_typesupport_fastrtps_cppExport.cmake
[1.254s] -- Up-to-date: /home/colbren/ground-station/install/logging_demo/share/logging_demo/cmake/export_logging_demo__rosidl_typesupport_fastrtps_cppExport-noconfig.cmake
[1.254s] -- Up-to-date: /home/colbren/ground-station/install/logging_demo/share/logging_demo/cmake/logging_demo__rosidl_typesupport_introspection_cExport.cmake
[1.254s] -- Up-to-date: /home/colbren/ground-station/install/logging_demo/share/logging_demo/cmake/logging_demo__rosidl_typesupport_introspection_cExport-noconfig.cmake
[1.254s] -- Up-to-date: /home/colbren/ground-station/install/logging_demo/share/logging_demo/cmake/logging_demo__rosidl_typesupport_cExport.cmake
[1.254s] -- Up-to-date: /home/colbren/ground-station/install/logging_demo/share/logging_demo/cmake/logging_demo__rosidl_typesupport_cExport-noconfig.cmake
[1.254s] -- Up-to-date: /home/colbren/ground-station/install/logging_demo/share/logging_demo/cmake/logging_demo__rosidl_typesupport_introspection_cppExport.cmake
[1.254s] -- Up-to-date: /home/colbren/ground-station/install/logging_demo/share/logging_demo/cmake/logging_demo__rosidl_typesupport_introspection_cppExport-noconfig.cmake
[1.254s] -- Up-to-date: /home/colbren/ground-station/install/logging_demo/share/logging_demo/cmake/logging_demo__rosidl_typesupport_cppExport.cmake
[1.254s] -- Up-to-date: /home/colbren/ground-station/install/logging_demo/share/logging_demo/cmake/logging_demo__rosidl_typesupport_cppExport-noconfig.cmake
[1.254s] -- Up-to-date: /home/colbren/ground-station/install/logging_demo/share/logging_demo/cmake/export_logging_demo__rosidl_generator_pyExport.cmake
[1.254s] -- Up-to-date: /home/colbren/ground-station/install/logging_demo/share/logging_demo/cmake/export_logging_demo__rosidl_generator_pyExport-noconfig.cmake
[1.254s] -- Up-to-date: /home/colbren/ground-station/install/logging_demo/share/ament_index/resource_index/rclcpp_components/logging_demo
[1.255s] -- Up-to-date: /home/colbren/ground-station/install/logging_demo/share/logging_demo/cmake/rosidl_cmake-extras.cmake
[1.255s] -- Up-to-date: /home/colbren/ground-station/install/logging_demo/share/logging_demo/cmake/ament_cmake_export_include_directories-extras.cmake
[1.255s] -- Up-to-date: /home/colbren/ground-station/install/logging_demo/share/logging_demo/cmake/ament_cmake_export_libraries-extras.cmake
[1.255s] -- Up-to-date: /home/colbren/ground-station/install/logging_demo/share/logging_demo/cmake/ament_cmake_export_targets-extras.cmake
[1.255s] -- Up-to-date: /home/colbren/ground-station/install/logging_demo/share/logging_demo/cmake/rosidl_cmake_export_typesupport_targets-extras.cmake
[1.255s] -- Up-to-date: /home/colbren/ground-station/install/logging_demo/share/logging_demo/cmake/ament_cmake_export_dependencies-extras.cmake
[1.255s] -- Up-to-date: /home/colbren/ground-station/install/logging_demo/share/logging_demo/cmake/rosidl_cmake_export_typesupport_libraries-extras.cmake
[1.255s] -- Up-to-date: /home/colbren/ground-station/install/logging_demo/share/logging_demo/cmake/logging_demoConfig.cmake
[1.255s] -- Up-to-date: /home/colbren/ground-station/install/logging_demo/share/logging_demo/cmake/logging_demoConfig-version.cmake
[1.255s] -- Up-to-date: /home/colbren/ground-station/install/logging_demo/share/logging_demo/package.xml
[1.469s] Invoked command in '/home/colbren/ground-station/build/logging_demo' returned '0': CMAKE_PREFIX_PATH=/home/colbren/ros2_ws/install/turtlesim_ui:/opt/ros/humble /usr/bin/cmake --install /home/colbren/ground-station/build/logging_demo
