[35m[1mConsolidate compiler generated dependencies of target pendulum_logger[0m
[35m[1mConsolidate compiler generated dependencies of target pendulum_teleop[0m
[35m[1mConsolidate compiler generated dependencies of target pendulum_demo[0m
[ 33%] Built target pendulum_demo
[ 66%] Built target pendulum_teleop
[100%] Built target pendulum_logger
-- Install configuration: ""
-- Up-to-date: /home/colbren/ground-station/install/pendulum_control/bin/pendulum_demo
-- Up-to-date: /home/colbren/ground-station/install/pendulum_control/bin/pendulum_logger
-- Up-to-date: /home/colbren/ground-station/install/pendulum_control/bin/pendulum_teleop
-- Up-to-date: /home/colbren/ground-station/install/pendulum_control/bin/pendulum_launch.bash
-- Up-to-date: /home/colbren/ground-station/install/pendulum_control/share/ament_index/resource_index/package_run_dependencies/pendulum_control
-- Up-to-date: /home/colbren/ground-station/install/pendulum_control/share/ament_index/resource_index/parent_prefix_path/pendulum_control
-- Up-to-date: /home/colbren/ground-station/install/pendulum_control/share/pendulum_control/environment/ament_prefix_path.sh
-- Up-to-date: /home/colbren/ground-station/install/pendulum_control/share/pendulum_control/environment/ament_prefix_path.dsv
-- Up-to-date: /home/colbren/ground-station/install/pendulum_control/share/pendulum_control/environment/path.sh
-- Up-to-date: /home/colbren/ground-station/install/pendulum_control/share/pendulum_control/environment/path.dsv
-- Up-to-date: /home/colbren/ground-station/install/pendulum_control/share/pendulum_control/local_setup.bash
-- Up-to-date: /home/colbren/ground-station/install/pendulum_control/share/pendulum_control/local_setup.sh
-- Up-to-date: /home/colbren/ground-station/install/pendulum_control/share/pendulum_control/local_setup.zsh
-- Up-to-date: /home/colbren/ground-station/install/pendulum_control/share/pendulum_control/local_setup.dsv
-- Installing: /home/colbren/ground-station/install/pendulum_control/share/pendulum_control/package.dsv
-- Up-to-date: /home/colbren/ground-station/install/pendulum_control/share/ament_index/resource_index/packages/pendulum_control
-- Up-to-date: /home/colbren/ground-station/install/pendulum_control/share/pendulum_control/cmake/pendulum_controlConfig.cmake
-- Up-to-date: /home/colbren/ground-station/install/pendulum_control/share/pendulum_control/cmake/pendulum_controlConfig-version.cmake
-- Up-to-date: /home/colbren/ground-station/install/pendulum_control/share/pendulum_control/package.xml
