[0.332s] Invoking command in '/home/colbren/ground-station/build/action_tutorials_cpp': AMENT_PREFIX_PATH=/home/colbren/ground-station/install/action_tutorials_interfaces:${AMENT_PREFIX_PATH} CMAKE_PREFIX_PATH=/home/colbren/ground-station/install/action_tutorials_interfaces:/home/colbren/ros2_ws/install/turtlesim_ui:/opt/ros/humble LD_LIBRARY_PATH=/home/colbren/ground-station/install/action_tutorials_interfaces/lib:${LD_LIBRARY_PATH} PYTHONPATH=/home/colbren/ground-station/install/action_tutorials_interfaces/local/lib/python3.10/dist-packages:${PYTHONPATH} /usr/bin/cmake --build /home/colbren/ground-station/build/action_tutorials_cpp -- -j16 -l16
[0.607s] [35m[1mConsolidate compiler generated dependencies of target fibonacci_action_server[0m
[0.607s] [35m[1mConsolidate compiler generated dependencies of target fibonacci_action_client[0m
[0.608s] [35m[1mConsolidate compiler generated dependencies of target action_tutorials[0m
[0.608s] [ 28%] Built target fibonacci_action_client
[0.608s] [ 57%] Built target fibonacci_action_server
[0.608s] [100%] Built target action_tutorials
[0.612s] Invoked command in '/home/colbren/ground-station/build/action_tutorials_cpp' returned '0': AMENT_PREFIX_PATH=/home/colbren/ground-station/install/action_tutorials_interfaces:${AMENT_PREFIX_PATH} CMAKE_PREFIX_PATH=/home/colbren/ground-station/install/action_tutorials_interfaces:/home/colbren/ros2_ws/install/turtlesim_ui:/opt/ros/humble LD_LIBRARY_PATH=/home/colbren/ground-station/install/action_tutorials_interfaces/lib:${LD_LIBRARY_PATH} PYTHONPATH=/home/colbren/ground-station/install/action_tutorials_interfaces/local/lib/python3.10/dist-packages:${PYTHONPATH} /usr/bin/cmake --build /home/colbren/ground-station/build/action_tutorials_cpp -- -j16 -l16
[0.614s] Invoking command in '/home/colbren/ground-station/build/action_tutorials_cpp': AMENT_PREFIX_PATH=/home/colbren/ground-station/install/action_tutorials_interfaces:${AMENT_PREFIX_PATH} CMAKE_PREFIX_PATH=/home/colbren/ground-station/install/action_tutorials_interfaces:/home/colbren/ros2_ws/install/turtlesim_ui:/opt/ros/humble LD_LIBRARY_PATH=/home/colbren/ground-station/install/action_tutorials_interfaces/lib:${LD_LIBRARY_PATH} PYTHONPATH=/home/colbren/ground-station/install/action_tutorials_interfaces/local/lib/python3.10/dist-packages:${PYTHONPATH} /usr/bin/cmake --install /home/colbren/ground-station/build/action_tutorials_cpp
[0.625s] -- Install configuration: ""
[0.631s] -- Up-to-date: /home/colbren/ground-station/install/action_tutorials_cpp/lib/action_tutorials_cpp/fibonacci_action_client
[0.631s] -- Up-to-date: /home/colbren/ground-station/install/action_tutorials_cpp/lib/action_tutorials_cpp/fibonacci_action_server
[0.633s] -- Up-to-date: /home/colbren/ground-station/install/action_tutorials_cpp/lib/libaction_tutorials.so
[0.633s] -- Up-to-date: /home/colbren/ground-station/install/action_tutorials_cpp/share/ament_index/resource_index/package_run_dependencies/action_tutorials_cpp
[0.634s] -- Up-to-date: /home/colbren/ground-station/install/action_tutorials_cpp/share/ament_index/resource_index/parent_prefix_path/action_tutorials_cpp
[0.634s] -- Up-to-date: /home/colbren/ground-station/install/action_tutorials_cpp/share/action_tutorials_cpp/environment/ament_prefix_path.sh
[0.634s] -- Up-to-date: /home/colbren/ground-station/install/action_tutorials_cpp/share/action_tutorials_cpp/environment/ament_prefix_path.dsv
[0.634s] -- Up-to-date: /home/colbren/ground-station/install/action_tutorials_cpp/share/action_tutorials_cpp/environment/path.sh
[0.634s] -- Up-to-date: /home/colbren/ground-station/install/action_tutorials_cpp/share/action_tutorials_cpp/environment/path.dsv
[0.634s] -- Up-to-date: /home/colbren/ground-station/install/action_tutorials_cpp/share/action_tutorials_cpp/local_setup.bash
[0.634s] -- Up-to-date: /home/colbren/ground-station/install/action_tutorials_cpp/share/action_tutorials_cpp/local_setup.sh
[0.634s] -- Up-to-date: /home/colbren/ground-station/install/action_tutorials_cpp/share/action_tutorials_cpp/local_setup.zsh
[0.634s] -- Up-to-date: /home/colbren/ground-station/install/action_tutorials_cpp/share/action_tutorials_cpp/local_setup.dsv
[0.634s] -- Installing: /home/colbren/ground-station/install/action_tutorials_cpp/share/action_tutorials_cpp/package.dsv
[0.634s] -- Up-to-date: /home/colbren/ground-station/install/action_tutorials_cpp/share/ament_index/resource_index/packages/action_tutorials_cpp
[0.634s] -- Up-to-date: /home/colbren/ground-station/install/action_tutorials_cpp/share/ament_index/resource_index/rclcpp_components/action_tutorials_cpp
[0.634s] -- Up-to-date: /home/colbren/ground-station/install/action_tutorials_cpp/share/action_tutorials_cpp/cmake/action_tutorials_cppConfig.cmake
[0.634s] -- Up-to-date: /home/colbren/ground-station/install/action_tutorials_cpp/share/action_tutorials_cpp/cmake/action_tutorials_cppConfig-version.cmake
[0.634s] -- Up-to-date: /home/colbren/ground-station/install/action_tutorials_cpp/share/action_tutorials_cpp/package.xml
[0.650s] Invoked command in '/home/colbren/ground-station/build/action_tutorials_cpp' returned '0': AMENT_PREFIX_PATH=/home/colbren/ground-station/install/action_tutorials_interfaces:${AMENT_PREFIX_PATH} CMAKE_PREFIX_PATH=/home/colbren/ground-station/install/action_tutorials_interfaces:/home/colbren/ros2_ws/install/turtlesim_ui:/opt/ros/humble LD_LIBRARY_PATH=/home/colbren/ground-station/install/action_tutorials_interfaces/lib:${LD_LIBRARY_PATH} PYTHONPATH=/home/colbren/ground-station/install/action_tutorials_interfaces/local/lib/python3.10/dist-packages:${PYTHONPATH} /usr/bin/cmake --install /home/colbren/ground-station/build/action_tutorials_cpp
