[1.009s] Invoking command in '/home/colbren/ground-station/build/topic_statistics_demo': CMAKE_PREFIX_PATH=/home/colbren/ros2_ws/install/turtlesim_ui:/opt/ros/humble /usr/bin/cmake /home/colbren/ground-station/src/demos/topic_statistics_demo -DCMAKE_INSTALL_PREFIX=/home/colbren/ground-station/install/topic_statistics_demo
[1.988s] -- The C compiler identification is GNU 11.4.0
[1.988s] -- The CXX compiler identification is GNU 11.4.0
[1.988s] -- Detecting C compiler ABI info
[1.988s] -- Detecting C compiler ABI info - done
[1.989s] -- Check for working C compiler: /usr/bin/cc - skipped
[1.989s] -- Detecting C compile features
[1.989s] -- Detecting C compile features - done
[1.989s] -- Detecting CXX compiler ABI info
[1.989s] -- Detecting CXX compiler ABI info - done
[1.989s] -- Check for working CXX compiler: /usr/bin/c++ - skipped
[1.989s] -- Detecting CXX compile features
[1.989s] -- Detecting CXX compile features - done
[1.989s] -- Found ament_cmake: 1.3.11 (/opt/ros/humble/share/ament_cmake/cmake)
[1.989s] -- Found Python3: /usr/bin/python3 (found version "3.10.12") found components: Interpreter 
[1.989s] -- Found rclcpp: 16.0.11 (/opt/ros/humble/share/rclcpp/cmake)
[1.989s] -- Found rosidl_generator_c: 3.1.6 (/opt/ros/humble/share/rosidl_generator_c/cmake)
[1.989s] -- Found rosidl_adapter: 3.1.6 (/opt/ros/humble/share/rosidl_adapter/cmake)
[1.989s] -- Found rosidl_generator_cpp: 3.1.6 (/opt/ros/humble/share/rosidl_generator_cpp/cmake)
[1.990s] -- Using all available rosidl_typesupport_c: rosidl_typesupport_fastrtps_c;rosidl_typesupport_introspection_c
[1.990s] -- Using all available rosidl_typesupport_cpp: rosidl_typesupport_fastrtps_cpp;rosidl_typesupport_introspection_cpp
[2.029s] -- Found rmw_implementation_cmake: 6.1.2 (/opt/ros/humble/share/rmw_implementation_cmake/cmake)
[2.031s] -- Found rmw_fastrtps_cpp: 6.2.7 (/opt/ros/humble/share/rmw_fastrtps_cpp/cmake)
[2.234s] -- Found OpenSSL: /usr/lib/x86_64-linux-gnu/libcrypto.so (found version "3.0.2")  
[2.389s] -- Found FastRTPS: /opt/ros/humble/include  
[2.576s] -- Using RMW implementation 'rmw_fastrtps_cpp' as default
[2.618s] -- Looking for pthread.h
[3.284s] -- Looking for pthread.h - found
[3.284s] -- Performing Test CMAKE_HAVE_LIBC_PTHREAD
[4.130s] -- Performing Test CMAKE_HAVE_LIBC_PTHREAD - Success
[4.147s] -- Found Threads: TRUE  
[4.922s] -- Found sensor_msgs: 4.2.4 (/opt/ros/humble/share/sensor_msgs/cmake)
[5.385s] -- Found ament_lint_auto: 0.12.11 (/opt/ros/humble/share/ament_lint_auto/cmake)
[5.639s] -- Added test 'copyright' to check source files copyright and LICENSE
[5.640s] -- Added test 'cppcheck' to perform static code analysis on C / C++ code
[5.652s] -- Configured cppcheck include dirs: /home/colbren/ground-station/src/demos/topic_statistics_demo/include
[5.653s] -- Configured cppcheck exclude dirs and/or files: 
[5.653s] -- Added test 'cpplint' to check C / C++ code against the Google style
[5.655s] -- Configured cpplint exclude dirs and/or files: 
[5.655s] -- Added test 'lint_cmake' to check CMake code style
[5.655s] -- Added test 'uncrustify' to check C / C++ code style
[5.655s] -- Configured uncrustify additional arguments: 
[5.656s] -- Added test 'xmllint' to check XML markup files
[5.656s] -- Configuring done
[5.695s] -- Generating done
[5.709s] -- Build files have been written to: /home/colbren/ground-station/build/topic_statistics_demo
[5.769s] Invoked command in '/home/colbren/ground-station/build/topic_statistics_demo' returned '0': CMAKE_PREFIX_PATH=/home/colbren/ros2_ws/install/turtlesim_ui:/opt/ros/humble /usr/bin/cmake /home/colbren/ground-station/src/demos/topic_statistics_demo -DCMAKE_INSTALL_PREFIX=/home/colbren/ground-station/install/topic_statistics_demo
[5.776s] Invoking command in '/home/colbren/ground-station/build/topic_statistics_demo': CMAKE_PREFIX_PATH=/home/colbren/ros2_ws/install/turtlesim_ui:/opt/ros/humble /usr/bin/cmake --build /home/colbren/ground-station/build/topic_statistics_demo -- -j16 -l16
