[0.267s] Invoking command in '/home/colbren/ground-station/build/image_tools': CMAKE_PREFIX_PATH=/home/colbren/ros2_ws/install/turtlesim_ui:/opt/ros/humble /usr/bin/cmake /home/colbren/ground-station/src/demos/image_tools -DCMAKE_INSTALL_PREFIX=/home/colbren/ground-station/install/image_tools
[1.063s] -- The C compiler identification is GNU 11.4.0
[1.063s] -- The CXX compiler identification is GNU 11.4.0
[1.063s] -- Detecting C compiler ABI info
[1.063s] -- Detecting C compiler ABI info - done
[1.063s] -- Check for working C compiler: /usr/bin/cc - skipped
[1.063s] -- Detecting C compile features
[1.063s] -- Detecting C compile features - done
[1.063s] -- Detecting CXX compiler ABI info
[1.063s] -- Detecting CXX compiler ABI info - done
[1.064s] -- Check for working CXX compiler: /usr/bin/c++ - skipped
[1.064s] -- Detecting CXX compile features
[1.064s] -- Detecting CXX compile features - done
[1.064s] -- Found ament_cmake: 1.3.11 (/opt/ros/humble/share/ament_cmake/cmake)
[1.064s] -- Found Python3: /usr/bin/python3 (found version "3.10.12") found components: Interpreter 
[1.064s] -- Found rclcpp: 16.0.11 (/opt/ros/humble/share/rclcpp/cmake)
[1.064s] -- Found rosidl_generator_c: 3.1.6 (/opt/ros/humble/share/rosidl_generator_c/cmake)
[1.064s] -- Found rosidl_adapter: 3.1.6 (/opt/ros/humble/share/rosidl_adapter/cmake)
[1.064s] -- Found rosidl_generator_cpp: 3.1.6 (/opt/ros/humble/share/rosidl_generator_cpp/cmake)
[1.069s] -- Using all available rosidl_typesupport_c: rosidl_typesupport_fastrtps_c;rosidl_typesupport_introspection_c
[1.078s] -- Using all available rosidl_typesupport_cpp: rosidl_typesupport_fastrtps_cpp;rosidl_typesupport_introspection_cpp
[1.136s] -- Found rmw_implementation_cmake: 6.1.2 (/opt/ros/humble/share/rmw_implementation_cmake/cmake)
[1.144s] -- Found rmw_fastrtps_cpp: 6.2.7 (/opt/ros/humble/share/rmw_fastrtps_cpp/cmake)
[1.284s] -- Found OpenSSL: /usr/lib/x86_64-linux-gnu/libcrypto.so (found version "3.0.2")  
[1.328s] -- Found FastRTPS: /opt/ros/humble/include  
[1.392s] -- Using RMW implementation 'rmw_fastrtps_cpp' as default
[1.404s] -- Looking for pthread.h
[1.517s] -- Looking for pthread.h - found
[1.518s] -- Performing Test CMAKE_HAVE_LIBC_PTHREAD
[1.666s] -- Performing Test CMAKE_HAVE_LIBC_PTHREAD - Success
[1.666s] -- Found Threads: TRUE  
[1.742s] -- Found rclcpp_components: 16.0.11 (/opt/ros/humble/share/rclcpp_components/cmake)
[1.783s] -- Found sensor_msgs: 4.2.4 (/opt/ros/humble/share/sensor_msgs/cmake)
[1.839s] -- Found OpenCV: /usr (found version "4.5.4") found components: core highgui imgcodecs imgproc videoio 
[1.849s] -- Found ament_lint_auto: 0.12.11 (/opt/ros/humble/share/ament_lint_auto/cmake)
[2.023s] -- Found python_cmake_module: 0.10.0 (/opt/ros/humble/share/python_cmake_module/cmake)
[2.071s] -- Found PythonInterp: /usr/bin/python3 (found suitable version "3.10.12", minimum required is "3.6") 
[2.085s] -- Found PythonLibs: /usr/lib/x86_64-linux-gnu/libpython3.10.so (found suitable version "3.10.12", minimum required is "3.5") 
[2.087s] -- Using PYTHON_EXECUTABLE: /usr/bin/python3
[2.087s] -- Using PYTHON_INCLUDE_DIRS: /usr/include/python3.10
[2.088s] -- Using PYTHON_LIBRARIES: /usr/lib/x86_64-linux-gnu/libpython3.10.so
[2.141s] -- Found PythonExtra: .so  
[2.171s] -- Added test 'copyright' to check source files copyright and LICENSE
[2.171s] -- Added test 'cppcheck' to perform static code analysis on C / C++ code
[2.175s] -- Configured cppcheck include dirs: $<BUILD_INTERFACE:/home/colbren/ground-station/src/demos/image_tools/include>
[2.175s] -- Configured cppcheck exclude dirs and/or files: 
[2.175s] -- Added test 'cpplint' to check C / C++ code against the Google style
[2.175s] -- Configured cpplint exclude dirs and/or files: 
[2.176s] -- Added test 'lint_cmake' to check CMake code style
[2.180s] -- Added test 'uncrustify' to check C / C++ code style
[2.180s] -- Configured uncrustify additional arguments: 
[2.181s] -- Added test 'xmllint' to check XML markup files
[2.181s] -- Configuring done
[2.208s] -- Generating done
[2.226s] -- Build files have been written to: /home/colbren/ground-station/build/image_tools
[2.279s] Invoked command in '/home/colbren/ground-station/build/image_tools' returned '0': CMAKE_PREFIX_PATH=/home/colbren/ros2_ws/install/turtlesim_ui:/opt/ros/humble /usr/bin/cmake /home/colbren/ground-station/src/demos/image_tools -DCMAKE_INSTALL_PREFIX=/home/colbren/ground-station/install/image_tools
[2.280s] Invoking command in '/home/colbren/ground-station/build/image_tools': CMAKE_PREFIX_PATH=/home/colbren/ros2_ws/install/turtlesim_ui:/opt/ros/humble /usr/bin/cmake --build /home/colbren/ground-station/build/image_tools -- -j16 -l16
[2.501s] [ 11%] [32mBuilding CXX object CMakeFiles/cam2image.dir/rclcpp_components/node_main_cam2image.cpp.o[0m
[2.525s] [ 22%] [32mBuilding CXX object CMakeFiles/showimage.dir/rclcpp_components/node_main_showimage.cpp.o[0m
[2.526s] [ 44%] [32mBuilding CXX object CMakeFiles/image_tools.dir/src/cam2image.cpp.o[0m
[2.527s] [ 44%] [32mBuilding CXX object CMakeFiles/image_tools.dir/src/burger.cpp.o[0m
[2.528s] [ 55%] [32mBuilding CXX object CMakeFiles/image_tools.dir/src/showimage.cpp.o[0m
[2.540s] [ 66%] [32mBuilding CXX object CMakeFiles/image_tools.dir/src/cv_mat_sensor_msgs_image_type_adapter.cpp.o[0m
