running egg_info
creating ../../../build/lifecycle_py/lifecycle_py.egg-info
writing ../../../build/lifecycle_py/lifecycle_py.egg-info/PKG-INFO
writing dependency_links to ../../../build/lifecycle_py/lifecycle_py.egg-info/dependency_links.txt
writing entry points to ../../../build/lifecycle_py/lifecycle_py.egg-info/entry_points.txt
writing requirements to ../../../build/lifecycle_py/lifecycle_py.egg-info/requires.txt
writing top-level names to ../../../build/lifecycle_py/lifecycle_py.egg-info/top_level.txt
writing manifest file '../../../build/lifecycle_py/lifecycle_py.egg-info/SOURCES.txt'
reading manifest file '../../../build/lifecycle_py/lifecycle_py.egg-info/SOURCES.txt'
writing manifest file '../../../build/lifecycle_py/lifecycle_py.egg-info/SOURCES.txt'
running build
running build_py
creating /home/colbren/ground-station/build/lifecycle_py/build
creating /home/colbren/ground-station/build/lifecycle_py/build/lib
creating /home/colbren/ground-station/build/lifecycle_py/build/lib/lifecycle_py
copying lifecycle_py/__init__.py -> /home/colbren/ground-station/build/lifecycle_py/build/lib/lifecycle_py
copying lifecycle_py/talker.py -> /home/colbren/ground-station/build/lifecycle_py/build/lib/lifecycle_py
running install
running install_lib
creating /home/colbren/ground-station/install/lifecycle_py/lib/python3.10/site-packages/lifecycle_py
copying /home/colbren/ground-station/build/lifecycle_py/build/lib/lifecycle_py/__init__.py -> /home/colbren/ground-station/install/lifecycle_py/lib/python3.10/site-packages/lifecycle_py
copying /home/colbren/ground-station/build/lifecycle_py/build/lib/lifecycle_py/talker.py -> /home/colbren/ground-station/install/lifecycle_py/lib/python3.10/site-packages/lifecycle_py
byte-compiling /home/colbren/ground-station/install/lifecycle_py/lib/python3.10/site-packages/lifecycle_py/__init__.py to __init__.cpython-310.pyc
byte-compiling /home/colbren/ground-station/install/lifecycle_py/lib/python3.10/site-packages/lifecycle_py/talker.py to talker.cpython-310.pyc
running install_data
creating /home/colbren/ground-station/install/lifecycle_py/share/ament_index
creating /home/colbren/ground-station/install/lifecycle_py/share/ament_index/resource_index
creating /home/colbren/ground-station/install/lifecycle_py/share/ament_index/resource_index/packages
copying resource/lifecycle_py -> /home/colbren/ground-station/install/lifecycle_py/share/ament_index/resource_index/packages
copying package.xml -> /home/colbren/ground-station/install/lifecycle_py/share/lifecycle_py
running install_egg_info
Copying ../../../build/lifecycle_py/lifecycle_py.egg-info to /home/colbren/ground-station/install/lifecycle_py/lib/python3.10/site-packages/lifecycle_py-0.20.5-py3.10.egg-info
running install_scripts
Installing lifecycle_talker script to /home/colbren/ground-station/install/lifecycle_py/lib/lifecycle_py
writing list of installed files to '/home/colbren/ground-station/build/lifecycle_py/install.log'
