[1.618s] Invoking command in '/home/colbren/ground-station/src/demos/quality_of_service_demo/rclpy': PYTHONPATH=/home/colbren/ground-station/build/quality_of_service_demo_py/prefix_override:/usr/lib/python3/dist-packages/colcon_core/task/python/colcon_distutils_commands:/home/colbren/ground-station/install/quality_of_service_demo_py/lib/python3.10/site-packages:${PYTHONPATH} /usr/bin/python3 -W ignore:setup.py install is deprecated -W ignore:easy_install command is deprecated setup.py egg_info --egg-base ../../../../build/quality_of_service_demo_py build --build-base /home/colbren/ground-station/build/quality_of_service_demo_py/build install --record /home/colbren/ground-station/build/quality_of_service_demo_py/install.log --single-version-externally-managed install_data
[2.118s] running egg_info
[2.118s] creating ../../../../build/quality_of_service_demo_py/quality_of_service_demo_py.egg-info
[2.119s] writing ../../../../build/quality_of_service_demo_py/quality_of_service_demo_py.egg-info/PKG-INFO
[2.119s] writing dependency_links to ../../../../build/quality_of_service_demo_py/quality_of_service_demo_py.egg-info/dependency_links.txt
[2.119s] writing entry points to ../../../../build/quality_of_service_demo_py/quality_of_service_demo_py.egg-info/entry_points.txt
[2.119s] writing requirements to ../../../../build/quality_of_service_demo_py/quality_of_service_demo_py.egg-info/requires.txt
[2.119s] writing top-level names to ../../../../build/quality_of_service_demo_py/quality_of_service_demo_py.egg-info/top_level.txt
[2.119s] writing manifest file '../../../../build/quality_of_service_demo_py/quality_of_service_demo_py.egg-info/SOURCES.txt'
[2.119s] reading manifest file '../../../../build/quality_of_service_demo_py/quality_of_service_demo_py.egg-info/SOURCES.txt'
[2.119s] writing manifest file '../../../../build/quality_of_service_demo_py/quality_of_service_demo_py.egg-info/SOURCES.txt'
[2.119s] running build
[2.119s] running build_py
[2.119s] creating /home/colbren/ground-station/build/quality_of_service_demo_py/build
[2.119s] creating /home/colbren/ground-station/build/quality_of_service_demo_py/build/lib
[2.119s] creating /home/colbren/ground-station/build/quality_of_service_demo_py/build/lib/quality_of_service_demo_py
[2.119s] copying quality_of_service_demo_py/liveliness.py -> /home/colbren/ground-station/build/quality_of_service_demo_py/build/lib/quality_of_service_demo_py
[2.119s] copying quality_of_service_demo_py/qos_overrides_talker.py -> /home/colbren/ground-station/build/quality_of_service_demo_py/build/lib/quality_of_service_demo_py
[2.120s] copying quality_of_service_demo_py/__init__.py -> /home/colbren/ground-station/build/quality_of_service_demo_py/build/lib/quality_of_service_demo_py
[2.120s] copying quality_of_service_demo_py/lifespan.py -> /home/colbren/ground-station/build/quality_of_service_demo_py/build/lib/quality_of_service_demo_py
[2.120s] copying quality_of_service_demo_py/deadline.py -> /home/colbren/ground-station/build/quality_of_service_demo_py/build/lib/quality_of_service_demo_py
[2.120s] copying quality_of_service_demo_py/qos_overrides_listener.py -> /home/colbren/ground-station/build/quality_of_service_demo_py/build/lib/quality_of_service_demo_py
[2.120s] copying quality_of_service_demo_py/incompatible_qos.py -> /home/colbren/ground-station/build/quality_of_service_demo_py/build/lib/quality_of_service_demo_py
[2.120s] copying quality_of_service_demo_py/common_nodes.py -> /home/colbren/ground-station/build/quality_of_service_demo_py/build/lib/quality_of_service_demo_py
[2.120s] copying quality_of_service_demo_py/message_lost_listener.py -> /home/colbren/ground-station/build/quality_of_service_demo_py/build/lib/quality_of_service_demo_py
[2.120s] running install
[2.120s] running install_lib
[2.120s] creating /home/colbren/ground-station/install/quality_of_service_demo_py/lib/python3.10/site-packages/quality_of_service_demo_py
[2.120s] copying /home/colbren/ground-station/build/quality_of_service_demo_py/build/lib/quality_of_service_demo_py/liveliness.py -> /home/colbren/ground-station/install/quality_of_service_demo_py/lib/python3.10/site-packages/quality_of_service_demo_py
[2.121s] copying /home/colbren/ground-station/build/quality_of_service_demo_py/build/lib/quality_of_service_demo_py/qos_overrides_talker.py -> /home/colbren/ground-station/install/quality_of_service_demo_py/lib/python3.10/site-packages/quality_of_service_demo_py
[2.124s] copying /home/colbren/ground-station/build/quality_of_service_demo_py/build/lib/quality_of_service_demo_py/__init__.py -> /home/colbren/ground-station/install/quality_of_service_demo_py/lib/python3.10/site-packages/quality_of_service_demo_py
[2.125s] copying /home/colbren/ground-station/build/quality_of_service_demo_py/build/lib/quality_of_service_demo_py/lifespan.py -> /home/colbren/ground-station/install/quality_of_service_demo_py/lib/python3.10/site-packages/quality_of_service_demo_py
[2.125s] copying /home/colbren/ground-station/build/quality_of_service_demo_py/build/lib/quality_of_service_demo_py/deadline.py -> /home/colbren/ground-station/install/quality_of_service_demo_py/lib/python3.10/site-packages/quality_of_service_demo_py
[2.125s] copying /home/colbren/ground-station/build/quality_of_service_demo_py/build/lib/quality_of_service_demo_py/qos_overrides_listener.py -> /home/colbren/ground-station/install/quality_of_service_demo_py/lib/python3.10/site-packages/quality_of_service_demo_py
[2.125s] copying /home/colbren/ground-station/build/quality_of_service_demo_py/build/lib/quality_of_service_demo_py/incompatible_qos.py -> /home/colbren/ground-station/install/quality_of_service_demo_py/lib/python3.10/site-packages/quality_of_service_demo_py
[2.125s] copying /home/colbren/ground-station/build/quality_of_service_demo_py/build/lib/quality_of_service_demo_py/common_nodes.py -> /home/colbren/ground-station/install/quality_of_service_demo_py/lib/python3.10/site-packages/quality_of_service_demo_py
[2.125s] copying /home/colbren/ground-station/build/quality_of_service_demo_py/build/lib/quality_of_service_demo_py/message_lost_listener.py -> /home/colbren/ground-station/install/quality_of_service_demo_py/lib/python3.10/site-packages/quality_of_service_demo_py
[2.125s] byte-compiling /home/colbren/ground-station/install/quality_of_service_demo_py/lib/python3.10/site-packages/quality_of_service_demo_py/liveliness.py to liveliness.cpython-310.pyc
[2.125s] byte-compiling /home/colbren/ground-station/install/quality_of_service_demo_py/lib/python3.10/site-packages/quality_of_service_demo_py/qos_overrides_talker.py to qos_overrides_talker.cpython-310.pyc
[2.125s] byte-compiling /home/colbren/ground-station/install/quality_of_service_demo_py/lib/python3.10/site-packages/quality_of_service_demo_py/__init__.py to __init__.cpython-310.pyc
[2.125s] byte-compiling /home/colbren/ground-station/install/quality_of_service_demo_py/lib/python3.10/site-packages/quality_of_service_demo_py/lifespan.py to lifespan.cpython-310.pyc
[2.125s] byte-compiling /home/colbren/ground-station/install/quality_of_service_demo_py/lib/python3.10/site-packages/quality_of_service_demo_py/deadline.py to deadline.cpython-310.pyc
[2.125s] byte-compiling /home/colbren/ground-station/install/quality_of_service_demo_py/lib/python3.10/site-packages/quality_of_service_demo_py/qos_overrides_listener.py to qos_overrides_listener.cpython-310.pyc
[2.125s] byte-compiling /home/colbren/ground-station/install/quality_of_service_demo_py/lib/python3.10/site-packages/quality_of_service_demo_py/incompatible_qos.py to incompatible_qos.cpython-310.pyc
[2.125s] byte-compiling /home/colbren/ground-station/install/quality_of_service_demo_py/lib/python3.10/site-packages/quality_of_service_demo_py/common_nodes.py to common_nodes.cpython-310.pyc
[2.125s] byte-compiling /home/colbren/ground-station/install/quality_of_service_demo_py/lib/python3.10/site-packages/quality_of_service_demo_py/message_lost_listener.py to message_lost_listener.cpython-310.pyc
[2.125s] running install_data
[2.126s] creating /home/colbren/ground-station/install/quality_of_service_demo_py/share/ament_index
[2.126s] creating /home/colbren/ground-station/install/quality_of_service_demo_py/share/ament_index/resource_index
[2.126s] creating /home/colbren/ground-station/install/quality_of_service_demo_py/share/ament_index/resource_index/packages
[2.126s] copying resource/quality_of_service_demo_py -> /home/colbren/ground-station/install/quality_of_service_demo_py/share/ament_index/resource_index/packages
[2.126s] copying package.xml -> /home/colbren/ground-station/install/quality_of_service_demo_py/share/quality_of_service_demo_py
[2.126s] running install_egg_info
[2.126s] Copying ../../../../build/quality_of_service_demo_py/quality_of_service_demo_py.egg-info to /home/colbren/ground-station/install/quality_of_service_demo_py/lib/python3.10/site-packages/quality_of_service_demo_py-0.20.5-py3.10.egg-info
[2.126s] running install_scripts
[2.128s] Installing deadline script to /home/colbren/ground-station/install/quality_of_service_demo_py/lib/quality_of_service_demo_py
[2.128s] Installing incompatible_qos script to /home/colbren/ground-station/install/quality_of_service_demo_py/lib/quality_of_service_demo_py
[2.128s] Installing lifespan script to /home/colbren/ground-station/install/quality_of_service_demo_py/lib/quality_of_service_demo_py
[2.128s] Installing liveliness script to /home/colbren/ground-station/install/quality_of_service_demo_py/lib/quality_of_service_demo_py
[2.128s] Installing message_lost_listener script to /home/colbren/ground-station/install/quality_of_service_demo_py/lib/quality_of_service_demo_py
[2.128s] Installing qos_overrides_listener script to /home/colbren/ground-station/install/quality_of_service_demo_py/lib/quality_of_service_demo_py
[2.129s] Installing qos_overrides_talker script to /home/colbren/ground-station/install/quality_of_service_demo_py/lib/quality_of_service_demo_py
[2.129s] writing list of installed files to '/home/colbren/ground-station/build/quality_of_service_demo_py/install.log'
[2.178s] Invoked command in '/home/colbren/ground-station/src/demos/quality_of_service_demo/rclpy' returned '0': PYTHONPATH=/home/colbren/ground-station/build/quality_of_service_demo_py/prefix_override:/usr/lib/python3/dist-packages/colcon_core/task/python/colcon_distutils_commands:/home/colbren/ground-station/install/quality_of_service_demo_py/lib/python3.10/site-packages:${PYTHONPATH} /usr/bin/python3 -W ignore:setup.py install is deprecated -W ignore:easy_install command is deprecated setup.py egg_info --egg-base ../../../../build/quality_of_service_demo_py build --build-base /home/colbren/ground-station/build/quality_of_service_demo_py/build install --record /home/colbren/ground-station/build/quality_of_service_demo_py/install.log --single-version-externally-managed install_data
