[0.051s] Invoking command in '/home/colbren/ground-station/build/demo_nodes_cpp_native': CMAKE_PREFIX_PATH=/home/colbren/ros2_ws/install/turtlesim_ui:/opt/ros/humble /usr/bin/cmake /home/colbren/ground-station/src/demos/demo_nodes_cpp_native -DCMAKE_INSTALL_PREFIX=/home/colbren/ground-station/install/demo_nodes_cpp_native
[1.070s] -- The C compiler identification is GNU 11.4.0
[1.070s] -- The CXX compiler identification is GNU 11.4.0
[1.070s] -- Detecting C compiler ABI info
[1.070s] -- Detecting C compiler ABI info - done
[1.070s] -- Check for working C compiler: /usr/bin/cc - skipped
[1.070s] -- Detecting C compile features
[1.070s] -- Detecting C compile features - done
[1.070s] -- Detecting CXX compiler ABI info
[1.070s] -- Detecting CXX compiler ABI info - done
[1.071s] -- Check for working CXX compiler: /usr/bin/c++ - skipped
[1.071s] -- Detecting CXX compile features
[1.071s] -- Detecting CXX compile features - done
[1.071s] -- Found Python3: /usr/bin/python3 (found version "3.10.12") found components: Interpreter 
[1.071s] -- Found rosidl_generator_c: 3.1.6 (/opt/ros/humble/share/rosidl_generator_c/cmake)
[1.071s] -- Found rosidl_adapter: 3.1.6 (/opt/ros/humble/share/rosidl_adapter/cmake)
[1.071s] -- Found rosidl_generator_cpp: 3.1.6 (/opt/ros/humble/share/rosidl_generator_cpp/cmake)
[1.071s] -- Using all available rosidl_typesupport_c: rosidl_typesupport_fastrtps_c;rosidl_typesupport_introspection_c
[1.071s] -- Using all available rosidl_typesupport_cpp: rosidl_typesupport_fastrtps_cpp;rosidl_typesupport_introspection_cpp
[1.134s] -- Found OpenSSL: /usr/lib/x86_64-linux-gnu/libcrypto.so (found version "3.0.2")  
[1.178s] -- Found FastRTPS: /opt/ros/humble/include  
[1.245s] -- Found rclcpp: 16.0.11 (/opt/ros/humble/share/rclcpp/cmake)
[1.321s] -- Found rmw_implementation_cmake: 6.1.2 (/opt/ros/humble/share/rmw_implementation_cmake/cmake)
[1.323s] -- Using RMW implementation 'rmw_fastrtps_cpp' as default
[1.337s] -- Looking for pthread.h
[1.479s] -- Looking for pthread.h - found
[1.481s] -- Performing Test CMAKE_HAVE_LIBC_PTHREAD
[1.602s] -- Performing Test CMAKE_HAVE_LIBC_PTHREAD - Success
[1.608s] -- Found Threads: TRUE  
[1.681s] -- Found rclcpp_components: 16.0.11 (/opt/ros/humble/share/rclcpp_components/cmake)
[1.744s] -- Found ament_lint_auto: 0.12.11 (/opt/ros/humble/share/ament_lint_auto/cmake)
[1.900s] -- Found python_cmake_module: 0.10.0 (/opt/ros/humble/share/python_cmake_module/cmake)
[1.926s] -- Found PythonInterp: /usr/bin/python3 (found suitable version "3.10.12", minimum required is "3.6") 
[1.933s] -- Found PythonLibs: /usr/lib/x86_64-linux-gnu/libpython3.10.so (found suitable version "3.10.12", minimum required is "3.5") 
[1.933s] -- Using PYTHON_EXECUTABLE: /usr/bin/python3
[1.933s] -- Using PYTHON_INCLUDE_DIRS: /usr/include/python3.10
[1.933s] -- Using PYTHON_LIBRARIES: /usr/lib/x86_64-linux-gnu/libpython3.10.so
[1.968s] -- Found PythonExtra: .so  
[1.987s] -- Added test 'copyright' to check source files copyright and LICENSE
[1.988s] -- Added test 'cppcheck' to perform static code analysis on C / C++ code
[1.988s] -- Configured cppcheck include dirs: /home/colbren/ground-station/src/demos/demo_nodes_cpp_native/include
[1.988s] -- Configured cppcheck exclude dirs and/or files: 
[1.990s] -- Added test 'cpplint' to check C / C++ code against the Google style
[1.990s] -- Configured cpplint exclude dirs and/or files: 
[1.991s] -- Added test 'lint_cmake' to check CMake code style
[1.993s] -- Added test 'uncrustify' to check C / C++ code style
[1.993s] -- Configured uncrustify additional arguments: 
[1.994s] -- Added test 'xmllint' to check XML markup files
[1.997s] -- Configuring done
[2.041s] -- Generating done
[2.048s] -- Build files have been written to: /home/colbren/ground-station/build/demo_nodes_cpp_native
[2.149s] Invoked command in '/home/colbren/ground-station/build/demo_nodes_cpp_native' returned '0': CMAKE_PREFIX_PATH=/home/colbren/ros2_ws/install/turtlesim_ui:/opt/ros/humble /usr/bin/cmake /home/colbren/ground-station/src/demos/demo_nodes_cpp_native -DCMAKE_INSTALL_PREFIX=/home/colbren/ground-station/install/demo_nodes_cpp_native
[2.149s] Invoking command in '/home/colbren/ground-station/build/demo_nodes_cpp_native': CMAKE_PREFIX_PATH=/home/colbren/ros2_ws/install/turtlesim_ui:/opt/ros/humble /usr/bin/cmake --build /home/colbren/ground-station/build/demo_nodes_cpp_native -- -j16 -l16
[2.287s] [ 25%] [32mBuilding CXX object CMakeFiles/talker_native.dir/src/talker.cpp.o[0m
[2.287s] [ 50%] [32mBuilding CXX object CMakeFiles/talker.dir/rclcpp_components/node_main_talker.cpp.o[0m
