[35m[1mConsolidate compiler generated dependencies of target add_two_ints_client[0m
[35m[1mConsolidate compiler generated dependencies of target allocator_tutorial[0m
[35m[1mConsolidate compiler generated dependencies of target parameter_events[0m
[35m[1mConsolidate compiler generated dependencies of target list_parameters_async[0m
[35m[1mConsolidate compiler generated dependencies of target timers_library[0m
[35m[1mConsolidate compiler generated dependencies of target parameter_event_handler[0m
[35m[1mConsolidate compiler generated dependencies of target add_two_ints_server[0m
[35m[1mConsolidate compiler generated dependencies of target one_off_timer[0m
[35m[1mConsolidate compiler generated dependencies of target list_parameters[0m
[35m[1mConsolidate compiler generated dependencies of target services_library[0m
[35m[1mConsolidate compiler generated dependencies of target add_two_ints_client_async[0m
[35m[1mConsolidate compiler generated dependencies of target set_and_get_parameters_async[0m
[35m[1mConsolidate compiler generated dependencies of target reuse_timer[0m
[35m[1mConsolidate compiler generated dependencies of target parameter_blackboard[0m
[35m[1mConsolidate compiler generated dependencies of target topics_library[0m
[35m[1mConsolidate compiler generated dependencies of target parameters_library[0m
[  4%] Built target timers_library
[  7%] Built target parameter_event_handler
[ 10%] Built target add_two_ints_server
[ 16%] Built target list_parameters_async
[ 16%] Built target add_two_ints_client
[ 19%] Built target one_off_timer
[ 22%] Built target parameter_events
[ 25%] Built target allocator_tutorial
[ 27%] Built target add_two_ints_client_async
[ 30%] Built target set_and_get_parameters_async
[ 33%] Built target parameter_blackboard
[ 39%] Built target services_library
[ 42%] Built target list_parameters
[35m[1mConsolidate compiler generated dependencies of target talker_serialized_message[0m
[35m[1mConsolidate compiler generated dependencies of target parameter_events_async[0m
[35m[1mConsolidate compiler generated dependencies of target even_parameters_node[0m
[35m[1mConsolidate compiler generated dependencies of target set_and_get_parameters[0m
[ 45%] Built target reuse_timer
[35m[1mConsolidate compiler generated dependencies of target talker[0m
[35m[1mConsolidate compiler generated dependencies of target listener[0m
[35m[1mConsolidate compiler generated dependencies of target content_filtering_publisher[0m
[35m[1mConsolidate compiler generated dependencies of target talker_loaned_message[0m
[35m[1mConsolidate compiler generated dependencies of target listener_best_effort[0m
[35m[1mConsolidate compiler generated dependencies of target listener_serialized_message[0m
[35m[1mConsolidate compiler generated dependencies of target content_filtering_subscriber[0m
[ 48%] Built target talker_serialized_message
[ 57%] Built target parameters_library
[ 60%] Built target parameter_events_async
[ 63%] Built target talker_loaned_message
[ 66%] Built target even_parameters_node
[ 69%] Built target set_and_get_parameters
[ 82%] Built target topics_library
[ 85%] Built target content_filtering_publisher
[ 88%] Built target talker
[ 91%] Built target listener_serialized_message
[ 94%] Built target listener
[ 97%] Built target listener_best_effort
[100%] Built target content_filtering_subscriber
-- Install configuration: ""
-- Up-to-date: /home/colbren/ground-station/install/demo_nodes_cpp/lib/demo_nodes_cpp/allocator_tutorial
-- Up-to-date: /home/colbren/ground-station/install/demo_nodes_cpp/lib/demo_nodes_cpp/add_two_ints_client
-- Up-to-date: /home/colbren/ground-station/install/demo_nodes_cpp/lib/demo_nodes_cpp/list_parameters_async
-- Up-to-date: /home/colbren/ground-station/install/demo_nodes_cpp/lib/demo_nodes_cpp/parameter_events
-- Up-to-date: /home/colbren/ground-station/install/demo_nodes_cpp/lib/demo_nodes_cpp/parameter_event_handler
-- Up-to-date: /home/colbren/ground-station/install/demo_nodes_cpp/lib/demo_nodes_cpp/set_and_get_parameters_async
-- Up-to-date: /home/colbren/ground-station/install/demo_nodes_cpp/lib/demo_nodes_cpp/one_off_timer
-- Up-to-date: /home/colbren/ground-station/install/demo_nodes_cpp/lib/demo_nodes_cpp/reuse_timer
-- Up-to-date: /home/colbren/ground-station/install/demo_nodes_cpp/lib/demo_nodes_cpp/add_two_ints_server
-- Up-to-date: /home/colbren/ground-station/install/demo_nodes_cpp/lib/demo_nodes_cpp/add_two_ints_client_async
-- Up-to-date: /home/colbren/ground-station/install/demo_nodes_cpp/lib/demo_nodes_cpp/list_parameters
-- Up-to-date: /home/colbren/ground-station/install/demo_nodes_cpp/lib/demo_nodes_cpp/parameter_blackboard
-- Up-to-date: /home/colbren/ground-station/install/demo_nodes_cpp/lib/demo_nodes_cpp/set_and_get_parameters
-- Up-to-date: /home/colbren/ground-station/install/demo_nodes_cpp/lib/demo_nodes_cpp/parameter_events_async
-- Up-to-date: /home/colbren/ground-station/install/demo_nodes_cpp/lib/demo_nodes_cpp/even_parameters_node
-- Up-to-date: /home/colbren/ground-station/install/demo_nodes_cpp/lib/demo_nodes_cpp/content_filtering_publisher
-- Up-to-date: /home/colbren/ground-station/install/demo_nodes_cpp/lib/demo_nodes_cpp/content_filtering_subscriber
-- Up-to-date: /home/colbren/ground-station/install/demo_nodes_cpp/lib/demo_nodes_cpp/talker
-- Up-to-date: /home/colbren/ground-station/install/demo_nodes_cpp/lib/demo_nodes_cpp/talker_loaned_message
-- Up-to-date: /home/colbren/ground-station/install/demo_nodes_cpp/lib/demo_nodes_cpp/talker_serialized_message
-- Up-to-date: /home/colbren/ground-station/install/demo_nodes_cpp/lib/demo_nodes_cpp/listener
-- Up-to-date: /home/colbren/ground-station/install/demo_nodes_cpp/lib/demo_nodes_cpp/listener_serialized_message
-- Up-to-date: /home/colbren/ground-station/install/demo_nodes_cpp/lib/demo_nodes_cpp/listener_best_effort
-- Up-to-date: /home/colbren/ground-station/install/demo_nodes_cpp/lib/libtimers_library.so
-- Up-to-date: /home/colbren/ground-station/install/demo_nodes_cpp/lib/libservices_library.so
-- Up-to-date: /home/colbren/ground-station/install/demo_nodes_cpp/lib/libparameters_library.so
-- Up-to-date: /home/colbren/ground-station/install/demo_nodes_cpp/lib/libtopics_library.so
-- Up-to-date: /home/colbren/ground-station/install/demo_nodes_cpp/share/demo_nodes_cpp//launch
-- Up-to-date: /home/colbren/ground-station/install/demo_nodes_cpp/share/demo_nodes_cpp//launch/services
-- Up-to-date: /home/colbren/ground-station/install/demo_nodes_cpp/share/demo_nodes_cpp//launch/services/add_two_ints_async.launch.py
-- Up-to-date: /home/colbren/ground-station/install/demo_nodes_cpp/share/demo_nodes_cpp//launch/services/add_two_ints.launch.py
-- Up-to-date: /home/colbren/ground-station/install/demo_nodes_cpp/share/demo_nodes_cpp//launch/services/add_two_ints_async.launch.xml
-- Up-to-date: /home/colbren/ground-station/install/demo_nodes_cpp/share/demo_nodes_cpp//launch/services/add_two_ints.launch.xml
-- Up-to-date: /home/colbren/ground-station/install/demo_nodes_cpp/share/demo_nodes_cpp//launch/topics
-- Up-to-date: /home/colbren/ground-station/install/demo_nodes_cpp/share/demo_nodes_cpp//launch/topics/talker_listener.launch.py
-- Up-to-date: /home/colbren/ground-station/install/demo_nodes_cpp/share/demo_nodes_cpp//launch/topics/talker_listener.launch.xml
-- Up-to-date: /home/colbren/ground-station/install/demo_nodes_cpp/share/demo_nodes_cpp//launch/topics/talker_listener_best_effort.launch.xml
-- Up-to-date: /home/colbren/ground-station/install/demo_nodes_cpp/share/demo_nodes_cpp//launch/topics/talker_listener_best_effort.launch.py
-- Up-to-date: /home/colbren/ground-station/install/demo_nodes_cpp/share/ament_index/resource_index/package_run_dependencies/demo_nodes_cpp
-- Up-to-date: /home/colbren/ground-station/install/demo_nodes_cpp/share/ament_index/resource_index/parent_prefix_path/demo_nodes_cpp
-- Up-to-date: /home/colbren/ground-station/install/demo_nodes_cpp/share/demo_nodes_cpp/environment/ament_prefix_path.sh
-- Up-to-date: /home/colbren/ground-station/install/demo_nodes_cpp/share/demo_nodes_cpp/environment/ament_prefix_path.dsv
-- Up-to-date: /home/colbren/ground-station/install/demo_nodes_cpp/share/demo_nodes_cpp/environment/path.sh
-- Up-to-date: /home/colbren/ground-station/install/demo_nodes_cpp/share/demo_nodes_cpp/environment/path.dsv
-- Up-to-date: /home/colbren/ground-station/install/demo_nodes_cpp/share/demo_nodes_cpp/local_setup.bash
-- Up-to-date: /home/colbren/ground-station/install/demo_nodes_cpp/share/demo_nodes_cpp/local_setup.sh
-- Up-to-date: /home/colbren/ground-station/install/demo_nodes_cpp/share/demo_nodes_cpp/local_setup.zsh
-- Up-to-date: /home/colbren/ground-station/install/demo_nodes_cpp/share/demo_nodes_cpp/local_setup.dsv
-- Installing: /home/colbren/ground-station/install/demo_nodes_cpp/share/demo_nodes_cpp/package.dsv
-- Up-to-date: /home/colbren/ground-station/install/demo_nodes_cpp/share/ament_index/resource_index/packages/demo_nodes_cpp
-- Up-to-date: /home/colbren/ground-station/install/demo_nodes_cpp/share/ament_index/resource_index/rclcpp_components/demo_nodes_cpp
-- Up-to-date: /home/colbren/ground-station/install/demo_nodes_cpp/share/demo_nodes_cpp/cmake/demo_nodes_cppConfig.cmake
-- Up-to-date: /home/colbren/ground-station/install/demo_nodes_cpp/share/demo_nodes_cpp/cmake/demo_nodes_cppConfig-version.cmake
-- Up-to-date: /home/colbren/ground-station/install/demo_nodes_cpp/share/demo_nodes_cpp/package.xml
