[  7%] [32mBuilding CXX object CMakeFiles/two_node_pipeline.dir/src/two_node_pipeline/two_node_pipeline.cpp.o[0m
[ 14%] [32m[1mLinking CXX executable two_node_pipeline[0m
[ 14%] Built target two_node_pipeline
[ 21%] [32mBuilding CXX object CMakeFiles/image_view_node.dir/src/image_pipeline/image_view_node.cpp.o[0m
[ 28%] [32m[1mLinking CXX executable image_view_node[0m
[ 28%] Built target image_view_node
[ 35%] [32mBuilding CXX object CMakeFiles/watermark_node.dir/src/image_pipeline/watermark_node.cpp.o[0m
[ 42%] [32m[1mLinking CXX executable watermark_node[0m
[ 42%] Built target watermark_node
[ 50%] [32mBuilding CXX object CMakeFiles/camera_node.dir/src/image_pipeline/camera_node.cpp.o[0m
[ 57%] [32m[1mLinking CXX executable camera_node[0m
[ 57%] Built target camera_node
[ 64%] [32mBuilding CXX object CMakeFiles/image_pipeline_with_two_image_view.dir/src/image_pipeline/image_pipeline_with_two_image_view.cpp.o[0m
[ 71%] [32m[1mLinking CXX executable image_pipeline_with_two_image_view[0m
[ 71%] Built target image_pipeline_with_two_image_view
[ 78%] [32mBuilding CXX object CMakeFiles/image_pipeline_all_in_one.dir/src/image_pipeline/image_pipeline_all_in_one.cpp.o[0m
[ 85%] [32m[1mLinking CXX executable image_pipeline_all_in_one[0m
[ 85%] Built target image_pipeline_all_in_one
[ 92%] [32mBuilding CXX object CMakeFiles/cyclic_pipeline.dir/src/cyclic_pipeline/cyclic_pipeline.cpp.o[0m
[100%] [32m[1mLinking CXX executable cyclic_pipeline[0m
[100%] Built target cyclic_pipeline
-- Install configuration: ""
-- Installing: /home/colbren/ground-station/install/intra_process_demo/lib/intra_process_demo/two_node_pipeline
-- Set runtime path of "/home/colbren/ground-station/install/intra_process_demo/lib/intra_process_demo/two_node_pipeline" to ""
-- Installing: /home/colbren/ground-station/install/intra_process_demo/lib/intra_process_demo/cyclic_pipeline
-- Set runtime path of "/home/colbren/ground-station/install/intra_process_demo/lib/intra_process_demo/cyclic_pipeline" to ""
-- Installing: /home/colbren/ground-station/install/intra_process_demo/lib/intra_process_demo/image_pipeline_all_in_one
-- Set runtime path of "/home/colbren/ground-station/install/intra_process_demo/lib/intra_process_demo/image_pipeline_all_in_one" to ""
-- Installing: /home/colbren/ground-station/install/intra_process_demo/lib/intra_process_demo/image_pipeline_with_two_image_view
-- Set runtime path of "/home/colbren/ground-station/install/intra_process_demo/lib/intra_process_demo/image_pipeline_with_two_image_view" to ""
-- Installing: /home/colbren/ground-station/install/intra_process_demo/lib/intra_process_demo/camera_node
-- Set runtime path of "/home/colbren/ground-station/install/intra_process_demo/lib/intra_process_demo/camera_node" to ""
-- Installing: /home/colbren/ground-station/install/intra_process_demo/lib/intra_process_demo/watermark_node
-- Set runtime path of "/home/colbren/ground-station/install/intra_process_demo/lib/intra_process_demo/watermark_node" to ""
-- Installing: /home/colbren/ground-station/install/intra_process_demo/lib/intra_process_demo/image_view_node
-- Set runtime path of "/home/colbren/ground-station/install/intra_process_demo/lib/intra_process_demo/image_view_node" to ""
-- Installing: /home/colbren/ground-station/install/intra_process_demo/include/intra_process_demo
-- Installing: /home/colbren/ground-station/install/intra_process_demo/include/intra_process_demo/image_pipeline
-- Installing: /home/colbren/ground-station/install/intra_process_demo/include/intra_process_demo/image_pipeline/camera_node.hpp
-- Installing: /home/colbren/ground-station/install/intra_process_demo/include/intra_process_demo/image_pipeline/image_view_node.hpp
-- Installing: /home/colbren/ground-station/install/intra_process_demo/include/intra_process_demo/image_pipeline/common.hpp
-- Installing: /home/colbren/ground-station/install/intra_process_demo/include/intra_process_demo/image_pipeline/watermark_node.hpp
-- Installing: /home/colbren/ground-station/install/intra_process_demo/share/ament_index/resource_index/package_run_dependencies/intra_process_demo
-- Installing: /home/colbren/ground-station/install/intra_process_demo/share/ament_index/resource_index/parent_prefix_path/intra_process_demo
-- Installing: /home/colbren/ground-station/install/intra_process_demo/share/intra_process_demo/environment/ament_prefix_path.sh
-- Installing: /home/colbren/ground-station/install/intra_process_demo/share/intra_process_demo/environment/ament_prefix_path.dsv
-- Installing: /home/colbren/ground-station/install/intra_process_demo/share/intra_process_demo/environment/path.sh
-- Installing: /home/colbren/ground-station/install/intra_process_demo/share/intra_process_demo/environment/path.dsv
-- Installing: /home/colbren/ground-station/install/intra_process_demo/share/intra_process_demo/local_setup.bash
-- Installing: /home/colbren/ground-station/install/intra_process_demo/share/intra_process_demo/local_setup.sh
-- Installing: /home/colbren/ground-station/install/intra_process_demo/share/intra_process_demo/local_setup.zsh
-- Installing: /home/colbren/ground-station/install/intra_process_demo/share/intra_process_demo/local_setup.dsv
-- Installing: /home/colbren/ground-station/install/intra_process_demo/share/intra_process_demo/package.dsv
-- Installing: /home/colbren/ground-station/install/intra_process_demo/share/ament_index/resource_index/packages/intra_process_demo
-- Installing: /home/colbren/ground-station/install/intra_process_demo/share/intra_process_demo/cmake/ament_cmake_export_include_directories-extras.cmake
-- Installing: /home/colbren/ground-station/install/intra_process_demo/share/intra_process_demo/cmake/intra_process_demoConfig.cmake
-- Installing: /home/colbren/ground-station/install/intra_process_demo/share/intra_process_demo/cmake/intra_process_demoConfig-version.cmake
-- Installing: /home/colbren/ground-station/install/intra_process_demo/share/intra_process_demo/package.xml
