[1.149s] Invoking command in '/home/colbren/ground-station/src/demos/lifecycle_py': AMENT_PREFIX_PATH=/home/colbren/ground-station/install/lifecycle:${AMENT_PREFIX_PATH} CMAKE_PREFIX_PATH=/home/colbren/ground-station/install/lifecycle PYTHONPATH=/home/colbren/ground-station/build/lifecycle_py/prefix_override:/usr/lib/python3/dist-packages/colcon_core/task/python/colcon_distutils_commands:/home/colbren/ground-station/install/lifecycle_py/lib/python3.10/site-packages:${PYTHONPATH} /usr/bin/python3 -W ignore:setup.py install is deprecated -W ignore:easy_install command is deprecated setup.py egg_info --egg-base ../../../build/lifecycle_py build --build-base /home/colbren/ground-station/build/lifecycle_py/build install --record /home/colbren/ground-station/build/lifecycle_py/install.log --single-version-externally-managed install_data
[1.375s] running egg_info
[1.376s] writing ../../../build/lifecycle_py/lifecycle_py.egg-info/PKG-INFO
[1.376s] writing dependency_links to ../../../build/lifecycle_py/lifecycle_py.egg-info/dependency_links.txt
[1.376s] writing entry points to ../../../build/lifecycle_py/lifecycle_py.egg-info/entry_points.txt
[1.376s] writing requirements to ../../../build/lifecycle_py/lifecycle_py.egg-info/requires.txt
[1.376s] writing top-level names to ../../../build/lifecycle_py/lifecycle_py.egg-info/top_level.txt
[1.378s] reading manifest file '../../../build/lifecycle_py/lifecycle_py.egg-info/SOURCES.txt'
[1.379s] writing manifest file '../../../build/lifecycle_py/lifecycle_py.egg-info/SOURCES.txt'
[1.379s] running build
[1.379s] running build_py
[1.379s] running install
[1.379s] running install_lib
[1.380s] running install_data
[1.380s] running install_egg_info
[1.382s] removing '/home/colbren/ground-station/install/lifecycle_py/lib/python3.10/site-packages/lifecycle_py-0.20.5-py3.10.egg-info' (and everything under it)
[1.382s] Copying ../../../build/lifecycle_py/lifecycle_py.egg-info to /home/colbren/ground-station/install/lifecycle_py/lib/python3.10/site-packages/lifecycle_py-0.20.5-py3.10.egg-info
[1.383s] running install_scripts
[1.405s] Installing lifecycle_talker script to /home/colbren/ground-station/install/lifecycle_py/lib/lifecycle_py
[1.406s] writing list of installed files to '/home/colbren/ground-station/build/lifecycle_py/install.log'
[1.437s] Invoked command in '/home/colbren/ground-station/src/demos/lifecycle_py' returned '0': AMENT_PREFIX_PATH=/home/colbren/ground-station/install/lifecycle:${AMENT_PREFIX_PATH} CMAKE_PREFIX_PATH=/home/colbren/ground-station/install/lifecycle PYTHONPATH=/home/colbren/ground-station/build/lifecycle_py/prefix_override:/usr/lib/python3/dist-packages/colcon_core/task/python/colcon_distutils_commands:/home/colbren/ground-station/install/lifecycle_py/lib/python3.10/site-packages:${PYTHONPATH} /usr/bin/python3 -W ignore:setup.py install is deprecated -W ignore:easy_install command is deprecated setup.py egg_info --egg-base ../../../build/lifecycle_py build --build-base /home/colbren/ground-station/build/lifecycle_py/build install --record /home/colbren/ground-station/build/lifecycle_py/install.log --single-version-externally-managed install_data
