[0.092s] Invoking command in '/home/colbren/ground-station/build/dummy_map_server': CMAKE_PREFIX_PATH=/home/colbren/ros2_ws/install/turtlesim_ui:/opt/ros/humble /usr/bin/cmake --build /home/colbren/ground-station/build/dummy_map_server -- -j16 -l16
[1.125s] [35m[1mConsolidate compiler generated dependencies of target dummy_map_server[0m
[1.126s] [100%] Built target dummy_map_server
[1.148s] Invoked command in '/home/colbren/ground-station/build/dummy_map_server' returned '0': CMAKE_PREFIX_PATH=/home/colbren/ros2_ws/install/turtlesim_ui:/opt/ros/humble /usr/bin/cmake --build /home/colbren/ground-station/build/dummy_map_server -- -j16 -l16
[1.150s] Invoking command in '/home/colbren/ground-station/build/dummy_map_server': CMAKE_PREFIX_PATH=/home/colbren/ros2_ws/install/turtlesim_ui:/opt/ros/humble /usr/bin/cmake --install /home/colbren/ground-station/build/dummy_map_server
[1.185s] -- Install configuration: ""
[1.185s] -- Up-to-date: /home/colbren/ground-station/install/dummy_map_server/lib/dummy_map_server/dummy_map_server
[1.185s] -- Up-to-date: /home/colbren/ground-station/install/dummy_map_server/share/ament_index/resource_index/package_run_dependencies/dummy_map_server
[1.185s] -- Up-to-date: /home/colbren/ground-station/install/dummy_map_server/share/ament_index/resource_index/parent_prefix_path/dummy_map_server
[1.185s] -- Up-to-date: /home/colbren/ground-station/install/dummy_map_server/share/dummy_map_server/environment/ament_prefix_path.sh
[1.186s] -- Up-to-date: /home/colbren/ground-station/install/dummy_map_server/share/dummy_map_server/environment/ament_prefix_path.dsv
[1.186s] -- Up-to-date: /home/colbren/ground-station/install/dummy_map_server/share/dummy_map_server/environment/path.sh
[1.186s] -- Up-to-date: /home/colbren/ground-station/install/dummy_map_server/share/dummy_map_server/environment/path.dsv
[1.186s] -- Up-to-date: /home/colbren/ground-station/install/dummy_map_server/share/dummy_map_server/local_setup.bash
[1.186s] -- Up-to-date: /home/colbren/ground-station/install/dummy_map_server/share/dummy_map_server/local_setup.sh
[1.186s] -- Up-to-date: /home/colbren/ground-station/install/dummy_map_server/share/dummy_map_server/local_setup.zsh
[1.186s] -- Up-to-date: /home/colbren/ground-station/install/dummy_map_server/share/dummy_map_server/local_setup.dsv
[1.186s] -- Installing: /home/colbren/ground-station/install/dummy_map_server/share/dummy_map_server/package.dsv
[1.186s] -- Up-to-date: /home/colbren/ground-station/install/dummy_map_server/share/ament_index/resource_index/packages/dummy_map_server
[1.186s] -- Up-to-date: /home/colbren/ground-station/install/dummy_map_server/share/dummy_map_server/cmake/dummy_map_serverConfig.cmake
[1.186s] -- Up-to-date: /home/colbren/ground-station/install/dummy_map_server/share/dummy_map_server/cmake/dummy_map_serverConfig-version.cmake
[1.186s] -- Up-to-date: /home/colbren/ground-station/install/dummy_map_server/share/dummy_map_server/package.xml
[1.268s] Invoked command in '/home/colbren/ground-station/build/dummy_map_server' returned '0': CMAKE_PREFIX_PATH=/home/colbren/ros2_ws/install/turtlesim_ui:/opt/ros/humble /usr/bin/cmake --install /home/colbren/ground-station/build/dummy_map_server
