[1.208s] Invoking command in '/home/colbren/ground-station/src/demos/action_tutorials/action_tutorials_py': AMENT_PREFIX_PATH=/home/colbren/ground-station/install/action_tutorials_interfaces:${AMENT_PREFIX_PATH} CMAKE_PREFIX_PATH=/home/colbren/ground-station/install/action_tutorials_interfaces LD_LIBRARY_PATH=/home/colbren/ground-station/install/action_tutorials_interfaces/lib:${LD_LIBRARY_PATH} PYTHONPATH=/home/colbren/ground-station/build/action_tutorials_py/prefix_override:/usr/lib/python3/dist-packages/colcon_core/task/python/colcon_distutils_commands:/home/colbren/ground-station/install/action_tutorials_py/lib/python3.10/site-packages:/home/colbren/ground-station/install/action_tutorials_interfaces/local/lib/python3.10/dist-packages:${PYTHONPATH} /usr/bin/python3 -W ignore:setup.py install is deprecated -W ignore:easy_install command is deprecated setup.py egg_info --egg-base ../../../../build/action_tutorials_py build --build-base /home/colbren/ground-station/build/action_tutorials_py/build install --record /home/colbren/ground-station/build/action_tutorials_py/install.log --single-version-externally-managed install_data
[2.548s] running egg_info
[2.548s] creating ../../../../build/action_tutorials_py/action_tutorials_py.egg-info
[2.548s] writing ../../../../build/action_tutorials_py/action_tutorials_py.egg-info/PKG-INFO
[2.548s] writing dependency_links to ../../../../build/action_tutorials_py/action_tutorials_py.egg-info/dependency_links.txt
[2.553s] writing entry points to ../../../../build/action_tutorials_py/action_tutorials_py.egg-info/entry_points.txt
[2.553s] writing requirements to ../../../../build/action_tutorials_py/action_tutorials_py.egg-info/requires.txt
[2.553s] writing top-level names to ../../../../build/action_tutorials_py/action_tutorials_py.egg-info/top_level.txt
[2.553s] writing manifest file '../../../../build/action_tutorials_py/action_tutorials_py.egg-info/SOURCES.txt'
[2.553s] reading manifest file '../../../../build/action_tutorials_py/action_tutorials_py.egg-info/SOURCES.txt'
[2.553s] writing manifest file '../../../../build/action_tutorials_py/action_tutorials_py.egg-info/SOURCES.txt'
[2.554s] running build
[2.554s] running build_py
[2.554s] creating /home/colbren/ground-station/build/action_tutorials_py/build
[2.554s] creating /home/colbren/ground-station/build/action_tutorials_py/build/lib
[2.554s] creating /home/colbren/ground-station/build/action_tutorials_py/build/lib/action_tutorials_py
[2.554s] copying action_tutorials_py/__init__.py -> /home/colbren/ground-station/build/action_tutorials_py/build/lib/action_tutorials_py
[2.554s] copying action_tutorials_py/fibonacci_action_server.py -> /home/colbren/ground-station/build/action_tutorials_py/build/lib/action_tutorials_py
[2.554s] copying action_tutorials_py/fibonacci_action_client.py -> /home/colbren/ground-station/build/action_tutorials_py/build/lib/action_tutorials_py
[2.555s] running install
[2.555s] running install_lib
[2.555s] creating /home/colbren/ground-station/install/action_tutorials_py/lib/python3.10/site-packages/action_tutorials_py
[2.555s] copying /home/colbren/ground-station/build/action_tutorials_py/build/lib/action_tutorials_py/__init__.py -> /home/colbren/ground-station/install/action_tutorials_py/lib/python3.10/site-packages/action_tutorials_py
[2.555s] copying /home/colbren/ground-station/build/action_tutorials_py/build/lib/action_tutorials_py/fibonacci_action_server.py -> /home/colbren/ground-station/install/action_tutorials_py/lib/python3.10/site-packages/action_tutorials_py
[2.555s] copying /home/colbren/ground-station/build/action_tutorials_py/build/lib/action_tutorials_py/fibonacci_action_client.py -> /home/colbren/ground-station/install/action_tutorials_py/lib/python3.10/site-packages/action_tutorials_py
[2.555s] byte-compiling /home/colbren/ground-station/install/action_tutorials_py/lib/python3.10/site-packages/action_tutorials_py/__init__.py to __init__.cpython-310.pyc
[2.556s] byte-compiling /home/colbren/ground-station/install/action_tutorials_py/lib/python3.10/site-packages/action_tutorials_py/fibonacci_action_server.py to fibonacci_action_server.cpython-310.pyc
[2.556s] byte-compiling /home/colbren/ground-station/install/action_tutorials_py/lib/python3.10/site-packages/action_tutorials_py/fibonacci_action_client.py to fibonacci_action_client.cpython-310.pyc
[2.556s] running install_data
[2.556s] creating /home/colbren/ground-station/install/action_tutorials_py/share/ament_index
[2.556s] creating /home/colbren/ground-station/install/action_tutorials_py/share/ament_index/resource_index
[2.556s] creating /home/colbren/ground-station/install/action_tutorials_py/share/ament_index/resource_index/packages
[2.556s] copying resource/action_tutorials_py -> /home/colbren/ground-station/install/action_tutorials_py/share/ament_index/resource_index/packages
[2.556s] copying package.xml -> /home/colbren/ground-station/install/action_tutorials_py/share/action_tutorials_py
[2.556s] running install_egg_info
[2.559s] Copying ../../../../build/action_tutorials_py/action_tutorials_py.egg-info to /home/colbren/ground-station/install/action_tutorials_py/lib/python3.10/site-packages/action_tutorials_py-0.20.5-py3.10.egg-info
[2.559s] running install_scripts
[2.559s] Installing fibonacci_action_client script to /home/colbren/ground-station/install/action_tutorials_py/lib/action_tutorials_py
[2.560s] Installing fibonacci_action_server script to /home/colbren/ground-station/install/action_tutorials_py/lib/action_tutorials_py
[2.560s] writing list of installed files to '/home/colbren/ground-station/build/action_tutorials_py/install.log'
[2.577s] Invoked command in '/home/colbren/ground-station/src/demos/action_tutorials/action_tutorials_py' returned '0': AMENT_PREFIX_PATH=/home/colbren/ground-station/install/action_tutorials_interfaces:${AMENT_PREFIX_PATH} CMAKE_PREFIX_PATH=/home/colbren/ground-station/install/action_tutorials_interfaces LD_LIBRARY_PATH=/home/colbren/ground-station/install/action_tutorials_interfaces/lib:${LD_LIBRARY_PATH} PYTHONPATH=/home/colbren/ground-station/build/action_tutorials_py/prefix_override:/usr/lib/python3/dist-packages/colcon_core/task/python/colcon_distutils_commands:/home/colbren/ground-station/install/action_tutorials_py/lib/python3.10/site-packages:/home/colbren/ground-station/install/action_tutorials_interfaces/local/lib/python3.10/dist-packages:${PYTHONPATH} /usr/bin/python3 -W ignore:setup.py install is deprecated -W ignore:easy_install command is deprecated setup.py egg_info --egg-base ../../../../build/action_tutorials_py build --build-base /home/colbren/ground-station/build/action_tutorials_py/build install --record /home/colbren/ground-station/build/action_tutorials_py/install.log --single-version-externally-managed install_data
