[ 12%] Built target client_component
[ 37%] Built target server_component
[ 37%] Built target dlopen_composition
[ 50%] Built target node_like_listener_component
[ 62%] Built target talker_component
[ 75%] Built target listener_component
[ 87%] Built target linktime_composition
[100%] Built target manual_composition
-- Install configuration: ""
-- Up-to-date: /home/colbren/ground-station/install/composition/share/composition/environment/library_path.sh
-- Up-to-date: /home/colbren/ground-station/install/composition/share/composition/environment/library_path.dsv
-- Up-to-date: /home/colbren/ground-station/install/composition/lib/libtalker_component.so
-- Up-to-date: /home/colbren/ground-station/install/composition/lib/liblistener_component.so
-- Up-to-date: /home/colbren/ground-station/install/composition/lib/libnode_like_listener_component.so
-- Up-to-date: /home/colbren/ground-station/install/composition/lib/libserver_component.so
-- Up-to-date: /home/colbren/ground-station/install/composition/lib/libclient_component.so
-- Up-to-date: /home/colbren/ground-station/install/composition/lib/composition/manual_composition
-- Up-to-date: /home/colbren/ground-station/install/composition/lib/composition/linktime_composition
-- Up-to-date: /home/colbren/ground-station/install/composition/lib/composition/dlopen_composition
-- Up-to-date: /home/colbren/ground-station/install/composition/share/composition/launch
-- Up-to-date: /home/colbren/ground-station/install/composition/share/composition/launch/composition_demo.launch.py
-- Up-to-date: /home/colbren/ground-station/install/composition/share/ament_index/resource_index/package_run_dependencies/composition
-- Up-to-date: /home/colbren/ground-station/install/composition/share/ament_index/resource_index/parent_prefix_path/composition
-- Up-to-date: /home/colbren/ground-station/install/composition/share/composition/environment/ament_prefix_path.sh
-- Up-to-date: /home/colbren/ground-station/install/composition/share/composition/environment/ament_prefix_path.dsv
-- Up-to-date: /home/colbren/ground-station/install/composition/share/composition/environment/path.sh
-- Up-to-date: /home/colbren/ground-station/install/composition/share/composition/environment/path.dsv
-- Up-to-date: /home/colbren/ground-station/install/composition/share/composition/local_setup.bash
-- Up-to-date: /home/colbren/ground-station/install/composition/share/composition/local_setup.sh
-- Up-to-date: /home/colbren/ground-station/install/composition/share/composition/local_setup.zsh
-- Up-to-date: /home/colbren/ground-station/install/composition/share/composition/local_setup.dsv
-- Installing: /home/colbren/ground-station/install/composition/share/composition/package.dsv
-- Up-to-date: /home/colbren/ground-station/install/composition/share/ament_index/resource_index/packages/composition
-- Up-to-date: /home/colbren/ground-station/install/composition/share/ament_index/resource_index/rclcpp_components/composition
-- Up-to-date: /home/colbren/ground-station/install/composition/share/composition/cmake/compositionConfig.cmake
-- Up-to-date: /home/colbren/ground-station/install/composition/share/composition/cmake/compositionConfig-version.cmake
-- Up-to-date: /home/colbren/ground-station/install/composition/share/composition/package.xml
