[  6%] [32mBuilding CXX object CMakeFiles/talker_component.dir/src/talker_component.cpp.o[0m
[ 12%] [32m[1mLinking CXX shared library libtalker_component.so[0m
[ 12%] Built target talker_component
[ 18%] [32mBuilding CXX object CMakeFiles/dlopen_composition.dir/src/dlopen_composition.cpp.o[0m
[ 25%] [32m[1mLinking CXX executable dlopen_composition[0m
[ 25%] Built target dlopen_composition
[ 31%] [32mBuilding CXX object CMakeFiles/client_component.dir/src/client_component.cpp.o[0m
[ 37%] [32m[1mLinking CXX shared library libclient_component.so[0m
[ 37%] Built target client_component
[ 43%] [32mBuilding CXX object CMakeFiles/server_component.dir/src/server_component.cpp.o[0m
[ 50%] [32m[1mLinking CXX shared library libserver_component.so[0m
[ 50%] Built target server_component
[ 56%] [32mBuilding CXX object CMakeFiles/node_like_listener_component.dir/src/node_like_listener_component.cpp.o[0m
[ 62%] [32m[1mLinking CXX shared library libnode_like_listener_component.so[0m
[ 62%] Built target node_like_listener_component
[ 68%] [32mBuilding CXX object CMakeFiles/listener_component.dir/src/listener_component.cpp.o[0m
[ 75%] [32m[1mLinking CXX shared library liblistener_component.so[0m
[ 75%] Built target listener_component
[ 81%] [32mBuilding CXX object CMakeFiles/manual_composition.dir/src/manual_composition.cpp.o[0m
[ 87%] [32m[1mLinking CXX executable manual_composition[0m
[ 87%] Built target manual_composition
[ 93%] [32mBuilding CXX object CMakeFiles/linktime_composition.dir/src/linktime_composition.cpp.o[0m
[100%] [32m[1mLinking CXX executable linktime_composition[0m
[100%] Built target linktime_composition
-- Install configuration: ""
-- Installing: /home/colbren/ground-station/install/composition/share/composition/environment/library_path.sh
-- Installing: /home/colbren/ground-station/install/composition/share/composition/environment/library_path.dsv
-- Installing: /home/colbren/ground-station/install/composition/lib/libtalker_component.so
-- Set runtime path of "/home/colbren/ground-station/install/composition/lib/libtalker_component.so" to ""
-- Installing: /home/colbren/ground-station/install/composition/lib/liblistener_component.so
-- Set runtime path of "/home/colbren/ground-station/install/composition/lib/liblistener_component.so" to ""
-- Installing: /home/colbren/ground-station/install/composition/lib/libnode_like_listener_component.so
-- Set runtime path of "/home/colbren/ground-station/install/composition/lib/libnode_like_listener_component.so" to ""
-- Installing: /home/colbren/ground-station/install/composition/lib/libserver_component.so
-- Set runtime path of "/home/colbren/ground-station/install/composition/lib/libserver_component.so" to ""
-- Installing: /home/colbren/ground-station/install/composition/lib/libclient_component.so
-- Set runtime path of "/home/colbren/ground-station/install/composition/lib/libclient_component.so" to ""
-- Installing: /home/colbren/ground-station/install/composition/lib/composition/manual_composition
-- Set runtime path of "/home/colbren/ground-station/install/composition/lib/composition/manual_composition" to ""
-- Installing: /home/colbren/ground-station/install/composition/lib/composition/linktime_composition
-- Set runtime path of "/home/colbren/ground-station/install/composition/lib/composition/linktime_composition" to ""
-- Installing: /home/colbren/ground-station/install/composition/lib/composition/dlopen_composition
-- Set runtime path of "/home/colbren/ground-station/install/composition/lib/composition/dlopen_composition" to ""
-- Installing: /home/colbren/ground-station/install/composition/share/composition/launch
-- Installing: /home/colbren/ground-station/install/composition/share/composition/launch/composition_demo.launch.py
-- Installing: /home/colbren/ground-station/install/composition/share/ament_index/resource_index/package_run_dependencies/composition
-- Installing: /home/colbren/ground-station/install/composition/share/ament_index/resource_index/parent_prefix_path/composition
-- Installing: /home/colbren/ground-station/install/composition/share/composition/environment/ament_prefix_path.sh
-- Installing: /home/colbren/ground-station/install/composition/share/composition/environment/ament_prefix_path.dsv
-- Installing: /home/colbren/ground-station/install/composition/share/composition/environment/path.sh
-- Installing: /home/colbren/ground-station/install/composition/share/composition/environment/path.dsv
-- Installing: /home/colbren/ground-station/install/composition/share/composition/local_setup.bash
-- Installing: /home/colbren/ground-station/install/composition/share/composition/local_setup.sh
-- Installing: /home/colbren/ground-station/install/composition/share/composition/local_setup.zsh
-- Installing: /home/colbren/ground-station/install/composition/share/composition/local_setup.dsv
-- Installing: /home/colbren/ground-station/install/composition/share/composition/package.dsv
-- Installing: /home/colbren/ground-station/install/composition/share/ament_index/resource_index/packages/composition
-- Installing: /home/colbren/ground-station/install/composition/share/ament_index/resource_index/rclcpp_components/composition
-- Installing: /home/colbren/ground-station/install/composition/share/composition/cmake/compositionConfig.cmake
-- Installing: /home/colbren/ground-station/install/composition/share/composition/cmake/compositionConfig-version.cmake
-- Installing: /home/colbren/ground-station/install/composition/share/composition/package.xml
