[0.138s] Invoking command in '/home/colbren/ground-station/build/pendulum_control': AMENT_PREFIX_PATH=/home/colbren/ground-station/install/pendulum_msgs:${AMENT_PREFIX_PATH} CMAKE_PREFIX_PATH=/home/colbren/ground-station/install/pendulum_msgs:/home/colbren/ros2_ws/install/turtlesim_ui:/opt/ros/humble LD_LIBRARY_PATH=/home/colbren/ground-station/install/pendulum_msgs/lib:${LD_LIBRARY_PATH} PYTHONPATH=/home/colbren/ground-station/install/pendulum_msgs/local/lib/python3.10/dist-packages:${PYTHONPATH} /usr/bin/cmake /home/colbren/ground-station/src/demos/pendulum_control -DCMAKE_INSTALL_PREFIX=/home/colbren/ground-station/install/pendulum_control
[0.259s] -- The C compiler identification is GNU 11.4.0
[0.372s] -- The CXX compiler identification is GNU 11.4.0
[0.387s] -- Detecting C compiler ABI info
[0.527s] -- Detecting C compiler ABI info - done
[0.552s] -- Check for working C compiler: /usr/bin/cc - skipped
[0.553s] -- Detecting C compile features
[0.555s] -- Detecting C compile features - done
[0.564s] -- Detecting CXX compiler ABI info
[0.744s] -- Detecting CXX compiler ABI info - done
[0.760s] -- Check for working CXX compiler: /usr/bin/c++ - skipped
[0.760s] -- Detecting CXX compile features
[0.763s] -- Detecting CXX compile features - done
[0.766s] -- Found ament_cmake: 1.3.11 (/opt/ros/humble/share/ament_cmake/cmake)
[1.119s] -- Found Python3: /usr/bin/python3 (found version "3.10.12") found components: Interpreter 
[1.359s] -- Found rclcpp: 16.0.11 (/opt/ros/humble/share/rclcpp/cmake)
[1.477s] -- Found rosidl_generator_c: 3.1.6 (/opt/ros/humble/share/rosidl_generator_c/cmake)
[1.490s] -- Found rosidl_adapter: 3.1.6 (/opt/ros/humble/share/rosidl_adapter/cmake)
[1.512s] -- Found rosidl_generator_cpp: 3.1.6 (/opt/ros/humble/share/rosidl_generator_cpp/cmake)
[1.541s] -- Using all available rosidl_typesupport_c: rosidl_typesupport_fastrtps_c;rosidl_typesupport_introspection_c
[1.579s] -- Using all available rosidl_typesupport_cpp: rosidl_typesupport_fastrtps_cpp;rosidl_typesupport_introspection_cpp
[1.687s] -- Found rmw_implementation_cmake: 6.1.2 (/opt/ros/humble/share/rmw_implementation_cmake/cmake)
[1.695s] -- Found rmw_fastrtps_cpp: 6.2.7 (/opt/ros/humble/share/rmw_fastrtps_cpp/cmake)
[1.879s] -- Found OpenSSL: /usr/lib/x86_64-linux-gnu/libcrypto.so (found version "3.0.2")  
[1.928s] -- Found FastRTPS: /opt/ros/humble/include  
[1.997s] -- Using RMW implementation 'rmw_fastrtps_cpp' as default
[2.013s] -- Looking for pthread.h
[2.140s] -- Looking for pthread.h - found
[2.140s] -- Performing Test CMAKE_HAVE_LIBC_PTHREAD
[2.273s] -- Performing Test CMAKE_HAVE_LIBC_PTHREAD - Success
[2.273s] -- Found Threads: TRUE  
[2.335s] -- Found pendulum_msgs: 0.20.5 (/home/colbren/ground-station/install/pendulum_msgs/share/pendulum_msgs/cmake)
[2.349s] -- Found rttest: 0.13.0 (/opt/ros/humble/share/rttest/cmake)
[2.353s] -- Found tlsf_cpp: 0.13.0 (/opt/ros/humble/share/tlsf_cpp/cmake)
[2.365s] -- Found ament_lint_auto: 0.12.11 (/opt/ros/humble/share/ament_lint_auto/cmake)
[2.524s] -- Found python_cmake_module: 0.10.0 (/opt/ros/humble/share/python_cmake_module/cmake)
[2.548s] -- Found PythonInterp: /usr/bin/python3 (found suitable version "3.10.12", minimum required is "3.6") 
[2.554s] -- Found PythonLibs: /usr/lib/x86_64-linux-gnu/libpython3.10.so (found suitable version "3.10.12", minimum required is "3.5") 
[2.555s] -- Using PYTHON_EXECUTABLE: /usr/bin/python3
[2.555s] -- Using PYTHON_INCLUDE_DIRS: /usr/include/python3.10
[2.555s] -- Using PYTHON_LIBRARIES: /usr/lib/x86_64-linux-gnu/libpython3.10.so
[2.579s] -- Found PythonExtra: .so  
[2.612s] -- Added test 'copyright' to check source files copyright and LICENSE
[2.615s] -- Added test 'cppcheck' to perform static code analysis on C / C++ code
[2.615s] -- Configured cppcheck include dirs: /home/colbren/ground-station/src/demos/pendulum_control/include
[2.616s] -- Configured cppcheck exclude dirs and/or files: 
[2.617s] -- Added test 'cpplint' to check C / C++ code against the Google style
[2.617s] -- Configured cpplint exclude dirs and/or files: 
[2.618s] -- Added test 'flake8' to check Python code syntax and style conventions
[2.619s] -- Added test 'lint_cmake' to check CMake code style
[2.619s] -- Added test 'pep257' to check Python code against some of the docstring style conventions in PEP 257
[2.621s] -- Added test 'uncrustify' to check C / C++ code style
[2.621s] -- Configured uncrustify additional arguments: 
[2.622s] -- Added test 'xmllint' to check XML markup files
[2.624s] -- Configuring done
[2.680s] -- Generating done
[2.686s] -- Build files have been written to: /home/colbren/ground-station/build/pendulum_control
[2.719s] Invoked command in '/home/colbren/ground-station/build/pendulum_control' returned '0': AMENT_PREFIX_PATH=/home/colbren/ground-station/install/pendulum_msgs:${AMENT_PREFIX_PATH} CMAKE_PREFIX_PATH=/home/colbren/ground-station/install/pendulum_msgs:/home/colbren/ros2_ws/install/turtlesim_ui:/opt/ros/humble LD_LIBRARY_PATH=/home/colbren/ground-station/install/pendulum_msgs/lib:${LD_LIBRARY_PATH} PYTHONPATH=/home/colbren/ground-station/install/pendulum_msgs/local/lib/python3.10/dist-packages:${PYTHONPATH} /usr/bin/cmake /home/colbren/ground-station/src/demos/pendulum_control -DCMAKE_INSTALL_PREFIX=/home/colbren/ground-station/install/pendulum_control
[2.723s] Invoking command in '/home/colbren/ground-station/build/pendulum_control': AMENT_PREFIX_PATH=/home/colbren/ground-station/install/pendulum_msgs:${AMENT_PREFIX_PATH} CMAKE_PREFIX_PATH=/home/colbren/ground-station/install/pendulum_msgs:/home/colbren/ros2_ws/install/turtlesim_ui:/opt/ros/humble LD_LIBRARY_PATH=/home/colbren/ground-station/install/pendulum_msgs/lib:${LD_LIBRARY_PATH} PYTHONPATH=/home/colbren/ground-station/install/pendulum_msgs/local/lib/python3.10/dist-packages:${PYTHONPATH} /usr/bin/cmake --build /home/colbren/ground-station/build/pendulum_control -- -j16 -l16
[2.815s] [ 16%] [32mBuilding CXX object CMakeFiles/pendulum_demo.dir/src/pendulum_demo.cpp.o[0m
[18.495s] [ 33%] [32m[1mLinking CXX executable pendulum_demo[0m
[19.246s] [ 33%] Built target pendulum_demo
[19.269s] [ 50%] [32mBuilding CXX object CMakeFiles/pendulum_teleop.dir/src/pendulum_teleop.cpp.o[0m
[23.695s] [ 66%] [32m[1mLinking CXX executable pendulum_teleop[0m
[23.899s] [ 66%] Built target pendulum_teleop
[23.923s] [ 83%] [32mBuilding CXX object CMakeFiles/pendulum_logger.dir/src/pendulum_logger.cpp.o[0m
[31.394s] [100%] [32m[1mLinking CXX executable pendulum_logger[0m
[31.770s] [100%] Built target pendulum_logger
[31.788s] Invoked command in '/home/colbren/ground-station/build/pendulum_control' returned '0': AMENT_PREFIX_PATH=/home/colbren/ground-station/install/pendulum_msgs:${AMENT_PREFIX_PATH} CMAKE_PREFIX_PATH=/home/colbren/ground-station/install/pendulum_msgs:/home/colbren/ros2_ws/install/turtlesim_ui:/opt/ros/humble LD_LIBRARY_PATH=/home/colbren/ground-station/install/pendulum_msgs/lib:${LD_LIBRARY_PATH} PYTHONPATH=/home/colbren/ground-station/install/pendulum_msgs/local/lib/python3.10/dist-packages:${PYTHONPATH} /usr/bin/cmake --build /home/colbren/ground-station/build/pendulum_control -- -j16 -l16
[31.790s] Invoking command in '/home/colbren/ground-station/build/pendulum_control': AMENT_PREFIX_PATH=/home/colbren/ground-station/install/pendulum_msgs:${AMENT_PREFIX_PATH} CMAKE_PREFIX_PATH=/home/colbren/ground-station/install/pendulum_msgs:/home/colbren/ros2_ws/install/turtlesim_ui:/opt/ros/humble LD_LIBRARY_PATH=/home/colbren/ground-station/install/pendulum_msgs/lib:${LD_LIBRARY_PATH} PYTHONPATH=/home/colbren/ground-station/install/pendulum_msgs/local/lib/python3.10/dist-packages:${PYTHONPATH} /usr/bin/cmake --install /home/colbren/ground-station/build/pendulum_control
[31.800s] -- Install configuration: ""
[31.800s] -- Installing: /home/colbren/ground-station/install/pendulum_control/bin/pendulum_demo
[31.808s] -- Set runtime path of "/home/colbren/ground-station/install/pendulum_control/bin/pendulum_demo" to ""
[31.808s] -- Installing: /home/colbren/ground-station/install/pendulum_control/bin/pendulum_logger
[31.813s] -- Set runtime path of "/home/colbren/ground-station/install/pendulum_control/bin/pendulum_logger" to ""
[31.813s] -- Installing: /home/colbren/ground-station/install/pendulum_control/bin/pendulum_teleop
[31.814s] -- Set runtime path of "/home/colbren/ground-station/install/pendulum_control/bin/pendulum_teleop" to ""
[31.814s] -- Installing: /home/colbren/ground-station/install/pendulum_control/bin/pendulum_launch.bash
[31.815s] -- Installing: /home/colbren/ground-station/install/pendulum_control/share/ament_index/resource_index/package_run_dependencies/pendulum_control
[31.815s] -- Installing: /home/colbren/ground-station/install/pendulum_control/share/ament_index/resource_index/parent_prefix_path/pendulum_control
[31.815s] -- Installing: /home/colbren/ground-station/install/pendulum_control/share/pendulum_control/environment/ament_prefix_path.sh
[31.815s] -- Installing: /home/colbren/ground-station/install/pendulum_control/share/pendulum_control/environment/ament_prefix_path.dsv
[31.815s] -- Installing: /home/colbren/ground-station/install/pendulum_control/share/pendulum_control/environment/path.sh
[31.815s] -- Installing: /home/colbren/ground-station/install/pendulum_control/share/pendulum_control/environment/path.dsv
[31.816s] -- Installing: /home/colbren/ground-station/install/pendulum_control/share/pendulum_control/local_setup.bash
[31.816s] -- Installing: /home/colbren/ground-station/install/pendulum_control/share/pendulum_control/local_setup.sh
[31.816s] -- Installing: /home/colbren/ground-station/install/pendulum_control/share/pendulum_control/local_setup.zsh
[31.816s] -- Installing: /home/colbren/ground-station/install/pendulum_control/share/pendulum_control/local_setup.dsv
[31.816s] -- Installing: /home/colbren/ground-station/install/pendulum_control/share/pendulum_control/package.dsv
[31.817s] -- Installing: /home/colbren/ground-station/install/pendulum_control/share/ament_index/resource_index/packages/pendulum_control
[31.817s] -- Installing: /home/colbren/ground-station/install/pendulum_control/share/pendulum_control/cmake/pendulum_controlConfig.cmake
[31.817s] -- Installing: /home/colbren/ground-station/install/pendulum_control/share/pendulum_control/cmake/pendulum_controlConfig-version.cmake
[31.817s] -- Installing: /home/colbren/ground-station/install/pendulum_control/share/pendulum_control/package.xml
[31.820s] Invoked command in '/home/colbren/ground-station/build/pendulum_control' returned '0': AMENT_PREFIX_PATH=/home/colbren/ground-station/install/pendulum_msgs:${AMENT_PREFIX_PATH} CMAKE_PREFIX_PATH=/home/colbren/ground-station/install/pendulum_msgs:/home/colbren/ros2_ws/install/turtlesim_ui:/opt/ros/humble LD_LIBRARY_PATH=/home/colbren/ground-station/install/pendulum_msgs/lib:${LD_LIBRARY_PATH} PYTHONPATH=/home/colbren/ground-station/install/pendulum_msgs/local/lib/python3.10/dist-packages:${PYTHONPATH} /usr/bin/cmake --install /home/colbren/ground-station/build/pendulum_control
