[0.050s] Invoking command in '/home/colbren/ground-station/build/demo_nodes_cpp': CMAKE_PREFIX_PATH=/home/colbren/ros2_ws/install/turtlesim_ui:/opt/ros/humble /usr/bin/cmake /home/colbren/ground-station/src/demos/demo_nodes_cpp -DCMAKE_INSTALL_PREFIX=/home/colbren/ground-station/install/demo_nodes_cpp
[1.071s] -- The C compiler identification is GNU 11.4.0
[1.071s] -- The CXX compiler identification is GNU 11.4.0
[1.071s] -- Detecting C compiler ABI info
[1.071s] -- Detecting C compiler ABI info - done
[1.071s] -- Check for working C compiler: /usr/bin/cc - skipped
[1.071s] -- Detecting C compile features
[1.071s] -- Detecting C compile features - done
[1.071s] -- Detecting CXX compiler ABI info
[1.071s] -- Detecting CXX compiler ABI info - done
[1.071s] -- Check for working CXX compiler: /usr/bin/c++ - skipped
[1.071s] -- Detecting CXX compile features
[1.071s] -- Detecting CXX compile features - done
[1.072s] -- Found ament_cmake: 1.3.11 (/opt/ros/humble/share/ament_cmake/cmake)
[1.072s] -- Found Python3: /usr/bin/python3 (found version "3.10.12") found components: Interpreter 
[1.072s] -- Found example_interfaces: 0.9.3 (/opt/ros/humble/share/example_interfaces/cmake)
[1.072s] -- Found rosidl_generator_c: 3.1.6 (/opt/ros/humble/share/rosidl_generator_c/cmake)
[1.072s] -- Found rosidl_adapter: 3.1.6 (/opt/ros/humble/share/rosidl_adapter/cmake)
[1.072s] -- Found rosidl_generator_cpp: 3.1.6 (/opt/ros/humble/share/rosidl_generator_cpp/cmake)
[1.072s] -- Using all available rosidl_typesupport_c: rosidl_typesupport_fastrtps_c;rosidl_typesupport_introspection_c
[1.072s] -- Using all available rosidl_typesupport_cpp: rosidl_typesupport_fastrtps_cpp;rosidl_typesupport_introspection_cpp
[1.072s] -- Found rclcpp: 16.0.11 (/opt/ros/humble/share/rclcpp/cmake)
[1.094s] -- Found rmw_implementation_cmake: 6.1.2 (/opt/ros/humble/share/rmw_implementation_cmake/cmake)
[1.096s] -- Found rmw_fastrtps_cpp: 6.2.7 (/opt/ros/humble/share/rmw_fastrtps_cpp/cmake)
[1.229s] -- Found OpenSSL: /usr/lib/x86_64-linux-gnu/libcrypto.so (found version "3.0.2")  
[1.273s] -- Found FastRTPS: /opt/ros/humble/include  
[1.339s] -- Using RMW implementation 'rmw_fastrtps_cpp' as default
[1.350s] -- Looking for pthread.h
[1.470s] -- Looking for pthread.h - found
[1.470s] -- Performing Test CMAKE_HAVE_LIBC_PTHREAD
[1.584s] -- Performing Test CMAKE_HAVE_LIBC_PTHREAD - Success
[1.586s] -- Found Threads: TRUE  
[1.683s] -- Found rclcpp_components: 16.0.11 (/opt/ros/humble/share/rclcpp_components/cmake)
[1.780s] -- Found ament_lint_auto: 0.12.11 (/opt/ros/humble/share/ament_lint_auto/cmake)
[1.931s] -- Found python_cmake_module: 0.10.0 (/opt/ros/humble/share/python_cmake_module/cmake)
[1.963s] -- Found PythonInterp: /usr/bin/python3 (found suitable version "3.10.12", minimum required is "3.6") 
[1.970s] -- Found PythonLibs: /usr/lib/x86_64-linux-gnu/libpython3.10.so (found suitable version "3.10.12", minimum required is "3.5") 
[1.971s] -- Using PYTHON_EXECUTABLE: /usr/bin/python3
[1.971s] -- Using PYTHON_INCLUDE_DIRS: /usr/include/python3.10
[1.971s] -- Using PYTHON_LIBRARIES: /usr/lib/x86_64-linux-gnu/libpython3.10.so
[2.006s] -- Found PythonExtra: .so  
[2.046s] -- Added test 'copyright' to check source files copyright and LICENSE
[2.051s] -- Added test 'cppcheck' to perform static code analysis on C / C++ code
[2.053s] -- Configured cppcheck include dirs: /home/colbren/ground-station/src/demos/demo_nodes_cpp/include
[2.053s] -- Configured cppcheck exclude dirs and/or files: 
[2.057s] -- Added test 'cpplint' to check C / C++ code against the Google style
[2.057s] -- Configured cpplint exclude dirs and/or files: 
[2.062s] -- Added test 'flake8' to check Python code syntax and style conventions
[2.062s] -- Added test 'lint_cmake' to check CMake code style
[2.062s] -- Added test 'pep257' to check Python code against some of the docstring style conventions in PEP 257
[2.066s] -- Added test 'uncrustify' to check C / C++ code style
[2.066s] -- Configured uncrustify additional arguments: 
[2.067s] -- Added test 'xmllint' to check XML markup files
[2.069s] -- Configuring done
[2.238s] -- Generating done
[2.318s] -- Build files have been written to: /home/colbren/ground-station/build/demo_nodes_cpp
[2.409s] Invoked command in '/home/colbren/ground-station/build/demo_nodes_cpp' returned '0': CMAKE_PREFIX_PATH=/home/colbren/ros2_ws/install/turtlesim_ui:/opt/ros/humble /usr/bin/cmake /home/colbren/ground-station/src/demos/demo_nodes_cpp -DCMAKE_INSTALL_PREFIX=/home/colbren/ground-station/install/demo_nodes_cpp
[2.410s] Invoking command in '/home/colbren/ground-station/build/demo_nodes_cpp': CMAKE_PREFIX_PATH=/home/colbren/ros2_ws/install/turtlesim_ui:/opt/ros/humble /usr/bin/cmake --build /home/colbren/ground-station/build/demo_nodes_cpp -- -j16 -l16
[3.741s] [  1%] [32mBuilding CXX object CMakeFiles/list_parameters_async.dir/src/parameters/list_parameters_async.cpp.o[0m
[3.741s] [  2%] [32mBuilding CXX object CMakeFiles/add_two_ints_client.dir/src/services/add_two_ints_client.cpp.o[0m
[3.741s] [  4%] [32mBuilding CXX object CMakeFiles/parameter_events.dir/src/parameters/parameter_events.cpp.o[0m
[3.741s] [  5%] [32mBuilding CXX object CMakeFiles/services_library.dir/src/services/add_two_ints_server.cpp.o[0m
[3.742s] [  8%] [32mBuilding CXX object CMakeFiles/allocator_tutorial.dir/src/topics/allocator_tutorial.cpp.o[0m
[3.742s] [  8%] [32mBuilding CXX object CMakeFiles/set_and_get_parameters_async.dir/src/parameters/set_and_get_parameters_async.cpp.o[0m
[3.742s] [ 10%] [32mBuilding CXX object CMakeFiles/reuse_timer.dir/rclcpp_components/node_main_reuse_timer.cpp.o[0m
[3.742s] [ 13%] [32mBuilding CXX object CMakeFiles/add_two_ints_server.dir/rclcpp_components/node_main_add_two_ints_server.cpp.o[0m
[3.742s] [ 11%] [32mBuilding CXX object CMakeFiles/add_two_ints_client_async.dir/rclcpp_components/node_main_add_two_ints_client_async.cpp.o[0m
[3.742s] [ 14%] [32mBuilding CXX object CMakeFiles/topics_library.dir/src/topics/content_filtering_publisher.cpp.o[0m
[3.742s] [ 16%] [32mBuilding CXX object CMakeFiles/parameter_event_handler.dir/src/parameters/parameter_event_handler.cpp.o[0m
[3.742s] [ 17%] [32mBuilding CXX object CMakeFiles/timers_library.dir/src/timers/one_off_timer.cpp.o[0m
[3.742s] [ 19%] [32mBuilding CXX object CMakeFiles/parameters_library.dir/src/parameters/list_parameters.cpp.o[0m
[3.743s] [ 20%] [32mBuilding CXX object CMakeFiles/parameter_blackboard.dir/rclcpp_components/node_main_parameter_blackboard.cpp.o[0m
[3.743s] [ 22%] [32mBuilding CXX object CMakeFiles/list_parameters.dir/rclcpp_components/node_main_list_parameters.cpp.o[0m
[3.743s] [ 23%] [32mBuilding CXX object CMakeFiles/one_off_timer.dir/rclcpp_components/node_main_one_off_timer.cpp.o[0m
