[0.528s] Invoking command in '/home/colbren/ground-station/build/image_tools': CMAKE_PREFIX_PATH=/home/colbren/ros2_ws/install/turtlesim_ui:/opt/ros/humble /usr/bin/cmake --build /home/colbren/ground-station/build/image_tools -- -j16 -l16
[1.088s] [ 55%] Built target image_tools
[1.089s] [ 77%] Built target cam2image
[1.089s] [100%] Built target showimage
[1.124s] Invoked command in '/home/colbren/ground-station/build/image_tools' returned '0': CMAKE_PREFIX_PATH=/home/colbren/ros2_ws/install/turtlesim_ui:/opt/ros/humble /usr/bin/cmake --build /home/colbren/ground-station/build/image_tools -- -j16 -l16
[1.127s] Invoking command in '/home/colbren/ground-station/build/image_tools': CMAKE_PREFIX_PATH=/home/colbren/ros2_ws/install/turtlesim_ui:/opt/ros/humble /usr/bin/cmake --install /home/colbren/ground-station/build/image_tools
[1.176s] -- Install configuration: ""
[1.176s] -- Up-to-date: /home/colbren/ground-station/install/image_tools/lib/image_tools/cam2image
[1.176s] -- Up-to-date: /home/colbren/ground-station/install/image_tools/lib/image_tools/showimage
[1.176s] -- Up-to-date: /home/colbren/ground-station/install/image_tools/lib/libimage_tools.so
[1.177s] -- Up-to-date: /home/colbren/ground-station/install/image_tools/include/image_tools
[1.177s] -- Up-to-date: /home/colbren/ground-station/install/image_tools/include/image_tools/image_tools
[1.177s] -- Up-to-date: /home/colbren/ground-station/install/image_tools/include/image_tools/image_tools/cv_mat_sensor_msgs_image_type_adapter.hpp
[1.177s] -- Up-to-date: /home/colbren/ground-station/install/image_tools/include/image_tools/image_tools/visibility_control.h
[1.178s] -- Up-to-date: /home/colbren/ground-station/install/image_tools/share/image_tools/environment/library_path.sh
[1.178s] -- Up-to-date: /home/colbren/ground-station/install/image_tools/share/image_tools/environment/library_path.dsv
[1.179s] -- Up-to-date: /home/colbren/ground-station/install/image_tools/share/ament_index/resource_index/package_run_dependencies/image_tools
[1.179s] -- Up-to-date: /home/colbren/ground-station/install/image_tools/share/ament_index/resource_index/parent_prefix_path/image_tools
[1.179s] -- Up-to-date: /home/colbren/ground-station/install/image_tools/share/image_tools/environment/ament_prefix_path.sh
[1.179s] -- Up-to-date: /home/colbren/ground-station/install/image_tools/share/image_tools/environment/ament_prefix_path.dsv
[1.180s] -- Up-to-date: /home/colbren/ground-station/install/image_tools/share/image_tools/environment/path.sh
[1.180s] -- Up-to-date: /home/colbren/ground-station/install/image_tools/share/image_tools/environment/path.dsv
[1.180s] -- Up-to-date: /home/colbren/ground-station/install/image_tools/share/image_tools/local_setup.bash
[1.181s] -- Up-to-date: /home/colbren/ground-station/install/image_tools/share/image_tools/local_setup.sh
[1.181s] -- Up-to-date: /home/colbren/ground-station/install/image_tools/share/image_tools/local_setup.zsh
[1.181s] -- Up-to-date: /home/colbren/ground-station/install/image_tools/share/image_tools/local_setup.dsv
[1.181s] -- Installing: /home/colbren/ground-station/install/image_tools/share/image_tools/package.dsv
[1.181s] -- Up-to-date: /home/colbren/ground-station/install/image_tools/share/ament_index/resource_index/packages/image_tools
[1.189s] -- Up-to-date: /home/colbren/ground-station/install/image_tools/share/ament_index/resource_index/rclcpp_components/image_tools
[1.190s] -- Up-to-date: /home/colbren/ground-station/install/image_tools/share/image_tools/cmake/image_toolsExport.cmake
[1.190s] -- Up-to-date: /home/colbren/ground-station/install/image_tools/share/image_tools/cmake/image_toolsExport-noconfig.cmake
[1.190s] -- Up-to-date: /home/colbren/ground-station/install/image_tools/share/image_tools/cmake/ament_cmake_export_libraries-extras.cmake
[1.190s] -- Up-to-date: /home/colbren/ground-station/install/image_tools/share/image_tools/cmake/ament_cmake_export_targets-extras.cmake
[1.191s] -- Up-to-date: /home/colbren/ground-station/install/image_tools/share/image_tools/cmake/ament_cmake_export_dependencies-extras.cmake
[1.191s] -- Up-to-date: /home/colbren/ground-station/install/image_tools/share/image_tools/cmake/image_toolsConfig.cmake
[1.191s] -- Up-to-date: /home/colbren/ground-station/install/image_tools/share/image_tools/cmake/image_toolsConfig-version.cmake
[1.191s] -- Up-to-date: /home/colbren/ground-station/install/image_tools/share/image_tools/package.xml
[1.345s] Invoked command in '/home/colbren/ground-station/build/image_tools' returned '0': CMAKE_PREFIX_PATH=/home/colbren/ros2_ws/install/turtlesim_ui:/opt/ros/humble /usr/bin/cmake --install /home/colbren/ground-station/build/image_tools
