[ 20%] [32mBuilding CXX object CMakeFiles/display_topic_statistics.dir/src/imu_talker_listener_nodes.cpp.o[0m
[ 40%] [32mBuilding CXX object CMakeFiles/display_topic_statistics.dir/src/topic_statistics_listener.cpp.o[0m
[ 60%] [32mBuilding CXX object CMakeFiles/display_topic_statistics.dir/src/string_talker_listener_nodes.cpp.o[0m
[ 80%] [32mBuilding CXX object CMakeFiles/display_topic_statistics.dir/src/display_topic_statistics.cpp.o[0m
[100%] [32m[1mLinking CXX executable display_topic_statistics[0m
[100%] Built target display_topic_statistics
-- Install configuration: ""
-- Installing: /home/colbren/ground-station/install/topic_statistics_demo/lib/topic_statistics_demo/display_topic_statistics
-- Set runtime path of "/home/colbren/ground-station/install/topic_statistics_demo/lib/topic_statistics_demo/display_topic_statistics" to ""
-- Installing: /home/colbren/ground-station/install/topic_statistics_demo/share/ament_index/resource_index/package_run_dependencies/topic_statistics_demo
-- Installing: /home/colbren/ground-station/install/topic_statistics_demo/share/ament_index/resource_index/parent_prefix_path/topic_statistics_demo
-- Installing: /home/colbren/ground-station/install/topic_statistics_demo/share/topic_statistics_demo/environment/ament_prefix_path.sh
-- Installing: /home/colbren/ground-station/install/topic_statistics_demo/share/topic_statistics_demo/environment/ament_prefix_path.dsv
-- Installing: /home/colbren/ground-station/install/topic_statistics_demo/share/topic_statistics_demo/environment/path.sh
-- Installing: /home/colbren/ground-station/install/topic_statistics_demo/share/topic_statistics_demo/environment/path.dsv
-- Installing: /home/colbren/ground-station/install/topic_statistics_demo/share/topic_statistics_demo/local_setup.bash
-- Installing: /home/colbren/ground-station/install/topic_statistics_demo/share/topic_statistics_demo/local_setup.sh
-- Installing: /home/colbren/ground-station/install/topic_statistics_demo/share/topic_statistics_demo/local_setup.zsh
-- Installing: /home/colbren/ground-station/install/topic_statistics_demo/share/topic_statistics_demo/local_setup.dsv
-- Installing: /home/colbren/ground-station/install/topic_statistics_demo/share/topic_statistics_demo/package.dsv
-- Installing: /home/colbren/ground-station/install/topic_statistics_demo/share/ament_index/resource_index/packages/topic_statistics_demo
-- Installing: /home/colbren/ground-station/install/topic_statistics_demo/share/topic_statistics_demo/cmake/ament_cmake_export_include_directories-extras.cmake
-- Installing: /home/colbren/ground-station/install/topic_statistics_demo/share/topic_statistics_demo/cmake/topic_statistics_demoConfig.cmake
-- Installing: /home/colbren/ground-station/install/topic_statistics_demo/share/topic_statistics_demo/cmake/topic_statistics_demoConfig-version.cmake
-- Installing: /home/colbren/ground-station/install/topic_statistics_demo/share/topic_statistics_demo/package.xml
