[1.231s] Invoking command in '/home/colbren/ground-station/build/topic_statistics_demo': CMAKE_PREFIX_PATH=/home/colbren/ros2_ws/install/turtlesim_ui:/opt/ros/humble /usr/bin/cmake --build /home/colbren/ground-station/build/topic_statistics_demo -- -j16 -l16
[8.184s] [ 20%] [32mBuilding CXX object CMakeFiles/display_topic_statistics.dir/src/imu_talker_listener_nodes.cpp.o[0m
[15.398s] [ 40%] [32mBuilding CXX object CMakeFiles/display_topic_statistics.dir/src/topic_statistics_listener.cpp.o[0m
[26.185s] [ 60%] [32mBuilding CXX object CMakeFiles/display_topic_statistics.dir/src/string_talker_listener_nodes.cpp.o[0m
[35.842s] [ 80%] [32mBuilding CXX object CMakeFiles/display_topic_statistics.dir/src/display_topic_statistics.cpp.o[0m
[39.301s] [100%] [32m[1mLinking CXX executable display_topic_statistics[0m
[40.210s] [100%] Built target display_topic_statistics
[40.225s] Invoked command in '/home/colbren/ground-station/build/topic_statistics_demo' returned '0': CMAKE_PREFIX_PATH=/home/colbren/ros2_ws/install/turtlesim_ui:/opt/ros/humble /usr/bin/cmake --build /home/colbren/ground-station/build/topic_statistics_demo -- -j16 -l16
[40.228s] Invoking command in '/home/colbren/ground-station/build/topic_statistics_demo': CMAKE_PREFIX_PATH=/home/colbren/ros2_ws/install/turtlesim_ui:/opt/ros/humble /usr/bin/cmake --install /home/colbren/ground-station/build/topic_statistics_demo
[40.236s] -- Install configuration: ""
[40.237s] -- Installing: /home/colbren/ground-station/install/topic_statistics_demo/lib/topic_statistics_demo/display_topic_statistics
[40.246s] -- Set runtime path of "/home/colbren/ground-station/install/topic_statistics_demo/lib/topic_statistics_demo/display_topic_statistics" to ""
[40.246s] -- Installing: /home/colbren/ground-station/install/topic_statistics_demo/share/ament_index/resource_index/package_run_dependencies/topic_statistics_demo
[40.246s] -- Installing: /home/colbren/ground-station/install/topic_statistics_demo/share/ament_index/resource_index/parent_prefix_path/topic_statistics_demo
[40.247s] -- Installing: /home/colbren/ground-station/install/topic_statistics_demo/share/topic_statistics_demo/environment/ament_prefix_path.sh
[40.247s] -- Installing: /home/colbren/ground-station/install/topic_statistics_demo/share/topic_statistics_demo/environment/ament_prefix_path.dsv
[40.248s] -- Installing: /home/colbren/ground-station/install/topic_statistics_demo/share/topic_statistics_demo/environment/path.sh
[40.248s] -- Installing: /home/colbren/ground-station/install/topic_statistics_demo/share/topic_statistics_demo/environment/path.dsv
[40.249s] -- Installing: /home/colbren/ground-station/install/topic_statistics_demo/share/topic_statistics_demo/local_setup.bash
[40.249s] -- Installing: /home/colbren/ground-station/install/topic_statistics_demo/share/topic_statistics_demo/local_setup.sh
[40.250s] -- Installing: /home/colbren/ground-station/install/topic_statistics_demo/share/topic_statistics_demo/local_setup.zsh
[40.250s] -- Installing: /home/colbren/ground-station/install/topic_statistics_demo/share/topic_statistics_demo/local_setup.dsv
[40.251s] -- Installing: /home/colbren/ground-station/install/topic_statistics_demo/share/topic_statistics_demo/package.dsv
[40.251s] -- Installing: /home/colbren/ground-station/install/topic_statistics_demo/share/ament_index/resource_index/packages/topic_statistics_demo
[40.252s] -- Installing: /home/colbren/ground-station/install/topic_statistics_demo/share/topic_statistics_demo/cmake/ament_cmake_export_include_directories-extras.cmake
[40.252s] -- Installing: /home/colbren/ground-station/install/topic_statistics_demo/share/topic_statistics_demo/cmake/topic_statistics_demoConfig.cmake
[40.253s] -- Installing: /home/colbren/ground-station/install/topic_statistics_demo/share/topic_statistics_demo/cmake/topic_statistics_demoConfig-version.cmake
[40.253s] -- Installing: /home/colbren/ground-station/install/topic_statistics_demo/share/topic_statistics_demo/package.xml
[40.258s] Invoked command in '/home/colbren/ground-station/build/topic_statistics_demo' returned '0': CMAKE_PREFIX_PATH=/home/colbren/ros2_ws/install/turtlesim_ui:/opt/ros/humble /usr/bin/cmake --install /home/colbren/ground-station/build/topic_statistics_demo
