running egg_info
writing ../../../../build/quality_of_service_demo_py/quality_of_service_demo_py.egg-info/PKG-INFO
writing dependency_links to ../../../../build/quality_of_service_demo_py/quality_of_service_demo_py.egg-info/dependency_links.txt
writing entry points to ../../../../build/quality_of_service_demo_py/quality_of_service_demo_py.egg-info/entry_points.txt
writing requirements to ../../../../build/quality_of_service_demo_py/quality_of_service_demo_py.egg-info/requires.txt
writing top-level names to ../../../../build/quality_of_service_demo_py/quality_of_service_demo_py.egg-info/top_level.txt
reading manifest file '../../../../build/quality_of_service_demo_py/quality_of_service_demo_py.egg-info/SOURCES.txt'
writing manifest file '../../../../build/quality_of_service_demo_py/quality_of_service_demo_py.egg-info/SOURCES.txt'
running build
running build_py
running install
running install_lib
running install_data
running install_egg_info
removing '/home/colbren/ground-station/install/quality_of_service_demo_py/lib/python3.10/site-packages/quality_of_service_demo_py-0.20.5-py3.10.egg-info' (and everything under it)
Copying ../../../../build/quality_of_service_demo_py/quality_of_service_demo_py.egg-info to /home/colbren/ground-station/install/quality_of_service_demo_py/lib/python3.10/site-packages/quality_of_service_demo_py-0.20.5-py3.10.egg-info
running install_scripts
Installing deadline script to /home/colbren/ground-station/install/quality_of_service_demo_py/lib/quality_of_service_demo_py
Installing incompatible_qos script to /home/colbren/ground-station/install/quality_of_service_demo_py/lib/quality_of_service_demo_py
Installing lifespan script to /home/colbren/ground-station/install/quality_of_service_demo_py/lib/quality_of_service_demo_py
Installing liveliness script to /home/colbren/ground-station/install/quality_of_service_demo_py/lib/quality_of_service_demo_py
Installing message_lost_listener script to /home/colbren/ground-station/install/quality_of_service_demo_py/lib/quality_of_service_demo_py
Installing qos_overrides_listener script to /home/colbren/ground-station/install/quality_of_service_demo_py/lib/quality_of_service_demo_py
Installing qos_overrides_talker script to /home/colbren/ground-station/install/quality_of_service_demo_py/lib/quality_of_service_demo_py
writing list of installed files to '/home/colbren/ground-station/build/quality_of_service_demo_py/install.log'
