[1.161s] Invoking command in '/home/colbren/ground-station/src/demos/action_tutorials/action_tutorials_py': AMENT_PREFIX_PATH=/home/colbren/ground-station/install/action_tutorials_interfaces:${AMENT_PREFIX_PATH} CMAKE_PREFIX_PATH=/home/colbren/ground-station/install/action_tutorials_interfaces LD_LIBRARY_PATH=/home/colbren/ground-station/install/action_tutorials_interfaces/lib:${LD_LIBRARY_PATH} PYTHONPATH=/home/colbren/ground-station/build/action_tutorials_py/prefix_override:/usr/lib/python3/dist-packages/colcon_core/task/python/colcon_distutils_commands:/home/colbren/ground-station/install/action_tutorials_py/lib/python3.10/site-packages:/home/colbren/ground-station/install/action_tutorials_interfaces/local/lib/python3.10/dist-packages:${PYTHONPATH} /usr/bin/python3 -W ignore:setup.py install is deprecated -W ignore:easy_install command is deprecated setup.py egg_info --egg-base ../../../../build/action_tutorials_py build --build-base /home/colbren/ground-station/build/action_tutorials_py/build install --record /home/colbren/ground-station/build/action_tutorials_py/install.log --single-version-externally-managed install_data
[1.423s] running egg_info
[1.424s] writing ../../../../build/action_tutorials_py/action_tutorials_py.egg-info/PKG-INFO
[1.424s] writing dependency_links to ../../../../build/action_tutorials_py/action_tutorials_py.egg-info/dependency_links.txt
[1.424s] writing entry points to ../../../../build/action_tutorials_py/action_tutorials_py.egg-info/entry_points.txt
[1.424s] writing requirements to ../../../../build/action_tutorials_py/action_tutorials_py.egg-info/requires.txt
[1.424s] writing top-level names to ../../../../build/action_tutorials_py/action_tutorials_py.egg-info/top_level.txt
[1.426s] reading manifest file '../../../../build/action_tutorials_py/action_tutorials_py.egg-info/SOURCES.txt'
[1.429s] writing manifest file '../../../../build/action_tutorials_py/action_tutorials_py.egg-info/SOURCES.txt'
[1.429s] running build
[1.429s] running build_py
[1.430s] running install
[1.430s] running install_lib
[1.431s] running install_data
[1.431s] running install_egg_info
[1.433s] removing '/home/colbren/ground-station/install/action_tutorials_py/lib/python3.10/site-packages/action_tutorials_py-0.20.5-py3.10.egg-info' (and everything under it)
[1.433s] Copying ../../../../build/action_tutorials_py/action_tutorials_py.egg-info to /home/colbren/ground-station/install/action_tutorials_py/lib/python3.10/site-packages/action_tutorials_py-0.20.5-py3.10.egg-info
[1.434s] running install_scripts
[1.454s] Installing fibonacci_action_client script to /home/colbren/ground-station/install/action_tutorials_py/lib/action_tutorials_py
[1.454s] Installing fibonacci_action_server script to /home/colbren/ground-station/install/action_tutorials_py/lib/action_tutorials_py
[1.454s] writing list of installed files to '/home/colbren/ground-station/build/action_tutorials_py/install.log'
[1.498s] Invoked command in '/home/colbren/ground-station/src/demos/action_tutorials/action_tutorials_py' returned '0': AMENT_PREFIX_PATH=/home/colbren/ground-station/install/action_tutorials_interfaces:${AMENT_PREFIX_PATH} CMAKE_PREFIX_PATH=/home/colbren/ground-station/install/action_tutorials_interfaces LD_LIBRARY_PATH=/home/colbren/ground-station/install/action_tutorials_interfaces/lib:${LD_LIBRARY_PATH} PYTHONPATH=/home/colbren/ground-station/build/action_tutorials_py/prefix_override:/usr/lib/python3/dist-packages/colcon_core/task/python/colcon_distutils_commands:/home/colbren/ground-station/install/action_tutorials_py/lib/python3.10/site-packages:/home/colbren/ground-station/install/action_tutorials_interfaces/local/lib/python3.10/dist-packages:${PYTHONPATH} /usr/bin/python3 -W ignore:setup.py install is deprecated -W ignore:easy_install command is deprecated setup.py egg_info --egg-base ../../../../build/action_tutorials_py build --build-base /home/colbren/ground-station/build/action_tutorials_py/build install --record /home/colbren/ground-station/build/action_tutorials_py/install.log --single-version-externally-managed install_data
