[0.058s] Invoking command in '/home/colbren/ground-station/build/action_tutorials_interfaces': CMAKE_PREFIX_PATH=/home/colbren/ros2_ws/install/turtlesim_ui:/opt/ros/humble /usr/bin/cmake /home/colbren/ground-station/src/demos/action_tutorials/action_tutorials_interfaces -DCMAKE_INSTALL_PREFIX=/home/colbren/ground-station/install/action_tutorials_interfaces
[1.063s] -- The C compiler identification is GNU 11.4.0
[1.064s] -- The CXX compiler identification is GNU 11.4.0
[1.064s] -- Detecting C compiler ABI info
[1.065s] -- Detecting C compiler ABI info - done
[1.065s] -- Check for working C compiler: /usr/bin/cc - skipped
[1.065s] -- Detecting C compile features
[1.065s] -- Detecting C compile features - done
[1.065s] -- Detecting CXX compiler ABI info
[1.065s] -- Detecting CXX compiler ABI info - done
[1.065s] -- Check for working CXX compiler: /usr/bin/c++ - skipped
[1.065s] -- Detecting CXX compile features
[1.065s] -- Detecting CXX compile features - done
[1.066s] -- Found ament_cmake: 1.3.11 (/opt/ros/humble/share/ament_cmake/cmake)
[1.066s] -- Found Python3: /usr/bin/python3 (found version "3.10.12") found components: Interpreter 
[1.066s] -- Found rosidl_default_generators: 1.2.0 (/opt/ros/humble/share/rosidl_default_generators/cmake)
[1.066s] -- Using all available rosidl_typesupport_c: rosidl_typesupport_fastrtps_c;rosidl_typesupport_introspection_c
[1.066s] -- Found rosidl_adapter: 3.1.6 (/opt/ros/humble/share/rosidl_adapter/cmake)
[1.066s] -- Using all available rosidl_typesupport_cpp: rosidl_typesupport_fastrtps_cpp;rosidl_typesupport_introspection_cpp
[1.403s] -- Found ament_cmake_ros: 0.10.0 (/opt/ros/humble/share/ament_cmake_ros/cmake)
[1.712s] -- Using all available rosidl_typesupport_c: rosidl_typesupport_fastrtps_c;rosidl_typesupport_introspection_c
[2.173s] -- Using all available rosidl_typesupport_cpp: rosidl_typesupport_fastrtps_cpp;rosidl_typesupport_introspection_cpp
[2.207s] -- Found PythonInterp: /usr/bin/python3 (found suitable version "3.10.12", minimum required is "3.6") 
[2.207s] -- Found python_cmake_module: 0.10.0 (/opt/ros/humble/share/python_cmake_module/cmake)
[2.311s] -- Found PythonLibs: /usr/lib/x86_64-linux-gnu/libpython3.10.so (found suitable version "3.10.12", minimum required is "3.5") 
[2.312s] -- Using PYTHON_EXECUTABLE: /usr/bin/python3
[2.312s] -- Using PYTHON_INCLUDE_DIRS: /usr/include/python3.10
[2.312s] -- Using PYTHON_LIBRARIES: /usr/lib/x86_64-linux-gnu/libpython3.10.so
[2.451s] -- Found PythonExtra: .so  
[2.654s] -- Found ament_lint_auto: 0.12.11 (/opt/ros/humble/share/ament_lint_auto/cmake)
[2.842s] -- Added test 'copyright' to check source files copyright and LICENSE
[2.851s] -- Added test 'lint_cmake' to check CMake code style
[2.869s] -- Added test 'xmllint' to check XML markup files
[2.914s] -- Configuring done
[3.505s] -- Generating done
[3.686s] -- Build files have been written to: /home/colbren/ground-station/build/action_tutorials_interfaces
[3.784s] Invoked command in '/home/colbren/ground-station/build/action_tutorials_interfaces' returned '0': CMAKE_PREFIX_PATH=/home/colbren/ros2_ws/install/turtlesim_ui:/opt/ros/humble /usr/bin/cmake /home/colbren/ground-station/src/demos/action_tutorials/action_tutorials_interfaces -DCMAKE_INSTALL_PREFIX=/home/colbren/ground-station/install/action_tutorials_interfaces
[3.785s] Invoking command in '/home/colbren/ground-station/build/action_tutorials_interfaces': CMAKE_PREFIX_PATH=/home/colbren/ros2_ws/install/turtlesim_ui:/opt/ros/humble /usr/bin/cmake --build /home/colbren/ground-station/build/action_tutorials_interfaces -- -j16 -l16
