[0.272s] Invoking command in '/home/colbren/ground-station/build/quality_of_service_demo_cpp': CMAKE_PREFIX_PATH=/home/colbren/ros2_ws/install/turtlesim_ui:/opt/ros/humble /usr/bin/cmake /home/colbren/ground-station/src/demos/quality_of_service_demo/rclcpp -DCMAKE_INSTALL_PREFIX=/home/colbren/ground-station/install/quality_of_service_demo_cpp
[1.885s] -- The C compiler identification is GNU 11.4.0
[1.885s] -- The CXX compiler identification is GNU 11.4.0
[1.885s] -- Detecting C compiler ABI info
[1.885s] -- Detecting C compiler ABI info - done
[1.885s] -- Check for working C compiler: /usr/bin/cc - skipped
[1.885s] -- Detecting C compile features
[1.885s] -- Detecting C compile features - done
[1.885s] -- Detecting CXX compiler ABI info
[1.886s] -- Detecting CXX compiler ABI info - done
[1.886s] -- Check for working CXX compiler: /usr/bin/c++ - skipped
[1.886s] -- Detecting CXX compile features
[1.886s] -- Detecting CXX compile features - done
[1.886s] -- Found ament_cmake: 1.3.11 (/opt/ros/humble/share/ament_cmake/cmake)
[1.886s] -- Found Python3: /usr/bin/python3 (found version "3.10.12") found components: Interpreter 
[1.886s] -- Found rclcpp: 16.0.11 (/opt/ros/humble/share/rclcpp/cmake)
[1.886s] -- Found rosidl_generator_c: 3.1.6 (/opt/ros/humble/share/rosidl_generator_c/cmake)
[1.886s] -- Found rosidl_adapter: 3.1.6 (/opt/ros/humble/share/rosidl_adapter/cmake)
[1.886s] -- Found rosidl_generator_cpp: 3.1.6 (/opt/ros/humble/share/rosidl_generator_cpp/cmake)
[1.886s] -- Using all available rosidl_typesupport_c: rosidl_typesupport_fastrtps_c;rosidl_typesupport_introspection_c
[1.887s] -- Using all available rosidl_typesupport_cpp: rosidl_typesupport_fastrtps_cpp;rosidl_typesupport_introspection_cpp
[1.887s] -- Found rmw_implementation_cmake: 6.1.2 (/opt/ros/humble/share/rmw_implementation_cmake/cmake)
[1.887s] -- Found rmw_fastrtps_cpp: 6.2.7 (/opt/ros/humble/share/rmw_fastrtps_cpp/cmake)
[1.887s] -- Found OpenSSL: /usr/lib/x86_64-linux-gnu/libcrypto.so (found version "3.0.2")  
[1.887s] -- Found FastRTPS: /opt/ros/humble/include  
[1.887s] -- Using RMW implementation 'rmw_fastrtps_cpp' as default
[1.887s] -- Looking for pthread.h
[1.887s] -- Looking for pthread.h - found
[1.887s] -- Performing Test CMAKE_HAVE_LIBC_PTHREAD
[1.887s] -- Performing Test CMAKE_HAVE_LIBC_PTHREAD - Success
[1.887s] -- Found Threads: TRUE  
[1.887s] -- Found rclcpp_components: 16.0.11 (/opt/ros/humble/share/rclcpp_components/cmake)
[1.888s] -- Found sensor_msgs: 4.2.4 (/opt/ros/humble/share/sensor_msgs/cmake)
[1.888s] -- Found ament_lint_auto: 0.12.11 (/opt/ros/humble/share/ament_lint_auto/cmake)
[2.016s] -- Added test 'copyright' to check source files copyright and LICENSE
[2.019s] -- Added test 'cppcheck' to perform static code analysis on C / C++ code
[2.023s] -- Configured cppcheck include dirs: /home/colbren/ground-station/src/demos/quality_of_service_demo/rclcpp/include
[2.023s] -- Configured cppcheck exclude dirs and/or files: 
[2.024s] -- Added test 'cpplint' to check C / C++ code against the Google style
[2.024s] -- Configured cpplint exclude dirs and/or files: 
[2.025s] -- Added test 'lint_cmake' to check CMake code style
[2.028s] -- Added test 'uncrustify' to check C / C++ code style
[2.028s] -- Configured uncrustify additional arguments: 
[2.029s] -- Added test 'xmllint' to check XML markup files
[2.032s] -- Configuring done
[2.178s] -- Generating done
[2.207s] -- Build files have been written to: /home/colbren/ground-station/build/quality_of_service_demo_cpp
[2.240s] Invoked command in '/home/colbren/ground-station/build/quality_of_service_demo_cpp' returned '0': CMAKE_PREFIX_PATH=/home/colbren/ros2_ws/install/turtlesim_ui:/opt/ros/humble /usr/bin/cmake /home/colbren/ground-station/src/demos/quality_of_service_demo/rclcpp -DCMAKE_INSTALL_PREFIX=/home/colbren/ground-station/install/quality_of_service_demo_cpp
[2.240s] Invoking command in '/home/colbren/ground-station/build/quality_of_service_demo_cpp': CMAKE_PREFIX_PATH=/home/colbren/ros2_ws/install/turtlesim_ui:/opt/ros/humble /usr/bin/cmake --build /home/colbren/ground-station/build/quality_of_service_demo_cpp -- -j16 -l16
[2.442s] [  2%] [32mBuilding CXX object CMakeFiles/lifespan.dir/src/lifespan.cpp.o[0m
[2.442s] [  5%] [32mBuilding CXX object CMakeFiles/lifespan.dir/src/common_nodes.cpp.o[0m
[2.442s] [  7%] [32mBuilding CXX object CMakeFiles/liveliness.dir/src/common_nodes.cpp.o[0m
[2.442s] [ 10%] [32mBuilding CXX object CMakeFiles/liveliness.dir/src/liveliness.cpp.o[0m
[2.442s] [ 13%] [32mBuilding CXX object CMakeFiles/lifespan.dir/src/utils.cpp.o[0m
[2.442s] [ 15%] [32mBuilding CXX object CMakeFiles/message_lost.dir/src/message_lost_talker.cpp.o[0m
[2.442s] [ 18%] [32mBuilding CXX object CMakeFiles/message_lost.dir/src/message_lost_listener.cpp.o[0m
[2.443s] [ 21%] [32mBuilding CXX object CMakeFiles/incompatible_qos.dir/src/incompatible_qos.cpp.o[0m
[2.450s] [ 23%] [32mBuilding CXX object CMakeFiles/message_lost_talker.dir/rclcpp_components/node_main_message_lost_talker.cpp.o[0m
[2.490s] [ 26%] [32mBuilding CXX object CMakeFiles/qos_overrides.dir/src/qos_overrides_listener.cpp.o[0m
[2.491s] [ 31%] [32mBuilding CXX object CMakeFiles/deadline.dir/src/deadline.cpp.o[0m
[2.491s] [ 34%] [32mBuilding CXX object CMakeFiles/message_lost_listener.dir/rclcpp_components/node_main_message_lost_listener.cpp.o[0m
[2.491s] [ 34%] [32mBuilding CXX object CMakeFiles/interactive_publisher.dir/src/interactive_publisher.cpp.o[0m
[2.491s] [ 36%] [32mBuilding CXX object CMakeFiles/qos_overrides_talker.dir/rclcpp_components/node_main_qos_overrides_talker.cpp.o[0m
[2.515s] [ 39%] [32mBuilding CXX object CMakeFiles/interactive_subscriber.dir/src/interactive_subscriber.cpp.o[0m
[2.515s] [ 42%] [32mBuilding CXX object CMakeFiles/qos_overrides_listener.dir/rclcpp_components/node_main_qos_overrides_listener.cpp.o[0m
[10.323s] [ 44%] [32mBuilding CXX object CMakeFiles/deadline.dir/src/common_nodes.cpp.o[0m
