[35m[1mConsolidate compiler generated dependencies of target camera_node[0m
[35m[1mConsolidate compiler generated dependencies of target watermark_node[0m
[35m[1mConsolidate compiler generated dependencies of target image_view_node[0m
[35m[1mConsolidate compiler generated dependencies of target image_pipeline_with_two_image_view[0m
[35m[1mConsolidate compiler generated dependencies of target image_pipeline_all_in_one[0m
[35m[1mConsolidate compiler generated dependencies of target cyclic_pipeline[0m
[35m[1mConsolidate compiler generated dependencies of target two_node_pipeline[0m
[ 14%] Built target image_pipeline_with_two_image_view
[ 28%] Built target image_view_node
[ 42%] Built target watermark_node
[ 57%] Built target cyclic_pipeline
[ 78%] Built target two_node_pipeline
[ 85%] Built target image_pipeline_all_in_one
[100%] Built target camera_node
-- Install configuration: ""
-- Up-to-date: /home/colbren/ground-station/install/intra_process_demo/lib/intra_process_demo/two_node_pipeline
-- Up-to-date: /home/colbren/ground-station/install/intra_process_demo/lib/intra_process_demo/cyclic_pipeline
-- Up-to-date: /home/colbren/ground-station/install/intra_process_demo/lib/intra_process_demo/image_pipeline_all_in_one
-- Up-to-date: /home/colbren/ground-station/install/intra_process_demo/lib/intra_process_demo/image_pipeline_with_two_image_view
-- Up-to-date: /home/colbren/ground-station/install/intra_process_demo/lib/intra_process_demo/camera_node
-- Up-to-date: /home/colbren/ground-station/install/intra_process_demo/lib/intra_process_demo/watermark_node
-- Up-to-date: /home/colbren/ground-station/install/intra_process_demo/lib/intra_process_demo/image_view_node
-- Up-to-date: /home/colbren/ground-station/install/intra_process_demo/include/intra_process_demo
-- Up-to-date: /home/colbren/ground-station/install/intra_process_demo/include/intra_process_demo/image_pipeline
-- Up-to-date: /home/colbren/ground-station/install/intra_process_demo/include/intra_process_demo/image_pipeline/camera_node.hpp
-- Up-to-date: /home/colbren/ground-station/install/intra_process_demo/include/intra_process_demo/image_pipeline/image_view_node.hpp
-- Up-to-date: /home/colbren/ground-station/install/intra_process_demo/include/intra_process_demo/image_pipeline/common.hpp
-- Up-to-date: /home/colbren/ground-station/install/intra_process_demo/include/intra_process_demo/image_pipeline/watermark_node.hpp
-- Up-to-date: /home/colbren/ground-station/install/intra_process_demo/share/ament_index/resource_index/package_run_dependencies/intra_process_demo
-- Up-to-date: /home/colbren/ground-station/install/intra_process_demo/share/ament_index/resource_index/parent_prefix_path/intra_process_demo
-- Up-to-date: /home/colbren/ground-station/install/intra_process_demo/share/intra_process_demo/environment/ament_prefix_path.sh
-- Up-to-date: /home/colbren/ground-station/install/intra_process_demo/share/intra_process_demo/environment/ament_prefix_path.dsv
-- Up-to-date: /home/colbren/ground-station/install/intra_process_demo/share/intra_process_demo/environment/path.sh
-- Up-to-date: /home/colbren/ground-station/install/intra_process_demo/share/intra_process_demo/environment/path.dsv
-- Up-to-date: /home/colbren/ground-station/install/intra_process_demo/share/intra_process_demo/local_setup.bash
-- Up-to-date: /home/colbren/ground-station/install/intra_process_demo/share/intra_process_demo/local_setup.sh
-- Up-to-date: /home/colbren/ground-station/install/intra_process_demo/share/intra_process_demo/local_setup.zsh
-- Up-to-date: /home/colbren/ground-station/install/intra_process_demo/share/intra_process_demo/local_setup.dsv
-- Installing: /home/colbren/ground-station/install/intra_process_demo/share/intra_process_demo/package.dsv
-- Up-to-date: /home/colbren/ground-station/install/intra_process_demo/share/ament_index/resource_index/packages/intra_process_demo
-- Up-to-date: /home/colbren/ground-station/install/intra_process_demo/share/intra_process_demo/cmake/ament_cmake_export_include_directories-extras.cmake
-- Up-to-date: /home/colbren/ground-station/install/intra_process_demo/share/intra_process_demo/cmake/intra_process_demoConfig.cmake
-- Up-to-date: /home/colbren/ground-station/install/intra_process_demo/share/intra_process_demo/cmake/intra_process_demoConfig-version.cmake
-- Up-to-date: /home/colbren/ground-station/install/intra_process_demo/share/intra_process_demo/package.xml
