[0.516s] Invoking command in '/home/colbren/ground-station/src/demos/lifecycle_py': CMAKE_PREFIX_PATH=/home/colbren/ground-station/install/lifecycle:/home/colbren/ground-station/install/topic_statistics_demo:/home/colbren/ground-station/install/quality_of_service_demo_cpp:/home/colbren/ground-station/install/pendulum_control:/home/colbren/ground-station/install/pendulum_msgs:/home/colbren/ground-station/install/logging_demo:/home/colbren/ground-station/install/intra_process_demo:/home/colbren/ground-station/install/image_tools:/home/colbren/ground-station/install/dummy_robot_bringup:/home/colbren/ground-station/install/dummy_sensors:/home/colbren/ground-station/install/dummy_map_server:/home/colbren/ground-station/install/demo_nodes_cpp_native:/home/colbren/ground-station/install/demo_nodes_cpp:/home/colbren/ground-station/install/composition:/home/colbren/ground-station/install/action_tutorials_cpp:/home/colbren/ground-station/install/action_tutorials_interfaces PYTHONPATH=/home/colbren/ground-station/build/lifecycle_py/prefix_override:/usr/lib/python3/dist-packages/colcon_core/task/python/colcon_distutils_commands:/home/colbren/ground-station/install/lifecycle_py/lib/python3.10/site-packages:${PYTHONPATH} /usr/bin/python3 -W ignore:setup.py install is deprecated -W ignore:easy_install command is deprecated setup.py egg_info --egg-base ../../../build/lifecycle_py build --build-base /home/colbren/ground-station/build/lifecycle_py/build install --record /home/colbren/ground-station/build/lifecycle_py/install.log --single-version-externally-managed install_data
[0.761s] running egg_info
[0.761s] writing ../../../build/lifecycle_py/lifecycle_py.egg-info/PKG-INFO
[0.761s] writing dependency_links to ../../../build/lifecycle_py/lifecycle_py.egg-info/dependency_links.txt
[0.761s] writing entry points to ../../../build/lifecycle_py/lifecycle_py.egg-info/entry_points.txt
[0.761s] writing requirements to ../../../build/lifecycle_py/lifecycle_py.egg-info/requires.txt
[0.761s] writing top-level names to ../../../build/lifecycle_py/lifecycle_py.egg-info/top_level.txt
[0.763s] reading manifest file '../../../build/lifecycle_py/lifecycle_py.egg-info/SOURCES.txt'
[0.763s] writing manifest file '../../../build/lifecycle_py/lifecycle_py.egg-info/SOURCES.txt'
[0.764s] running build
[0.764s] running build_py
[0.764s] running install
[0.764s] running install_lib
[0.766s] running install_data
[0.766s] running install_egg_info
[0.767s] removing '/home/colbren/ground-station/install/lifecycle_py/lib/python3.10/site-packages/lifecycle_py-0.20.5-py3.10.egg-info' (and everything under it)
[0.767s] Copying ../../../build/lifecycle_py/lifecycle_py.egg-info to /home/colbren/ground-station/install/lifecycle_py/lib/python3.10/site-packages/lifecycle_py-0.20.5-py3.10.egg-info
[0.769s] running install_scripts
[0.787s] Installing lifecycle_talker script to /home/colbren/ground-station/install/lifecycle_py/lib/lifecycle_py
[0.787s] writing list of installed files to '/home/colbren/ground-station/build/lifecycle_py/install.log'
[0.809s] Invoked command in '/home/colbren/ground-station/src/demos/lifecycle_py' returned '0': CMAKE_PREFIX_PATH=/home/colbren/ground-station/install/lifecycle:/home/colbren/ground-station/install/topic_statistics_demo:/home/colbren/ground-station/install/quality_of_service_demo_cpp:/home/colbren/ground-station/install/pendulum_control:/home/colbren/ground-station/install/pendulum_msgs:/home/colbren/ground-station/install/logging_demo:/home/colbren/ground-station/install/intra_process_demo:/home/colbren/ground-station/install/image_tools:/home/colbren/ground-station/install/dummy_robot_bringup:/home/colbren/ground-station/install/dummy_sensors:/home/colbren/ground-station/install/dummy_map_server:/home/colbren/ground-station/install/demo_nodes_cpp_native:/home/colbren/ground-station/install/demo_nodes_cpp:/home/colbren/ground-station/install/composition:/home/colbren/ground-station/install/action_tutorials_cpp:/home/colbren/ground-station/install/action_tutorials_interfaces PYTHONPATH=/home/colbren/ground-station/build/lifecycle_py/prefix_override:/usr/lib/python3/dist-packages/colcon_core/task/python/colcon_distutils_commands:/home/colbren/ground-station/install/lifecycle_py/lib/python3.10/site-packages:${PYTHONPATH} /usr/bin/python3 -W ignore:setup.py install is deprecated -W ignore:easy_install command is deprecated setup.py egg_info --egg-base ../../../build/lifecycle_py build --build-base /home/colbren/ground-station/build/lifecycle_py/build install --record /home/colbren/ground-station/build/lifecycle_py/install.log --single-version-externally-managed install_data
